<Event xmlns='http://schemas.microsoft.com/win/2004/08/events/event'><System><Provider Name='Microsoft-Windows-Sysmon' Guid='{5770385F-C22A-43E0-BF4C-06F5698FFBD9}'/><EventID>10</EventID><Version>3</Version><Level>4</Level><Task>10</Task><Opcode>0</Opcode><Keywords>0x8000000000000000</Keywords><TimeCreated SystemTime='2020-11-03T15:50:26.969068700Z'/><EventRecordID>628</EventRecordID><Correlation/><Execution ProcessID='5112' ThreadID='748'/><Channel>Microsoft-Windows-Sysmon/Operational</Channel><Computer>win-dc-807.attackrange.local</Computer><Security UserID='S-1-5-18'/></System><EventData><Data Name='RuleName'>-</Data><Data Name='UtcTime'>2020-11-03 15:50:26.966</Data><Data Name='SourceProcessGUID'>{D28789B6-7AD1-5FA1-0C00-000000008701}</Data><Data Name='SourceProcessId'>572</Data><Data Name='SourceThreadId'>1112</Data><Data Name='SourceImage'>C:\Windows\system32\svchost.exe</Data><Data Name='TargetProcessGUID'>{D28789B6-7ACC-5FA1-0900-000000008701}</Data><Data Name='TargetProcessId'>800</Data><Data Name='TargetImage'>C:\Windows\system32\winlogon.exe</Data><Data Name='GrantedAccess'>0x1400</Data><Data Name='CallTrace'>C:\Windows\SYSTEM32\ntdll.dll+a5a94|C:\Windows\System32\KERNELBASE.dll+5eab4|c:\windows\system32\lsm.dll+796b|c:\windows\system32\lsm.dll+2b2a|c:\windows\system32\SYSNTFY.dll+15cd|C:\Windows\System32\RPCRT4.dll+78603|C:\Windows\System32\RPCRT4.dll+d96bd|C:\Windows\System32\RPCRT4.dll+610fc|C:\Windows\System32\RPCRT4.dll+52734|C:\Windows\System32\RPCRT4.dll+5164d|C:\Windows\System32\RPCRT4.dll+52338|C:\Windows\System32\RPCRT4.dll+25357|C:\Windows\System32\RPCRT4.dll+259ac|C:\Windows\System32\RPCRT4.dll+1122c|C:\Windows\System32\RPCRT4.dll+12a8b|C:\Windows\System32\RPCRT4.dll+1efba|C:\Windows\SYSTEM32\ntdll.dll+1d34e|C:\Windows\SYSTEM32\ntdll.dll+1ecb9|C:\Windows\System32\KERNEL32.DLL+84d4|C:\Windows\SYSTEM32\ntdll.dll+51791</Data></EventData></Event>
<Event xmlns='http://schemas.microsoft.com/win/2004/08/events/event'><System><Provider Name='Microsoft-Windows-Sysmon' Guid='{5770385F-C22A-43E0-BF4C-06F5698FFBD9}'/><EventID>10</EventID><Version>3</Version><Level>4</Level><Task>10</Task><Opcode>0</Opcode><Keywords>0x8000000000000000</Keywords><TimeCreated SystemTime='2020-11-03T15:50:26.968977500Z'/><EventRecordID>627</EventRecordID><Correlation/><Execution ProcessID='5112' ThreadID='748'/><Channel>Microsoft-Windows-Sysmon/Operational</Channel><Computer>win-dc-807.attackrange.local</Computer><Security UserID='S-1-5-18'/></System><EventData><Data Name='RuleName'>-</Data><Data Name='UtcTime'>2020-11-03 15:50:26.966</Data><Data Name='SourceProcessGUID'>{D28789B6-7AD1-5FA1-0C00-000000008701}</Data><Data Name='SourceProcessId'>572</Data><Data Name='SourceThreadId'>1112</Data><Data Name='SourceImage'>C:\Windows\system32\svchost.exe</Data><Data Name='TargetProcessGUID'>{D28789B6-7ACC-5FA1-0900-000000008701}</Data><Data Name='TargetProcessId'>800</Data><Data Name='TargetImage'>C:\Windows\system32\winlogon.exe</Data><Data Name='GrantedAccess'>0x1400</Data><Data Name='CallTrace'>C:\Windows\SYSTEM32\ntdll.dll+a5a94|c:\windows\system32\SYSNTFY.dll+1ad9|C:\Windows\System32\RPCRT4.dll+50b34|C:\Windows\System32\RPCRT4.dll+25cd0|C:\Windows\System32\RPCRT4.dll+1122c|C:\Windows\System32\RPCRT4.dll+12a8b|C:\Windows\System32\RPCRT4.dll+1efba|C:\Windows\SYSTEM32\ntdll.dll+1d34e|C:\Windows\SYSTEM32\ntdll.dll+1ecb9|C:\Windows\System32\KERNEL32.DLL+84d4|C:\Windows\SYSTEM32\ntdll.dll+51791</Data></EventData></Event>
<Event xmlns='http://schemas.microsoft.com/win/2004/08/events/event'><System><Provider Name='Microsoft-Windows-Sysmon' Guid='{5770385F-C22A-43E0-BF4C-06F5698FFBD9}'/><EventID>10</EventID><Version>3</Version><Level>4</Level><Task>10</Task><Opcode>0</Opcode><Keywords>0x8000000000000000</Keywords><TimeCreated SystemTime='2020-11-03T15:50:26.859112600Z'/><EventRecordID>626</EventRecordID><Correlation/><Execution ProcessID='5112' ThreadID='748'/><Channel>Microsoft-Windows-Sysmon/Operational</Channel><Computer>win-dc-807.attackrange.local</Computer><Security UserID='S-1-5-18'/></System><EventData><Data Name='RuleName'>-</Data><Data Name='UtcTime'>2020-11-03 15:50:26.856</Data><Data Name='SourceProcessGUID'>{D28789B6-7AD1-5FA1-0C00-000000008701}</Data><Data Name='SourceProcessId'>572</Data><Data Name='SourceThreadId'>1112</Data><Data Name='SourceImage'>C:\Windows\system32\svchost.exe</Data><Data Name='TargetProcessGUID'>{D28789B6-7ACB-5FA1-0700-000000008701}</Data><Data Name='TargetProcessId'>716</Data><Data Name='TargetImage'>C:\Windows\system32\wininit.exe</Data><Data Name='GrantedAccess'>0x1000</Data><Data Name='CallTrace'>C:\Windows\SYSTEM32\ntdll.dll+a5a94|C:\Windows\System32\KERNELBASE.dll+5eacf|c:\windows\system32\lsm.dll+11aad|C:\Windows\System32\RPCRT4.dll+78603|C:\Windows\System32\RPCRT4.dll+d96bd|C:\Windows\System32\RPCRT4.dll+610fc|C:\Windows\System32\RPCRT4.dll+52734|C:\Windows\System32\RPCRT4.dll+5164d|C:\Windows\System32\RPCRT4.dll+51efb|C:\Windows\System32\RPCRT4.dll+2552c|C:\Windows\System32\RPCRT4.dll+259ac|C:\Windows\System32\RPCRT4.dll+1122c|C:\Windows\System32\RPCRT4.dll+12a8b|C:\Windows\System32\RPCRT4.dll+1efba|C:\Windows\SYSTEM32\ntdll.dll+1d34e|C:\Windows\SYSTEM32\ntdll.dll+1ecb9|C:\Windows\System32\KERNEL32.DLL+84d4|C:\Windows\SYSTEM32\ntdll.dll+51791</Data></EventData></Event>
<Event xmlns='http://schemas.microsoft.com/win/2004/08/events/event'><System><Provider Name='Microsoft-Windows-Sysmon' Guid='{5770385F-C22A-43E0-BF4C-06F5698FFBD9}'/><EventID>10</EventID><Version>3</Version><Level>4</Level><Task>10</Task><Opcode>0</Opcode><Keywords>0x8000000000000000</Keywords><TimeCreated SystemTime='2020-11-03T15:50:26.859002800Z'/><EventRecordID>625</EventRecordID><Correlation/><Execution ProcessID='5112' ThreadID='748'/><Channel>Microsoft-Windows-Sysmon/Operational</Channel><Computer>win-dc-807.attackrange.local</Computer><Security UserID='S-1-5-18'/></System><EventData><Data Name='RuleName'>-</Data><Data Name='UtcTime'>2020-11-03 15:50:26.856</Data><Data Name='SourceProcessGUID'>{D28789B6-7AD1-5FA1-0C00-000000008701}</Data><Data Name='SourceProcessId'>572</Data><Data Name='SourceThreadId'>1112</Data><Data Name='SourceImage'>C:\Windows\system32\svchost.exe</Data><Data Name='TargetProcessGUID'>{D28789B6-7ACB-5FA1-0700-000000008701}</Data><Data Name='TargetProcessId'>716</Data><Data Name='TargetImage'>C:\Windows\system32\wininit.exe</Data><Data Name='GrantedAccess'>0x1000</Data><Data Name='CallTrace'>C:\Windows\SYSTEM32\ntdll.dll+a5a94|C:\Windows\System32\KERNELBASE.dll+5eacf|c:\windows\system32\lsm.dll+11058|C:\Windows\System32\RPCRT4.dll+78603|C:\Windows\System32\RPCRT4.dll+d96bd|C:\Windows\System32\RPCRT4.dll+610fc|C:\Windows\System32\RPCRT4.dll+52734|C:\Windows\System32\RPCRT4.dll+5164d|C:\Windows\System32\RPCRT4.dll+51efb|C:\Windows\System32\RPCRT4.dll+2552c|C:\Windows\System32\RPCRT4.dll+259ac|C:\Windows\System32\RPCRT4.dll+1122c|C:\Windows\System32\RPCRT4.dll+12a8b|C:\Windows\System32\RPCRT4.dll+1efba|C:\Windows\SYSTEM32\ntdll.dll+1d34e|C:\Windows\SYSTEM32\ntdll.dll+1ecb9|C:\Windows\System32\KERNEL32.DLL+84d4|C:\Windows\SYSTEM32\ntdll.dll+51791</Data></EventData></Event>
<Event xmlns='http://schemas.microsoft.com/win/2004/08/events/event'><System><Provider Name='Microsoft-Windows-Sysmon' Guid='{5770385F-C22A-43E0-BF4C-06F5698FFBD9}'/><EventID>10</EventID><Version>3</Version><Level>4</Level><Task>10</Task><Opcode>0</Opcode><Keywords>0x8000000000000000</Keywords><TimeCreated SystemTime='2020-11-03T15:50:26.858916000Z'/><EventRecordID>624</EventRecordID><Correlation/><Execution ProcessID='5112' ThreadID='748'/><Channel>Microsoft-Windows-Sysmon/Operational</Channel><Computer>win-dc-807.attackrange.local</Computer><Security UserID='S-1-5-18'/></System><EventData><Data Name='RuleName'>-</Data><Data Name='UtcTime'>2020-11-03 15:50:26.856</Data><Data Name='SourceProcessGUID'>{D28789B6-7AD1-5FA1-0C00-000000008701}</Data><Data Name='SourceProcessId'>572</Data><Data Name='SourceThreadId'>1116</Data><Data Name='SourceImage'>C:\Windows\system32\svchost.exe</Data><Data Name='TargetProcessGUID'>{D28789B6-7ACB-5FA1-0700-000000008701}</Data><Data Name='TargetProcessId'>716</Data><Data Name='TargetImage'>C:\Windows\system32\wininit.exe</Data><Data Name='GrantedAccess'>0x1000</Data><Data Name='CallTrace'>C:\Windows\SYSTEM32\ntdll.dll+a5a94|C:\Windows\System32\KERNELBASE.dll+5eacf|c:\windows\system32\lsm.dll+11aad|C:\Windows\System32\RPCRT4.dll+78603|C:\Windows\System32\RPCRT4.dll+d96bd|C:\Windows\System32\RPCRT4.dll+610fc|C:\Windows\System32\RPCRT4.dll+52734|C:\Windows\System32\RPCRT4.dll+5164d|C:\Windows\System32\RPCRT4.dll+51efb|C:\Windows\System32\RPCRT4.dll+2552c|C:\Windows\System32\RPCRT4.dll+259ac|C:\Windows\System32\RPCRT4.dll+1122c|C:\Windows\System32\RPCRT4.dll+12a8b|C:\Windows\System32\RPCRT4.dll+1efba|C:\Windows\SYSTEM32\ntdll.dll+1d34e|C:\Windows\SYSTEM32\ntdll.dll+1ecb9|C:\Windows\System32\KERNEL32.DLL+84d4|C:\Windows\SYSTEM32\ntdll.dll+51791</Data></EventData></Event>
<Event xmlns='http://schemas.microsoft.com/win/2004/08/events/event'><System><Provider Name='Microsoft-Windows-Sysmon' Guid='{5770385F-C22A-43E0-BF4C-06F5698FFBD9}'/><EventID>10</EventID><Version>3</Version><Level>4</Level><Task>10</Task><Opcode>0</Opcode><Keywords>0x8000000000000000</Keywords><TimeCreated SystemTime='2020-11-03T15:50:26.858844000Z'/><EventRecordID>623</EventRecordID><Correlation/><Execution ProcessID='5112' ThreadID='748'/><Channel>Microsoft-Windows-Sysmon/Operational</Channel><Computer>win-dc-807.attackrange.local</Computer><Security UserID='S-1-5-18'/></System><EventData><Data Name='RuleName'>-</Data><Data Name='UtcTime'>2020-11-03 15:50:26.856</Data><Data Name='SourceProcessGUID'>{D28789B6-7AD1-5FA1-0C00-000000008701}</Data><Data Name='SourceProcessId'>572</Data><Data Name='SourceThreadId'>1112</Data><Data Name='SourceImage'>C:\Windows\system32\svchost.exe</Data><Data Name='TargetProcessGUID'>{D28789B6-7ACB-5FA1-0700-000000008701}</Data><Data Name='TargetProcessId'>716</Data><Data Name='TargetImage'>C:\Windows\system32\wininit.exe</Data><Data Name='GrantedAccess'>0x1000</Data><Data Name='CallTrace'>C:\Windows\SYSTEM32\ntdll.dll+a5a94|C:\Windows\System32\KERNELBASE.dll+5eacf|c:\windows\system32\lsm.dll+12023|C:\Windows\System32\RPCRT4.dll+78603|C:\Windows\System32\RPCRT4.dll+d96bd|C:\Windows\System32\RPCRT4.dll+610fc|C:\Windows\System32\RPCRT4.dll+52734|C:\Windows\System32\RPCRT4.dll+5164d|C:\Windows\System32\RPCRT4.dll+51efb|C:\Windows\System32\RPCRT4.dll+2552c|C:\Windows\System32\RPCRT4.dll+259ac|C:\Windows\System32\RPCRT4.dll+1122c|C:\Windows\System32\RPCRT4.dll+12a8b|C:\Windows\System32\RPCRT4.dll+1efba|C:\Windows\SYSTEM32\ntdll.dll+1d34e|C:\Windows\SYSTEM32\ntdll.dll+1ecb9|C:\Windows\System32\KERNEL32.DLL+84d4|C:\Windows\SYSTEM32\ntdll.dll+51791</Data></EventData></Event>
<Event xmlns='http://schemas.microsoft.com/win/2004/08/events/event'><System><Provider Name='Microsoft-Windows-Sysmon' Guid='{5770385F-C22A-43E0-BF4C-06F5698FFBD9}'/><EventID>10</EventID><Version>3</Version><Level>4</Level><Task>10</Task><Opcode>0</Opcode><Keywords>0x8000000000000000</Keywords><TimeCreated SystemTime='2020-11-03T15:50:26.858782700Z'/><EventRecordID>622</EventRecordID><Correlation/><Execution ProcessID='5112' ThreadID='748'/><Channel>Microsoft-Windows-Sysmon/Operational</Channel><Computer>win-dc-807.attackrange.local</Computer><Security UserID='S-1-5-18'/></System><EventData><Data Name='RuleName'>-</Data><Data Name='UtcTime'>2020-11-03 15:50:26.856</Data><Data Name='SourceProcessGUID'>{D28789B6-7AD1-5FA1-0C00-000000008701}</Data><Data Name='SourceProcessId'>572</Data><Data Name='SourceThreadId'>1116</Data><Data Name='SourceImage'>C:\Windows\system32\svchost.exe</Data><Data Name='TargetProcessGUID'>{D28789B6-7ACB-5FA1-0700-000000008701}</Data><Data Name='TargetProcessId'>716</Data><Data Name='TargetImage'>C:\Windows\system32\wininit.exe</Data><Data Name='GrantedAccess'>0x1000</Data><Data Name='CallTrace'>C:\Windows\SYSTEM32\ntdll.dll+a5a94|C:\Windows\System32\KERNELBASE.dll+5eacf|c:\windows\system32\lsm.dll+11058|C:\Windows\System32\RPCRT4.dll+78603|C:\Windows\System32\RPCRT4.dll+d96bd|C:\Windows\System32\RPCRT4.dll+610fc|C:\Windows\System32\RPCRT4.dll+52734|C:\Windows\System32\RPCRT4.dll+5164d|C:\Windows\System32\RPCRT4.dll+51efb|C:\Windows\System32\RPCRT4.dll+2552c|C:\Windows\System32\RPCRT4.dll+259ac|C:\Windows\System32\RPCRT4.dll+1122c|C:\Windows\System32\RPCRT4.dll+12a8b|C:\Windows\System32\RPCRT4.dll+1efba|C:\Windows\SYSTEM32\ntdll.dll+1d34e|C:\Windows\SYSTEM32\ntdll.dll+1ecb9|C:\Windows\System32\KERNEL32.DLL+84d4|C:\Windows\SYSTEM32\ntdll.dll+51791</Data></EventData></Event>
<Event xmlns='http://schemas.microsoft.com/win/2004/08/events/event'><System><Provider Name='Microsoft-Windows-Sysmon' Guid='{5770385F-C22A-43E0-BF4C-06F5698FFBD9}'/><EventID>10</EventID><Version>3</Version><Level>4</Level><Task>10</Task><Opcode>0</Opcode><Keywords>0x8000000000000000</Keywords><TimeCreated SystemTime='2020-11-03T15:50:26.858713200Z'/><EventRecordID>621</EventRecordID><Correlation/><Execution ProcessID='5112' ThreadID='748'/><Channel>Microsoft-Windows-Sysmon/Operational</Channel><Computer>win-dc-807.attackrange.local</Computer><Security UserID='S-1-5-18'/></System><EventData><Data Name='RuleName'>-</Data><Data Name='UtcTime'>2020-11-03 15:50:26.856</Data><Data Name='SourceProcessGUID'>{D28789B6-7AD1-5FA1-0C00-000000008701}</Data><Data Name='SourceProcessId'>572</Data><Data Name='SourceThreadId'>1116</Data><Data Name='SourceImage'>C:\Windows\system32\svchost.exe</Data><Data Name='TargetProcessGUID'>{D28789B6-7ACB-5FA1-0700-000000008701}</Data><Data Name='TargetProcessId'>716</Data><Data Name='TargetImage'>C:\Windows\system32\wininit.exe</Data><Data Name='GrantedAccess'>0x1000</Data><Data Name='CallTrace'>C:\Windows\SYSTEM32\ntdll.dll+a5a94|C:\Windows\System32\KERNELBASE.dll+5eacf|c:\windows\system32\lsm.dll+12023|C:\Windows\System32\RPCRT4.dll+78603|C:\Windows\System32\RPCRT4.dll+d96bd|C:\Windows\System32\RPCRT4.dll+610fc|C:\Windows\System32\RPCRT4.dll+52734|C:\Windows\System32\RPCRT4.dll+5164d|C:\Windows\System32\RPCRT4.dll+51efb|C:\Windows\System32\RPCRT4.dll+2552c|C:\Windows\System32\RPCRT4.dll+259ac|C:\Windows\System32\RPCRT4.dll+1122c|C:\Windows\System32\RPCRT4.dll+12a8b|C:\Windows\System32\RPCRT4.dll+1efba|C:\Windows\SYSTEM32\ntdll.dll+1d34e|C:\Windows\SYSTEM32\ntdll.dll+1ecb9|C:\Windows\System32\KERNEL32.DLL+84d4|C:\Windows\SYSTEM32\ntdll.dll+51791</Data></EventData></Event>
<Event xmlns='http://schemas.microsoft.com/win/2004/08/events/event'><System><Provider Name='Microsoft-Windows-Sysmon' Guid='{5770385F-C22A-43E0-BF4C-06F5698FFBD9}'/><EventID>10</EventID><Version>3</Version><Level>4</Level><Task>10</Task><Opcode>0</Opcode><Keywords>0x8000000000000000</Keywords><TimeCreated SystemTime='2020-11-03T15:50:26.858635800Z'/><EventRecordID>620</EventRecordID><Correlation/><Execution ProcessID='5112' ThreadID='748'/><Channel>Microsoft-Windows-Sysmon/Operational</Channel><Computer>win-dc-807.attackrange.local</Computer><Security UserID='S-1-5-18'/></System><EventData><Data Name='RuleName'>-</Data><Data Name='UtcTime'>2020-11-03 15:50:26.856</Data><Data Name='SourceProcessGUID'>{D28789B6-7AD1-5FA1-0C00-000000008701}</Data><Data Name='SourceProcessId'>572</Data><Data Name='SourceThreadId'>1328</Data><Data Name='SourceImage'>C:\Windows\system32\svchost.exe</Data><Data Name='TargetProcessGUID'>{D28789B6-7ACB-5FA1-0700-000000008701}</Data><Data Name='TargetProcessId'>716</Data><Data Name='TargetImage'>C:\Windows\system32\wininit.exe</Data><Data Name='GrantedAccess'>0x1000</Data><Data Name='CallTrace'>C:\Windows\SYSTEM32\ntdll.dll+a5a94|C:\Windows\System32\KERNELBASE.dll+5eacf|c:\windows\system32\lsm.dll+163fd|C:\Windows\System32\RPCRT4.dll+78603|C:\Windows\System32\RPCRT4.dll+db992|C:\Windows\System32\RPCRT4.dll+52734|C:\Windows\System32\RPCRT4.dll+5164d|C:\Windows\System32\RPCRT4.dll+51efb|C:\Windows\System32\RPCRT4.dll+2552c|C:\Windows\System32\RPCRT4.dll+259ac|C:\Windows\System32\RPCRT4.dll+1122c|C:\Windows\System32\RPCRT4.dll+12a8b|C:\Windows\System32\RPCRT4.dll+1efba|C:\Windows\SYSTEM32\ntdll.dll+1d34e|C:\Windows\SYSTEM32\ntdll.dll+1ecb9|C:\Windows\System32\KERNEL32.DLL+84d4|C:\Windows\SYSTEM32\ntdll.dll+51791</Data></EventData></Event>
<Event xmlns='http://schemas.microsoft.com/win/2004/08/events/event'><System><Provider Name='Microsoft-Windows-Sysmon' Guid='{5770385F-C22A-43E0-BF4C-06F5698FFBD9}'/><EventID>10</EventID><Version>3</Version><Level>4</Level><Task>10</Task><Opcode>0</Opcode><Keywords>0x8000000000000000</Keywords><TimeCreated SystemTime='2020-11-03T15:50:26.858400900Z'/><EventRecordID>619</EventRecordID><Correlation/><Execution ProcessID='5112' ThreadID='748'/><Channel>Microsoft-Windows-Sysmon/Operational</Channel><Computer>win-dc-807.attackrange.local</Computer><Security UserID='S-1-5-18'/></System><EventData><Data Name='RuleName'>-</Data><Data Name='UtcTime'>2020-11-03 15:50:26.856</Data><Data Name='SourceProcessGUID'>{D28789B6-7AD1-5FA1-0C00-000000008701}</Data><Data Name='SourceProcessId'>572</Data><Data Name='SourceThreadId'>1328</Data><Data Name='SourceImage'>C:\Windows\system32\svchost.exe</Data><Data Name='TargetProcessGUID'>{D28789B6-7ACB-5FA1-0700-000000008701}</Data><Data Name='TargetProcessId'>716</Data><Data Name='TargetImage'>C:\Windows\system32\wininit.exe</Data><Data Name='GrantedAccess'>0x1000</Data><Data Name='CallTrace'>C:\Windows\SYSTEM32\ntdll.dll+a5a94|C:\Windows\System32\KERNELBASE.dll+5eacf|c:\windows\system32\lsm.dll+e9d6|c:\windows\system32\lsm.dll+19ab3|C:\Windows\System32\RPCRT4.dll+78603|C:\Windows\System32\RPCRT4.dll+d96bd|C:\Windows\System32\RPCRT4.dll+610fc|C:\Windows\System32\RPCRT4.dll+52734|C:\Windows\System32\RPCRT4.dll+5164d|C:\Windows\System32\RPCRT4.dll+51efb|C:\Windows\System32\RPCRT4.dll+2552c|C:\Windows\System32\RPCRT4.dll+259ac|C:\Windows\System32\RPCRT4.dll+1122c|C:\Windows\System32\RPCRT4.dll+12a8b|C:\Windows\System32\RPCRT4.dll+1efba|C:\Windows\SYSTEM32\ntdll.dll+1d34e|C:\Windows\SYSTEM32\ntdll.dll+1ecb9|C:\Windows\System32\KERNEL32.DLL+84d4|C:\Windows\SYSTEM32\ntdll.dll+51791</Data></EventData></Event>
<Event xmlns='http://schemas.microsoft.com/win/2004/08/events/event'><System><Provider Name='Microsoft-Windows-Sysmon' Guid='{5770385F-C22A-43E0-BF4C-06F5698FFBD9}'/><EventID>10</EventID><Version>3</Version><Level>4</Level><Task>10</Task><Opcode>0</Opcode><Keywords>0x8000000000000000</Keywords><TimeCreated SystemTime='2020-11-03T15:50:26.858253500Z'/><EventRecordID>618</EventRecordID><Correlation/><Execution ProcessID='5112' ThreadID='748'/><Channel>Microsoft-Windows-Sysmon/Operational</Channel><Computer>win-dc-807.attackrange.local</Computer><Security UserID='S-1-5-18'/></System><EventData><Data Name='RuleName'>-</Data><Data Name='UtcTime'>2020-11-03 15:50:26.856</Data><Data Name='SourceProcessGUID'>{D28789B6-7AD1-5FA1-0C00-000000008701}</Data><Data Name='SourceProcessId'>572</Data><Data Name='SourceThreadId'>1328</Data><Data Name='SourceImage'>C:\Windows\system32\svchost.exe</Data><Data Name='TargetProcessGUID'>{D28789B6-7ACB-5FA1-0700-000000008701}</Data><Data Name='TargetProcessId'>716</Data><Data Name='TargetImage'>C:\Windows\system32\wininit.exe</Data><Data Name='GrantedAccess'>0x1000</Data><Data Name='CallTrace'>C:\Windows\SYSTEM32\ntdll.dll+a5a94|C:\Windows\System32\KERNELBASE.dll+5eacf|c:\windows\system32\lsm.dll+e9d6|c:\windows\system32\lsm.dll+1a375|C:\Windows\System32\RPCRT4.dll+78603|C:\Windows\System32\RPCRT4.dll+d96bd|C:\Windows\System32\RPCRT4.dll+610fc|C:\Windows\System32\RPCRT4.dll+52734|C:\Windows\System32\RPCRT4.dll+5164d|C:\Windows\System32\RPCRT4.dll+51efb|C:\Windows\System32\RPCRT4.dll+2552c|C:\Windows\System32\RPCRT4.dll+259ac|C:\Windows\System32\RPCRT4.dll+1122c|C:\Windows\System32\RPCRT4.dll+12a8b|C:\Windows\System32\RPCRT4.dll+1efba|C:\Windows\SYSTEM32\ntdll.dll+1d34e|C:\Windows\SYSTEM32\ntdll.dll+1ecb9|C:\Windows\System32\KERNEL32.DLL+84d4|C:\Windows\SYSTEM32\ntdll.dll+51791</Data></EventData></Event>
<Event xmlns='http://schemas.microsoft.com/win/2004/08/events/event'><System><Provider Name='Microsoft-Windows-Sysmon' Guid='{5770385F-C22A-43E0-BF4C-06F5698FFBD9}'/><EventID>10</EventID><Version>3</Version><Level>4</Level><Task>10</Task><Opcode>0</Opcode><Keywords>0x8000000000000000</Keywords><TimeCreated SystemTime='2020-11-03T15:50:26.858170600Z'/><EventRecordID>617</EventRecordID><Correlation/><Execution ProcessID='5112' ThreadID='748'/><Channel>Microsoft-Windows-Sysmon/Operational</Channel><Computer>win-dc-807.attackrange.local</Computer><Security UserID='S-1-5-18'/></System><EventData><Data Name='RuleName'>-</Data><Data Name='UtcTime'>2020-11-03 15:50:26.856</Data><Data Name='SourceProcessGUID'>{D28789B6-7AD1-5FA1-0C00-000000008701}</Data><Data Name='SourceProcessId'>572</Data><Data Name='SourceThreadId'>1328</Data><Data Name='SourceImage'>C:\Windows\system32\svchost.exe</Data><Data Name='TargetProcessGUID'>{D28789B6-7ACB-5FA1-0700-000000008701}</Data><Data Name='TargetProcessId'>716</Data><Data Name='TargetImage'>C:\Windows\system32\wininit.exe</Data><Data Name='GrantedAccess'>0x1000</Data><Data Name='CallTrace'>C:\Windows\SYSTEM32\ntdll.dll+a5a94|C:\Windows\System32\KERNELBASE.dll+5eacf|c:\windows\system32\lsm.dll+11aad|C:\Windows\System32\RPCRT4.dll+78603|C:\Windows\System32\RPCRT4.dll+d96bd|C:\Windows\System32\RPCRT4.dll+610fc|C:\Windows\System32\RPCRT4.dll+52734|C:\Windows\System32\RPCRT4.dll+5164d|C:\Windows\System32\RPCRT4.dll+51efb|C:\Windows\System32\RPCRT4.dll+2552c|C:\Windows\System32\RPCRT4.dll+259ac|C:\Windows\System32\RPCRT4.dll+1122c|C:\Windows\System32\RPCRT4.dll+12a8b|C:\Windows\System32\RPCRT4.dll+1efba|C:\Windows\SYSTEM32\ntdll.dll+1d34e|C:\Windows\SYSTEM32\ntdll.dll+1ecb9|C:\Windows\System32\KERNEL32.DLL+84d4|C:\Windows\SYSTEM32\ntdll.dll+51791</Data></EventData></Event>
<Event xmlns='http://schemas.microsoft.com/win/2004/08/events/event'><System><Provider Name='Microsoft-Windows-Sysmon' Guid='{5770385F-C22A-43E0-BF4C-06F5698FFBD9}'/><EventID>10</EventID><Version>3</Version><Level>4</Level><Task>10</Task><Opcode>0</Opcode><Keywords>0x8000000000000000</Keywords><TimeCreated SystemTime='2020-11-03T15:50:26.858094700Z'/><EventRecordID>616</EventRecordID><Correlation/><Execution ProcessID='5112' ThreadID='748'/><Channel>Microsoft-Windows-Sysmon/Operational</Channel><Computer>win-dc-807.attackrange.local</Computer><Security UserID='S-1-5-18'/></System><EventData><Data Name='RuleName'>-</Data><Data Name='UtcTime'>2020-11-03 15:50:26.856</Data><Data Name='SourceProcessGUID'>{D28789B6-7AD1-5FA1-0C00-000000008701}</Data><Data Name='SourceProcessId'>572</Data><Data Name='SourceThreadId'>1112</Data><Data Name='SourceImage'>C:\Windows\system32\svchost.exe</Data><Data Name='TargetProcessGUID'>{D28789B6-7ACB-5FA1-0700-000000008701}</Data><Data Name='TargetProcessId'>716</Data><Data Name='TargetImage'>C:\Windows\system32\wininit.exe</Data><Data Name='GrantedAccess'>0x1000</Data><Data Name='CallTrace'>C:\Windows\SYSTEM32\ntdll.dll+a5a94|C:\Windows\System32\KERNELBASE.dll+5eacf|c:\windows\system32\lsm.dll+e9d6|c:\windows\system32\lsm.dll+5d917|C:\Windows\System32\RPCRT4.dll+78603|C:\Windows\System32\RPCRT4.dll+d96bd|C:\Windows\System32\RPCRT4.dll+610fc|C:\Windows\System32\RPCRT4.dll+52734|C:\Windows\System32\RPCRT4.dll+5164d|C:\Windows\System32\RPCRT4.dll+51efb|C:\Windows\System32\RPCRT4.dll+2552c|C:\Windows\System32\RPCRT4.dll+259ac|C:\Windows\System32\RPCRT4.dll+1122c|C:\Windows\System32\RPCRT4.dll+12a8b|C:\Windows\System32\RPCRT4.dll+1efba|C:\Windows\SYSTEM32\ntdll.dll+1d34e|C:\Windows\SYSTEM32\ntdll.dll+1ecb9|C:\Windows\System32\KERNEL32.DLL+84d4|C:\Windows\SYSTEM32\ntdll.dll+51791</Data></EventData></Event>
<Event xmlns='http://schemas.microsoft.com/win/2004/08/events/event'><System><Provider Name='Microsoft-Windows-Sysmon' Guid='{5770385F-C22A-43E0-BF4C-06F5698FFBD9}'/><EventID>10</EventID><Version>3</Version><Level>4</Level><Task>10</Task><Opcode>0</Opcode><Keywords>0x8000000000000000</Keywords><TimeCreated SystemTime='2020-11-03T15:50:26.857940200Z'/><EventRecordID>615</EventRecordID><Correlation/><Execution ProcessID='5112' ThreadID='748'/><Channel>Microsoft-Windows-Sysmon/Operational</Channel><Computer>win-dc-807.attackrange.local</Computer><Security UserID='S-1-5-18'/></System><EventData><Data Name='RuleName'>-</Data><Data Name='UtcTime'>2020-11-03 15:50:26.856</Data><Data Name='SourceProcessGUID'>{D28789B6-7AD1-5FA1-0C00-000000008701}</Data><Data Name='SourceProcessId'>572</Data><Data Name='SourceThreadId'>1328</Data><Data Name='SourceImage'>C:\Windows\system32\svchost.exe</Data><Data Name='TargetProcessGUID'>{D28789B6-7ACB-5FA1-0700-000000008701}</Data><Data Name='TargetProcessId'>716</Data><Data Name='TargetImage'>C:\Windows\system32\wininit.exe</Data><Data Name='GrantedAccess'>0x1000</Data><Data Name='CallTrace'>C:\Windows\SYSTEM32\ntdll.dll+a5a94|C:\Windows\System32\KERNELBASE.dll+5eacf|c:\windows\system32\lsm.dll+11058|C:\Windows\System32\RPCRT4.dll+78603|C:\Windows\System32\RPCRT4.dll+d96bd|C:\Windows\System32\RPCRT4.dll+610fc|C:\Windows\System32\RPCRT4.dll+52734|C:\Windows\System32\RPCRT4.dll+5164d|C:\Windows\System32\RPCRT4.dll+51efb|C:\Windows\System32\RPCRT4.dll+2552c|C:\Windows\System32\RPCRT4.dll+259ac|C:\Windows\System32\RPCRT4.dll+1122c|C:\Windows\System32\RPCRT4.dll+12a8b|C:\Windows\System32\RPCRT4.dll+1efba|C:\Windows\SYSTEM32\ntdll.dll+1d34e|C:\Windows\SYSTEM32\ntdll.dll+1ecb9|C:\Windows\System32\KERNEL32.DLL+84d4|C:\Windows\SYSTEM32\ntdll.dll+51791</Data></EventData></Event>
<Event xmlns='http://schemas.microsoft.com/win/2004/08/events/event'><System><Provider Name='Microsoft-Windows-Sysmon' Guid='{5770385F-C22A-43E0-BF4C-06F5698FFBD9}'/><EventID>10</EventID><Version>3</Version><Level>4</Level><Task>10</Task><Opcode>0</Opcode><Keywords>0x8000000000000000</Keywords><TimeCreated SystemTime='2020-11-03T15:50:26.857875400Z'/><EventRecordID>614</EventRecordID><Correlation/><Execution ProcessID='5112' ThreadID='748'/><Channel>Microsoft-Windows-Sysmon/Operational</Channel><Computer>win-dc-807.attackrange.local</Computer><Security UserID='S-1-5-18'/></System><EventData><Data Name='RuleName'>-</Data><Data Name='UtcTime'>2020-11-03 15:50:26.856</Data><Data Name='SourceProcessGUID'>{D28789B6-7AD1-5FA1-0C00-000000008701}</Data><Data Name='SourceProcessId'>572</Data><Data Name='SourceThreadId'>1116</Data><Data Name='SourceImage'>C:\Windows\system32\svchost.exe</Data><Data Name='TargetProcessGUID'>{D28789B6-7ACB-5FA1-0700-000000008701}</Data><Data Name='TargetProcessId'>716</Data><Data Name='TargetImage'>C:\Windows\system32\wininit.exe</Data><Data Name='GrantedAccess'>0x1000</Data><Data Name='CallTrace'>C:\Windows\SYSTEM32\ntdll.dll+a5a94|C:\Windows\System32\KERNELBASE.dll+5eacf|c:\windows\system32\lsm.dll+163fd|C:\Windows\System32\RPCRT4.dll+78603|C:\Windows\System32\RPCRT4.dll+db992|C:\Windows\System32\RPCRT4.dll+52734|C:\Windows\System32\RPCRT4.dll+5164d|C:\Windows\System32\RPCRT4.dll+51efb|C:\Windows\System32\RPCRT4.dll+2552c|C:\Windows\System32\RPCRT4.dll+259ac|C:\Windows\System32\RPCRT4.dll+1122c|C:\Windows\System32\RPCRT4.dll+12a8b|C:\Windows\System32\RPCRT4.dll+1efba|C:\Windows\SYSTEM32\ntdll.dll+1d34e|C:\Windows\SYSTEM32\ntdll.dll+1ecb9|C:\Windows\System32\KERNEL32.DLL+84d4|C:\Windows\SYSTEM32\ntdll.dll+51791</Data></EventData></Event>
<Event xmlns='http://schemas.microsoft.com/win/2004/08/events/event'><System><Provider Name='Microsoft-Windows-Sysmon' Guid='{5770385F-C22A-43E0-BF4C-06F5698FFBD9}'/><EventID>10</EventID><Version>3</Version><Level>4</Level><Task>10</Task><Opcode>0</Opcode><Keywords>0x8000000000000000</Keywords><TimeCreated SystemTime='2020-11-03T15:50:26.857798800Z'/><EventRecordID>613</EventRecordID><Correlation/><Execution ProcessID='5112' ThreadID='748'/><Channel>Microsoft-Windows-Sysmon/Operational</Channel><Computer>win-dc-807.attackrange.local</Computer><Security UserID='S-1-5-18'/></System><EventData><Data Name='RuleName'>-</Data><Data Name='UtcTime'>2020-11-03 15:50:26.856</Data><Data Name='SourceProcessGUID'>{D28789B6-7AD1-5FA1-0C00-000000008701}</Data><Data Name='SourceProcessId'>572</Data><Data Name='SourceThreadId'>1328</Data><Data Name='SourceImage'>C:\Windows\system32\svchost.exe</Data><Data Name='TargetProcessGUID'>{D28789B6-7ACB-5FA1-0700-000000008701}</Data><Data Name='TargetProcessId'>716</Data><Data Name='TargetImage'>C:\Windows\system32\wininit.exe</Data><Data Name='GrantedAccess'>0x1000</Data><Data Name='CallTrace'>C:\Windows\SYSTEM32\ntdll.dll+a5a94|C:\Windows\System32\KERNELBASE.dll+5eacf|c:\windows\system32\lsm.dll+12023|C:\Windows\System32\RPCRT4.dll+78603|C:\Windows\System32\RPCRT4.dll+d96bd|C:\Windows\System32\RPCRT4.dll+610fc|C:\Windows\System32\RPCRT4.dll+52734|C:\Windows\System32\RPCRT4.dll+5164d|C:\Windows\System32\RPCRT4.dll+51efb|C:\Windows\System32\RPCRT4.dll+2552c|C:\Windows\System32\RPCRT4.dll+259ac|C:\Windows\System32\RPCRT4.dll+1122c|C:\Windows\System32\RPCRT4.dll+12a8b|C:\Windows\System32\RPCRT4.dll+1efba|C:\Windows\SYSTEM32\ntdll.dll+1d34e|C:\Windows\SYSTEM32\ntdll.dll+1ecb9|C:\Windows\System32\KERNEL32.DLL+84d4|C:\Windows\SYSTEM32\ntdll.dll+51791</Data></EventData></Event>
<Event xmlns='http://schemas.microsoft.com/win/2004/08/events/event'><System><Provider Name='Microsoft-Windows-Sysmon' Guid='{5770385F-C22A-43E0-BF4C-06F5698FFBD9}'/><EventID>10</EventID><Version>3</Version><Level>4</Level><Task>10</Task><Opcode>0</Opcode><Keywords>0x8000000000000000</Keywords><TimeCreated SystemTime='2020-11-03T15:50:26.857569500Z'/><EventRecordID>612</EventRecordID><Correlation/><Execution ProcessID='5112' ThreadID='748'/><Channel>Microsoft-Windows-Sysmon/Operational</Channel><Computer>win-dc-807.attackrange.local</Computer><Security UserID='S-1-5-18'/></System><EventData><Data Name='RuleName'>-</Data><Data Name='UtcTime'>2020-11-03 15:50:26.856</Data><Data Name='SourceProcessGUID'>{D28789B6-7AD1-5FA1-0C00-000000008701}</Data><Data Name='SourceProcessId'>572</Data><Data Name='SourceThreadId'>1116</Data><Data Name='SourceImage'>C:\Windows\system32\svchost.exe</Data><Data Name='TargetProcessGUID'>{D28789B6-7ACB-5FA1-0700-000000008701}</Data><Data Name='TargetProcessId'>716</Data><Data Name='TargetImage'>C:\Windows\system32\wininit.exe</Data><Data Name='GrantedAccess'>0x1000</Data><Data Name='CallTrace'>C:\Windows\SYSTEM32\ntdll.dll+a5a94|C:\Windows\System32\KERNELBASE.dll+5eacf|c:\windows\system32\lsm.dll+e9d6|c:\windows\system32\lsm.dll+19ab3|C:\Windows\System32\RPCRT4.dll+78603|C:\Windows\System32\RPCRT4.dll+d96bd|C:\Windows\System32\RPCRT4.dll+610fc|C:\Windows\System32\RPCRT4.dll+52734|C:\Windows\System32\RPCRT4.dll+5164d|C:\Windows\System32\RPCRT4.dll+51efb|C:\Windows\System32\RPCRT4.dll+2552c|C:\Windows\System32\RPCRT4.dll+259ac|C:\Windows\System32\RPCRT4.dll+1122c|C:\Windows\System32\RPCRT4.dll+12a8b|C:\Windows\System32\RPCRT4.dll+1efba|C:\Windows\SYSTEM32\ntdll.dll+1d34e|C:\Windows\SYSTEM32\ntdll.dll+1ecb9|C:\Windows\System32\KERNEL32.DLL+84d4|C:\Windows\SYSTEM32\ntdll.dll+51791</Data></EventData></Event>
<Event xmlns='http://schemas.microsoft.com/win/2004/08/events/event'><System><Provider Name='Microsoft-Windows-Sysmon' Guid='{5770385F-C22A-43E0-BF4C-06F5698FFBD9}'/><EventID>10</EventID><Version>3</Version><Level>4</Level><Task>10</Task><Opcode>0</Opcode><Keywords>0x8000000000000000</Keywords><TimeCreated SystemTime='2020-11-03T15:50:27.970274600Z'/><EventRecordID>696</EventRecordID><Correlation/><Execution ProcessID='5112' ThreadID='748'/><Channel>Microsoft-Windows-Sysmon/Operational</Channel><Computer>win-dc-807.attackrange.local</Computer><Security UserID='S-1-5-18'/></System><EventData><Data Name='RuleName'>-</Data><Data Name='UtcTime'>2020-11-03 15:50:27.957</Data><Data Name='SourceProcessGUID'>{D28789B6-7AD1-5FA1-0C00-000000008701}</Data><Data Name='SourceProcessId'>572</Data><Data Name='SourceThreadId'>1116</Data><Data Name='SourceImage'>C:\Windows\system32\svchost.exe</Data><Data Name='TargetProcessGUID'>{D28789B6-7AD2-5FA1-1400-000000008701}</Data><Data Name='TargetProcessId'>1368</Data><Data Name='TargetImage'>C:\Windows\system32\svchost.exe</Data><Data Name='GrantedAccess'>0x1400</Data><Data Name='CallTrace'>C:\Windows\SYSTEM32\ntdll.dll+a5a94|C:\Windows\System32\KERNELBASE.dll+5eab4|c:\windows\system32\lsm.dll+11aad|C:\Windows\System32\RPCRT4.dll+78603|C:\Windows\System32\RPCRT4.dll+d96bd|C:\Windows\System32\RPCRT4.dll+610fc|C:\Windows\System32\RPCRT4.dll+52734|C:\Windows\System32\RPCRT4.dll+5164d|C:\Windows\System32\RPCRT4.dll+51efb|C:\Windows\System32\RPCRT4.dll+2552c|C:\Windows\System32\RPCRT4.dll+259ac|C:\Windows\System32\RPCRT4.dll+1122c|C:\Windows\System32\RPCRT4.dll+12a8b|C:\Windows\System32\RPCRT4.dll+1efba|C:\Windows\SYSTEM32\ntdll.dll+1d34e|C:\Windows\SYSTEM32\ntdll.dll+1ecb9|C:\Windows\System32\KERNEL32.DLL+84d4|C:\Windows\SYSTEM32\ntdll.dll+51791</Data></EventData></Event>
<Event xmlns='http://schemas.microsoft.com/win/2004/08/events/event'><System><Provider Name='Microsoft-Windows-Sysmon' Guid='{5770385F-C22A-43E0-BF4C-06F5698FFBD9}'/><EventID>10</EventID><Version>3</Version><Level>4</Level><Task>10</Task><Opcode>0</Opcode><Keywords>0x8000000000000000</Keywords><TimeCreated SystemTime='2020-11-03T15:50:27.963483600Z'/><EventRecordID>695</EventRecordID><Correlation/><Execution ProcessID='5112' ThreadID='748'/><Channel>Microsoft-Windows-Sysmon/Operational</Channel><Computer>win-dc-807.attackrange.local</Computer><Security UserID='S-1-5-18'/></System><EventData><Data Name='RuleName'>-</Data><Data Name='UtcTime'>2020-11-03 15:50:27.957</Data><Data Name='SourceProcessGUID'>{D28789B6-7AD1-5FA1-0C00-000000008701}</Data><Data Name='SourceProcessId'>572</Data><Data Name='SourceThreadId'>1328</Data><Data Name='SourceImage'>C:\Windows\system32\svchost.exe</Data><Data Name='TargetProcessGUID'>{D28789B6-7AD2-5FA1-1400-000000008701}</Data><Data Name='TargetProcessId'>1368</Data><Data Name='TargetImage'>C:\Windows\system32\svchost.exe</Data><Data Name='GrantedAccess'>0x1400</Data><Data Name='CallTrace'>C:\Windows\SYSTEM32\ntdll.dll+a5a94|C:\Windows\System32\KERNELBASE.dll+5eab4|c:\windows\system32\lsm.dll+11058|C:\Windows\System32\RPCRT4.dll+78603|C:\Windows\System32\RPCRT4.dll+d96bd|C:\Windows\System32\RPCRT4.dll+610fc|C:\Windows\System32\RPCRT4.dll+52734|C:\Windows\System32\RPCRT4.dll+5164d|C:\Windows\System32\RPCRT4.dll+51efb|C:\Windows\System32\RPCRT4.dll+2552c|C:\Windows\System32\RPCRT4.dll+259ac|C:\Windows\System32\RPCRT4.dll+1122c|C:\Windows\System32\RPCRT4.dll+12a8b|C:\Windows\System32\RPCRT4.dll+1efba|C:\Windows\SYSTEM32\ntdll.dll+1d34e|C:\Windows\SYSTEM32\ntdll.dll+1ecb9|C:\Windows\System32\KERNEL32.DLL+84d4|C:\Windows\SYSTEM32\ntdll.dll+51791</Data></EventData></Event>
<Event xmlns='http://schemas.microsoft.com/win/2004/08/events/event'><System><Provider Name='Microsoft-Windows-Sysmon' Guid='{5770385F-C22A-43E0-BF4C-06F5698FFBD9}'/><EventID>10</EventID><Version>3</Version><Level>4</Level><Task>10</Task><Opcode>0</Opcode><Keywords>0x8000000000000000</Keywords><TimeCreated SystemTime='2020-11-03T15:50:27.963421200Z'/><EventRecordID>694</EventRecordID><Correlation/><Execution ProcessID='5112' ThreadID='748'/><Channel>Microsoft-Windows-Sysmon/Operational</Channel><Computer>win-dc-807.attackrange.local</Computer><Security UserID='S-1-5-18'/></System><EventData><Data Name='RuleName'>-</Data><Data Name='UtcTime'>2020-11-03 15:50:27.957</Data><Data Name='SourceProcessGUID'>{D28789B6-7AD1-5FA1-0C00-000000008701}</Data><Data Name='SourceProcessId'>572</Data><Data Name='SourceThreadId'>1328</Data><Data Name='SourceImage'>C:\Windows\system32\svchost.exe</Data><Data Name='TargetProcessGUID'>{D28789B6-7AD2-5FA1-1400-000000008701}</Data><Data Name='TargetProcessId'>1368</Data><Data Name='TargetImage'>C:\Windows\system32\svchost.exe</Data><Data Name='GrantedAccess'>0x1400</Data><Data Name='CallTrace'>C:\Windows\SYSTEM32\ntdll.dll+a5a94|C:\Windows\System32\KERNELBASE.dll+5eab4|c:\windows\system32\lsm.dll+12023|C:\Windows\System32\RPCRT4.dll+78603|C:\Windows\System32\RPCRT4.dll+d96bd|C:\Windows\System32\RPCRT4.dll+610fc|C:\Windows\System32\RPCRT4.dll+52734|C:\Windows\System32\RPCRT4.dll+5164d|C:\Windows\System32\RPCRT4.dll+51efb|C:\Windows\System32\RPCRT4.dll+2552c|C:\Windows\System32\RPCRT4.dll+259ac|C:\Windows\System32\RPCRT4.dll+1122c|C:\Windows\System32\RPCRT4.dll+12a8b|C:\Windows\System32\RPCRT4.dll+1efba|C:\Windows\SYSTEM32\ntdll.dll+1d34e|C:\Windows\SYSTEM32\ntdll.dll+1ecb9|C:\Windows\System32\KERNEL32.DLL+84d4|C:\Windows\SYSTEM32\ntdll.dll+51791</Data></EventData></Event>
<Event xmlns='http://schemas.microsoft.com/win/2004/08/events/event'><System><Provider Name='Microsoft-Windows-Sysmon' Guid='{5770385F-C22A-43E0-BF4C-06F5698FFBD9}'/><EventID>10</EventID><Version>3</Version><Level>4</Level><Task>10</Task><Opcode>0</Opcode><Keywords>0x8000000000000000</Keywords><TimeCreated SystemTime='2020-11-03T15:50:27.504337800Z'/><EventRecordID>693</EventRecordID><Correlation/><Execution ProcessID='5112' ThreadID='748'/><Channel>Microsoft-Windows-Sysmon/Operational</Channel><Computer>win-dc-807.attackrange.local</Computer><Security UserID='S-1-5-18'/></System><EventData><Data Name='RuleName'>-</Data><Data Name='UtcTime'>2020-11-03 15:50:27.497</Data><Data Name='SourceProcessGUID'>{D28789B6-7ACF-5FA1-0B00-000000008701}</Data><Data Name='SourceProcessId'>860</Data><Data Name='SourceThreadId'>916</Data><Data Name='SourceImage'>C:\Windows\system32\lsass.exe</Data><Data Name='TargetProcessGUID'>{D28789B6-7AD2-5FA1-1400-000000008701}</Data><Data Name='TargetProcessId'>1368</Data><Data Name='TargetImage'>C:\Windows\system32\svchost.exe</Data><Data Name='GrantedAccess'>0x1000</Data><Data Name='CallTrace'>C:\Windows\SYSTEM32\ntdll.dll+a5a94|C:\Windows\system32\lsasrv.dll+11c6e|C:\Windows\system32\lsasrv.dll+1e0a8|C:\Windows\system32\lsasrv.dll+1d2d1|C:\Windows\system32\lsasrv.dll+1bb00|C:\Windows\system32\lsasrv.dll+2810b|C:\Windows\SYSTEM32\SspiSrv.dll+1467|C:\Windows\System32\RPCRT4.dll+78603|C:\Windows\System32\RPCRT4.dll+d96bd|C:\Windows\System32\RPCRT4.dll+610fc|C:\Windows\System32\RPCRT4.dll+52734|C:\Windows\System32\RPCRT4.dll+5164d|C:\Windows\System32\RPCRT4.dll+51efb|C:\Windows\System32\RPCRT4.dll+2552c|C:\Windows\System32\RPCRT4.dll+259ac|C:\Windows\System32\RPCRT4.dll+1122c|C:\Windows\System32\RPCRT4.dll+12a8b|C:\Windows\System32\RPCRT4.dll+1efba|C:\Windows\SYSTEM32\ntdll.dll+1d34e|C:\Windows\SYSTEM32\ntdll.dll+1ecb9|C:\Windows\System32\KERNEL32.DLL+84d4|C:\Windows\SYSTEM32\ntdll.dll+51791</Data></EventData></Event>
<Event xmlns='http://schemas.microsoft.com/win/2004/08/events/event'><System><Provider Name='Microsoft-Windows-Sysmon' Guid='{5770385F-C22A-43E0-BF4C-06F5698FFBD9}'/><EventID>10</EventID><Version>3</Version><Level>4</Level><Task>10</Task><Opcode>0</Opcode><Keywords>0x8000000000000000</Keywords><TimeCreated SystemTime='2020-11-03T15:50:27.504158700Z'/><EventRecordID>692</EventRecordID><Correlation/><Execution ProcessID='5112' ThreadID='748'/><Channel>Microsoft-Windows-Sysmon/Operational</Channel><Computer>win-dc-807.attackrange.local</Computer><Security UserID='S-1-5-18'/></System><EventData><Data Name='RuleName'>-</Data><Data Name='UtcTime'>2020-11-03 15:50:27.497</Data><Data Name='SourceProcessGUID'>{D28789B6-7ACF-5FA1-0B00-000000008701}</Data><Data Name='SourceProcessId'>860</Data><Data Name='SourceThreadId'>916</Data><Data Name='SourceImage'>C:\Windows\system32\lsass.exe</Data><Data Name='TargetProcessGUID'>{D28789B6-7AD2-5FA1-1400-000000008701}</Data><Data Name='TargetProcessId'>1368</Data><Data Name='TargetImage'>C:\Windows\system32\svchost.exe</Data><Data Name='GrantedAccess'>0x1000</Data><Data Name='CallTrace'>C:\Windows\SYSTEM32\ntdll.dll+a5a94|C:\Windows\system32\lsasrv.dll+11c6e|C:\Windows\system32\lsasrv.dll+1a4e6|C:\Windows\system32\lsasrv.dll+1ba8f|C:\Windows\system32\lsasrv.dll+2810b|C:\Windows\SYSTEM32\SspiSrv.dll+1467|C:\Windows\System32\RPCRT4.dll+78603|C:\Windows\System32\RPCRT4.dll+d96bd|C:\Windows\System32\RPCRT4.dll+610fc|C:\Windows\System32\RPCRT4.dll+52734|C:\Windows\System32\RPCRT4.dll+5164d|C:\Windows\System32\RPCRT4.dll+51efb|C:\Windows\System32\RPCRT4.dll+2552c|C:\Windows\System32\RPCRT4.dll+259ac|C:\Windows\System32\RPCRT4.dll+1122c|C:\Windows\System32\RPCRT4.dll+12a8b|C:\Windows\System32\RPCRT4.dll+1efba|C:\Windows\SYSTEM32\ntdll.dll+1d34e|C:\Windows\SYSTEM32\ntdll.dll+1ecb9|C:\Windows\System32\KERNEL32.DLL+84d4|C:\Windows\SYSTEM32\ntdll.dll+51791</Data></EventData></Event>
<Event xmlns='http://schemas.microsoft.com/win/2004/08/events/event'><System><Provider Name='Microsoft-Windows-Sysmon' Guid='{5770385F-C22A-43E0-BF4C-06F5698FFBD9}'/><EventID>10</EventID><Version>3</Version><Level>4</Level><Task>10</Task><Opcode>0</Opcode><Keywords>0x8000000000000000</Keywords><TimeCreated SystemTime='2020-11-03T15:50:27.501555900Z'/><EventRecordID>691</EventRecordID><Correlation/><Execution ProcessID='5112' ThreadID='748'/><Channel>Microsoft-Windows-Sysmon/Operational</Channel><Computer>win-dc-807.attackrange.local</Computer><Security UserID='S-1-5-18'/></System><EventData><Data Name='RuleName'>-</Data><Data Name='UtcTime'>2020-11-03 15:50:27.497</Data><Data Name='SourceProcessGUID'>{D28789B6-7ACF-5FA1-0B00-000000008701}</Data><Data Name='SourceProcessId'>860</Data><Data Name='SourceThreadId'>916</Data><Data Name='SourceImage'>C:\Windows\system32\lsass.exe</Data><Data Name='TargetProcessGUID'>{D28789B6-7AD2-5FA1-1400-000000008701}</Data><Data Name='TargetProcessId'>1368</Data><Data Name='TargetImage'>C:\Windows\system32\svchost.exe</Data><Data Name='GrantedAccess'>0x1000</Data><Data Name='CallTrace'>C:\Windows\SYSTEM32\ntdll.dll+a5a94|C:\Windows\system32\lsasrv.dll+1b05d|C:\Windows\system32\lsasrv.dll+2810b|C:\Windows\SYSTEM32\SspiSrv.dll+1467|C:\Windows\System32\RPCRT4.dll+78603|C:\Windows\System32\RPCRT4.dll+d96bd|C:\Windows\System32\RPCRT4.dll+610fc|C:\Windows\System32\RPCRT4.dll+52734|C:\Windows\System32\RPCRT4.dll+5164d|C:\Windows\System32\RPCRT4.dll+51efb|C:\Windows\System32\RPCRT4.dll+2552c|C:\Windows\System32\RPCRT4.dll+259ac|C:\Windows\System32\RPCRT4.dll+1122c|C:\Windows\System32\RPCRT4.dll+12a8b|C:\Windows\System32\RPCRT4.dll+1efba|C:\Windows\SYSTEM32\ntdll.dll+1d34e|C:\Windows\SYSTEM32\ntdll.dll+1ecb9|C:\Windows\System32\KERNEL32.DLL+84d4|C:\Windows\SYSTEM32\ntdll.dll+51791</Data></EventData></Event>
<Event xmlns='http://schemas.microsoft.com/win/2004/08/events/event'><System><Provider Name='Microsoft-Windows-Sysmon' Guid='{5770385F-C22A-43E0-BF4C-06F5698FFBD9}'/><EventID>10</EventID><Version>3</Version><Level>4</Level><Task>10</Task><Opcode>0</Opcode><Keywords>0x8000000000000000</Keywords><TimeCreated SystemTime='2020-11-03T15:50:27.286141400Z'/><EventRecordID>690</EventRecordID><Correlation/><Execution ProcessID='5112' ThreadID='748'/><Channel>Microsoft-Windows-Sysmon/Operational</Channel><Computer>win-dc-807.attackrange.local</Computer><Security UserID='S-1-5-18'/></System><EventData><Data Name='RuleName'>-</Data><Data Name='UtcTime'>2020-11-03 15:50:27.278</Data><Data Name='SourceProcessGUID'>{D28789B6-7ACF-5FA1-0B00-000000008701}</Data><Data Name='SourceProcessId'>860</Data><Data Name='SourceThreadId'>588</Data><Data Name='SourceImage'>C:\Windows\system32\lsass.exe</Data><Data Name='TargetProcessGUID'>{D28789B6-7C43-5FA1-1703-000000008701}</Data><Data Name='TargetProcessId'>2320</Data><Data Name='TargetImage'>C:\Windows\System32\WindowsPowerShell\v1.0\powershell.exe</Data><Data Name='GrantedAccess'>0x1478</Data><Data Name='CallTrace'>C:\Windows\SYSTEM32\ntdll.dll+a5a94|C:\Windows\system32\lsasrv.dll+25d17|C:\Windows\system32\lsasrv.dll+26ded|C:\Windows\system32\lsasrv.dll+25b95|C:\Windows\SYSTEM32\SspiSrv.dll+11a2|C:\Windows\System32\RPCRT4.dll+78603|C:\Windows\System32\RPCRT4.dll+d96bd|C:\Windows\System32\RPCRT4.dll+610fc|C:\Windows\System32\RPCRT4.dll+52734|C:\Windows\System32\RPCRT4.dll+5164d|C:\Windows\System32\RPCRT4.dll+51efb|C:\Windows\System32\RPCRT4.dll+2552c|C:\Windows\System32\RPCRT4.dll+259ac|C:\Windows\System32\RPCRT4.dll+1122c|C:\Windows\System32\RPCRT4.dll+12a8b|C:\Windows\System32\RPCRT4.dll+1efba|C:\Windows\SYSTEM32\ntdll.dll+1d34e|C:\Windows\SYSTEM32\ntdll.dll+1ecb9|C:\Windows\System32\KERNEL32.DLL+84d4|C:\Windows\SYSTEM32\ntdll.dll+51791</Data></EventData></Event>
<Event xmlns='http://schemas.microsoft.com/win/2004/08/events/event'><System><Provider Name='Microsoft-Windows-Sysmon' Guid='{5770385F-C22A-43E0-BF4C-06F5698FFBD9}'/><EventID>10</EventID><Version>3</Version><Level>4</Level><Task>10</Task><Opcode>0</Opcode><Keywords>0x8000000000000000</Keywords><TimeCreated SystemTime='2020-11-03T15:50:27.285651400Z'/><EventRecordID>689</EventRecordID><Correlation/><Execution ProcessID='5112' ThreadID='748'/><Channel>Microsoft-Windows-Sysmon/Operational</Channel><Computer>win-dc-807.attackrange.local</Computer><Security UserID='S-1-5-18'/></System><EventData><Data Name='RuleName'>-</Data><Data Name='UtcTime'>2020-11-03 15:50:27.278</Data><Data Name='SourceProcessGUID'>{D28789B6-7ACF-5FA1-0B00-000000008701}</Data><Data Name='SourceProcessId'>860</Data><Data Name='SourceThreadId'>588</Data><Data Name='SourceImage'>C:\Windows\system32\lsass.exe</Data><Data Name='TargetProcessGUID'>{D28789B6-7C43-5FA1-1703-000000008701}</Data><Data Name='TargetProcessId'>2320</Data><Data Name='TargetImage'>C:\Windows\System32\WindowsPowerShell\v1.0\powershell.exe</Data><Data Name='GrantedAccess'>0x1000</Data><Data Name='CallTrace'>C:\Windows\SYSTEM32\ntdll.dll+a6624|C:\Windows\System32\RPCRT4.dll+64ebf|C:\Windows\system32\lsasrv.dll+25add|C:\Windows\SYSTEM32\SspiSrv.dll+11a2|C:\Windows\System32\RPCRT4.dll+78603|C:\Windows\System32\RPCRT4.dll+d96bd|C:\Windows\System32\RPCRT4.dll+610fc|C:\Windows\System32\RPCRT4.dll+52734|C:\Windows\System32\RPCRT4.dll+5164d|C:\Windows\System32\RPCRT4.dll+51efb|C:\Windows\System32\RPCRT4.dll+2552c|C:\Windows\System32\RPCRT4.dll+259ac|C:\Windows\System32\RPCRT4.dll+1122c|C:\Windows\System32\RPCRT4.dll+12a8b|C:\Windows\System32\RPCRT4.dll+1efba|C:\Windows\SYSTEM32\ntdll.dll+1d34e|C:\Windows\SYSTEM32\ntdll.dll+1ecb9|C:\Windows\System32\KERNEL32.DLL+84d4|C:\Windows\SYSTEM32\ntdll.dll+51791</Data></EventData></Event>
<Event xmlns='http://schemas.microsoft.com/win/2004/08/events/event'><System><Provider Name='Microsoft-Windows-Sysmon' Guid='{5770385F-C22A-43E0-BF4C-06F5698FFBD9}'/><EventID>11</EventID><Version>2</Version><Level>4</Level><Task>11</Task><Opcode>0</Opcode><Keywords>0x8000000000000000</Keywords><TimeCreated SystemTime='2020-11-03T15:50:27.206464000Z'/><EventRecordID>688</EventRecordID><Correlation/><Execution ProcessID='5112' ThreadID='748'/><Channel>Microsoft-Windows-Sysmon/Operational</Channel><Computer>win-dc-807.attackrange.local</Computer><Security UserID='S-1-5-18'/></System><EventData><Data Name='RuleName'>-</Data><Data Name='UtcTime'>2020-11-03 15:50:27.200</Data><Data Name='ProcessGuid'>{D28789B6-7C43-5FA1-1703-000000008701}</Data><Data Name='ProcessId'>2320</Data><Data Name='Image'>C:\Windows\System32\WindowsPowerShell\v1.0\powershell.exe</Data><Data Name='TargetFilename'>C:\Users\Administrator\AppData\Local\Temp\__PSScriptPolicyTest_1u2pn5ro.fif.ps1</Data><Data Name='CreationUtcTime'>2020-11-03 15:50:27.200</Data></EventData></Event>
<Event xmlns='http://schemas.microsoft.com/win/2004/08/events/event'><System><Provider Name='Microsoft-Windows-Sysmon' Guid='{5770385F-C22A-43E0-BF4C-06F5698FFBD9}'/><EventID>10</EventID><Version>3</Version><Level>4</Level><Task>10</Task><Opcode>0</Opcode><Keywords>0x8000000000000000</Keywords><TimeCreated SystemTime='2020-11-03T15:50:27.191258300Z'/><EventRecordID>687</EventRecordID><Correlation/><Execution ProcessID='5112' ThreadID='748'/><Channel>Microsoft-Windows-Sysmon/Operational</Channel><Computer>win-dc-807.attackrange.local</Computer><Security UserID='S-1-5-18'/></System><EventData><Data Name='RuleName'>-</Data><Data Name='UtcTime'>2020-11-03 15:50:27.184</Data><Data Name='SourceProcessGUID'>{D28789B6-7AD1-5FA1-0C00-000000008701}</Data><Data Name='SourceProcessId'>572</Data><Data Name='SourceThreadId'>1116</Data><Data Name='SourceImage'>C:\Windows\system32\svchost.exe</Data><Data Name='TargetProcessGUID'>{D28789B6-7C43-5FA1-1703-000000008701}</Data><Data Name='TargetProcessId'>2320</Data><Data Name='TargetImage'>C:\Windows\System32\WindowsPowerShell\v1.0\powershell.exe</Data><Data Name='GrantedAccess'>0x1000</Data><Data Name='CallTrace'>C:\Windows\SYSTEM32\ntdll.dll+a5a94|C:\Windows\System32\KERNELBASE.dll+221bd|c:\windows\system32\rpcss.dll+5296|C:\Windows\System32\RPCRT4.dll+78603|C:\Windows\System32\RPCRT4.dll+2e43b|C:\Windows\System32\RPCRT4.dll+6213a|C:\Windows\System32\RPCRT4.dll+52734|C:\Windows\System32\RPCRT4.dll+5164d|C:\Windows\System32\RPCRT4.dll+51efb|C:\Windows\System32\RPCRT4.dll+2552c|C:\Windows\System32\RPCRT4.dll+259ac|C:\Windows\System32\RPCRT4.dll+1122c|C:\Windows\System32\RPCRT4.dll+12a8b|C:\Windows\System32\RPCRT4.dll+1efba|C:\Windows\SYSTEM32\ntdll.dll+1d34e|C:\Windows\SYSTEM32\ntdll.dll+1ecb9|C:\Windows\System32\KERNEL32.DLL+84d4|C:\Windows\SYSTEM32\ntdll.dll+51791</Data></EventData></Event>
