<Event xmlns='http://schemas.microsoft.com/win/2004/08/events/event'><System><Provider Name='Microsoft-Windows-Sysmon' Guid='{5770385F-C22A-43E0-BF4C-06F5698FFBD9}'/><EventID>11</EventID><Version>2</Version><Level>4</Level><Task>11</Task><Opcode>0</Opcode><Keywords>0x8000000000000000</Keywords><TimeCreated SystemTime='2021-03-24T21:49:26.475255800Z'/><EventRecordID>5917279</EventRecordID><Correlation/><Execution ProcessID='2172' ThreadID='616'/><Channel>Microsoft-Windows-Sysmon/Operational</Channel><Computer>win-dc-792.attackrange.local</Computer><Security UserID='S-1-5-18'/></System><EventData><Data Name='RuleName'>-</Data><Data Name='UtcTime'>2021-03-24 21:49:26.474</Data><Data Name='ProcessGuid'>{896A638B-FBAD-6058-BE11-00000000AE01}</Data><Data Name='ProcessId'>4492</Data><Data Name='Image'>C:\Windows\System32\WindowsPowerShell\v1.0\powershell.exe</Data><Data Name='TargetFilename'>C:\Users\ADMINI~1\AppData\Local\Temp\2\art-err.txt</Data><Data Name='CreationUtcTime'>2021-03-24 21:49:22.186</Data></EventData></Event>
<Event xmlns='http://schemas.microsoft.com/win/2004/08/events/event'><System><Provider Name='Microsoft-Windows-Sysmon' Guid='{5770385F-C22A-43E0-BF4C-06F5698FFBD9}'/><EventID>11</EventID><Version>2</Version><Level>4</Level><Task>11</Task><Opcode>0</Opcode><Keywords>0x8000000000000000</Keywords><TimeCreated SystemTime='2021-03-24T21:49:26.473956100Z'/><EventRecordID>5917278</EventRecordID><Correlation/><Execution ProcessID='2172' ThreadID='616'/><Channel>Microsoft-Windows-Sysmon/Operational</Channel><Computer>win-dc-792.attackrange.local</Computer><Security UserID='S-1-5-18'/></System><EventData><Data Name='RuleName'>-</Data><Data Name='UtcTime'>2021-03-24 21:49:26.473</Data><Data Name='ProcessGuid'>{896A638B-FBAD-6058-BE11-00000000AE01}</Data><Data Name='ProcessId'>4492</Data><Data Name='Image'>C:\Windows\System32\WindowsPowerShell\v1.0\powershell.exe</Data><Data Name='TargetFilename'>C:\Users\ADMINI~1\AppData\Local\Temp\2\art-out.txt</Data><Data Name='CreationUtcTime'>2021-03-24 21:49:22.185</Data></EventData></Event>
<Event xmlns='http://schemas.microsoft.com/win/2004/08/events/event'><System><Provider Name='Microsoft-Windows-Sysmon' Guid='{5770385F-C22A-43E0-BF4C-06F5698FFBD9}'/><EventID>23</EventID><Version>5</Version><Level>4</Level><Task>23</Task><Opcode>0</Opcode><Keywords>0x8000000000000000</Keywords><TimeCreated SystemTime='2021-03-24T21:49:26.441739200Z'/><EventRecordID>5917277</EventRecordID><Correlation/><Execution ProcessID='2172' ThreadID='616'/><Channel>Microsoft-Windows-Sysmon/Operational</Channel><Computer>win-dc-792.attackrange.local</Computer><Security UserID='S-1-5-18'/></System><EventData><Data Name='RuleName'>-</Data><Data Name='UtcTime'>2021-03-24 21:49:26.441</Data><Data Name='ProcessGuid'>{896A638B-FBAD-6058-BE11-00000000AE01}</Data><Data Name='ProcessId'>4492</Data><Data Name='User'>ATTACKRANGE\Administrator</Data><Data Name='Image'>C:\Windows\System32\WindowsPowerShell\v1.0\powershell.exe</Data><Data Name='TargetFilename'>C:\Users\Administrator\AppData\Local\Temp\2\art-out.txt</Data><Data Name='Hashes'>MD5=B5FF92CDE755D2C5365C39688CDFAB71,SHA256=8A6A0406D7BD5FEDF7ABC96D75B4FCBA820EB2FDF19B1E8435E11DBB9E6E36D1,IMPHASH=00000000000000000000000000000000</Data><Data Name='IsExecutable'>false</Data><Data Name='Archived'>true</Data></EventData></Event>
<Event xmlns='http://schemas.microsoft.com/win/2004/08/events/event'><System><Provider Name='Microsoft-Windows-Sysmon' Guid='{5770385F-C22A-43E0-BF4C-06F5698FFBD9}'/><EventID>22</EventID><Version>5</Version><Level>4</Level><Task>22</Task><Opcode>0</Opcode><Keywords>0x8000000000000000</Keywords><TimeCreated SystemTime='2021-03-24T21:49:26.296943400Z'/><EventRecordID>5917276</EventRecordID><Correlation/><Execution ProcessID='2172' ThreadID='3052'/><Channel>Microsoft-Windows-Sysmon/Operational</Channel><Computer>win-dc-792.attackrange.local</Computer><Security UserID='S-1-5-18'/></System><EventData><Data Name='RuleName'>-</Data><Data Name='UtcTime'>2021-03-24 21:49:23.274</Data><Data Name='ProcessGuid'>{896A638B-B5CB-6058-1600-00000000AE01}</Data><Data Name='ProcessId'>1308</Data><Data Name='QueryName'>raw.githubusercontent.com</Data><Data Name='QueryStatus'>0</Data><Data Name='QueryResults'>::ffff:185.199.111.133;::ffff:185.199.108.133;::ffff:185.199.110.133;::ffff:185.199.109.133;</Data><Data Name='Image'>C:\Windows\System32\svchost.exe</Data></EventData></Event>
<Event xmlns='http://schemas.microsoft.com/win/2004/08/events/event'><System><Provider Name='Microsoft-Windows-Sysmon' Guid='{5770385F-C22A-43E0-BF4C-06F5698FFBD9}'/><EventID>22</EventID><Version>5</Version><Level>4</Level><Task>22</Task><Opcode>0</Opcode><Keywords>0x8000000000000000</Keywords><TimeCreated SystemTime='2021-03-24T21:49:26.296832400Z'/><EventRecordID>5917275</EventRecordID><Correlation/><Execution ProcessID='2172' ThreadID='3052'/><Channel>Microsoft-Windows-Sysmon/Operational</Channel><Computer>win-dc-792.attackrange.local</Computer><Security UserID='S-1-5-18'/></System><EventData><Data Name='RuleName'>-</Data><Data Name='UtcTime'>2021-03-24 21:49:22.849</Data><Data Name='ProcessGuid'>{00000000-0000-0000-0000-000000000000}</Data><Data Name='ProcessId'>6268</Data><Data Name='QueryName'>raw.githubusercontent.com</Data><Data Name='QueryStatus'>0</Data><Data Name='QueryResults'>::ffff:185.199.111.133;::ffff:185.199.108.133;::ffff:185.199.110.133;::ffff:185.199.109.133;</Data><Data Name='Image'>&lt;unknown process&gt;</Data></EventData></Event>
<Event xmlns='http://schemas.microsoft.com/win/2004/08/events/event'><System><Provider Name='Microsoft-Windows-Sysmon' Guid='{5770385F-C22A-43E0-BF4C-06F5698FFBD9}'/><EventID>10</EventID><Version>3</Version><Level>4</Level><Task>10</Task><Opcode>0</Opcode><Keywords>0x8000000000000000</Keywords><TimeCreated SystemTime='2021-03-24T21:49:27.722939000Z'/><EventRecordID>5917396</EventRecordID><Correlation/><Execution ProcessID='2172' ThreadID='616'/><Channel>Microsoft-Windows-Sysmon/Operational</Channel><Computer>win-dc-792.attackrange.local</Computer><Security UserID='S-1-5-18'/></System><EventData><Data Name='RuleName'>-</Data><Data Name='UtcTime'>2021-03-24 21:49:27.722</Data><Data Name='SourceProcessGUID'>{896A638B-B5CA-6058-0C00-00000000AE01}</Data><Data Name='SourceProcessId'>824</Data><Data Name='SourceThreadId'>952</Data><Data Name='SourceImage'>C:\Windows\system32\svchost.exe</Data><Data Name='TargetProcessGUID'>{896A638B-B8F4-6058-D702-00000000AE01}</Data><Data Name='TargetProcessId'>5884</Data><Data Name='TargetImage'>C:\Windows\SystemApps\Microsoft.Windows.Cortana_cw5n1h2txyewy\SearchUI.exe</Data><Data Name='GrantedAccess'>0x3600</Data><Data Name='CallTrace'>C:\Windows\SYSTEM32\ntdll.dll+a6084|C:\Windows\SYSTEM32\psmserviceexthost.dll+966a|C:\Windows\SYSTEM32\psmserviceexthost.dll+776e|C:\Windows\SYSTEM32\psmserviceexthost.dll+347df|C:\Windows\SYSTEM32\psmserviceexthost.dll+32779|C:\Windows\SYSTEM32\psmserviceexthost.dll+22da9|C:\Windows\SYSTEM32\psmserviceexthost.dll+1ede4|C:\Windows\System32\KERNEL32.DLL+84d4|C:\Windows\SYSTEM32\ntdll.dll+51821</Data></EventData></Event>
<Event xmlns='http://schemas.microsoft.com/win/2004/08/events/event'><System><Provider Name='Microsoft-Windows-Sysmon' Guid='{5770385F-C22A-43E0-BF4C-06F5698FFBD9}'/><EventID>10</EventID><Version>3</Version><Level>4</Level><Task>10</Task><Opcode>0</Opcode><Keywords>0x8000000000000000</Keywords><TimeCreated SystemTime='2021-03-24T21:49:27.722818600Z'/><EventRecordID>5917395</EventRecordID><Correlation/><Execution ProcessID='2172' ThreadID='616'/><Channel>Microsoft-Windows-Sysmon/Operational</Channel><Computer>win-dc-792.attackrange.local</Computer><Security UserID='S-1-5-18'/></System><EventData><Data Name='RuleName'>-</Data><Data Name='UtcTime'>2021-03-24 21:49:27.722</Data><Data Name='SourceProcessGUID'>{896A638B-B5CA-6058-0C00-00000000AE01}</Data><Data Name='SourceProcessId'>824</Data><Data Name='SourceThreadId'>952</Data><Data Name='SourceImage'>C:\Windows\system32\svchost.exe</Data><Data Name='TargetProcessGUID'>{896A638B-B8F2-6058-D402-00000000AE01}</Data><Data Name='TargetProcessId'>5648</Data><Data Name='TargetImage'>C:\Windows\SystemApps\ShellExperienceHost_cw5n1h2txyewy\ShellExperienceHost.exe</Data><Data Name='GrantedAccess'>0x3600</Data><Data Name='CallTrace'>C:\Windows\SYSTEM32\ntdll.dll+a6084|C:\Windows\SYSTEM32\psmserviceexthost.dll+966a|C:\Windows\SYSTEM32\psmserviceexthost.dll+776e|C:\Windows\SYSTEM32\psmserviceexthost.dll+347df|C:\Windows\SYSTEM32\psmserviceexthost.dll+32779|C:\Windows\SYSTEM32\psmserviceexthost.dll+22da9|C:\Windows\SYSTEM32\psmserviceexthost.dll+1ede4|C:\Windows\System32\KERNEL32.DLL+84d4|C:\Windows\SYSTEM32\ntdll.dll+51821</Data></EventData></Event>
<Event xmlns='http://schemas.microsoft.com/win/2004/08/events/event'><System><Provider Name='Microsoft-Windows-Sysmon' Guid='{5770385F-C22A-43E0-BF4C-06F5698FFBD9}'/><EventID>10</EventID><Version>3</Version><Level>4</Level><Task>10</Task><Opcode>0</Opcode><Keywords>0x8000000000000000</Keywords><TimeCreated SystemTime='2021-03-24T21:49:27.625271100Z'/><EventRecordID>5917394</EventRecordID><Correlation/><Execution ProcessID='2172' ThreadID='616'/><Channel>Microsoft-Windows-Sysmon/Operational</Channel><Computer>win-dc-792.attackrange.local</Computer><Security UserID='S-1-5-18'/></System><EventData><Data Name='RuleName'>-</Data><Data Name='UtcTime'>2021-03-24 21:49:27.624</Data><Data Name='SourceProcessGUID'>{896A638B-B8E2-6058-B102-00000000AE01}</Data><Data Name='SourceProcessId'>4244</Data><Data Name='SourceThreadId'>5764</Data><Data Name='SourceImage'>C:\Windows\Explorer.EXE</Data><Data Name='TargetProcessGUID'>{896A638B-B979-6058-2004-00000000AE01}</Data><Data Name='TargetProcessId'>6812</Data><Data Name='TargetImage'>C:\Windows\system32\WindowsPowerShell\v1.0\PowerShell_ISE.exe</Data><Data Name='GrantedAccess'>0x40</Data><Data Name='CallTrace'>C:\Windows\SYSTEM32\ntdll.dll+a6084|C:\Windows\System32\KERNELBASE.dll+221bd|C:\Windows\System32\SHCORE.dll+64c8|C:\Windows\System32\SHCORE.dll+6497|C:\Windows\System32\SHCORE.dll+6387|C:\Windows\System32\SHCORE.dll+62fd|C:\Windows\System32\SHCORE.dll+620a|C:\Windows\System32\SHELL32.dll+522e9|C:\Windows\System32\SHELL32.dll+52289|C:\Windows\System32\USER32.dll+121e4|C:\Windows\System32\USER32.dll+11ed7|C:\Windows\System32\USER32.dll+22a53|C:\Windows\SYSTEM32\ntdll.dll+a9764|UNKNOWN(FFFFF802F6E628C8)|UNKNOWN(FFFF82500B8B4A38)|UNKNOWN(FFFF82500B8AF6E5)|UNKNOWN(FFFF82500B8B0C0A)|UNKNOWN(FFFF82500B8AEEC6)|UNKNOWN(FFFFF802F6B79E03)|C:\Windows\System32\win32u.dll+10c4|C:\Windows\System32\USER32.dll+1ea2e|C:\Windows\System32\SHELL32.dll+ae824|C:\Windows\System32\SHELL32.dll+ae567|C:\Windows\System32\SHELL32.dll+ab255</Data></EventData></Event>
<Event xmlns='http://schemas.microsoft.com/win/2004/08/events/event'><System><Provider Name='Microsoft-Windows-Sysmon' Guid='{5770385F-C22A-43E0-BF4C-06F5698FFBD9}'/><EventID>10</EventID><Version>3</Version><Level>4</Level><Task>10</Task><Opcode>0</Opcode><Keywords>0x8000000000000000</Keywords><TimeCreated SystemTime='2021-03-24T21:49:27.625144100Z'/><EventRecordID>5917393</EventRecordID><Correlation/><Execution ProcessID='2172' ThreadID='616'/><Channel>Microsoft-Windows-Sysmon/Operational</Channel><Computer>win-dc-792.attackrange.local</Computer><Security UserID='S-1-5-18'/></System><EventData><Data Name='RuleName'>-</Data><Data Name='UtcTime'>2021-03-24 21:49:27.624</Data><Data Name='SourceProcessGUID'>{896A638B-B8E2-6058-B102-00000000AE01}</Data><Data Name='SourceProcessId'>4244</Data><Data Name='SourceThreadId'>5764</Data><Data Name='SourceImage'>C:\Windows\Explorer.EXE</Data><Data Name='TargetProcessGUID'>{896A638B-B979-6058-2004-00000000AE01}</Data><Data Name='TargetProcessId'>6812</Data><Data Name='TargetImage'>C:\Windows\system32\WindowsPowerShell\v1.0\PowerShell_ISE.exe</Data><Data Name='GrantedAccess'>0x40</Data><Data Name='CallTrace'>C:\Windows\SYSTEM32\ntdll.dll+a6084|C:\Windows\System32\KERNELBASE.dll+221bd|C:\Windows\System32\SHCORE.dll+64c8|C:\Windows\System32\SHCORE.dll+6497|C:\Windows\System32\SHCORE.dll+6387|C:\Windows\System32\SHCORE.dll+62fd|C:\Windows\System32\SHCORE.dll+620a|C:\Windows\System32\SHELL32.dll+522e9|C:\Windows\System32\SHELL32.dll+52289|C:\Windows\System32\USER32.dll+121e4|C:\Windows\System32\USER32.dll+11ed7|C:\Windows\System32\USER32.dll+22a53|C:\Windows\SYSTEM32\ntdll.dll+a9764|UNKNOWN(FFFFF802F6E628C8)|UNKNOWN(FFFF82500B8B4A38)|UNKNOWN(FFFF82500B8AF6E5)|UNKNOWN(FFFF82500B8B0C0A)|UNKNOWN(FFFF82500B8AEEC6)|UNKNOWN(FFFFF802F6B79E03)|C:\Windows\System32\win32u.dll+10c4|C:\Windows\System32\USER32.dll+1ea2e|C:\Windows\System32\SHELL32.dll+ae824|C:\Windows\System32\SHELL32.dll+ae567|C:\Windows\System32\SHELL32.dll+ab255</Data></EventData></Event>
<Event xmlns='http://schemas.microsoft.com/win/2004/08/events/event'><System><Provider Name='Microsoft-Windows-Sysmon' Guid='{5770385F-C22A-43E0-BF4C-06F5698FFBD9}'/><EventID>10</EventID><Version>3</Version><Level>4</Level><Task>10</Task><Opcode>0</Opcode><Keywords>0x8000000000000000</Keywords><TimeCreated SystemTime='2021-03-24T21:49:27.625010600Z'/><EventRecordID>5917392</EventRecordID><Correlation/><Execution ProcessID='2172' ThreadID='616'/><Channel>Microsoft-Windows-Sysmon/Operational</Channel><Computer>win-dc-792.attackrange.local</Computer><Security UserID='S-1-5-18'/></System><EventData><Data Name='RuleName'>-</Data><Data Name='UtcTime'>2021-03-24 21:49:27.623</Data><Data Name='SourceProcessGUID'>{896A638B-B8E2-6058-B102-00000000AE01}</Data><Data Name='SourceProcessId'>4244</Data><Data Name='SourceThreadId'>5764</Data><Data Name='SourceImage'>C:\Windows\Explorer.EXE</Data><Data Name='TargetProcessGUID'>{896A638B-B979-6058-2004-00000000AE01}</Data><Data Name='TargetProcessId'>6812</Data><Data Name='TargetImage'>C:\Windows\system32\WindowsPowerShell\v1.0\PowerShell_ISE.exe</Data><Data Name='GrantedAccess'>0x40</Data><Data Name='CallTrace'>C:\Windows\SYSTEM32\ntdll.dll+a6084|C:\Windows\System32\KERNELBASE.dll+221bd|C:\Windows\System32\SHCORE.dll+64c8|C:\Windows\System32\SHCORE.dll+6497|C:\Windows\System32\SHCORE.dll+6387|C:\Windows\System32\SHCORE.dll+62fd|C:\Windows\System32\SHCORE.dll+620a|C:\Windows\System32\SHELL32.dll+522e9|C:\Windows\System32\SHELL32.dll+52289|C:\Windows\System32\USER32.dll+121e4|C:\Windows\System32\USER32.dll+11ed7|C:\Windows\System32\USER32.dll+22a53|C:\Windows\SYSTEM32\ntdll.dll+a9764|UNKNOWN(FFFFF802F6E628C8)|UNKNOWN(FFFF82500B8B4A38)|UNKNOWN(FFFF82500B8AF6E5)|UNKNOWN(FFFF82500B8B0C0A)|UNKNOWN(FFFF82500B8AEEC6)|UNKNOWN(FFFFF802F6B79E03)|C:\Windows\System32\win32u.dll+10c4|C:\Windows\System32\USER32.dll+1ea2e|C:\Windows\System32\SHELL32.dll+ae824|C:\Windows\System32\SHELL32.dll+ae567|C:\Windows\System32\SHELL32.dll+ab255</Data></EventData></Event>
<Event xmlns='http://schemas.microsoft.com/win/2004/08/events/event'><System><Provider Name='Microsoft-Windows-Sysmon' Guid='{5770385F-C22A-43E0-BF4C-06F5698FFBD9}'/><EventID>10</EventID><Version>3</Version><Level>4</Level><Task>10</Task><Opcode>0</Opcode><Keywords>0x8000000000000000</Keywords><TimeCreated SystemTime='2021-03-24T21:49:27.624865300Z'/><EventRecordID>5917391</EventRecordID><Correlation/><Execution ProcessID='2172' ThreadID='616'/><Channel>Microsoft-Windows-Sysmon/Operational</Channel><Computer>win-dc-792.attackrange.local</Computer><Security UserID='S-1-5-18'/></System><EventData><Data Name='RuleName'>-</Data><Data Name='UtcTime'>2021-03-24 21:49:27.623</Data><Data Name='SourceProcessGUID'>{896A638B-B8E2-6058-B102-00000000AE01}</Data><Data Name='SourceProcessId'>4244</Data><Data Name='SourceThreadId'>5764</Data><Data Name='SourceImage'>C:\Windows\Explorer.EXE</Data><Data Name='TargetProcessGUID'>{896A638B-B979-6058-2004-00000000AE01}</Data><Data Name='TargetProcessId'>6812</Data><Data Name='TargetImage'>C:\Windows\system32\WindowsPowerShell\v1.0\PowerShell_ISE.exe</Data><Data Name='GrantedAccess'>0x40</Data><Data Name='CallTrace'>C:\Windows\SYSTEM32\ntdll.dll+a6084|C:\Windows\System32\KERNELBASE.dll+221bd|C:\Windows\System32\SHCORE.dll+64c8|C:\Windows\System32\SHCORE.dll+1c0e5|C:\Windows\System32\SHELL32.dll+accef|C:\Windows\System32\SHELL32.dll+ae5e8|C:\Windows\System32\SHELL32.dll+ab255|C:\Windows\System32\USER32.dll+121e4|C:\Windows\System32\USER32.dll+11b2c|C:\Windows\System32\SHELL32.dll+af04a|C:\Windows\System32\SHELL32.dll+5567a|C:\Windows\System32\SHCORE.dll+33fad|C:\Windows\System32\KERNEL32.DLL+84d4|C:\Windows\SYSTEM32\ntdll.dll+51821</Data></EventData></Event>
<Event xmlns='http://schemas.microsoft.com/win/2004/08/events/event'><System><Provider Name='Microsoft-Windows-Sysmon' Guid='{5770385F-C22A-43E0-BF4C-06F5698FFBD9}'/><EventID>10</EventID><Version>3</Version><Level>4</Level><Task>10</Task><Opcode>0</Opcode><Keywords>0x8000000000000000</Keywords><TimeCreated SystemTime='2021-03-24T21:49:27.624755900Z'/><EventRecordID>5917390</EventRecordID><Correlation/><Execution ProcessID='2172' ThreadID='616'/><Channel>Microsoft-Windows-Sysmon/Operational</Channel><Computer>win-dc-792.attackrange.local</Computer><Security UserID='S-1-5-18'/></System><EventData><Data Name='RuleName'>-</Data><Data Name='UtcTime'>2021-03-24 21:49:27.623</Data><Data Name='SourceProcessGUID'>{896A638B-B8E2-6058-B102-00000000AE01}</Data><Data Name='SourceProcessId'>4244</Data><Data Name='SourceThreadId'>5764</Data><Data Name='SourceImage'>C:\Windows\Explorer.EXE</Data><Data Name='TargetProcessGUID'>{896A638B-B979-6058-2004-00000000AE01}</Data><Data Name='TargetProcessId'>6812</Data><Data Name='TargetImage'>C:\Windows\system32\WindowsPowerShell\v1.0\PowerShell_ISE.exe</Data><Data Name='GrantedAccess'>0x40</Data><Data Name='CallTrace'>C:\Windows\SYSTEM32\ntdll.dll+a6084|C:\Windows\System32\KERNELBASE.dll+221bd|C:\Windows\System32\SHCORE.dll+64c8|C:\Windows\System32\SHCORE.dll+1c0e5|C:\Windows\System32\SHELL32.dll+acc5a|C:\Windows\System32\SHELL32.dll+ae5e8|C:\Windows\System32\SHELL32.dll+ab255|C:\Windows\System32\USER32.dll+121e4|C:\Windows\System32\USER32.dll+11b2c|C:\Windows\System32\SHELL32.dll+af04a|C:\Windows\System32\SHELL32.dll+5567a|C:\Windows\System32\SHCORE.dll+33fad|C:\Windows\System32\KERNEL32.DLL+84d4|C:\Windows\SYSTEM32\ntdll.dll+51821</Data></EventData></Event>
<Event xmlns='http://schemas.microsoft.com/win/2004/08/events/event'><System><Provider Name='Microsoft-Windows-Sysmon' Guid='{5770385F-C22A-43E0-BF4C-06F5698FFBD9}'/><EventID>10</EventID><Version>3</Version><Level>4</Level><Task>10</Task><Opcode>0</Opcode><Keywords>0x8000000000000000</Keywords><TimeCreated SystemTime='2021-03-24T21:49:27.624644900Z'/><EventRecordID>5917389</EventRecordID><Correlation/><Execution ProcessID='2172' ThreadID='616'/><Channel>Microsoft-Windows-Sysmon/Operational</Channel><Computer>win-dc-792.attackrange.local</Computer><Security UserID='S-1-5-18'/></System><EventData><Data Name='RuleName'>-</Data><Data Name='UtcTime'>2021-03-24 21:49:27.623</Data><Data Name='SourceProcessGUID'>{896A638B-B8E2-6058-B102-00000000AE01}</Data><Data Name='SourceProcessId'>4244</Data><Data Name='SourceThreadId'>5764</Data><Data Name='SourceImage'>C:\Windows\Explorer.EXE</Data><Data Name='TargetProcessGUID'>{896A638B-B979-6058-2004-00000000AE01}</Data><Data Name='TargetProcessId'>6812</Data><Data Name='TargetImage'>C:\Windows\system32\WindowsPowerShell\v1.0\PowerShell_ISE.exe</Data><Data Name='GrantedAccess'>0x40</Data><Data Name='CallTrace'>C:\Windows\SYSTEM32\ntdll.dll+a6084|C:\Windows\System32\KERNELBASE.dll+221bd|C:\Windows\System32\SHCORE.dll+64c8|C:\Windows\System32\SHCORE.dll+6482|C:\Windows\System32\SHCORE.dll+617d|C:\Windows\System32\SHCORE.dll+5e3d|C:\Windows\System32\SHCORE.dll+5dcf|C:\Windows\System32\SHCORE.dll+5cd4|C:\Windows\System32\SHELL32.dll+acc36|C:\Windows\System32\SHELL32.dll+ae5e8|C:\Windows\System32\SHELL32.dll+ab255|C:\Windows\System32\USER32.dll+121e4|C:\Windows\System32\USER32.dll+11b2c|C:\Windows\System32\SHELL32.dll+af04a|C:\Windows\System32\SHELL32.dll+5567a|C:\Windows\System32\SHCORE.dll+33fad|C:\Windows\System32\KERNEL32.DLL+84d4|C:\Windows\SYSTEM32\ntdll.dll+51821</Data></EventData></Event>
<Event xmlns='http://schemas.microsoft.com/win/2004/08/events/event'><System><Provider Name='Microsoft-Windows-Sysmon' Guid='{5770385F-C22A-43E0-BF4C-06F5698FFBD9}'/><EventID>23</EventID><Version>5</Version><Level>4</Level><Task>23</Task><Opcode>0</Opcode><Keywords>0x8000000000000000</Keywords><TimeCreated SystemTime='2021-03-24T21:49:27.947686400Z'/><EventRecordID>638432</EventRecordID><Correlation/><Execution ProcessID='2148' ThreadID='3040'/><Channel>Microsoft-Windows-Sysmon/Operational</Channel><Computer>win-host-692.attackrange.local</Computer><Security UserID='S-1-5-18'/></System><EventData><Data Name='RuleName'>-</Data><Data Name='UtcTime'>2021-03-24 21:49:27.945</Data><Data Name='ProcessGuid'>{BFB545BB-B909-6058-D900-00000000AF01}</Data><Data Name='ProcessId'>4084</Data><Data Name='User'>NT AUTHORITY\SYSTEM</Data><Data Name='Image'>C:\Program Files\SplunkUniversalForwarder\bin\splunk-winevtlog.exe</Data><Data Name='TargetFilename'>C:\Program Files\SplunkUniversalForwarder\var\lib\splunk\modinputs\WinEventLog\Microsoft-Windows-Sysmon_Operational</Data><Data Name='Hashes'>MD5=BA672337514C02DED9A36DEBB373C2E1,SHA256=533D6D57FC0DB92E19B6C0D62FB5F25BD35DFFD46EA73C71947B023B6CD3DA4B,IMPHASH=00000000000000000000000000000000</Data><Data Name='IsExecutable'>false</Data><Data Name='Archived'>true</Data></EventData></Event>
<Event xmlns='http://schemas.microsoft.com/win/2004/08/events/event'><System><Provider Name='Microsoft-Windows-Sysmon' Guid='{5770385F-C22A-43E0-BF4C-06F5698FFBD9}'/><EventID>10</EventID><Version>3</Version><Level>4</Level><Task>10</Task><Opcode>0</Opcode><Keywords>0x8000000000000000</Keywords><TimeCreated SystemTime='2021-03-24T21:49:27.624520800Z'/><EventRecordID>5917388</EventRecordID><Correlation/><Execution ProcessID='2172' ThreadID='616'/><Channel>Microsoft-Windows-Sysmon/Operational</Channel><Computer>win-dc-792.attackrange.local</Computer><Security UserID='S-1-5-18'/></System><EventData><Data Name='RuleName'>-</Data><Data Name='UtcTime'>2021-03-24 21:49:27.623</Data><Data Name='SourceProcessGUID'>{896A638B-B8E2-6058-B102-00000000AE01}</Data><Data Name='SourceProcessId'>4244</Data><Data Name='SourceThreadId'>5764</Data><Data Name='SourceImage'>C:\Windows\Explorer.EXE</Data><Data Name='TargetProcessGUID'>{896A638B-B979-6058-2004-00000000AE01}</Data><Data Name='TargetProcessId'>6812</Data><Data Name='TargetImage'>C:\Windows\system32\WindowsPowerShell\v1.0\PowerShell_ISE.exe</Data><Data Name='GrantedAccess'>0x40</Data><Data Name='CallTrace'>C:\Windows\SYSTEM32\ntdll.dll+a6084|C:\Windows\System32\KERNELBASE.dll+221bd|C:\Windows\System32\SHCORE.dll+64c8|C:\Windows\System32\SHCORE.dll+6154|C:\Windows\System32\SHCORE.dll+5e3d|C:\Windows\System32\SHCORE.dll+5dcf|C:\Windows\System32\SHCORE.dll+5cd4|C:\Windows\System32\SHELL32.dll+acc36|C:\Windows\System32\SHELL32.dll+ae5e8|C:\Windows\System32\SHELL32.dll+ab255|C:\Windows\System32\USER32.dll+121e4|C:\Windows\System32\USER32.dll+11b2c|C:\Windows\System32\SHELL32.dll+af04a|C:\Windows\System32\SHELL32.dll+5567a|C:\Windows\System32\SHCORE.dll+33fad|C:\Windows\System32\KERNEL32.DLL+84d4|C:\Windows\SYSTEM32\ntdll.dll+51821</Data></EventData></Event>
<Event xmlns='http://schemas.microsoft.com/win/2004/08/events/event'><System><Provider Name='Microsoft-Windows-Sysmon' Guid='{5770385F-C22A-43E0-BF4C-06F5698FFBD9}'/><EventID>10</EventID><Version>3</Version><Level>4</Level><Task>10</Task><Opcode>0</Opcode><Keywords>0x8000000000000000</Keywords><TimeCreated SystemTime='2021-03-24T21:49:27.624398700Z'/><EventRecordID>5917387</EventRecordID><Correlation/><Execution ProcessID='2172' ThreadID='616'/><Channel>Microsoft-Windows-Sysmon/Operational</Channel><Computer>win-dc-792.attackrange.local</Computer><Security UserID='S-1-5-18'/></System><EventData><Data Name='RuleName'>-</Data><Data Name='UtcTime'>2021-03-24 21:49:27.623</Data><Data Name='SourceProcessGUID'>{896A638B-B8E2-6058-B102-00000000AE01}</Data><Data Name='SourceProcessId'>4244</Data><Data Name='SourceThreadId'>5764</Data><Data Name='SourceImage'>C:\Windows\Explorer.EXE</Data><Data Name='TargetProcessGUID'>{896A638B-B979-6058-2004-00000000AE01}</Data><Data Name='TargetProcessId'>6812</Data><Data Name='TargetImage'>C:\Windows\system32\WindowsPowerShell\v1.0\PowerShell_ISE.exe</Data><Data Name='GrantedAccess'>0x40</Data><Data Name='CallTrace'>C:\Windows\SYSTEM32\ntdll.dll+a6084|C:\Windows\System32\KERNELBASE.dll+221bd|C:\Windows\System32\SHCORE.dll+64c8|C:\Windows\System32\SHCORE.dll+1c0e5|C:\Windows\System32\SHELL32.dll+accef|C:\Windows\System32\SHELL32.dll+ae5e8|C:\Windows\System32\SHELL32.dll+ab255|C:\Windows\System32\USER32.dll+121e4|C:\Windows\System32\USER32.dll+11b2c|C:\Windows\System32\SHELL32.dll+af04a|C:\Windows\System32\SHELL32.dll+5567a|C:\Windows\System32\SHCORE.dll+33fad|C:\Windows\System32\KERNEL32.DLL+84d4|C:\Windows\SYSTEM32\ntdll.dll+51821</Data></EventData></Event>
<Event xmlns='http://schemas.microsoft.com/win/2004/08/events/event'><System><Provider Name='Microsoft-Windows-Sysmon' Guid='{5770385F-C22A-43E0-BF4C-06F5698FFBD9}'/><EventID>10</EventID><Version>3</Version><Level>4</Level><Task>10</Task><Opcode>0</Opcode><Keywords>0x8000000000000000</Keywords><TimeCreated SystemTime='2021-03-24T21:49:27.624281500Z'/><EventRecordID>5917386</EventRecordID><Correlation/><Execution ProcessID='2172' ThreadID='616'/><Channel>Microsoft-Windows-Sysmon/Operational</Channel><Computer>win-dc-792.attackrange.local</Computer><Security UserID='S-1-5-18'/></System><EventData><Data Name='RuleName'>-</Data><Data Name='UtcTime'>2021-03-24 21:49:27.623</Data><Data Name='SourceProcessGUID'>{896A638B-B8E2-6058-B102-00000000AE01}</Data><Data Name='SourceProcessId'>4244</Data><Data Name='SourceThreadId'>5764</Data><Data Name='SourceImage'>C:\Windows\Explorer.EXE</Data><Data Name='TargetProcessGUID'>{896A638B-B979-6058-2004-00000000AE01}</Data><Data Name='TargetProcessId'>6812</Data><Data Name='TargetImage'>C:\Windows\system32\WindowsPowerShell\v1.0\PowerShell_ISE.exe</Data><Data Name='GrantedAccess'>0x40</Data><Data Name='CallTrace'>C:\Windows\SYSTEM32\ntdll.dll+a6084|C:\Windows\System32\KERNELBASE.dll+221bd|C:\Windows\System32\SHCORE.dll+64c8|C:\Windows\System32\SHCORE.dll+1c0e5|C:\Windows\System32\SHELL32.dll+acc5a|C:\Windows\System32\SHELL32.dll+ae5e8|C:\Windows\System32\SHELL32.dll+ab255|C:\Windows\System32\USER32.dll+121e4|C:\Windows\System32\USER32.dll+11b2c|C:\Windows\System32\SHELL32.dll+af04a|C:\Windows\System32\SHELL32.dll+5567a|C:\Windows\System32\SHCORE.dll+33fad|C:\Windows\System32\KERNEL32.DLL+84d4|C:\Windows\SYSTEM32\ntdll.dll+51821</Data></EventData></Event>
<Event xmlns='http://schemas.microsoft.com/win/2004/08/events/event'><System><Provider Name='Microsoft-Windows-Sysmon' Guid='{5770385F-C22A-43E0-BF4C-06F5698FFBD9}'/><EventID>10</EventID><Version>3</Version><Level>4</Level><Task>10</Task><Opcode>0</Opcode><Keywords>0x8000000000000000</Keywords><TimeCreated SystemTime='2021-03-24T21:49:27.624163600Z'/><EventRecordID>5917385</EventRecordID><Correlation/><Execution ProcessID='2172' ThreadID='616'/><Channel>Microsoft-Windows-Sysmon/Operational</Channel><Computer>win-dc-792.attackrange.local</Computer><Security UserID='S-1-5-18'/></System><EventData><Data Name='RuleName'>-</Data><Data Name='UtcTime'>2021-03-24 21:49:27.623</Data><Data Name='SourceProcessGUID'>{896A638B-B8E2-6058-B102-00000000AE01}</Data><Data Name='SourceProcessId'>4244</Data><Data Name='SourceThreadId'>5764</Data><Data Name='SourceImage'>C:\Windows\Explorer.EXE</Data><Data Name='TargetProcessGUID'>{896A638B-B979-6058-2004-00000000AE01}</Data><Data Name='TargetProcessId'>6812</Data><Data Name='TargetImage'>C:\Windows\system32\WindowsPowerShell\v1.0\PowerShell_ISE.exe</Data><Data Name='GrantedAccess'>0x40</Data><Data Name='CallTrace'>C:\Windows\SYSTEM32\ntdll.dll+a6084|C:\Windows\System32\KERNELBASE.dll+221bd|C:\Windows\System32\SHCORE.dll+64c8|C:\Windows\System32\SHCORE.dll+6482|C:\Windows\System32\SHCORE.dll+617d|C:\Windows\System32\SHCORE.dll+5e3d|C:\Windows\System32\SHCORE.dll+5dcf|C:\Windows\System32\SHCORE.dll+5cd4|C:\Windows\System32\SHELL32.dll+acc36|C:\Windows\System32\SHELL32.dll+ae5e8|C:\Windows\System32\SHELL32.dll+ab255|C:\Windows\System32\USER32.dll+121e4|C:\Windows\System32\USER32.dll+11b2c|C:\Windows\System32\SHELL32.dll+af04a|C:\Windows\System32\SHELL32.dll+5567a|C:\Windows\System32\SHCORE.dll+33fad|C:\Windows\System32\KERNEL32.DLL+84d4|C:\Windows\SYSTEM32\ntdll.dll+51821</Data></EventData></Event>
<Event xmlns='http://schemas.microsoft.com/win/2004/08/events/event'><System><Provider Name='Microsoft-Windows-Sysmon' Guid='{5770385F-C22A-43E0-BF4C-06F5698FFBD9}'/><EventID>10</EventID><Version>3</Version><Level>4</Level><Task>10</Task><Opcode>0</Opcode><Keywords>0x8000000000000000</Keywords><TimeCreated SystemTime='2021-03-24T21:49:27.624027600Z'/><EventRecordID>5917384</EventRecordID><Correlation/><Execution ProcessID='2172' ThreadID='616'/><Channel>Microsoft-Windows-Sysmon/Operational</Channel><Computer>win-dc-792.attackrange.local</Computer><Security UserID='S-1-5-18'/></System><EventData><Data Name='RuleName'>-</Data><Data Name='UtcTime'>2021-03-24 21:49:27.623</Data><Data Name='SourceProcessGUID'>{896A638B-B8E2-6058-B102-00000000AE01}</Data><Data Name='SourceProcessId'>4244</Data><Data Name='SourceThreadId'>5764</Data><Data Name='SourceImage'>C:\Windows\Explorer.EXE</Data><Data Name='TargetProcessGUID'>{896A638B-B979-6058-2004-00000000AE01}</Data><Data Name='TargetProcessId'>6812</Data><Data Name='TargetImage'>C:\Windows\system32\WindowsPowerShell\v1.0\PowerShell_ISE.exe</Data><Data Name='GrantedAccess'>0x40</Data><Data Name='CallTrace'>C:\Windows\SYSTEM32\ntdll.dll+a6084|C:\Windows\System32\KERNELBASE.dll+221bd|C:\Windows\System32\SHCORE.dll+64c8|C:\Windows\System32\SHCORE.dll+6154|C:\Windows\System32\SHCORE.dll+5e3d|C:\Windows\System32\SHCORE.dll+5dcf|C:\Windows\System32\SHCORE.dll+5cd4|C:\Windows\System32\SHELL32.dll+acc36|C:\Windows\System32\SHELL32.dll+ae5e8|C:\Windows\System32\SHELL32.dll+ab255|C:\Windows\System32\USER32.dll+121e4|C:\Windows\System32\USER32.dll+11b2c|C:\Windows\System32\SHELL32.dll+af04a|C:\Windows\System32\SHELL32.dll+5567a|C:\Windows\System32\SHCORE.dll+33fad|C:\Windows\System32\KERNEL32.DLL+84d4|C:\Windows\SYSTEM32\ntdll.dll+51821</Data></EventData></Event>
<Event xmlns='http://schemas.microsoft.com/win/2004/08/events/event'><System><Provider Name='Microsoft-Windows-Sysmon' Guid='{5770385F-C22A-43E0-BF4C-06F5698FFBD9}'/><EventID>10</EventID><Version>3</Version><Level>4</Level><Task>10</Task><Opcode>0</Opcode><Keywords>0x8000000000000000</Keywords><TimeCreated SystemTime='2021-03-24T21:49:27.623875200Z'/><EventRecordID>5917383</EventRecordID><Correlation/><Execution ProcessID='2172' ThreadID='616'/><Channel>Microsoft-Windows-Sysmon/Operational</Channel><Computer>win-dc-792.attackrange.local</Computer><Security UserID='S-1-5-18'/></System><EventData><Data Name='RuleName'>-</Data><Data Name='UtcTime'>2021-03-24 21:49:27.623</Data><Data Name='SourceProcessGUID'>{896A638B-B8E2-6058-B102-00000000AE01}</Data><Data Name='SourceProcessId'>4244</Data><Data Name='SourceThreadId'>5764</Data><Data Name='SourceImage'>C:\Windows\Explorer.EXE</Data><Data Name='TargetProcessGUID'>{896A638B-B979-6058-2004-00000000AE01}</Data><Data Name='TargetProcessId'>6812</Data><Data Name='TargetImage'>C:\Windows\system32\WindowsPowerShell\v1.0\PowerShell_ISE.exe</Data><Data Name='GrantedAccess'>0x1400</Data><Data Name='CallTrace'>C:\Windows\SYSTEM32\ntdll.dll+a6084|C:\Windows\System32\KERNELBASE.dll+221bd|C:\Windows\System32\SHELL32.dll+b2413|C:\Windows\System32\SHELL32.dll+acf77|C:\Windows\System32\SHELL32.dll+ae5e8|C:\Windows\System32\SHELL32.dll+ab255|C:\Windows\System32\USER32.dll+121e4|C:\Windows\System32\USER32.dll+11b2c|C:\Windows\System32\SHELL32.dll+af04a|C:\Windows\System32\SHELL32.dll+5567a|C:\Windows\System32\SHCORE.dll+33fad|C:\Windows\System32\KERNEL32.DLL+84d4|C:\Windows\SYSTEM32\ntdll.dll+51821</Data></EventData></Event>
<Event xmlns='http://schemas.microsoft.com/win/2004/08/events/event'><System><Provider Name='Microsoft-Windows-Sysmon' Guid='{5770385F-C22A-43E0-BF4C-06F5698FFBD9}'/><EventID>10</EventID><Version>3</Version><Level>4</Level><Task>10</Task><Opcode>0</Opcode><Keywords>0x8000000000000000</Keywords><TimeCreated SystemTime='2021-03-24T21:49:27.623752300Z'/><EventRecordID>5917382</EventRecordID><Correlation/><Execution ProcessID='2172' ThreadID='616'/><Channel>Microsoft-Windows-Sysmon/Operational</Channel><Computer>win-dc-792.attackrange.local</Computer><Security UserID='S-1-5-18'/></System><EventData><Data Name='RuleName'>-</Data><Data Name='UtcTime'>2021-03-24 21:49:27.622</Data><Data Name='SourceProcessGUID'>{896A638B-B8E2-6058-B102-00000000AE01}</Data><Data Name='SourceProcessId'>4244</Data><Data Name='SourceThreadId'>5764</Data><Data Name='SourceImage'>C:\Windows\Explorer.EXE</Data><Data Name='TargetProcessGUID'>{896A638B-B979-6058-2004-00000000AE01}</Data><Data Name='TargetProcessId'>6812</Data><Data Name='TargetImage'>C:\Windows\system32\WindowsPowerShell\v1.0\PowerShell_ISE.exe</Data><Data Name='GrantedAccess'>0x40</Data><Data Name='CallTrace'>C:\Windows\SYSTEM32\ntdll.dll+a6084|C:\Windows\System32\KERNELBASE.dll+221bd|C:\Windows\System32\SHCORE.dll+64c8|C:\Windows\System32\SHCORE.dll+1c0e5|C:\Windows\System32\SHELL32.dll+accef|C:\Windows\System32\SHELL32.dll+ae5e8|C:\Windows\System32\SHELL32.dll+ab255|C:\Windows\System32\USER32.dll+121e4|C:\Windows\System32\USER32.dll+11b2c|C:\Windows\System32\SHELL32.dll+af04a|C:\Windows\System32\SHELL32.dll+5567a|C:\Windows\System32\SHCORE.dll+33fad|C:\Windows\System32\KERNEL32.DLL+84d4|C:\Windows\SYSTEM32\ntdll.dll+51821</Data></EventData></Event>
<Event xmlns='http://schemas.microsoft.com/win/2004/08/events/event'><System><Provider Name='Microsoft-Windows-Sysmon' Guid='{5770385F-C22A-43E0-BF4C-06F5698FFBD9}'/><EventID>10</EventID><Version>3</Version><Level>4</Level><Task>10</Task><Opcode>0</Opcode><Keywords>0x8000000000000000</Keywords><TimeCreated SystemTime='2021-03-24T21:49:27.623618800Z'/><EventRecordID>5917381</EventRecordID><Correlation/><Execution ProcessID='2172' ThreadID='616'/><Channel>Microsoft-Windows-Sysmon/Operational</Channel><Computer>win-dc-792.attackrange.local</Computer><Security UserID='S-1-5-18'/></System><EventData><Data Name='RuleName'>-</Data><Data Name='UtcTime'>2021-03-24 21:49:27.622</Data><Data Name='SourceProcessGUID'>{896A638B-B8E2-6058-B102-00000000AE01}</Data><Data Name='SourceProcessId'>4244</Data><Data Name='SourceThreadId'>5764</Data><Data Name='SourceImage'>C:\Windows\Explorer.EXE</Data><Data Name='TargetProcessGUID'>{896A638B-B979-6058-2004-00000000AE01}</Data><Data Name='TargetProcessId'>6812</Data><Data Name='TargetImage'>C:\Windows\system32\WindowsPowerShell\v1.0\PowerShell_ISE.exe</Data><Data Name='GrantedAccess'>0x40</Data><Data Name='CallTrace'>C:\Windows\SYSTEM32\ntdll.dll+a6084|C:\Windows\System32\KERNELBASE.dll+221bd|C:\Windows\System32\SHCORE.dll+64c8|C:\Windows\System32\SHCORE.dll+1c0e5|C:\Windows\System32\SHELL32.dll+acc5a|C:\Windows\System32\SHELL32.dll+ae5e8|C:\Windows\System32\SHELL32.dll+ab255|C:\Windows\System32\USER32.dll+121e4|C:\Windows\System32\USER32.dll+11b2c|C:\Windows\System32\SHELL32.dll+af04a|C:\Windows\System32\SHELL32.dll+5567a|C:\Windows\System32\SHCORE.dll+33fad|C:\Windows\System32\KERNEL32.DLL+84d4|C:\Windows\SYSTEM32\ntdll.dll+51821</Data></EventData></Event>
<Event xmlns='http://schemas.microsoft.com/win/2004/08/events/event'><System><Provider Name='Microsoft-Windows-Sysmon' Guid='{5770385F-C22A-43E0-BF4C-06F5698FFBD9}'/><EventID>10</EventID><Version>3</Version><Level>4</Level><Task>10</Task><Opcode>0</Opcode><Keywords>0x8000000000000000</Keywords><TimeCreated SystemTime='2021-03-24T21:49:27.623479900Z'/><EventRecordID>5917380</EventRecordID><Correlation/><Execution ProcessID='2172' ThreadID='616'/><Channel>Microsoft-Windows-Sysmon/Operational</Channel><Computer>win-dc-792.attackrange.local</Computer><Security UserID='S-1-5-18'/></System><EventData><Data Name='RuleName'>-</Data><Data Name='UtcTime'>2021-03-24 21:49:27.622</Data><Data Name='SourceProcessGUID'>{896A638B-B8E2-6058-B102-00000000AE01}</Data><Data Name='SourceProcessId'>4244</Data><Data Name='SourceThreadId'>5764</Data><Data Name='SourceImage'>C:\Windows\Explorer.EXE</Data><Data Name='TargetProcessGUID'>{896A638B-B979-6058-2004-00000000AE01}</Data><Data Name='TargetProcessId'>6812</Data><Data Name='TargetImage'>C:\Windows\system32\WindowsPowerShell\v1.0\PowerShell_ISE.exe</Data><Data Name='GrantedAccess'>0x40</Data><Data Name='CallTrace'>C:\Windows\SYSTEM32\ntdll.dll+a6084|C:\Windows\System32\KERNELBASE.dll+221bd|C:\Windows\System32\SHCORE.dll+64c8|C:\Windows\System32\SHCORE.dll+6482|C:\Windows\System32\SHCORE.dll+617d|C:\Windows\System32\SHCORE.dll+5e3d|C:\Windows\System32\SHCORE.dll+5dcf|C:\Windows\System32\SHCORE.dll+5cd4|C:\Windows\System32\SHELL32.dll+acc36|C:\Windows\System32\SHELL32.dll+ae5e8|C:\Windows\System32\SHELL32.dll+ab255|C:\Windows\System32\USER32.dll+121e4|C:\Windows\System32\USER32.dll+11b2c|C:\Windows\System32\SHELL32.dll+af04a|C:\Windows\System32\SHELL32.dll+5567a|C:\Windows\System32\SHCORE.dll+33fad|C:\Windows\System32\KERNEL32.DLL+84d4|C:\Windows\SYSTEM32\ntdll.dll+51821</Data></EventData></Event>
<Event xmlns='http://schemas.microsoft.com/win/2004/08/events/event'><System><Provider Name='Microsoft-Windows-Sysmon' Guid='{5770385F-C22A-43E0-BF4C-06F5698FFBD9}'/><EventID>10</EventID><Version>3</Version><Level>4</Level><Task>10</Task><Opcode>0</Opcode><Keywords>0x8000000000000000</Keywords><TimeCreated SystemTime='2021-03-24T21:49:27.623319400Z'/><EventRecordID>5917379</EventRecordID><Correlation/><Execution ProcessID='2172' ThreadID='616'/><Channel>Microsoft-Windows-Sysmon/Operational</Channel><Computer>win-dc-792.attackrange.local</Computer><Security UserID='S-1-5-18'/></System><EventData><Data Name='RuleName'>-</Data><Data Name='UtcTime'>2021-03-24 21:49:27.622</Data><Data Name='SourceProcessGUID'>{896A638B-B8E2-6058-B102-00000000AE01}</Data><Data Name='SourceProcessId'>4244</Data><Data Name='SourceThreadId'>5764</Data><Data Name='SourceImage'>C:\Windows\Explorer.EXE</Data><Data Name='TargetProcessGUID'>{896A638B-B979-6058-2004-00000000AE01}</Data><Data Name='TargetProcessId'>6812</Data><Data Name='TargetImage'>C:\Windows\system32\WindowsPowerShell\v1.0\PowerShell_ISE.exe</Data><Data Name='GrantedAccess'>0x40</Data><Data Name='CallTrace'>C:\Windows\SYSTEM32\ntdll.dll+a6084|C:\Windows\System32\KERNELBASE.dll+221bd|C:\Windows\System32\SHCORE.dll+64c8|C:\Windows\System32\SHCORE.dll+6154|C:\Windows\System32\SHCORE.dll+5e3d|C:\Windows\System32\SHCORE.dll+5dcf|C:\Windows\System32\SHCORE.dll+5cd4|C:\Windows\System32\SHELL32.dll+acc36|C:\Windows\System32\SHELL32.dll+ae5e8|C:\Windows\System32\SHELL32.dll+ab255|C:\Windows\System32\USER32.dll+121e4|C:\Windows\System32\USER32.dll+11b2c|C:\Windows\System32\SHELL32.dll+af04a|C:\Windows\System32\SHELL32.dll+5567a|C:\Windows\System32\SHCORE.dll+33fad|C:\Windows\System32\KERNEL32.DLL+84d4|C:\Windows\SYSTEM32\ntdll.dll+51821</Data></EventData></Event>
<Event xmlns='http://schemas.microsoft.com/win/2004/08/events/event'><System><Provider Name='Microsoft-Windows-Sysmon' Guid='{5770385F-C22A-43E0-BF4C-06F5698FFBD9}'/><EventID>23</EventID><Version>5</Version><Level>4</Level><Task>23</Task><Opcode>0</Opcode><Keywords>0x8000000000000000</Keywords><TimeCreated SystemTime='2021-03-24T21:49:27.552552700Z'/><EventRecordID>5917378</EventRecordID><Correlation/><Execution ProcessID='2172' ThreadID='616'/><Channel>Microsoft-Windows-Sysmon/Operational</Channel><Computer>win-dc-792.attackrange.local</Computer><Security UserID='S-1-5-18'/></System><EventData><Data Name='RuleName'>-</Data><Data Name='UtcTime'>2021-03-24 21:49:27.552</Data><Data Name='ProcessGuid'>{896A638B-FDF2-6058-8212-00000000AE01}</Data><Data Name='ProcessId'>2788</Data><Data Name='User'>NT AUTHORITY\SYSTEM</Data><Data Name='Image'>C:\Program Files\SplunkUniversalForwarder\bin\splunk-winevtlog.exe</Data><Data Name='TargetFilename'>C:\Program Files\SplunkUniversalForwarder\var\lib\splunk\modinputs\WinEventLog\Microsoft-Windows-Sysmon_Operational</Data><Data Name='Hashes'>MD5=B615637BC73857DD7783AD545E325593,SHA256=E23D5BD3F5C0144241791717EDD488EFF79E205E00181CD8C66E19BB3E92945D,IMPHASH=00000000000000000000000000000000</Data><Data Name='IsExecutable'>false</Data><Data Name='Archived'>true</Data></EventData></Event>
<Event xmlns='http://schemas.microsoft.com/win/2004/08/events/event'><System><Provider Name='Microsoft-Windows-Sysmon' Guid='{5770385F-C22A-43E0-BF4C-06F5698FFBD9}'/><EventID>23</EventID><Version>5</Version><Level>4</Level><Task>23</Task><Opcode>0</Opcode><Keywords>0x8000000000000000</Keywords><TimeCreated SystemTime='2021-03-24T21:49:27.518485600Z'/><EventRecordID>5917377</EventRecordID><Correlation/><Execution ProcessID='2172' ThreadID='616'/><Channel>Microsoft-Windows-Sysmon/Operational</Channel><Computer>win-dc-792.attackrange.local</Computer><Security UserID='S-1-5-18'/></System><EventData><Data Name='RuleName'>-</Data><Data Name='UtcTime'>2021-03-24 21:49:27.517</Data><Data Name='ProcessGuid'>{896A638B-FDF2-6058-8212-00000000AE01}</Data><Data Name='ProcessId'>2788</Data><Data Name='User'>NT AUTHORITY\SYSTEM</Data><Data Name='Image'>C:\Program Files\SplunkUniversalForwarder\bin\splunk-winevtlog.exe</Data><Data Name='TargetFilename'>C:\Program Files\SplunkUniversalForwarder\var\lib\splunk\modinputs\WinEventLog\Security</Data><Data Name='Hashes'>MD5=09A03CDA492250964FBD6864EA0C183D,SHA256=21729E53C295B263E4E685B9BB85362BE75496B50C5589C516BDF6AE5BDCAB95,IMPHASH=00000000000000000000000000000000</Data><Data Name='IsExecutable'>false</Data><Data Name='Archived'>true</Data></EventData></Event>
<Event xmlns='http://schemas.microsoft.com/win/2004/08/events/event'><System><Provider Name='Microsoft-Windows-Sysmon' Guid='{5770385F-C22A-43E0-BF4C-06F5698FFBD9}'/><EventID>23</EventID><Version>5</Version><Level>4</Level><Task>23</Task><Opcode>0</Opcode><Keywords>0x8000000000000000</Keywords><TimeCreated SystemTime='2021-03-24T21:49:27.514236800Z'/><EventRecordID>5917376</EventRecordID><Correlation/><Execution ProcessID='2172' ThreadID='616'/><Channel>Microsoft-Windows-Sysmon/Operational</Channel><Computer>win-dc-792.attackrange.local</Computer><Security UserID='S-1-5-18'/></System><EventData><Data Name='RuleName'>-</Data><Data Name='UtcTime'>2021-03-24 21:49:27.513</Data><Data Name='ProcessGuid'>{896A638B-FDF2-6058-8212-00000000AE01}</Data><Data Name='ProcessId'>2788</Data><Data Name='User'>NT AUTHORITY\SYSTEM</Data><Data Name='Image'>C:\Program Files\SplunkUniversalForwarder\bin\splunk-winevtlog.exe</Data><Data Name='TargetFilename'>C:\Program Files\SplunkUniversalForwarder\var\lib\splunk\modinputs\WinEventLog\Microsoft-Windows-PowerShell_Operational</Data><Data Name='Hashes'>MD5=CAE29A64E758819F3445573614F068B1,SHA256=855D94ED054880301CE1F677792D6A135EEDE4FF3D2635147FE5401EFA50941C,IMPHASH=00000000000000000000000000000000</Data><Data Name='IsExecutable'>false</Data><Data Name='Archived'>true</Data></EventData></Event>
<Event xmlns='http://schemas.microsoft.com/win/2004/08/events/event'><System><Provider Name='Microsoft-Windows-Sysmon' Guid='{5770385F-C22A-43E0-BF4C-06F5698FFBD9}'/><EventID>23</EventID><Version>5</Version><Level>4</Level><Task>23</Task><Opcode>0</Opcode><Keywords>0x8000000000000000</Keywords><TimeCreated SystemTime='2021-03-24T21:49:27.383760100Z'/><EventRecordID>5917375</EventRecordID><Correlation/><Execution ProcessID='2172' ThreadID='616'/><Channel>Microsoft-Windows-Sysmon/Operational</Channel><Computer>win-dc-792.attackrange.local</Computer><Security UserID='S-1-5-18'/></System><EventData><Data Name='RuleName'>-</Data><Data Name='UtcTime'>2021-03-24 21:49:27.382</Data><Data Name='ProcessGuid'>{896A638B-FBAD-6058-BE11-00000000AE01}</Data><Data Name='ProcessId'>4492</Data><Data Name='User'>ATTACKRANGE\Administrator</Data><Data Name='Image'>C:\Windows\System32\WindowsPowerShell\v1.0\powershell.exe</Data><Data Name='TargetFilename'>C:\Users\Administrator\AppData\Local\Temp\2\art-out.txt</Data><Data Name='Hashes'>MD5=344A87323ABF45AA3F24C69E65535EC5,SHA256=7286FEB7927171DDC7DFEE080240E7639FAABE08388B0689FE8118D6ACA98D2E,IMPHASH=00000000000000000000000000000000</Data><Data Name='IsExecutable'>false</Data><Data Name='Archived'>true</Data></EventData></Event>
<Event xmlns='http://schemas.microsoft.com/win/2004/08/events/event'><System><Provider Name='Microsoft-Windows-Sysmon' Guid='{5770385F-C22A-43E0-BF4C-06F5698FFBD9}'/><EventID>10</EventID><Version>3</Version><Level>4</Level><Task>10</Task><Opcode>0</Opcode><Keywords>0x8000000000000000</Keywords><TimeCreated SystemTime='2021-03-24T21:49:27.309005600Z'/><EventRecordID>5917374</EventRecordID><Correlation/><Execution ProcessID='2172' ThreadID='616'/><Channel>Microsoft-Windows-Sysmon/Operational</Channel><Computer>win-dc-792.attackrange.local</Computer><Security UserID='S-1-5-18'/></System><EventData><Data Name='RuleName'>-</Data><Data Name='UtcTime'>2021-03-24 21:49:27.308</Data><Data Name='SourceProcessGUID'>{896A638B-FBAD-6058-BF11-00000000AE01}</Data><Data Name='SourceProcessId'>100</Data><Data Name='SourceThreadId'>32</Data><Data Name='SourceImage'>C:\Windows\system32\conhost.exe</Data><Data Name='TargetProcessGUID'>{896A638B-B3E7-605B-7669-00000000AE01}</Data><Data Name='TargetProcessId'>6356</Data><Data Name='TargetImage'>C:\ProgramData\Microsoft\Windows Defender\platform\4.18.2010.7-0\MpCmdRun.exe</Data><Data Name='GrantedAccess'>0x1fffff</Data><Data Name='CallTrace'>C:\Windows\SYSTEM32\ntdll.dll+a6084|C:\Windows\SYSTEM32\ConhostV2.dll+5c07|C:\Windows\SYSTEM32\ConhostV2.dll+76ab|C:\Windows\SYSTEM32\ConhostV2.dll+a84c|C:\Windows\System32\KERNEL32.DLL+84d4|C:\Windows\SYSTEM32\ntdll.dll+51821</Data></EventData></Event>
<Event xmlns='http://schemas.microsoft.com/win/2004/08/events/event'><System><Provider Name='Microsoft-Windows-Sysmon' Guid='{5770385F-C22A-43E0-BF4C-06F5698FFBD9}'/><EventID>10</EventID><Version>3</Version><Level>4</Level><Task>10</Task><Opcode>0</Opcode><Keywords>0x8000000000000000</Keywords><TimeCreated SystemTime='2021-03-24T21:49:27.307928000Z'/><EventRecordID>5917373</EventRecordID><Correlation/><Execution ProcessID='2172' ThreadID='616'/><Channel>Microsoft-Windows-Sysmon/Operational</Channel><Computer>win-dc-792.attackrange.local</Computer><Security UserID='S-1-5-18'/></System><EventData><Data Name='RuleName'>-</Data><Data Name='UtcTime'>2021-03-24 21:49:27.306</Data><Data Name='SourceProcessGUID'>{896A638B-B5CA-6058-0C00-00000000AE01}</Data><Data Name='SourceProcessId'>824</Data><Data Name='SourceThreadId'>4284</Data><Data Name='SourceImage'>C:\Windows\system32\svchost.exe</Data><Data Name='TargetProcessGUID'>{896A638B-B5DB-6058-2C00-00000000AE01}</Data><Data Name='TargetProcessId'>2172</Data><Data Name='TargetImage'>C:\Windows\sysmon64.exe</Data><Data Name='GrantedAccess'>0x1400</Data><Data Name='CallTrace'>C:\Windows\SYSTEM32\ntdll.dll+a6084|C:\Windows\System32\KERNELBASE.dll+5eab4|c:\windows\system32\lsm.dll+fd18|C:\Windows\System32\RPCRT4.dll+78e23|C:\Windows\System32\RPCRT4.dll+d96bd|C:\Windows\System32\RPCRT4.dll+6194c|C:\Windows\System32\RPCRT4.dll+52bf4|C:\Windows\System32\RPCRT4.dll+51b0d|C:\Windows\System32\RPCRT4.dll+523bb|C:\Windows\System32\RPCRT4.dll+2469c|C:\Windows\System32\RPCRT4.dll+24b1c|C:\Windows\System32\RPCRT4.dll+111bc|C:\Windows\System32\RPCRT4.dll+12a1b|C:\Windows\System32\RPCRT4.dll+1e12a|C:\Windows\SYSTEM32\ntdll.dll+1d34e|C:\Windows\SYSTEM32\ntdll.dll+1ecb9|C:\Windows\System32\KERNEL32.DLL+84d4|C:\Windows\SYSTEM32\ntdll.dll+51821</Data></EventData></Event>
<Event xmlns='http://schemas.microsoft.com/win/2004/08/events/event'><System><Provider Name='Microsoft-Windows-Sysmon' Guid='{5770385F-C22A-43E0-BF4C-06F5698FFBD9}'/><EventID>10</EventID><Version>3</Version><Level>4</Level><Task>10</Task><Opcode>0</Opcode><Keywords>0x8000000000000000</Keywords><TimeCreated SystemTime='2021-03-24T21:49:27.307840700Z'/><EventRecordID>5917372</EventRecordID><Correlation/><Execution ProcessID='2172' ThreadID='616'/><Channel>Microsoft-Windows-Sysmon/Operational</Channel><Computer>win-dc-792.attackrange.local</Computer><Security UserID='S-1-5-18'/></System><EventData><Data Name='RuleName'>-</Data><Data Name='UtcTime'>2021-03-24 21:49:27.306</Data><Data Name='SourceProcessGUID'>{896A638B-B5CA-6058-0C00-00000000AE01}</Data><Data Name='SourceProcessId'>824</Data><Data Name='SourceThreadId'>4284</Data><Data Name='SourceImage'>C:\Windows\system32\svchost.exe</Data><Data Name='TargetProcessGUID'>{896A638B-B5DB-6058-2C00-00000000AE01}</Data><Data Name='TargetProcessId'>2172</Data><Data Name='TargetImage'>C:\Windows\sysmon64.exe</Data><Data Name='GrantedAccess'>0x1400</Data><Data Name='CallTrace'>C:\Windows\SYSTEM32\ntdll.dll+a6084|C:\Windows\System32\KERNELBASE.dll+5eab4|c:\windows\system32\lsm.dll+11aad|C:\Windows\System32\RPCRT4.dll+78e23|C:\Windows\System32\RPCRT4.dll+d96bd|C:\Windows\System32\RPCRT4.dll+6194c|C:\Windows\System32\RPCRT4.dll+52bf4|C:\Windows\System32\RPCRT4.dll+51b0d|C:\Windows\System32\RPCRT4.dll+523bb|C:\Windows\System32\RPCRT4.dll+2469c|C:\Windows\System32\RPCRT4.dll+24b1c|C:\Windows\System32\RPCRT4.dll+111bc|C:\Windows\System32\RPCRT4.dll+12a1b|C:\Windows\System32\RPCRT4.dll+1e12a|C:\Windows\SYSTEM32\ntdll.dll+1d34e|C:\Windows\SYSTEM32\ntdll.dll+1ecb9|C:\Windows\System32\KERNEL32.DLL+84d4|C:\Windows\SYSTEM32\ntdll.dll+51821</Data></EventData></Event>
