<Event xmlns='http://schemas.microsoft.com/win/2004/08/events/event'><System><Provider Name='Microsoft-Windows-Sysmon' Guid='{5770385F-C22A-43E0-BF4C-06F5698FFBD9}'/><EventID>1</EventID><Version>5</Version><Level>4</Level><Task>1</Task><Opcode>0</Opcode><Keywords>0x8000000000000000</Keywords><TimeCreated SystemTime='2021-03-24T21:49:50.041401200Z'/><EventRecordID>5917588</EventRecordID><Correlation/><Execution ProcessID='2172' ThreadID='616'/><Channel>Microsoft-Windows-Sysmon/Operational</Channel><Computer>win-dc-792.attackrange.local</Computer><Security UserID='S-1-5-18'/></System><EventData><Data Name='RuleName'>-</Data><Data Name='UtcTime'>2021-03-24 21:49:50.031</Data><Data Name='ProcessGuid'>{896A638B-B3FE-605B-7D69-00000000AE01}</Data><Data Name='ProcessId'>4116</Data><Data Name='Image'>C:\Program Files\SplunkUniversalForwarder\bin\splunk-netmon.exe</Data><Data Name='FileVersion'>8.0.2</Data><Data Name='Description'>Network monitor</Data><Data Name='Product'>Splunk Application</Data><Data Name='Company'>Splunk Inc.</Data><Data Name='OriginalFileName'>splunk-netmon.exe</Data><Data Name='CommandLine'>"C:\Program Files\SplunkUniversalForwarder\bin\splunk-netmon.exe"</Data><Data Name='CurrentDirectory'>C:\Windows\system32\</Data><Data Name='User'>NT AUTHORITY\SYSTEM</Data><Data Name='LogonGuid'>{896A638B-B5C8-6058-E703-000000000000}</Data><Data Name='LogonId'>0x3e7</Data><Data Name='TerminalSessionId'>0</Data><Data Name='IntegrityLevel'>System</Data><Data Name='Hashes'>MD5=8746B8C1724B67C2B1261446C0CFAA57,SHA256=7EFD09FD383FAA75C5D2990E6DBBFD846AEAA08B7037C7D66B4A0EF2AE0866B3,IMPHASH=7B985F47B35272AD7B5218255ACE7AEC</Data><Data Name='ParentProcessGuid'>{896A638B-FDE4-6058-4A12-00000000AE01}</Data><Data Name='ParentProcessId'>6364</Data><Data Name='ParentImage'>C:\Program Files\SplunkUniversalForwarder\bin\splunkd.exe</Data><Data Name='ParentCommandLine'>"C:\Program Files\SplunkUniversalForwarder\bin\splunkd.exe" service</Data></EventData></Event>
<Event xmlns='http://schemas.microsoft.com/win/2004/08/events/event'><System><Provider Name='Microsoft-Windows-Sysmon' Guid='{5770385F-C22A-43E0-BF4C-06F5698FFBD9}'/><EventID>3</EventID><Version>5</Version><Level>4</Level><Task>3</Task><Opcode>0</Opcode><Keywords>0x8000000000000000</Keywords><TimeCreated SystemTime='2021-03-24T21:49:50.523217900Z'/><EventRecordID>638469</EventRecordID><Correlation/><Execution ProcessID='2148' ThreadID='3052'/><Channel>Microsoft-Windows-Sysmon/Operational</Channel><Computer>win-host-692.attackrange.local</Computer><Security UserID='S-1-5-18'/></System><EventData><Data Name='RuleName'>-</Data><Data Name='UtcTime'>2021-03-24 21:49:46.490</Data><Data Name='ProcessGuid'>{BFB545BB-B903-6058-D000-00000000AF01}</Data><Data Name='ProcessId'>1216</Data><Data Name='Image'>C:\Program Files\SplunkUniversalForwarder\etc\apps\Splunk_TA_stream\windows_x86_64\bin\streamfwd.exe</Data><Data Name='User'>NT AUTHORITY\SYSTEM</Data><Data Name='Protocol'>tcp</Data><Data Name='Initiated'>true</Data><Data Name='SourceIsIpv6'>false</Data><Data Name='SourceIp'>10.0.1.15</Data><Data Name='SourceHostname'>win-host-692.attackrange.local</Data><Data Name='SourcePort'>57253</Data><Data Name='SourcePortName'>-</Data><Data Name='DestinationIsIpv6'>false</Data><Data Name='DestinationIp'>10.0.1.12</Data><Data Name='DestinationHostname'>ip-10-0-1-12.us-west-2.compute.internal</Data><Data Name='DestinationPort'>8000</Data><Data Name='DestinationPortName'>-</Data></EventData></Event>
<Event xmlns='http://schemas.microsoft.com/win/2004/08/events/event'><System><Provider Name='Microsoft-Windows-Sysmon' Guid='{5770385F-C22A-43E0-BF4C-06F5698FFBD9}'/><EventID>23</EventID><Version>5</Version><Level>4</Level><Task>23</Task><Opcode>0</Opcode><Keywords>0x8000000000000000</Keywords><TimeCreated SystemTime='2021-03-24T21:49:50.229538600Z'/><EventRecordID>638468</EventRecordID><Correlation/><Execution ProcessID='2148' ThreadID='3040'/><Channel>Microsoft-Windows-Sysmon/Operational</Channel><Computer>win-host-692.attackrange.local</Computer><Security UserID='S-1-5-18'/></System><EventData><Data Name='RuleName'>-</Data><Data Name='UtcTime'>2021-03-24 21:49:50.228</Data><Data Name='ProcessGuid'>{BFB545BB-B909-6058-D900-00000000AF01}</Data><Data Name='ProcessId'>4084</Data><Data Name='User'>NT AUTHORITY\SYSTEM</Data><Data Name='Image'>C:\Program Files\SplunkUniversalForwarder\bin\splunk-winevtlog.exe</Data><Data Name='TargetFilename'>C:\Program Files\SplunkUniversalForwarder\var\lib\splunk\modinputs\WinEventLog\Security</Data><Data Name='Hashes'>MD5=B7EEEC4B9B1A444C5C80B2D952EAD1D5,SHA256=7D882D022613322725E252CA469447A8468710F4EE226BF808EFA13A1DBCA81E,IMPHASH=00000000000000000000000000000000</Data><Data Name='IsExecutable'>false</Data><Data Name='Archived'>true</Data></EventData></Event>
<Event xmlns='http://schemas.microsoft.com/win/2004/08/events/event'><System><Provider Name='Microsoft-Windows-Sysmon' Guid='{5770385F-C22A-43E0-BF4C-06F5698FFBD9}'/><EventID>23</EventID><Version>5</Version><Level>4</Level><Task>23</Task><Opcode>0</Opcode><Keywords>0x8000000000000000</Keywords><TimeCreated SystemTime='2021-03-24T21:49:50.228542000Z'/><EventRecordID>638467</EventRecordID><Correlation/><Execution ProcessID='2148' ThreadID='3040'/><Channel>Microsoft-Windows-Sysmon/Operational</Channel><Computer>win-host-692.attackrange.local</Computer><Security UserID='S-1-5-18'/></System><EventData><Data Name='RuleName'>-</Data><Data Name='UtcTime'>2021-03-24 21:49:50.227</Data><Data Name='ProcessGuid'>{BFB545BB-B909-6058-D900-00000000AF01}</Data><Data Name='ProcessId'>4084</Data><Data Name='User'>NT AUTHORITY\SYSTEM</Data><Data Name='Image'>C:\Program Files\SplunkUniversalForwarder\bin\splunk-winevtlog.exe</Data><Data Name='TargetFilename'>C:\Program Files\SplunkUniversalForwarder\var\lib\splunk\modinputs\WinEventLog\Security</Data><Data Name='Hashes'>MD5=FEE264DF364EEB2D583631BAB90420C6,SHA256=566100E718A8B6E2DA7ED2A4137A614C77A1D443E8356FF0FECDE92BB25660C4,IMPHASH=00000000000000000000000000000000</Data><Data Name='IsExecutable'>false</Data><Data Name='Archived'>true</Data></EventData></Event>
<Event xmlns='http://schemas.microsoft.com/win/2004/08/events/event'><System><Provider Name='Microsoft-Windows-Sysmon' Guid='{5770385F-C22A-43E0-BF4C-06F5698FFBD9}'/><EventID>23</EventID><Version>5</Version><Level>4</Level><Task>23</Task><Opcode>0</Opcode><Keywords>0x8000000000000000</Keywords><TimeCreated SystemTime='2021-03-24T21:49:51.572417400Z'/><EventRecordID>638471</EventRecordID><Correlation/><Execution ProcessID='2148' ThreadID='3040'/><Channel>Microsoft-Windows-Sysmon/Operational</Channel><Computer>win-host-692.attackrange.local</Computer><Security UserID='S-1-5-18'/></System><EventData><Data Name='RuleName'>-</Data><Data Name='UtcTime'>2021-03-24 21:49:51.569</Data><Data Name='ProcessGuid'>{BFB545BB-B909-6058-D900-00000000AF01}</Data><Data Name='ProcessId'>4084</Data><Data Name='User'>NT AUTHORITY\SYSTEM</Data><Data Name='Image'>C:\Program Files\SplunkUniversalForwarder\bin\splunk-winevtlog.exe</Data><Data Name='TargetFilename'>C:\Program Files\SplunkUniversalForwarder\var\lib\splunk\modinputs\WinEventLog\Microsoft-Windows-Sysmon_Operational</Data><Data Name='Hashes'>MD5=CC965BCB66FA02482832F397AC901B54,SHA256=6FA159897AE7437C8CFD5BA63A17118CF0FB2F92DC5CC768573A98FD1517BD78,IMPHASH=00000000000000000000000000000000</Data><Data Name='IsExecutable'>false</Data><Data Name='Archived'>true</Data></EventData></Event>
<Event xmlns='http://schemas.microsoft.com/win/2004/08/events/event'><System><Provider Name='Microsoft-Windows-Sysmon' Guid='{5770385F-C22A-43E0-BF4C-06F5698FFBD9}'/><EventID>10</EventID><Version>3</Version><Level>4</Level><Task>10</Task><Opcode>0</Opcode><Keywords>0x8000000000000000</Keywords><TimeCreated SystemTime='2021-03-24T21:49:51.730093000Z'/><EventRecordID>5917644</EventRecordID><Correlation/><Execution ProcessID='2172' ThreadID='616'/><Channel>Microsoft-Windows-Sysmon/Operational</Channel><Computer>win-dc-792.attackrange.local</Computer><Security UserID='S-1-5-18'/></System><EventData><Data Name='RuleName'>-</Data><Data Name='UtcTime'>2021-03-24 21:49:51.729</Data><Data Name='SourceProcessGUID'>{896A638B-B5CA-6058-0C00-00000000AE01}</Data><Data Name='SourceProcessId'>824</Data><Data Name='SourceThreadId'>952</Data><Data Name='SourceImage'>C:\Windows\system32\svchost.exe</Data><Data Name='TargetProcessGUID'>{896A638B-B8F4-6058-D702-00000000AE01}</Data><Data Name='TargetProcessId'>5884</Data><Data Name='TargetImage'>C:\Windows\SystemApps\Microsoft.Windows.Cortana_cw5n1h2txyewy\SearchUI.exe</Data><Data Name='GrantedAccess'>0x3600</Data><Data Name='CallTrace'>C:\Windows\SYSTEM32\ntdll.dll+a6084|C:\Windows\SYSTEM32\psmserviceexthost.dll+966a|C:\Windows\SYSTEM32\psmserviceexthost.dll+776e|C:\Windows\SYSTEM32\psmserviceexthost.dll+347df|C:\Windows\SYSTEM32\psmserviceexthost.dll+32779|C:\Windows\SYSTEM32\psmserviceexthost.dll+22da9|C:\Windows\SYSTEM32\psmserviceexthost.dll+1ede4|C:\Windows\System32\KERNEL32.DLL+84d4|C:\Windows\SYSTEM32\ntdll.dll+51821</Data></EventData></Event>
<Event xmlns='http://schemas.microsoft.com/win/2004/08/events/event'><System><Provider Name='Microsoft-Windows-Sysmon' Guid='{5770385F-C22A-43E0-BF4C-06F5698FFBD9}'/><EventID>10</EventID><Version>3</Version><Level>4</Level><Task>10</Task><Opcode>0</Opcode><Keywords>0x8000000000000000</Keywords><TimeCreated SystemTime='2021-03-24T21:49:51.729985300Z'/><EventRecordID>5917643</EventRecordID><Correlation/><Execution ProcessID='2172' ThreadID='616'/><Channel>Microsoft-Windows-Sysmon/Operational</Channel><Computer>win-dc-792.attackrange.local</Computer><Security UserID='S-1-5-18'/></System><EventData><Data Name='RuleName'>-</Data><Data Name='UtcTime'>2021-03-24 21:49:51.729</Data><Data Name='SourceProcessGUID'>{896A638B-B5CA-6058-0C00-00000000AE01}</Data><Data Name='SourceProcessId'>824</Data><Data Name='SourceThreadId'>952</Data><Data Name='SourceImage'>C:\Windows\system32\svchost.exe</Data><Data Name='TargetProcessGUID'>{896A638B-B8F2-6058-D402-00000000AE01}</Data><Data Name='TargetProcessId'>5648</Data><Data Name='TargetImage'>C:\Windows\SystemApps\ShellExperienceHost_cw5n1h2txyewy\ShellExperienceHost.exe</Data><Data Name='GrantedAccess'>0x3600</Data><Data Name='CallTrace'>C:\Windows\SYSTEM32\ntdll.dll+a6084|C:\Windows\SYSTEM32\psmserviceexthost.dll+966a|C:\Windows\SYSTEM32\psmserviceexthost.dll+776e|C:\Windows\SYSTEM32\psmserviceexthost.dll+347df|C:\Windows\SYSTEM32\psmserviceexthost.dll+32779|C:\Windows\SYSTEM32\psmserviceexthost.dll+22da9|C:\Windows\SYSTEM32\psmserviceexthost.dll+1ede4|C:\Windows\System32\KERNEL32.DLL+84d4|C:\Windows\SYSTEM32\ntdll.dll+51821</Data></EventData></Event>
<Event xmlns='http://schemas.microsoft.com/win/2004/08/events/event'><System><Provider Name='Microsoft-Windows-Sysmon' Guid='{5770385F-C22A-43E0-BF4C-06F5698FFBD9}'/><EventID>10</EventID><Version>3</Version><Level>4</Level><Task>10</Task><Opcode>0</Opcode><Keywords>0x8000000000000000</Keywords><TimeCreated SystemTime='2021-03-24T21:49:51.405868200Z'/><EventRecordID>5917642</EventRecordID><Correlation/><Execution ProcessID='2172' ThreadID='616'/><Channel>Microsoft-Windows-Sysmon/Operational</Channel><Computer>win-dc-792.attackrange.local</Computer><Security UserID='S-1-5-18'/></System><EventData><Data Name='RuleName'>-</Data><Data Name='UtcTime'>2021-03-24 21:49:51.404</Data><Data Name='SourceProcessGUID'>{896A638B-B8E2-6058-B102-00000000AE01}</Data><Data Name='SourceProcessId'>4244</Data><Data Name='SourceThreadId'>5760</Data><Data Name='SourceImage'>C:\Windows\Explorer.EXE</Data><Data Name='TargetProcessGUID'>{896A638B-B979-6058-2004-00000000AE01}</Data><Data Name='TargetProcessId'>6812</Data><Data Name='TargetImage'>C:\Windows\system32\WindowsPowerShell\v1.0\PowerShell_ISE.exe</Data><Data Name='GrantedAccess'>0x1400</Data><Data Name='CallTrace'>C:\Windows\SYSTEM32\ntdll.dll+a6084|C:\Windows\System32\KERNELBASE.dll+221bd|C:\Windows\System32\SHELL32.dll+10a29|C:\Windows\System32\SHELL32.dll+b7690|C:\Windows\System32\SHELL32.dll+b96a7|C:\Windows\Explorer.EXE+3c618|C:\Windows\Explorer.EXE+3c4a4|C:\Windows\Explorer.EXE+3c411|C:\Windows\System32\windows.storage.dll+13bc8f|C:\Windows\System32\windows.storage.dll+13aa1b|C:\Windows\System32\windows.storage.dll+138f3f|C:\Windows\System32\SHCORE.dll+367a6|C:\Windows\SYSTEM32\ntdll.dll+39d99|C:\Windows\SYSTEM32\ntdll.dll+1e88a|C:\Windows\System32\KERNEL32.DLL+84d4|C:\Windows\SYSTEM32\ntdll.dll+51821</Data></EventData></Event>
<Event xmlns='http://schemas.microsoft.com/win/2004/08/events/event'><System><Provider Name='Microsoft-Windows-Sysmon' Guid='{5770385F-C22A-43E0-BF4C-06F5698FFBD9}'/><EventID>10</EventID><Version>3</Version><Level>4</Level><Task>10</Task><Opcode>0</Opcode><Keywords>0x8000000000000000</Keywords><TimeCreated SystemTime='2021-03-24T21:49:51.405411500Z'/><EventRecordID>5917641</EventRecordID><Correlation/><Execution ProcessID='2172' ThreadID='616'/><Channel>Microsoft-Windows-Sysmon/Operational</Channel><Computer>win-dc-792.attackrange.local</Computer><Security UserID='S-1-5-18'/></System><EventData><Data Name='RuleName'>-</Data><Data Name='UtcTime'>2021-03-24 21:49:51.404</Data><Data Name='SourceProcessGUID'>{896A638B-B8E2-6058-B102-00000000AE01}</Data><Data Name='SourceProcessId'>4244</Data><Data Name='SourceThreadId'>5760</Data><Data Name='SourceImage'>C:\Windows\Explorer.EXE</Data><Data Name='TargetProcessGUID'>{896A638B-B979-6058-2004-00000000AE01}</Data><Data Name='TargetProcessId'>6812</Data><Data Name='TargetImage'>C:\Windows\system32\WindowsPowerShell\v1.0\PowerShell_ISE.exe</Data><Data Name='GrantedAccess'>0x1000</Data><Data Name='CallTrace'>C:\Windows\SYSTEM32\ntdll.dll+a6084|C:\Windows\System32\KERNELBASE.dll+221bd|C:\Windows\System32\SHELL32.dll+b7144|C:\Windows\System32\SHELL32.dll+b96a7|C:\Windows\Explorer.EXE+3c618|C:\Windows\Explorer.EXE+3c4a4|C:\Windows\Explorer.EXE+3c411|C:\Windows\System32\windows.storage.dll+13bc8f|C:\Windows\System32\windows.storage.dll+13aa1b|C:\Windows\System32\windows.storage.dll+138f3f|C:\Windows\System32\SHCORE.dll+367a6|C:\Windows\SYSTEM32\ntdll.dll+39d99|C:\Windows\SYSTEM32\ntdll.dll+1e88a|C:\Windows\System32\KERNEL32.DLL+84d4|C:\Windows\SYSTEM32\ntdll.dll+51821</Data></EventData></Event>
<Event xmlns='http://schemas.microsoft.com/win/2004/08/events/event'><System><Provider Name='Microsoft-Windows-Sysmon' Guid='{5770385F-C22A-43E0-BF4C-06F5698FFBD9}'/><EventID>10</EventID><Version>3</Version><Level>4</Level><Task>10</Task><Opcode>0</Opcode><Keywords>0x8000000000000000</Keywords><TimeCreated SystemTime='2021-03-24T21:49:51.400588100Z'/><EventRecordID>5917640</EventRecordID><Correlation/><Execution ProcessID='2172' ThreadID='616'/><Channel>Microsoft-Windows-Sysmon/Operational</Channel><Computer>win-dc-792.attackrange.local</Computer><Security UserID='S-1-5-18'/></System><EventData><Data Name='RuleName'>-</Data><Data Name='UtcTime'>2021-03-24 21:49:51.399</Data><Data Name='SourceProcessGUID'>{896A638B-B8E2-6058-B102-00000000AE01}</Data><Data Name='SourceProcessId'>4244</Data><Data Name='SourceThreadId'>5500</Data><Data Name='SourceImage'>C:\Windows\Explorer.EXE</Data><Data Name='TargetProcessGUID'>{896A638B-B979-6058-2004-00000000AE01}</Data><Data Name='TargetProcessId'>6812</Data><Data Name='TargetImage'>C:\Windows\system32\WindowsPowerShell\v1.0\PowerShell_ISE.exe</Data><Data Name='GrantedAccess'>0x1400</Data><Data Name='CallTrace'>C:\Windows\SYSTEM32\ntdll.dll+a6084|C:\Windows\System32\KERNELBASE.dll+221bd|C:\Windows\System32\SHELL32.dll+10a29|C:\Windows\System32\SHELL32.dll+b7690|C:\Windows\System32\SHELL32.dll+b7ef0|C:\Windows\System32\TwinUI.dll+12d4e1|C:\Windows\System32\TwinUI.dll+12dfcf|C:\Windows\System32\KERNEL32.DLL+84d4|C:\Windows\SYSTEM32\ntdll.dll+51821</Data></EventData></Event>
<Event xmlns='http://schemas.microsoft.com/win/2004/08/events/event'><System><Provider Name='Microsoft-Windows-Sysmon' Guid='{5770385F-C22A-43E0-BF4C-06F5698FFBD9}'/><EventID>10</EventID><Version>3</Version><Level>4</Level><Task>10</Task><Opcode>0</Opcode><Keywords>0x8000000000000000</Keywords><TimeCreated SystemTime='2021-03-24T21:49:51.400440200Z'/><EventRecordID>5917639</EventRecordID><Correlation/><Execution ProcessID='2172' ThreadID='616'/><Channel>Microsoft-Windows-Sysmon/Operational</Channel><Computer>win-dc-792.attackrange.local</Computer><Security UserID='S-1-5-18'/></System><EventData><Data Name='RuleName'>-</Data><Data Name='UtcTime'>2021-03-24 21:49:51.399</Data><Data Name='SourceProcessGUID'>{896A638B-B8E2-6058-B102-00000000AE01}</Data><Data Name='SourceProcessId'>4244</Data><Data Name='SourceThreadId'>5500</Data><Data Name='SourceImage'>C:\Windows\Explorer.EXE</Data><Data Name='TargetProcessGUID'>{896A638B-B979-6058-2004-00000000AE01}</Data><Data Name='TargetProcessId'>6812</Data><Data Name='TargetImage'>C:\Windows\system32\WindowsPowerShell\v1.0\PowerShell_ISE.exe</Data><Data Name='GrantedAccess'>0x1000</Data><Data Name='CallTrace'>C:\Windows\SYSTEM32\ntdll.dll+a6084|C:\Windows\System32\KERNELBASE.dll+221bd|C:\Windows\System32\SHELL32.dll+b7144|C:\Windows\System32\SHELL32.dll+b7ef0|C:\Windows\System32\TwinUI.dll+12d4e1|C:\Windows\System32\TwinUI.dll+12dfcf|C:\Windows\System32\KERNEL32.DLL+84d4|C:\Windows\SYSTEM32\ntdll.dll+51821</Data></EventData></Event>
<Event xmlns='http://schemas.microsoft.com/win/2004/08/events/event'><System><Provider Name='Microsoft-Windows-Sysmon' Guid='{5770385F-C22A-43E0-BF4C-06F5698FFBD9}'/><EventID>10</EventID><Version>3</Version><Level>4</Level><Task>10</Task><Opcode>0</Opcode><Keywords>0x8000000000000000</Keywords><TimeCreated SystemTime='2021-03-24T21:49:51.400319400Z'/><EventRecordID>5917638</EventRecordID><Correlation/><Execution ProcessID='2172' ThreadID='616'/><Channel>Microsoft-Windows-Sysmon/Operational</Channel><Computer>win-dc-792.attackrange.local</Computer><Security UserID='S-1-5-18'/></System><EventData><Data Name='RuleName'>-</Data><Data Name='UtcTime'>2021-03-24 21:49:51.399</Data><Data Name='SourceProcessGUID'>{896A638B-B8E2-6058-B102-00000000AE01}</Data><Data Name='SourceProcessId'>4244</Data><Data Name='SourceThreadId'>5500</Data><Data Name='SourceImage'>C:\Windows\Explorer.EXE</Data><Data Name='TargetProcessGUID'>{896A638B-B979-6058-2004-00000000AE01}</Data><Data Name='TargetProcessId'>6812</Data><Data Name='TargetImage'>C:\Windows\system32\WindowsPowerShell\v1.0\PowerShell_ISE.exe</Data><Data Name='GrantedAccess'>0x1410</Data><Data Name='CallTrace'>C:\Windows\SYSTEM32\ntdll.dll+a6084|C:\Windows\System32\KERNELBASE.dll+221bd|C:\Windows\System32\TwinUI.dll+12d319|C:\Windows\System32\TwinUI.dll+12dfcf|C:\Windows\System32\KERNEL32.DLL+84d4|C:\Windows\SYSTEM32\ntdll.dll+51821</Data></EventData></Event>
<Event xmlns='http://schemas.microsoft.com/win/2004/08/events/event'><System><Provider Name='Microsoft-Windows-Sysmon' Guid='{5770385F-C22A-43E0-BF4C-06F5698FFBD9}'/><EventID>10</EventID><Version>3</Version><Level>4</Level><Task>10</Task><Opcode>0</Opcode><Keywords>0x8000000000000000</Keywords><TimeCreated SystemTime='2021-03-24T21:49:51.391099300Z'/><EventRecordID>5917637</EventRecordID><Correlation/><Execution ProcessID='2172' ThreadID='616'/><Channel>Microsoft-Windows-Sysmon/Operational</Channel><Computer>win-dc-792.attackrange.local</Computer><Security UserID='S-1-5-18'/></System><EventData><Data Name='RuleName'>-</Data><Data Name='UtcTime'>2021-03-24 21:49:51.390</Data><Data Name='SourceProcessGUID'>{896A638B-B5CB-6058-1600-00000000AE01}</Data><Data Name='SourceProcessId'>1308</Data><Data Name='SourceThreadId'>5440</Data><Data Name='SourceImage'>C:\Windows\System32\svchost.exe</Data><Data Name='TargetProcessGUID'>{896A638B-B3FF-605B-7F69-00000000AE01}</Data><Data Name='TargetProcessId'>3440</Data><Data Name='TargetImage'>C:\Windows\System32\certutil.exe</Data><Data Name='GrantedAccess'>0x1400</Data><Data Name='CallTrace'>C:\Windows\SYSTEM32\ntdll.dll+a6084|c:\windows\system32\themeservice.dll+235b|c:\windows\system32\themeservice.dll+1ed0|c:\windows\system32\themeservice.dll+2006|C:\Windows\SYSTEM32\ntdll.dll+39d99|C:\Windows\SYSTEM32\ntdll.dll+1e88a|C:\Windows\System32\KERNEL32.DLL+84d4|C:\Windows\SYSTEM32\ntdll.dll+51821</Data></EventData></Event>
<Event xmlns='http://schemas.microsoft.com/win/2004/08/events/event'><System><Provider Name='Microsoft-Windows-Sysmon' Guid='{5770385F-C22A-43E0-BF4C-06F5698FFBD9}'/><EventID>10</EventID><Version>3</Version><Level>4</Level><Task>10</Task><Opcode>0</Opcode><Keywords>0x8000000000000000</Keywords><TimeCreated SystemTime='2021-03-24T21:49:51.390969100Z'/><EventRecordID>5917636</EventRecordID><Correlation/><Execution ProcessID='2172' ThreadID='616'/><Channel>Microsoft-Windows-Sysmon/Operational</Channel><Computer>win-dc-792.attackrange.local</Computer><Security UserID='S-1-5-18'/></System><EventData><Data Name='RuleName'>-</Data><Data Name='UtcTime'>2021-03-24 21:49:51.389</Data><Data Name='SourceProcessGUID'>{896A638B-B5CB-6058-1600-00000000AE01}</Data><Data Name='SourceProcessId'>1308</Data><Data Name='SourceThreadId'>1328</Data><Data Name='SourceImage'>C:\Windows\System32\svchost.exe</Data><Data Name='TargetProcessGUID'>{896A638B-B3FF-605B-7F69-00000000AE01}</Data><Data Name='TargetProcessId'>3440</Data><Data Name='TargetImage'>C:\Windows\System32\certutil.exe</Data><Data Name='GrantedAccess'>0x1478</Data><Data Name='CallTrace'>C:\Windows\SYSTEM32\ntdll.dll+a6084|c:\windows\system32\themeservice.dll+144a|c:\windows\system32\themeservice.dll+4175|c:\windows\system32\themeservice.dll+3379|c:\windows\system32\themeservice.dll+31a3|C:\Windows\System32\svchost.exe+1380|C:\Windows\System32\sechost.dll+14342|C:\Windows\System32\KERNEL32.DLL+84d4|C:\Windows\SYSTEM32\ntdll.dll+51821</Data></EventData></Event>
<Event xmlns='http://schemas.microsoft.com/win/2004/08/events/event'><System><Provider Name='Microsoft-Windows-Sysmon' Guid='{5770385F-C22A-43E0-BF4C-06F5698FFBD9}'/><EventID>10</EventID><Version>3</Version><Level>4</Level><Task>10</Task><Opcode>0</Opcode><Keywords>0x8000000000000000</Keywords><TimeCreated SystemTime='2021-03-24T21:49:51.372523700Z'/><EventRecordID>5917635</EventRecordID><Correlation/><Execution ProcessID='2172' ThreadID='616'/><Channel>Microsoft-Windows-Sysmon/Operational</Channel><Computer>win-dc-792.attackrange.local</Computer><Security UserID='S-1-5-18'/></System><EventData><Data Name='RuleName'>-</Data><Data Name='UtcTime'>2021-03-24 21:49:51.371</Data><Data Name='SourceProcessGUID'>{896A638B-B8E2-6058-B102-00000000AE01}</Data><Data Name='SourceProcessId'>4244</Data><Data Name='SourceThreadId'>5760</Data><Data Name='SourceImage'>C:\Windows\Explorer.EXE</Data><Data Name='TargetProcessGUID'>{896A638B-B3FF-605B-7F69-00000000AE01}</Data><Data Name='TargetProcessId'>3440</Data><Data Name='TargetImage'>C:\Windows\System32\certutil.exe</Data><Data Name='GrantedAccess'>0x1410</Data><Data Name='CallTrace'>C:\Windows\SYSTEM32\ntdll.dll+a6084|C:\Windows\System32\KERNELBASE.dll+221bd|C:\Windows\System32\SHELL32.dll+b7a3f|C:\Windows\System32\SHELL32.dll+b97c5|C:\Windows\Explorer.EXE+3c618|C:\Windows\Explorer.EXE+3c4a4|C:\Windows\Explorer.EXE+3c411|C:\Windows\System32\windows.storage.dll+13bc8f|C:\Windows\System32\windows.storage.dll+13aa1b|C:\Windows\System32\windows.storage.dll+138f3f|C:\Windows\System32\SHCORE.dll+367a6|C:\Windows\SYSTEM32\ntdll.dll+39d99|C:\Windows\SYSTEM32\ntdll.dll+1e88a|C:\Windows\System32\KERNEL32.DLL+84d4|C:\Windows\SYSTEM32\ntdll.dll+51821</Data></EventData></Event>
<Event xmlns='http://schemas.microsoft.com/win/2004/08/events/event'><System><Provider Name='Microsoft-Windows-Sysmon' Guid='{5770385F-C22A-43E0-BF4C-06F5698FFBD9}'/><EventID>10</EventID><Version>3</Version><Level>4</Level><Task>10</Task><Opcode>0</Opcode><Keywords>0x8000000000000000</Keywords><TimeCreated SystemTime='2021-03-24T21:49:51.372207000Z'/><EventRecordID>5917634</EventRecordID><Correlation/><Execution ProcessID='2172' ThreadID='616'/><Channel>Microsoft-Windows-Sysmon/Operational</Channel><Computer>win-dc-792.attackrange.local</Computer><Security UserID='S-1-5-18'/></System><EventData><Data Name='RuleName'>-</Data><Data Name='UtcTime'>2021-03-24 21:49:51.371</Data><Data Name='SourceProcessGUID'>{896A638B-B8E2-6058-B102-00000000AE01}</Data><Data Name='SourceProcessId'>4244</Data><Data Name='SourceThreadId'>5760</Data><Data Name='SourceImage'>C:\Windows\Explorer.EXE</Data><Data Name='TargetProcessGUID'>{896A638B-B3FF-605B-7F69-00000000AE01}</Data><Data Name='TargetProcessId'>3440</Data><Data Name='TargetImage'>C:\Windows\System32\certutil.exe</Data><Data Name='GrantedAccess'>0x1000</Data><Data Name='CallTrace'>C:\Windows\SYSTEM32\ntdll.dll+a6084|C:\Windows\System32\KERNELBASE.dll+221bd|C:\Windows\System32\SHELL32.dll+b96de|C:\Windows\Explorer.EXE+3c618|C:\Windows\Explorer.EXE+3c4a4|C:\Windows\Explorer.EXE+3c411|C:\Windows\System32\windows.storage.dll+13bc8f|C:\Windows\System32\windows.storage.dll+13aa1b|C:\Windows\System32\windows.storage.dll+138f3f|C:\Windows\System32\SHCORE.dll+367a6|C:\Windows\SYSTEM32\ntdll.dll+39d99|C:\Windows\SYSTEM32\ntdll.dll+1e88a|C:\Windows\System32\KERNEL32.DLL+84d4|C:\Windows\SYSTEM32\ntdll.dll+51821</Data></EventData></Event>
<Event xmlns='http://schemas.microsoft.com/win/2004/08/events/event'><System><Provider Name='Microsoft-Windows-Sysmon' Guid='{5770385F-C22A-43E0-BF4C-06F5698FFBD9}'/><EventID>10</EventID><Version>3</Version><Level>4</Level><Task>10</Task><Opcode>0</Opcode><Keywords>0x8000000000000000</Keywords><TimeCreated SystemTime='2021-03-24T21:49:51.372079300Z'/><EventRecordID>5917633</EventRecordID><Correlation/><Execution ProcessID='2172' ThreadID='616'/><Channel>Microsoft-Windows-Sysmon/Operational</Channel><Computer>win-dc-792.attackrange.local</Computer><Security UserID='S-1-5-18'/></System><EventData><Data Name='RuleName'>-</Data><Data Name='UtcTime'>2021-03-24 21:49:51.371</Data><Data Name='SourceProcessGUID'>{896A638B-B8E2-6058-B102-00000000AE01}</Data><Data Name='SourceProcessId'>4244</Data><Data Name='SourceThreadId'>5760</Data><Data Name='SourceImage'>C:\Windows\Explorer.EXE</Data><Data Name='TargetProcessGUID'>{896A638B-B3FF-605B-7F69-00000000AE01}</Data><Data Name='TargetProcessId'>3440</Data><Data Name='TargetImage'>C:\Windows\System32\certutil.exe</Data><Data Name='GrantedAccess'>0x1000</Data><Data Name='CallTrace'>C:\Windows\SYSTEM32\ntdll.dll+a6084|C:\Windows\System32\KERNELBASE.dll+221bd|C:\Windows\System32\SHELL32.dll+b7144|C:\Windows\System32\SHELL32.dll+b96a7|C:\Windows\Explorer.EXE+3c618|C:\Windows\Explorer.EXE+3c4a4|C:\Windows\Explorer.EXE+3c411|C:\Windows\System32\windows.storage.dll+13bc8f|C:\Windows\System32\windows.storage.dll+13aa1b|C:\Windows\System32\windows.storage.dll+138f3f|C:\Windows\System32\SHCORE.dll+367a6|C:\Windows\SYSTEM32\ntdll.dll+39d99|C:\Windows\SYSTEM32\ntdll.dll+1e88a|C:\Windows\System32\KERNEL32.DLL+84d4|C:\Windows\SYSTEM32\ntdll.dll+51821</Data></EventData></Event>
<Event xmlns='http://schemas.microsoft.com/win/2004/08/events/event'><System><Provider Name='Microsoft-Windows-Sysmon' Guid='{5770385F-C22A-43E0-BF4C-06F5698FFBD9}'/><EventID>10</EventID><Version>3</Version><Level>4</Level><Task>10</Task><Opcode>0</Opcode><Keywords>0x8000000000000000</Keywords><TimeCreated SystemTime='2021-03-24T21:49:51.370394100Z'/><EventRecordID>5917632</EventRecordID><Correlation/><Execution ProcessID='2172' ThreadID='616'/><Channel>Microsoft-Windows-Sysmon/Operational</Channel><Computer>win-dc-792.attackrange.local</Computer><Security UserID='S-1-5-18'/></System><EventData><Data Name='RuleName'>-</Data><Data Name='UtcTime'>2021-03-24 21:49:51.369</Data><Data Name='SourceProcessGUID'>{896A638B-B8E1-6058-A802-00000000AE01}</Data><Data Name='SourceProcessId'>3092</Data><Data Name='SourceThreadId'>2100</Data><Data Name='SourceImage'>C:\Windows\System32\taskhostw.exe</Data><Data Name='TargetProcessGUID'>{896A638B-B3FF-605B-8069-00000000AE01}</Data><Data Name='TargetProcessId'>4236</Data><Data Name='TargetImage'>C:\Windows\system32\conhost.exe</Data><Data Name='GrantedAccess'>0x1000</Data><Data Name='CallTrace'>C:\Windows\SYSTEM32\ntdll.dll+a6c14|C:\Windows\System32\MSCTF.dll+af11|C:\Windows\System32\MSCTF.dll+b489|C:\Windows\System32\MSCTF.dll+be73|C:\Windows\System32\MSCTF.dll+3d832|C:\Windows\System32\KERNEL32.DLL+84d4|C:\Windows\SYSTEM32\ntdll.dll+51821</Data></EventData></Event>
<Event xmlns='http://schemas.microsoft.com/win/2004/08/events/event'><System><Provider Name='Microsoft-Windows-Sysmon' Guid='{5770385F-C22A-43E0-BF4C-06F5698FFBD9}'/><EventID>10</EventID><Version>3</Version><Level>4</Level><Task>10</Task><Opcode>0</Opcode><Keywords>0x8000000000000000</Keywords><TimeCreated SystemTime='2021-03-24T21:49:51.369483200Z'/><EventRecordID>5917631</EventRecordID><Correlation/><Execution ProcessID='2172' ThreadID='616'/><Channel>Microsoft-Windows-Sysmon/Operational</Channel><Computer>win-dc-792.attackrange.local</Computer><Security UserID='S-1-5-18'/></System><EventData><Data Name='RuleName'>-</Data><Data Name='UtcTime'>2021-03-24 21:49:51.368</Data><Data Name='SourceProcessGUID'>{896A638B-B8E1-6058-A802-00000000AE01}</Data><Data Name='SourceProcessId'>3092</Data><Data Name='SourceThreadId'>2100</Data><Data Name='SourceImage'>C:\Windows\System32\taskhostw.exe</Data><Data Name='TargetProcessGUID'>{896A638B-B3FF-605B-8069-00000000AE01}</Data><Data Name='TargetProcessId'>4236</Data><Data Name='TargetImage'>C:\Windows\system32\conhost.exe</Data><Data Name='GrantedAccess'>0x1000</Data><Data Name='CallTrace'>C:\Windows\SYSTEM32\ntdll.dll+a6c14|C:\Windows\System32\MSCTF.dll+af11|C:\Windows\System32\MSCTF.dll+b489|C:\Windows\System32\MSCTF.dll+be73|C:\Windows\System32\MSCTF.dll+3d832|C:\Windows\System32\KERNEL32.DLL+84d4|C:\Windows\SYSTEM32\ntdll.dll+51821</Data></EventData></Event>
<Event xmlns='http://schemas.microsoft.com/win/2004/08/events/event'><System><Provider Name='Microsoft-Windows-Sysmon' Guid='{5770385F-C22A-43E0-BF4C-06F5698FFBD9}'/><EventID>10</EventID><Version>3</Version><Level>4</Level><Task>10</Task><Opcode>0</Opcode><Keywords>0x8000000000000000</Keywords><TimeCreated SystemTime='2021-03-24T21:49:51.365046000Z'/><EventRecordID>5917630</EventRecordID><Correlation/><Execution ProcessID='2172' ThreadID='616'/><Channel>Microsoft-Windows-Sysmon/Operational</Channel><Computer>win-dc-792.attackrange.local</Computer><Security UserID='S-1-5-18'/></System><EventData><Data Name='RuleName'>-</Data><Data Name='UtcTime'>2021-03-24 21:49:51.363</Data><Data Name='SourceProcessGUID'>{896A638B-B8E2-6058-B102-00000000AE01}</Data><Data Name='SourceProcessId'>4244</Data><Data Name='SourceThreadId'>476</Data><Data Name='SourceImage'>C:\Windows\Explorer.EXE</Data><Data Name='TargetProcessGUID'>{896A638B-B3FF-605B-7F69-00000000AE01}</Data><Data Name='TargetProcessId'>3440</Data><Data Name='TargetImage'>C:\Windows\System32\certutil.exe</Data><Data Name='GrantedAccess'>0x1410</Data><Data Name='CallTrace'>C:\Windows\SYSTEM32\ntdll.dll+a6084|C:\Windows\System32\KERNELBASE.dll+221bd|C:\Windows\System32\SHELL32.dll+b7a3f|C:\Windows\System32\SHELL32.dll+b97c5|C:\Windows\Explorer.EXE+1e03a|C:\Windows\Explorer.EXE+1e249|C:\Windows\Explorer.EXE+1df79|C:\Windows\Explorer.EXE+3c407|C:\Windows\System32\windows.storage.dll+13bc8f|C:\Windows\System32\windows.storage.dll+13aa1b|C:\Windows\System32\windows.storage.dll+138f3f|C:\Windows\System32\SHCORE.dll+367a6|C:\Windows\SYSTEM32\ntdll.dll+39d99|C:\Windows\SYSTEM32\ntdll.dll+1e88a|C:\Windows\System32\KERNEL32.DLL+84d4|C:\Windows\SYSTEM32\ntdll.dll+51821</Data></EventData></Event>
<Event xmlns='http://schemas.microsoft.com/win/2004/08/events/event'><System><Provider Name='Microsoft-Windows-Sysmon' Guid='{5770385F-C22A-43E0-BF4C-06F5698FFBD9}'/><EventID>10</EventID><Version>3</Version><Level>4</Level><Task>10</Task><Opcode>0</Opcode><Keywords>0x8000000000000000</Keywords><TimeCreated SystemTime='2021-03-24T21:49:51.364602500Z'/><EventRecordID>5917629</EventRecordID><Correlation/><Execution ProcessID='2172' ThreadID='616'/><Channel>Microsoft-Windows-Sysmon/Operational</Channel><Computer>win-dc-792.attackrange.local</Computer><Security UserID='S-1-5-18'/></System><EventData><Data Name='RuleName'>-</Data><Data Name='UtcTime'>2021-03-24 21:49:51.362</Data><Data Name='SourceProcessGUID'>{896A638B-B8E2-6058-B102-00000000AE01}</Data><Data Name='SourceProcessId'>4244</Data><Data Name='SourceThreadId'>476</Data><Data Name='SourceImage'>C:\Windows\Explorer.EXE</Data><Data Name='TargetProcessGUID'>{896A638B-B3FF-605B-7F69-00000000AE01}</Data><Data Name='TargetProcessId'>3440</Data><Data Name='TargetImage'>C:\Windows\System32\certutil.exe</Data><Data Name='GrantedAccess'>0x1000</Data><Data Name='CallTrace'>C:\Windows\SYSTEM32\ntdll.dll+a6084|C:\Windows\System32\KERNELBASE.dll+221bd|C:\Windows\System32\SHELL32.dll+b96de|C:\Windows\Explorer.EXE+1e03a|C:\Windows\Explorer.EXE+1e249|C:\Windows\Explorer.EXE+1df79|C:\Windows\Explorer.EXE+3c407|C:\Windows\System32\windows.storage.dll+13bc8f|C:\Windows\System32\windows.storage.dll+13aa1b|C:\Windows\System32\windows.storage.dll+138f3f|C:\Windows\System32\SHCORE.dll+367a6|C:\Windows\SYSTEM32\ntdll.dll+39d99|C:\Windows\SYSTEM32\ntdll.dll+1e88a|C:\Windows\System32\KERNEL32.DLL+84d4|C:\Windows\SYSTEM32\ntdll.dll+51821</Data></EventData></Event>
<Event xmlns='http://schemas.microsoft.com/win/2004/08/events/event'><System><Provider Name='Microsoft-Windows-Sysmon' Guid='{5770385F-C22A-43E0-BF4C-06F5698FFBD9}'/><EventID>10</EventID><Version>3</Version><Level>4</Level><Task>10</Task><Opcode>0</Opcode><Keywords>0x8000000000000000</Keywords><TimeCreated SystemTime='2021-03-24T21:49:51.364473000Z'/><EventRecordID>5917628</EventRecordID><Correlation/><Execution ProcessID='2172' ThreadID='616'/><Channel>Microsoft-Windows-Sysmon/Operational</Channel><Computer>win-dc-792.attackrange.local</Computer><Security UserID='S-1-5-18'/></System><EventData><Data Name='RuleName'>-</Data><Data Name='UtcTime'>2021-03-24 21:49:51.362</Data><Data Name='SourceProcessGUID'>{896A638B-B8E2-6058-B102-00000000AE01}</Data><Data Name='SourceProcessId'>4244</Data><Data Name='SourceThreadId'>476</Data><Data Name='SourceImage'>C:\Windows\Explorer.EXE</Data><Data Name='TargetProcessGUID'>{896A638B-B3FF-605B-7F69-00000000AE01}</Data><Data Name='TargetProcessId'>3440</Data><Data Name='TargetImage'>C:\Windows\System32\certutil.exe</Data><Data Name='GrantedAccess'>0x1000</Data><Data Name='CallTrace'>C:\Windows\SYSTEM32\ntdll.dll+a6084|C:\Windows\System32\KERNELBASE.dll+221bd|C:\Windows\System32\SHELL32.dll+b7144|C:\Windows\System32\SHELL32.dll+b96a7|C:\Windows\Explorer.EXE+1e03a|C:\Windows\Explorer.EXE+1e249|C:\Windows\Explorer.EXE+1df79|C:\Windows\Explorer.EXE+3c407|C:\Windows\System32\windows.storage.dll+13bc8f|C:\Windows\System32\windows.storage.dll+13aa1b|C:\Windows\System32\windows.storage.dll+138f3f|C:\Windows\System32\SHCORE.dll+367a6|C:\Windows\SYSTEM32\ntdll.dll+39d99|C:\Windows\SYSTEM32\ntdll.dll+1e88a|C:\Windows\System32\KERNEL32.DLL+84d4|C:\Windows\SYSTEM32\ntdll.dll+51821</Data></EventData></Event>
<Event xmlns='http://schemas.microsoft.com/win/2004/08/events/event'><System><Provider Name='Microsoft-Windows-Sysmon' Guid='{5770385F-C22A-43E0-BF4C-06F5698FFBD9}'/><EventID>10</EventID><Version>3</Version><Level>4</Level><Task>10</Task><Opcode>0</Opcode><Keywords>0x8000000000000000</Keywords><TimeCreated SystemTime='2021-03-24T21:49:51.363392000Z'/><EventRecordID>5917627</EventRecordID><Correlation/><Execution ProcessID='2172' ThreadID='616'/><Channel>Microsoft-Windows-Sysmon/Operational</Channel><Computer>win-dc-792.attackrange.local</Computer><Security UserID='S-1-5-18'/></System><EventData><Data Name='RuleName'>-</Data><Data Name='UtcTime'>2021-03-24 21:49:51.362</Data><Data Name='SourceProcessGUID'>{896A638B-B8E2-6058-B102-00000000AE01}</Data><Data Name='SourceProcessId'>4244</Data><Data Name='SourceThreadId'>5500</Data><Data Name='SourceImage'>C:\Windows\Explorer.EXE</Data><Data Name='TargetProcessGUID'>{896A638B-B3FF-605B-8069-00000000AE01}</Data><Data Name='TargetProcessId'>4236</Data><Data Name='TargetImage'>C:\Windows\system32\conhost.exe</Data><Data Name='GrantedAccess'>0x1410</Data><Data Name='CallTrace'>C:\Windows\SYSTEM32\ntdll.dll+a6084|C:\Windows\System32\KERNELBASE.dll+221bd|C:\Windows\System32\SHELL32.dll+b7a3f|C:\Windows\System32\SHELL32.dll+b7f60|C:\Windows\System32\TwinUI.dll+12d4e1|C:\Windows\System32\TwinUI.dll+12dfcf|C:\Windows\System32\KERNEL32.DLL+84d4|C:\Windows\SYSTEM32\ntdll.dll+51821</Data></EventData></Event>
<Event xmlns='http://schemas.microsoft.com/win/2004/08/events/event'><System><Provider Name='Microsoft-Windows-Sysmon' Guid='{5770385F-C22A-43E0-BF4C-06F5698FFBD9}'/><EventID>10</EventID><Version>3</Version><Level>4</Level><Task>10</Task><Opcode>0</Opcode><Keywords>0x8000000000000000</Keywords><TimeCreated SystemTime='2021-03-24T21:49:51.363236000Z'/><EventRecordID>5917626</EventRecordID><Correlation/><Execution ProcessID='2172' ThreadID='616'/><Channel>Microsoft-Windows-Sysmon/Operational</Channel><Computer>win-dc-792.attackrange.local</Computer><Security UserID='S-1-5-18'/></System><EventData><Data Name='RuleName'>-</Data><Data Name='UtcTime'>2021-03-24 21:49:51.362</Data><Data Name='SourceProcessGUID'>{896A638B-B8E2-6058-B102-00000000AE01}</Data><Data Name='SourceProcessId'>4244</Data><Data Name='SourceThreadId'>476</Data><Data Name='SourceImage'>C:\Windows\Explorer.EXE</Data><Data Name='TargetProcessGUID'>{896A638B-B3FF-605B-7F69-00000000AE01}</Data><Data Name='TargetProcessId'>3440</Data><Data Name='TargetImage'>C:\Windows\System32\certutil.exe</Data><Data Name='GrantedAccess'>0x1000</Data><Data Name='CallTrace'>C:\Windows\SYSTEM32\ntdll.dll+a6084|C:\Windows\System32\KERNELBASE.dll+221bd|C:\Windows\Explorer.EXE+1f054|C:\Windows\Explorer.EXE+1f000|C:\Windows\Explorer.EXE+1dfec|C:\Windows\Explorer.EXE+1e249|C:\Windows\Explorer.EXE+1df79|C:\Windows\Explorer.EXE+3c407|C:\Windows\System32\windows.storage.dll+13bc8f|C:\Windows\System32\windows.storage.dll+13aa1b|C:\Windows\System32\windows.storage.dll+138f3f|C:\Windows\System32\SHCORE.dll+367a6|C:\Windows\SYSTEM32\ntdll.dll+39d99|C:\Windows\SYSTEM32\ntdll.dll+1e88a|C:\Windows\System32\KERNEL32.DLL+84d4|C:\Windows\SYSTEM32\ntdll.dll+51821</Data></EventData></Event>
<Event xmlns='http://schemas.microsoft.com/win/2004/08/events/event'><System><Provider Name='Microsoft-Windows-Sysmon' Guid='{5770385F-C22A-43E0-BF4C-06F5698FFBD9}'/><EventID>10</EventID><Version>3</Version><Level>4</Level><Task>10</Task><Opcode>0</Opcode><Keywords>0x8000000000000000</Keywords><TimeCreated SystemTime='2021-03-24T21:49:51.363075000Z'/><EventRecordID>5917625</EventRecordID><Correlation/><Execution ProcessID='2172' ThreadID='616'/><Channel>Microsoft-Windows-Sysmon/Operational</Channel><Computer>win-dc-792.attackrange.local</Computer><Security UserID='S-1-5-18'/></System><EventData><Data Name='RuleName'>-</Data><Data Name='UtcTime'>2021-03-24 21:49:51.362</Data><Data Name='SourceProcessGUID'>{896A638B-B8E2-6058-B102-00000000AE01}</Data><Data Name='SourceProcessId'>4244</Data><Data Name='SourceThreadId'>5500</Data><Data Name='SourceImage'>C:\Windows\Explorer.EXE</Data><Data Name='TargetProcessGUID'>{896A638B-B3FF-605B-8069-00000000AE01}</Data><Data Name='TargetProcessId'>4236</Data><Data Name='TargetImage'>C:\Windows\system32\conhost.exe</Data><Data Name='GrantedAccess'>0x1000</Data><Data Name='CallTrace'>C:\Windows\SYSTEM32\ntdll.dll+a6084|C:\Windows\System32\KERNELBASE.dll+221bd|C:\Windows\System32\SHELL32.dll+112150|C:\Windows\System32\SHELL32.dll+b7f1c|C:\Windows\System32\TwinUI.dll+12d4e1|C:\Windows\System32\TwinUI.dll+12dfcf|C:\Windows\System32\KERNEL32.DLL+84d4|C:\Windows\SYSTEM32\ntdll.dll+51821</Data></EventData></Event>
<Event xmlns='http://schemas.microsoft.com/win/2004/08/events/event'><System><Provider Name='Microsoft-Windows-Sysmon' Guid='{5770385F-C22A-43E0-BF4C-06F5698FFBD9}'/><EventID>10</EventID><Version>3</Version><Level>4</Level><Task>10</Task><Opcode>0</Opcode><Keywords>0x8000000000000000</Keywords><TimeCreated SystemTime='2021-03-24T21:49:51.362902600Z'/><EventRecordID>5917624</EventRecordID><Correlation/><Execution ProcessID='2172' ThreadID='616'/><Channel>Microsoft-Windows-Sysmon/Operational</Channel><Computer>win-dc-792.attackrange.local</Computer><Security UserID='S-1-5-18'/></System><EventData><Data Name='RuleName'>-</Data><Data Name='UtcTime'>2021-03-24 21:49:51.362</Data><Data Name='SourceProcessGUID'>{896A638B-B8E2-6058-B102-00000000AE01}</Data><Data Name='SourceProcessId'>4244</Data><Data Name='SourceThreadId'>5500</Data><Data Name='SourceImage'>C:\Windows\Explorer.EXE</Data><Data Name='TargetProcessGUID'>{896A638B-B3FF-605B-8069-00000000AE01}</Data><Data Name='TargetProcessId'>4236</Data><Data Name='TargetImage'>C:\Windows\system32\conhost.exe</Data><Data Name='GrantedAccess'>0x1000</Data><Data Name='CallTrace'>C:\Windows\SYSTEM32\ntdll.dll+a6084|C:\Windows\System32\KERNELBASE.dll+221bd|C:\Windows\System32\SHELL32.dll+b7144|C:\Windows\System32\SHELL32.dll+b7ef0|C:\Windows\System32\TwinUI.dll+12d4e1|C:\Windows\System32\TwinUI.dll+12dfcf|C:\Windows\System32\KERNEL32.DLL+84d4|C:\Windows\SYSTEM32\ntdll.dll+51821</Data></EventData></Event>
<Event xmlns='http://schemas.microsoft.com/win/2004/08/events/event'><System><Provider Name='Microsoft-Windows-Sysmon' Guid='{5770385F-C22A-43E0-BF4C-06F5698FFBD9}'/><EventID>10</EventID><Version>3</Version><Level>4</Level><Task>10</Task><Opcode>0</Opcode><Keywords>0x8000000000000000</Keywords><TimeCreated SystemTime='2021-03-24T21:49:51.362703900Z'/><EventRecordID>5917623</EventRecordID><Correlation/><Execution ProcessID='2172' ThreadID='616'/><Channel>Microsoft-Windows-Sysmon/Operational</Channel><Computer>win-dc-792.attackrange.local</Computer><Security UserID='S-1-5-18'/></System><EventData><Data Name='RuleName'>-</Data><Data Name='UtcTime'>2021-03-24 21:49:51.361</Data><Data Name='SourceProcessGUID'>{896A638B-B8E2-6058-B102-00000000AE01}</Data><Data Name='SourceProcessId'>4244</Data><Data Name='SourceThreadId'>5500</Data><Data Name='SourceImage'>C:\Windows\Explorer.EXE</Data><Data Name='TargetProcessGUID'>{896A638B-B3FF-605B-8069-00000000AE01}</Data><Data Name='TargetProcessId'>4236</Data><Data Name='TargetImage'>C:\Windows\system32\conhost.exe</Data><Data Name='GrantedAccess'>0x1410</Data><Data Name='CallTrace'>C:\Windows\SYSTEM32\ntdll.dll+a6084|C:\Windows\System32\KERNELBASE.dll+221bd|C:\Windows\System32\TwinUI.dll+12d319|C:\Windows\System32\TwinUI.dll+12dfcf|C:\Windows\System32\KERNEL32.DLL+84d4|C:\Windows\SYSTEM32\ntdll.dll+51821</Data></EventData></Event>
<Event xmlns='http://schemas.microsoft.com/win/2004/08/events/event'><System><Provider Name='Microsoft-Windows-Sysmon' Guid='{5770385F-C22A-43E0-BF4C-06F5698FFBD9}'/><EventID>10</EventID><Version>3</Version><Level>4</Level><Task>10</Task><Opcode>0</Opcode><Keywords>0x8000000000000000</Keywords><TimeCreated SystemTime='2021-03-24T21:49:51.354922800Z'/><EventRecordID>5917622</EventRecordID><Correlation/><Execution ProcessID='2172' ThreadID='616'/><Channel>Microsoft-Windows-Sysmon/Operational</Channel><Computer>win-dc-792.attackrange.local</Computer><Security UserID='S-1-5-18'/></System><EventData><Data Name='RuleName'>-</Data><Data Name='UtcTime'>2021-03-24 21:49:51.354</Data><Data Name='SourceProcessGUID'>{896A638B-B5CB-6058-1600-00000000AE01}</Data><Data Name='SourceProcessId'>1308</Data><Data Name='SourceThreadId'>5440</Data><Data Name='SourceImage'>C:\Windows\System32\svchost.exe</Data><Data Name='TargetProcessGUID'>{896A638B-B3FF-605B-8069-00000000AE01}</Data><Data Name='TargetProcessId'>4236</Data><Data Name='TargetImage'>C:\Windows\system32\conhost.exe</Data><Data Name='GrantedAccess'>0x1400</Data><Data Name='CallTrace'>C:\Windows\SYSTEM32\ntdll.dll+a6084|c:\windows\system32\themeservice.dll+235b|c:\windows\system32\themeservice.dll+1ed0|c:\windows\system32\themeservice.dll+2006|C:\Windows\SYSTEM32\ntdll.dll+39d99|C:\Windows\SYSTEM32\ntdll.dll+1e88a|C:\Windows\System32\KERNEL32.DLL+84d4|C:\Windows\SYSTEM32\ntdll.dll+51821</Data></EventData></Event>
<Event xmlns='http://schemas.microsoft.com/win/2004/08/events/event'><System><Provider Name='Microsoft-Windows-Sysmon' Guid='{5770385F-C22A-43E0-BF4C-06F5698FFBD9}'/><EventID>10</EventID><Version>3</Version><Level>4</Level><Task>10</Task><Opcode>0</Opcode><Keywords>0x8000000000000000</Keywords><TimeCreated SystemTime='2021-03-24T21:49:51.354761000Z'/><EventRecordID>5917621</EventRecordID><Correlation/><Execution ProcessID='2172' ThreadID='616'/><Channel>Microsoft-Windows-Sysmon/Operational</Channel><Computer>win-dc-792.attackrange.local</Computer><Security UserID='S-1-5-18'/></System><EventData><Data Name='RuleName'>-</Data><Data Name='UtcTime'>2021-03-24 21:49:51.354</Data><Data Name='SourceProcessGUID'>{896A638B-B5CB-6058-1600-00000000AE01}</Data><Data Name='SourceProcessId'>1308</Data><Data Name='SourceThreadId'>1328</Data><Data Name='SourceImage'>C:\Windows\System32\svchost.exe</Data><Data Name='TargetProcessGUID'>{896A638B-B3FF-605B-8069-00000000AE01}</Data><Data Name='TargetProcessId'>4236</Data><Data Name='TargetImage'>C:\Windows\system32\conhost.exe</Data><Data Name='GrantedAccess'>0x1478</Data><Data Name='CallTrace'>C:\Windows\SYSTEM32\ntdll.dll+a6084|c:\windows\system32\themeservice.dll+144a|c:\windows\system32\themeservice.dll+4175|c:\windows\system32\themeservice.dll+3379|c:\windows\system32\themeservice.dll+31a3|C:\Windows\System32\svchost.exe+1380|C:\Windows\System32\sechost.dll+14342|C:\Windows\System32\KERNEL32.DLL+84d4|C:\Windows\SYSTEM32\ntdll.dll+51821</Data></EventData></Event>
<Event xmlns='http://schemas.microsoft.com/win/2004/08/events/event'><System><Provider Name='Microsoft-Windows-Sysmon' Guid='{5770385F-C22A-43E0-BF4C-06F5698FFBD9}'/><EventID>10</EventID><Version>3</Version><Level>4</Level><Task>10</Task><Opcode>0</Opcode><Keywords>0x8000000000000000</Keywords><TimeCreated SystemTime='2021-03-24T21:49:51.350716600Z'/><EventRecordID>5917620</EventRecordID><Correlation/><Execution ProcessID='2172' ThreadID='616'/><Channel>Microsoft-Windows-Sysmon/Operational</Channel><Computer>win-dc-792.attackrange.local</Computer><Security UserID='S-1-5-18'/></System><EventData><Data Name='RuleName'>-</Data><Data Name='UtcTime'>2021-03-24 21:49:51.350</Data><Data Name='SourceProcessGUID'>{896A638B-B3FF-605B-8069-00000000AE01}</Data><Data Name='SourceProcessId'>4236</Data><Data Name='SourceThreadId'>5816</Data><Data Name='SourceImage'>C:\Windows\system32\conhost.exe</Data><Data Name='TargetProcessGUID'>{896A638B-B3FF-605B-7F69-00000000AE01}</Data><Data Name='TargetProcessId'>3440</Data><Data Name='TargetImage'>C:\Windows\System32\certutil.exe</Data><Data Name='GrantedAccess'>0x1fffff</Data><Data Name='CallTrace'>C:\Windows\SYSTEM32\ntdll.dll+a6084|C:\Windows\SYSTEM32\ConhostV2.dll+5c07|C:\Windows\SYSTEM32\ConhostV2.dll+76ab|C:\Windows\SYSTEM32\ConhostV2.dll+a84c|C:\Windows\System32\KERNEL32.DLL+84d4|C:\Windows\SYSTEM32\ntdll.dll+51821</Data></EventData></Event>
<Event xmlns='http://schemas.microsoft.com/win/2004/08/events/event'><System><Provider Name='Microsoft-Windows-Sysmon' Guid='{5770385F-C22A-43E0-BF4C-06F5698FFBD9}'/><EventID>10</EventID><Version>3</Version><Level>4</Level><Task>10</Task><Opcode>0</Opcode><Keywords>0x8000000000000000</Keywords><TimeCreated SystemTime='2021-03-24T21:49:51.342881000Z'/><EventRecordID>5917619</EventRecordID><Correlation/><Execution ProcessID='2172' ThreadID='616'/><Channel>Microsoft-Windows-Sysmon/Operational</Channel><Computer>win-dc-792.attackrange.local</Computer><Security UserID='S-1-5-18'/></System><EventData><Data Name='RuleName'>-</Data><Data Name='UtcTime'>2021-03-24 21:49:51.342</Data><Data Name='SourceProcessGUID'>{896A638B-B8DD-6058-9202-00000000AE01}</Data><Data Name='SourceProcessId'>3632</Data><Data Name='SourceThreadId'>3472</Data><Data Name='SourceImage'>C:\Windows\system32\csrss.exe</Data><Data Name='TargetProcessGUID'>{896A638B-B3FF-605B-8069-00000000AE01}</Data><Data Name='TargetProcessId'>4236</Data><Data Name='TargetImage'>C:\Windows\system32\conhost.exe</Data><Data Name='GrantedAccess'>0x1fffff</Data><Data Name='CallTrace'>C:\Windows\SYSTEM32\ntdll.dll+a6c14|C:\Windows\SYSTEM32\CSRSRV.dll+1a30|C:\Windows\SYSTEM32\CSRSRV.dll+5c09|C:\Windows\SYSTEM32\ntdll.dll+5182f</Data></EventData></Event>
<Event xmlns='http://schemas.microsoft.com/win/2004/08/events/event'><System><Provider Name='Microsoft-Windows-Sysmon' Guid='{5770385F-C22A-43E0-BF4C-06F5698FFBD9}'/><EventID>10</EventID><Version>3</Version><Level>4</Level><Task>10</Task><Opcode>0</Opcode><Keywords>0x8000000000000000</Keywords><TimeCreated SystemTime='2021-03-24T21:49:51.341003400Z'/><EventRecordID>5917618</EventRecordID><Correlation/><Execution ProcessID='2172' ThreadID='616'/><Channel>Microsoft-Windows-Sysmon/Operational</Channel><Computer>win-dc-792.attackrange.local</Computer><Security UserID='S-1-5-18'/></System><EventData><Data Name='RuleName'>-</Data><Data Name='UtcTime'>2021-03-24 21:49:51.340</Data><Data Name='SourceProcessGUID'>{896A638B-B8DD-6058-9202-00000000AE01}</Data><Data Name='SourceProcessId'>3632</Data><Data Name='SourceThreadId'>4724</Data><Data Name='SourceImage'>C:\Windows\system32\csrss.exe</Data><Data Name='TargetProcessGUID'>{896A638B-B3FF-605B-7F69-00000000AE01}</Data><Data Name='TargetProcessId'>3440</Data><Data Name='TargetImage'>C:\Windows\System32\certutil.exe</Data><Data Name='GrantedAccess'>0x1fffff</Data><Data Name='CallTrace'>C:\Windows\SYSTEM32\ntdll.dll+a6c14|C:\Windows\SYSTEM32\CSRSRV.dll+1a30|C:\Windows\SYSTEM32\CSRSRV.dll+5c09|C:\Windows\SYSTEM32\ntdll.dll+5182f</Data></EventData></Event>
