<Event xmlns='http://schemas.microsoft.com/win/2004/08/events/event'><System><Provider Name='Microsoft-Windows-Sysmon' Guid='{5770385F-C22A-43E0-BF4C-06F5698FFBD9}'/><EventID>10</EventID><Version>3</Version><Level>4</Level><Task>10</Task><Opcode>0</Opcode><Keywords>0x8000000000000000</Keywords><TimeCreated SystemTime='2021-03-24T21:49:22.619775900Z'/><EventRecordID>5917181</EventRecordID><Correlation/><Execution ProcessID='2172' ThreadID='616'/><Channel>Microsoft-Windows-Sysmon/Operational</Channel><Computer>win-dc-792.attackrange.local</Computer><Security UserID='S-1-5-18'/></System><EventData><Data Name='RuleName'>-</Data><Data Name='UtcTime'>2021-03-24 21:49:22.618</Data><Data Name='SourceProcessGUID'>{896A638B-B5CA-6058-0C00-00000000AE01}</Data><Data Name='SourceProcessId'>824</Data><Data Name='SourceThreadId'>4284</Data><Data Name='SourceImage'>C:\Windows\system32\svchost.exe</Data><Data Name='TargetProcessGUID'>{896A638B-B5DB-6058-2C00-00000000AE01}</Data><Data Name='TargetProcessId'>2172</Data><Data Name='TargetImage'>C:\Windows\sysmon64.exe</Data><Data Name='GrantedAccess'>0x1400</Data><Data Name='CallTrace'>C:\Windows\SYSTEM32\ntdll.dll+a6084|C:\Windows\System32\KERNELBASE.dll+5eab4|c:\windows\system32\lsm.dll+fd18|C:\Windows\System32\RPCRT4.dll+78e23|C:\Windows\System32\RPCRT4.dll+d96bd|C:\Windows\System32\RPCRT4.dll+6194c|C:\Windows\System32\RPCRT4.dll+52bf4|C:\Windows\System32\RPCRT4.dll+51b0d|C:\Windows\System32\RPCRT4.dll+523bb|C:\Windows\System32\RPCRT4.dll+2469c|C:\Windows\System32\RPCRT4.dll+24b1c|C:\Windows\System32\RPCRT4.dll+111bc|C:\Windows\System32\RPCRT4.dll+12a1b|C:\Windows\System32\RPCRT4.dll+1e12a|C:\Windows\SYSTEM32\ntdll.dll+1d34e|C:\Windows\SYSTEM32\ntdll.dll+1ecb9|C:\Windows\System32\KERNEL32.DLL+84d4|C:\Windows\SYSTEM32\ntdll.dll+51821</Data></EventData></Event>
<Event xmlns='http://schemas.microsoft.com/win/2004/08/events/event'><System><Provider Name='Microsoft-Windows-Sysmon' Guid='{5770385F-C22A-43E0-BF4C-06F5698FFBD9}'/><EventID>10</EventID><Version>3</Version><Level>4</Level><Task>10</Task><Opcode>0</Opcode><Keywords>0x8000000000000000</Keywords><TimeCreated SystemTime='2021-03-24T21:49:22.619685000Z'/><EventRecordID>5917180</EventRecordID><Correlation/><Execution ProcessID='2172' ThreadID='616'/><Channel>Microsoft-Windows-Sysmon/Operational</Channel><Computer>win-dc-792.attackrange.local</Computer><Security UserID='S-1-5-18'/></System><EventData><Data Name='RuleName'>-</Data><Data Name='UtcTime'>2021-03-24 21:49:22.618</Data><Data Name='SourceProcessGUID'>{896A638B-B5CA-6058-0C00-00000000AE01}</Data><Data Name='SourceProcessId'>824</Data><Data Name='SourceThreadId'>4284</Data><Data Name='SourceImage'>C:\Windows\system32\svchost.exe</Data><Data Name='TargetProcessGUID'>{896A638B-B5DB-6058-2C00-00000000AE01}</Data><Data Name='TargetProcessId'>2172</Data><Data Name='TargetImage'>C:\Windows\sysmon64.exe</Data><Data Name='GrantedAccess'>0x1400</Data><Data Name='CallTrace'>C:\Windows\SYSTEM32\ntdll.dll+a6084|C:\Windows\System32\KERNELBASE.dll+5eab4|c:\windows\system32\lsm.dll+11aad|C:\Windows\System32\RPCRT4.dll+78e23|C:\Windows\System32\RPCRT4.dll+d96bd|C:\Windows\System32\RPCRT4.dll+6194c|C:\Windows\System32\RPCRT4.dll+52bf4|C:\Windows\System32\RPCRT4.dll+51b0d|C:\Windows\System32\RPCRT4.dll+523bb|C:\Windows\System32\RPCRT4.dll+2469c|C:\Windows\System32\RPCRT4.dll+24b1c|C:\Windows\System32\RPCRT4.dll+111bc|C:\Windows\System32\RPCRT4.dll+12a1b|C:\Windows\System32\RPCRT4.dll+1e12a|C:\Windows\SYSTEM32\ntdll.dll+1d34e|C:\Windows\SYSTEM32\ntdll.dll+1ecb9|C:\Windows\System32\KERNEL32.DLL+84d4|C:\Windows\SYSTEM32\ntdll.dll+51821</Data></EventData></Event>
<Event xmlns='http://schemas.microsoft.com/win/2004/08/events/event'><System><Provider Name='Microsoft-Windows-Sysmon' Guid='{5770385F-C22A-43E0-BF4C-06F5698FFBD9}'/><EventID>10</EventID><Version>3</Version><Level>4</Level><Task>10</Task><Opcode>0</Opcode><Keywords>0x8000000000000000</Keywords><TimeCreated SystemTime='2021-03-24T21:49:22.619586300Z'/><EventRecordID>5917179</EventRecordID><Correlation/><Execution ProcessID='2172' ThreadID='616'/><Channel>Microsoft-Windows-Sysmon/Operational</Channel><Computer>win-dc-792.attackrange.local</Computer><Security UserID='S-1-5-18'/></System><EventData><Data Name='RuleName'>-</Data><Data Name='UtcTime'>2021-03-24 21:49:22.617</Data><Data Name='SourceProcessGUID'>{896A638B-B5CA-6058-0C00-00000000AE01}</Data><Data Name='SourceProcessId'>824</Data><Data Name='SourceThreadId'>4284</Data><Data Name='SourceImage'>C:\Windows\system32\svchost.exe</Data><Data Name='TargetProcessGUID'>{896A638B-B5DB-6058-2C00-00000000AE01}</Data><Data Name='TargetProcessId'>2172</Data><Data Name='TargetImage'>C:\Windows\sysmon64.exe</Data><Data Name='GrantedAccess'>0x1400</Data><Data Name='CallTrace'>C:\Windows\SYSTEM32\ntdll.dll+a6084|C:\Windows\System32\KERNELBASE.dll+5eab4|c:\windows\system32\lsm.dll+11058|C:\Windows\System32\RPCRT4.dll+78e23|C:\Windows\System32\RPCRT4.dll+d96bd|C:\Windows\System32\RPCRT4.dll+6194c|C:\Windows\System32\RPCRT4.dll+52bf4|C:\Windows\System32\RPCRT4.dll+51b0d|C:\Windows\System32\RPCRT4.dll+523bb|C:\Windows\System32\RPCRT4.dll+2469c|C:\Windows\System32\RPCRT4.dll+24b1c|C:\Windows\System32\RPCRT4.dll+111bc|C:\Windows\System32\RPCRT4.dll+12a1b|C:\Windows\System32\RPCRT4.dll+1e12a|C:\Windows\SYSTEM32\ntdll.dll+1d34e|C:\Windows\SYSTEM32\ntdll.dll+1ecb9|C:\Windows\System32\KERNEL32.DLL+84d4|C:\Windows\SYSTEM32\ntdll.dll+51821</Data></EventData></Event>
<Event xmlns='http://schemas.microsoft.com/win/2004/08/events/event'><System><Provider Name='Microsoft-Windows-Sysmon' Guid='{5770385F-C22A-43E0-BF4C-06F5698FFBD9}'/><EventID>10</EventID><Version>3</Version><Level>4</Level><Task>10</Task><Opcode>0</Opcode><Keywords>0x8000000000000000</Keywords><TimeCreated SystemTime='2021-03-24T21:49:22.619472800Z'/><EventRecordID>5917178</EventRecordID><Correlation/><Execution ProcessID='2172' ThreadID='616'/><Channel>Microsoft-Windows-Sysmon/Operational</Channel><Computer>win-dc-792.attackrange.local</Computer><Security UserID='S-1-5-18'/></System><EventData><Data Name='RuleName'>-</Data><Data Name='UtcTime'>2021-03-24 21:49:22.617</Data><Data Name='SourceProcessGUID'>{896A638B-B5CA-6058-0C00-00000000AE01}</Data><Data Name='SourceProcessId'>824</Data><Data Name='SourceThreadId'>4284</Data><Data Name='SourceImage'>C:\Windows\system32\svchost.exe</Data><Data Name='TargetProcessGUID'>{896A638B-B5DB-6058-2C00-00000000AE01}</Data><Data Name='TargetProcessId'>2172</Data><Data Name='TargetImage'>C:\Windows\sysmon64.exe</Data><Data Name='GrantedAccess'>0x1400</Data><Data Name='CallTrace'>C:\Windows\SYSTEM32\ntdll.dll+a6084|C:\Windows\System32\KERNELBASE.dll+5eab4|c:\windows\system32\lsm.dll+12023|C:\Windows\System32\RPCRT4.dll+78e23|C:\Windows\System32\RPCRT4.dll+d96bd|C:\Windows\System32\RPCRT4.dll+6194c|C:\Windows\System32\RPCRT4.dll+52bf4|C:\Windows\System32\RPCRT4.dll+51b0d|C:\Windows\System32\RPCRT4.dll+523bb|C:\Windows\System32\RPCRT4.dll+2469c|C:\Windows\System32\RPCRT4.dll+24b1c|C:\Windows\System32\RPCRT4.dll+111bc|C:\Windows\System32\RPCRT4.dll+12a1b|C:\Windows\System32\RPCRT4.dll+1e12a|C:\Windows\SYSTEM32\ntdll.dll+1d34e|C:\Windows\SYSTEM32\ntdll.dll+1ecb9|C:\Windows\System32\KERNEL32.DLL+84d4|C:\Windows\SYSTEM32\ntdll.dll+51821</Data></EventData></Event>
<Event xmlns='http://schemas.microsoft.com/win/2004/08/events/event'><System><Provider Name='Microsoft-Windows-Sysmon' Guid='{5770385F-C22A-43E0-BF4C-06F5698FFBD9}'/><EventID>10</EventID><Version>3</Version><Level>4</Level><Task>10</Task><Opcode>0</Opcode><Keywords>0x8000000000000000</Keywords><TimeCreated SystemTime='2021-03-24T21:49:22.619367900Z'/><EventRecordID>5917177</EventRecordID><Correlation/><Execution ProcessID='2172' ThreadID='616'/><Channel>Microsoft-Windows-Sysmon/Operational</Channel><Computer>win-dc-792.attackrange.local</Computer><Security UserID='S-1-5-18'/></System><EventData><Data Name='RuleName'>-</Data><Data Name='UtcTime'>2021-03-24 21:49:22.617</Data><Data Name='SourceProcessGUID'>{896A638B-B8DD-6058-9202-00000000AE01}</Data><Data Name='SourceProcessId'>3632</Data><Data Name='SourceThreadId'>3472</Data><Data Name='SourceImage'>C:\Windows\system32\csrss.exe</Data><Data Name='TargetProcessGUID'>{896A638B-B3E2-605B-6C69-00000000AE01}</Data><Data Name='TargetProcessId'>6204</Data><Data Name='TargetImage'>C:\Windows\System32\WindowsPowerShell\v1.0\powershell.exe</Data><Data Name='GrantedAccess'>0x1fffff</Data><Data Name='CallTrace'>C:\Windows\SYSTEM32\ntdll.dll+a6084|C:\Windows\system32\basesrv.DLL+2f47|C:\Windows\SYSTEM32\CSRSRV.dll+5645|C:\Windows\SYSTEM32\ntdll.dll+5182f</Data></EventData></Event>
<Event xmlns='http://schemas.microsoft.com/win/2004/08/events/event'><System><Provider Name='Microsoft-Windows-Sysmon' Guid='{5770385F-C22A-43E0-BF4C-06F5698FFBD9}'/><EventID>10</EventID><Version>3</Version><Level>4</Level><Task>10</Task><Opcode>0</Opcode><Keywords>0x8000000000000000</Keywords><TimeCreated SystemTime='2021-03-24T21:49:22.619258200Z'/><EventRecordID>5917176</EventRecordID><Correlation/><Execution ProcessID='2172' ThreadID='616'/><Channel>Microsoft-Windows-Sysmon/Operational</Channel><Computer>win-dc-792.attackrange.local</Computer><Security UserID='S-1-5-18'/></System><EventData><Data Name='RuleName'>-</Data><Data Name='UtcTime'>2021-03-24 21:49:22.617</Data><Data Name='SourceProcessGUID'>{896A638B-FBAD-6058-BE11-00000000AE01}</Data><Data Name='SourceProcessId'>4492</Data><Data Name='SourceThreadId'>212</Data><Data Name='SourceImage'>C:\Windows\System32\WindowsPowerShell\v1.0\powershell.exe</Data><Data Name='TargetProcessGUID'>{896A638B-B3E2-605B-6C69-00000000AE01}</Data><Data Name='TargetProcessId'>6204</Data><Data Name='TargetImage'>C:\Windows\System32\WindowsPowerShell\v1.0\powershell.exe</Data><Data Name='GrantedAccess'>0x1fffff</Data><Data Name='CallTrace'>C:\Windows\SYSTEM32\ntdll.dll+a7354|C:\Windows\System32\KERNELBASE.dll+2b860|C:\Windows\System32\KERNELBASE.dll+6b246|C:\Windows\System32\KERNEL32.DLL+1c213|C:\Windows\assembly\NativeImages_v4.0.30319_64\Microsoft.Pae3498d9#\03d8559463173917309ec438a953ab13\Microsoft.PowerShell.Commands.Management.ni.dll+35ffe9(wow64)|C:\Windows\assembly\NativeImages_v4.0.30319_64\Microsoft.Pae3498d9#\03d8559463173917309ec438a953ab13\Microsoft.PowerShell.Commands.Management.ni.dll+35ffe9(wow64)|C:\Windows\assembly\NativeImages_v4.0.30319_64\Microsoft.Pae3498d9#\03d8559463173917309ec438a953ab13\Microsoft.PowerShell.Commands.Management.ni.dll+35ffe9(wow64)|C:\Windows\assembly\NativeImages_v4.0.30319_64\Microsoft.Pae3498d9#\03d8559463173917309ec438a953ab13\Microsoft.PowerShell.Commands.Management.ni.dll+35ffe9(wow64)|C:\Windows\assembly\NativeImages_v4.0.30319_64\System.Manaa57fc8cc#\d5c471afac895a838c8233aa52080857\System.Management.Automation.ni.dll+af3b2a0a(wow64)|C:\Windows\assembly\NativeImages_v4.0.30319_64\System.Manaa57fc8cc#\d5c471afac895a838c8233aa52080857\System.Management.Automation.ni.dll+af3b2871(wow64)|C:\Windows\assembly\NativeImages_v4.0.30319_64\System.Manaa57fc8cc#\d5c471afac895a838c8233aa52080857\System.Management.Automation.ni.dll+af43b9a2(wow64)|C:\Windows\assembly\NativeImages_v4.0.30319_64\System.Manaa57fc8cc#\d5c471afac895a838c8233aa52080857\System.Management.Automation.ni.dll+af3aaaf7(wow64)|C:\Windows\assembly\NativeImages_v4.0.30319_64\System.Manaa57fc8cc#\d5c471afac895a838c8233aa52080857\System.Management.Automation.ni.dll+afe7b349(wow64)|C:\Windows\assembly\NativeImages_v4.0.30319_64\System.Manaa57fc8cc#\d5c471afac895a838c8233aa52080857\System.Management.Automation.ni.dll+af37009f(wow64)|C:\Windows\assembly\NativeImages_v4.0.30319_64\System.Manaa57fc8cc#\d5c471afac895a838c8233aa52080857\System.Management.Automation.ni.dll+af3d3b11(wow64)|C:\Windows\assembly\NativeImages_v4.0.30319_64\System.Manaa57fc8cc#\d5c471afac895a838c8233aa52080857\System.Management.Automation.ni.dll+af3b5b20(wow64)|C:\Windows\assembly\NativeImages_v4.0.30319_64\System.Manaa57fc8cc#\d5c471afac895a838c8233aa52080857\System.Management.Automation.ni.dll+af3b5b20(wow64)|C:\Windows\assembly\NativeImages_v4.0.30319_64\System.Manaa57fc8cc#\d5c471afac895a838c8233aa52080857\System.Management.Automation.ni.dll+af3b5b20(wow64)|C:\Windows\assembly\NativeImages_v4.0.30319_64\System.Manaa57fc8cc#\d5c471afac895a838c8233aa52080857\System.Management.Automation.ni.dll+af3b5b20(wow64)|C:\Windows\assembly\NativeImages_v4.0.30319_64\System.Manaa57fc8cc#\d5c471afac895a838c8233aa52080857\System.Management.Automation.ni.dll+af3b5b20(wow64)|C:\Windows\assembly\NativeImages_v4.0.30319_64\System.Manaa57fc8cc#\d5c471afac895a838c8233aa52080857\System.Management.Automation.ni.dll+af3b5b20(wow64)|C:\Windows\assembly\NativeImages_v4.0.30319_64\System.Manaa57fc8cc#\d5c471afac895a838c8233aa52080857\System.Management.Automation.ni.dll+af3b59b1(wow64)|C:\Windows\assembly\NativeImages_v4.0.30319_64\System.Manaa57fc8cc#\d5c471afac895a838c8233aa52080857\System.Management.Automation.ni.dll+af3a66d1(wow64)|C:\Windows\assembly\NativeImages_v4.0.30319_64\System.Manaa57fc8cc#\d5c471afac895a838c8233aa52080857\System.Management.Automation.ni.dll+af3e2d74(wow64)</Data></EventData></Event>
<Event xmlns='http://schemas.microsoft.com/win/2004/08/events/event'><System><Provider Name='Microsoft-Windows-Sysmon' Guid='{5770385F-C22A-43E0-BF4C-06F5698FFBD9}'/><EventID>1</EventID><Version>5</Version><Level>4</Level><Task>1</Task><Opcode>0</Opcode><Keywords>0x8000000000000000</Keywords><TimeCreated SystemTime='2021-03-24T21:49:22.619115200Z'/><EventRecordID>5917175</EventRecordID><Correlation/><Execution ProcessID='2172' ThreadID='616'/><Channel>Microsoft-Windows-Sysmon/Operational</Channel><Computer>win-dc-792.attackrange.local</Computer><Security UserID='S-1-5-18'/></System><EventData><Data Name='RuleName'>-</Data><Data Name='UtcTime'>2021-03-24 21:49:22.603</Data><Data Name='ProcessGuid'>{896A638B-B3E2-605B-6C69-00000000AE01}</Data><Data Name='ProcessId'>6204</Data><Data Name='Image'>C:\Windows\System32\WindowsPowerShell\v1.0\powershell.exe</Data><Data Name='FileVersion'>10.0.14393.206 (rs1_release.160915-0644)</Data><Data Name='Description'>Windows PowerShell</Data><Data Name='Product'>Microsoft® Windows® Operating System</Data><Data Name='Company'>Microsoft Corporation</Data><Data Name='OriginalFileName'>PowerShell.EXE</Data><Data Name='CommandLine'>"C:\Windows\System32\WindowsPowerShell\v1.0\powershell.exe" &amp; {$datePath = \""certutil-$(Get-Date -format yyyy_MM_dd)\""
New-Item -Path $datePath -ItemType Directory
Set-Location $datePath
certutil -verifyctl -split -f https://raw.githubusercontent.com/redcanaryco/atomic-red-team/master/LICENSE.txt
Get-ChildItem | Where-Object {$_.Name -notlike \""*.txt\""} | Foreach-Object { Move-Item $_.Name -Destination Atomic-license.txt }} </Data><Data Name='CurrentDirectory'>C:\Users\ADMINI~1\AppData\Local\Temp\2\</Data><Data Name='User'>ATTACKRANGE\Administrator</Data><Data Name='LogonGuid'>{896A638B-B8E0-6058-1B64-190000000000}</Data><Data Name='LogonId'>0x19641b</Data><Data Name='TerminalSessionId'>2</Data><Data Name='IntegrityLevel'>High</Data><Data Name='Hashes'>MD5=097CE5761C89434367598B34FE32893B,SHA256=BA4038FD20E474C047BE8AAD5BFACDB1BFC1DDBE12F803F473B7918D8D819436,IMPHASH=CAEE994F79D85E47C06E5FA9CDEAE453</Data><Data Name='ParentProcessGuid'>{896A638B-FBAD-6058-BE11-00000000AE01}</Data><Data Name='ParentProcessId'>4492</Data><Data Name='ParentImage'>C:\Windows\System32\WindowsPowerShell\v1.0\powershell.exe</Data><Data Name='ParentCommandLine'>"C:\Windows\System32\WindowsPowerShell\v1.0\powershell.exe" </Data></EventData></Event>
<Event xmlns='http://schemas.microsoft.com/win/2004/08/events/event'><System><Provider Name='Microsoft-Windows-Sysmon' Guid='{5770385F-C22A-43E0-BF4C-06F5698FFBD9}'/><EventID>11</EventID><Version>2</Version><Level>4</Level><Task>11</Task><Opcode>0</Opcode><Keywords>0x8000000000000000</Keywords><TimeCreated SystemTime='2021-03-24T21:49:22.602796400Z'/><EventRecordID>5917174</EventRecordID><Correlation/><Execution ProcessID='2172' ThreadID='616'/><Channel>Microsoft-Windows-Sysmon/Operational</Channel><Computer>win-dc-792.attackrange.local</Computer><Security UserID='S-1-5-18'/></System><EventData><Data Name='RuleName'>-</Data><Data Name='UtcTime'>2021-03-24 21:49:22.602</Data><Data Name='ProcessGuid'>{896A638B-FBAD-6058-BE11-00000000AE01}</Data><Data Name='ProcessId'>4492</Data><Data Name='Image'>C:\Windows\System32\WindowsPowerShell\v1.0\powershell.exe</Data><Data Name='TargetFilename'>C:\Users\ADMINI~1\AppData\Local\Temp\2\art-err.txt</Data><Data Name='CreationUtcTime'>2021-03-24 21:49:22.186</Data></EventData></Event>
<Event xmlns='http://schemas.microsoft.com/win/2004/08/events/event'><System><Provider Name='Microsoft-Windows-Sysmon' Guid='{5770385F-C22A-43E0-BF4C-06F5698FFBD9}'/><EventID>11</EventID><Version>2</Version><Level>4</Level><Task>11</Task><Opcode>0</Opcode><Keywords>0x8000000000000000</Keywords><TimeCreated SystemTime='2021-03-24T21:49:22.601489900Z'/><EventRecordID>5917173</EventRecordID><Correlation/><Execution ProcessID='2172' ThreadID='616'/><Channel>Microsoft-Windows-Sysmon/Operational</Channel><Computer>win-dc-792.attackrange.local</Computer><Security UserID='S-1-5-18'/></System><EventData><Data Name='RuleName'>-</Data><Data Name='UtcTime'>2021-03-24 21:49:22.601</Data><Data Name='ProcessGuid'>{896A638B-FBAD-6058-BE11-00000000AE01}</Data><Data Name='ProcessId'>4492</Data><Data Name='Image'>C:\Windows\System32\WindowsPowerShell\v1.0\powershell.exe</Data><Data Name='TargetFilename'>C:\Users\ADMINI~1\AppData\Local\Temp\2\art-out.txt</Data><Data Name='CreationUtcTime'>2021-03-24 21:49:22.185</Data></EventData></Event>
<Event xmlns='http://schemas.microsoft.com/win/2004/08/events/event'><System><Provider Name='Microsoft-Windows-Sysmon' Guid='{5770385F-C22A-43E0-BF4C-06F5698FFBD9}'/><EventID>23</EventID><Version>5</Version><Level>4</Level><Task>23</Task><Opcode>0</Opcode><Keywords>0x8000000000000000</Keywords><TimeCreated SystemTime='2021-03-24T21:49:22.570765800Z'/><EventRecordID>5917172</EventRecordID><Correlation/><Execution ProcessID='2172' ThreadID='616'/><Channel>Microsoft-Windows-Sysmon/Operational</Channel><Computer>win-dc-792.attackrange.local</Computer><Security UserID='S-1-5-18'/></System><EventData><Data Name='RuleName'>-</Data><Data Name='UtcTime'>2021-03-24 21:49:22.570</Data><Data Name='ProcessGuid'>{896A638B-FBAD-6058-BE11-00000000AE01}</Data><Data Name='ProcessId'>4492</Data><Data Name='User'>ATTACKRANGE\Administrator</Data><Data Name='Image'>C:\Windows\System32\WindowsPowerShell\v1.0\powershell.exe</Data><Data Name='TargetFilename'>C:\Users\Administrator\AppData\Local\Temp\2\art-out.txt</Data><Data Name='Hashes'>MD5=2587AF3A6A14E9531EBB760E4A1061C1,SHA256=AF2610A2D5FA7095CA77B9E693902AB2C4520C551A46E8B73D892C0A254D592B,IMPHASH=00000000000000000000000000000000</Data><Data Name='IsExecutable'>false</Data><Data Name='Archived'>true</Data></EventData></Event>
<Event xmlns='http://schemas.microsoft.com/win/2004/08/events/event'><System><Provider Name='Microsoft-Windows-Sysmon' Guid='{5770385F-C22A-43E0-BF4C-06F5698FFBD9}'/><EventID>11</EventID><Version>2</Version><Level>4</Level><Task>11</Task><Opcode>0</Opcode><Keywords>0x8000000000000000</Keywords><TimeCreated SystemTime='2021-03-24T21:49:22.541643000Z'/><EventRecordID>5917171</EventRecordID><Correlation/><Execution ProcessID='2172' ThreadID='616'/><Channel>Microsoft-Windows-Sysmon/Operational</Channel><Computer>win-dc-792.attackrange.local</Computer><Security UserID='S-1-5-18'/></System><EventData><Data Name='RuleName'>-</Data><Data Name='UtcTime'>2021-03-24 21:49:22.541</Data><Data Name='ProcessGuid'>{896A638B-B3E2-605B-6B69-00000000AE01}</Data><Data Name='ProcessId'>2208</Data><Data Name='Image'>C:\Windows\system32\certutil.exe</Data><Data Name='TargetFilename'>C:\Users\ADMINI~1\AppData\Local\Temp\2\Atomic-license.txt</Data><Data Name='CreationUtcTime'>2021-03-23 13:43:55.516</Data></EventData></Event>
<Event xmlns='http://schemas.microsoft.com/win/2004/08/events/event'><System><Provider Name='Microsoft-Windows-Sysmon' Guid='{5770385F-C22A-43E0-BF4C-06F5698FFBD9}'/><EventID>23</EventID><Version>5</Version><Level>4</Level><Task>23</Task><Opcode>0</Opcode><Keywords>0x8000000000000000</Keywords><TimeCreated SystemTime='2021-03-24T21:49:22.541366100Z'/><EventRecordID>5917170</EventRecordID><Correlation/><Execution ProcessID='2172' ThreadID='616'/><Channel>Microsoft-Windows-Sysmon/Operational</Channel><Computer>win-dc-792.attackrange.local</Computer><Security UserID='S-1-5-18'/></System><EventData><Data Name='RuleName'>-</Data><Data Name='UtcTime'>2021-03-24 21:49:22.541</Data><Data Name='ProcessGuid'>{896A638B-B3E2-605B-6B69-00000000AE01}</Data><Data Name='ProcessId'>2208</Data><Data Name='User'>ATTACKRANGE\Administrator</Data><Data Name='Image'>C:\Windows\system32\certutil.exe</Data><Data Name='TargetFilename'>C:\Users\ADMINI~1\AppData\Local\Temp\2\Atomic-license.txt</Data><Data Name='Hashes'>MD5=DDA4F30CDD84D94A82586B61071F6AE3,SHA256=65AF6027045D23175366EAB50E460AB3EE7790E591CB84CC32C78AC63A4C90E1,IMPHASH=00000000000000000000000000000000</Data><Data Name='IsExecutable'>false</Data><Data Name='Archived'>true</Data></EventData></Event>
<Event xmlns='http://schemas.microsoft.com/win/2004/08/events/event'><System><Provider Name='Microsoft-Windows-Sysmon' Guid='{5770385F-C22A-43E0-BF4C-06F5698FFBD9}'/><EventID>23</EventID><Version>5</Version><Level>4</Level><Task>23</Task><Opcode>0</Opcode><Keywords>0x8000000000000000</Keywords><TimeCreated SystemTime='2021-03-24T21:49:22.540183300Z'/><EventRecordID>5917169</EventRecordID><Correlation/><Execution ProcessID='2172' ThreadID='616'/><Channel>Microsoft-Windows-Sysmon/Operational</Channel><Computer>win-dc-792.attackrange.local</Computer><Security UserID='S-1-5-18'/></System><EventData><Data Name='RuleName'>-</Data><Data Name='UtcTime'>2021-03-24 21:49:22.539</Data><Data Name='ProcessGuid'>{896A638B-B3E2-605B-6B69-00000000AE01}</Data><Data Name='ProcessId'>2208</Data><Data Name='User'>ATTACKRANGE\Administrator</Data><Data Name='Image'>C:\Windows\system32\certutil.exe</Data><Data Name='TargetFilename'>C:\Users\ADMINI~1\AppData\Local\Temp\2\2d2a313164ae3a724cc53b0c8e104dd6053f8402.key</Data><Data Name='Hashes'>MD5=DDA4F30CDD84D94A82586B61071F6AE3,SHA256=65AF6027045D23175366EAB50E460AB3EE7790E591CB84CC32C78AC63A4C90E1,IMPHASH=00000000000000000000000000000000</Data><Data Name='IsExecutable'>false</Data><Data Name='Archived'>true</Data></EventData></Event>
<Event xmlns='http://schemas.microsoft.com/win/2004/08/events/event'><System><Provider Name='Microsoft-Windows-Sysmon' Guid='{5770385F-C22A-43E0-BF4C-06F5698FFBD9}'/><EventID>10</EventID><Version>3</Version><Level>4</Level><Task>10</Task><Opcode>0</Opcode><Keywords>0x8000000000000000</Keywords><TimeCreated SystemTime='2021-03-24T21:49:22.477731400Z'/><EventRecordID>5917168</EventRecordID><Correlation/><Execution ProcessID='2172' ThreadID='616'/><Channel>Microsoft-Windows-Sysmon/Operational</Channel><Computer>win-dc-792.attackrange.local</Computer><Security UserID='S-1-5-18'/></System><EventData><Data Name='RuleName'>-</Data><Data Name='UtcTime'>2021-03-24 21:49:22.476</Data><Data Name='SourceProcessGUID'>{896A638B-B5CA-6058-0C00-00000000AE01}</Data><Data Name='SourceProcessId'>824</Data><Data Name='SourceThreadId'>4284</Data><Data Name='SourceImage'>C:\Windows\system32\svchost.exe</Data><Data Name='TargetProcessGUID'>{896A638B-B5CB-6058-1600-00000000AE01}</Data><Data Name='TargetProcessId'>1308</Data><Data Name='TargetImage'>C:\Windows\System32\svchost.exe</Data><Data Name='GrantedAccess'>0x1400</Data><Data Name='CallTrace'>C:\Windows\SYSTEM32\ntdll.dll+a6084|C:\Windows\System32\KERNELBASE.dll+5eab4|c:\windows\system32\lsm.dll+e9d6|c:\windows\system32\lsm.dll+d3ae|C:\Windows\System32\RPCRT4.dll+78e23|C:\Windows\System32\RPCRT4.dll+d96bd|C:\Windows\System32\RPCRT4.dll+6194c|C:\Windows\System32\RPCRT4.dll+52bf4|C:\Windows\System32\RPCRT4.dll+51b0d|C:\Windows\System32\RPCRT4.dll+523bb|C:\Windows\System32\RPCRT4.dll+2469c|C:\Windows\System32\RPCRT4.dll+24b1c|C:\Windows\System32\RPCRT4.dll+111bc|C:\Windows\System32\RPCRT4.dll+12a1b|C:\Windows\System32\RPCRT4.dll+1e12a|C:\Windows\SYSTEM32\ntdll.dll+1d34e|C:\Windows\SYSTEM32\ntdll.dll+1ecb9|C:\Windows\System32\KERNEL32.DLL+84d4|C:\Windows\SYSTEM32\ntdll.dll+51821</Data></EventData></Event>
<Event xmlns='http://schemas.microsoft.com/win/2004/08/events/event'><System><Provider Name='Microsoft-Windows-Sysmon' Guid='{5770385F-C22A-43E0-BF4C-06F5698FFBD9}'/><EventID>23</EventID><Version>5</Version><Level>4</Level><Task>23</Task><Opcode>0</Opcode><Keywords>0x8000000000000000</Keywords><TimeCreated SystemTime='2021-03-24T21:49:22.385881000Z'/><EventRecordID>5917167</EventRecordID><Correlation/><Execution ProcessID='2172' ThreadID='616'/><Channel>Microsoft-Windows-Sysmon/Operational</Channel><Computer>win-dc-792.attackrange.local</Computer><Security UserID='S-1-5-18'/></System><EventData><Data Name='RuleName'>-</Data><Data Name='UtcTime'>2021-03-24 21:49:22.385</Data><Data Name='ProcessGuid'>{896A638B-FDF2-6058-8212-00000000AE01}</Data><Data Name='ProcessId'>2788</Data><Data Name='User'>NT AUTHORITY\SYSTEM</Data><Data Name='Image'>C:\Program Files\SplunkUniversalForwarder\bin\splunk-winevtlog.exe</Data><Data Name='TargetFilename'>C:\Program Files\SplunkUniversalForwarder\var\lib\splunk\modinputs\WinEventLog\Microsoft-Windows-Sysmon_Operational</Data><Data Name='Hashes'>MD5=0703C918E4EFAC54C394F5380C09D956,SHA256=47141F86438C2620A96B95F57B38617A4278A40A8C8255A300D9A860828FF75C,IMPHASH=00000000000000000000000000000000</Data><Data Name='IsExecutable'>false</Data><Data Name='Archived'>true</Data></EventData></Event>
<Event xmlns='http://schemas.microsoft.com/win/2004/08/events/event'><System><Provider Name='Microsoft-Windows-Sysmon' Guid='{5770385F-C22A-43E0-BF4C-06F5698FFBD9}'/><EventID>23</EventID><Version>5</Version><Level>4</Level><Task>23</Task><Opcode>0</Opcode><Keywords>0x8000000000000000</Keywords><TimeCreated SystemTime='2021-03-24T21:49:22.377699700Z'/><EventRecordID>5917166</EventRecordID><Correlation/><Execution ProcessID='2172' ThreadID='616'/><Channel>Microsoft-Windows-Sysmon/Operational</Channel><Computer>win-dc-792.attackrange.local</Computer><Security UserID='S-1-5-18'/></System><EventData><Data Name='RuleName'>-</Data><Data Name='UtcTime'>2021-03-24 21:49:22.377</Data><Data Name='ProcessGuid'>{896A638B-FDF2-6058-8212-00000000AE01}</Data><Data Name='ProcessId'>2788</Data><Data Name='User'>NT AUTHORITY\SYSTEM</Data><Data Name='Image'>C:\Program Files\SplunkUniversalForwarder\bin\splunk-winevtlog.exe</Data><Data Name='TargetFilename'>C:\Program Files\SplunkUniversalForwarder\var\lib\splunk\modinputs\WinEventLog\Microsoft-Windows-PowerShell_Operational</Data><Data Name='Hashes'>MD5=7117333F08138BCBF9AEE88E09E4C269,SHA256=8A18A93FAB03BC83EC7E9B2C4C1CC4B07D459EC9F58591CC0B47C7F2F9942DCA,IMPHASH=00000000000000000000000000000000</Data><Data Name='IsExecutable'>false</Data><Data Name='Archived'>true</Data></EventData></Event>
<Event xmlns='http://schemas.microsoft.com/win/2004/08/events/event'><System><Provider Name='Microsoft-Windows-Sysmon' Guid='{5770385F-C22A-43E0-BF4C-06F5698FFBD9}'/><EventID>23</EventID><Version>5</Version><Level>4</Level><Task>23</Task><Opcode>0</Opcode><Keywords>0x8000000000000000</Keywords><TimeCreated SystemTime='2021-03-24T21:49:22.375433400Z'/><EventRecordID>5917165</EventRecordID><Correlation/><Execution ProcessID='2172' ThreadID='616'/><Channel>Microsoft-Windows-Sysmon/Operational</Channel><Computer>win-dc-792.attackrange.local</Computer><Security UserID='S-1-5-18'/></System><EventData><Data Name='RuleName'>-</Data><Data Name='UtcTime'>2021-03-24 21:49:22.375</Data><Data Name='ProcessGuid'>{896A638B-FDF2-6058-8212-00000000AE01}</Data><Data Name='ProcessId'>2788</Data><Data Name='User'>NT AUTHORITY\SYSTEM</Data><Data Name='Image'>C:\Program Files\SplunkUniversalForwarder\bin\splunk-winevtlog.exe</Data><Data Name='TargetFilename'>C:\Program Files\SplunkUniversalForwarder\var\lib\splunk\modinputs\WinEventLog\Microsoft-Windows-Sysmon_Operational</Data><Data Name='Hashes'>MD5=0EE8E478A1ECAF6452BFFF73F04D4EE7,SHA256=234683F1DC27D5AAB30C50DA971F620CD2331E077191FA61792C8F35B00D0A09,IMPHASH=00000000000000000000000000000000</Data><Data Name='IsExecutable'>false</Data><Data Name='Archived'>true</Data></EventData></Event>
<Event xmlns='http://schemas.microsoft.com/win/2004/08/events/event'><System><Provider Name='Microsoft-Windows-Sysmon' Guid='{5770385F-C22A-43E0-BF4C-06F5698FFBD9}'/><EventID>23</EventID><Version>5</Version><Level>4</Level><Task>23</Task><Opcode>0</Opcode><Keywords>0x8000000000000000</Keywords><TimeCreated SystemTime='2021-03-24T21:49:22.371623700Z'/><EventRecordID>5917164</EventRecordID><Correlation/><Execution ProcessID='2172' ThreadID='616'/><Channel>Microsoft-Windows-Sysmon/Operational</Channel><Computer>win-dc-792.attackrange.local</Computer><Security UserID='S-1-5-18'/></System><EventData><Data Name='RuleName'>-</Data><Data Name='UtcTime'>2021-03-24 21:49:22.371</Data><Data Name='ProcessGuid'>{896A638B-FDF2-6058-8212-00000000AE01}</Data><Data Name='ProcessId'>2788</Data><Data Name='User'>NT AUTHORITY\SYSTEM</Data><Data Name='Image'>C:\Program Files\SplunkUniversalForwarder\bin\splunk-winevtlog.exe</Data><Data Name='TargetFilename'>C:\Program Files\SplunkUniversalForwarder\var\lib\splunk\modinputs\WinEventLog\Security</Data><Data Name='Hashes'>MD5=CA1E258D664E53931546F612FE92ED29,SHA256=D262BF140F848ADF0165E21C868336651811B0F953F7088C888DDF88E48FAD19,IMPHASH=00000000000000000000000000000000</Data><Data Name='IsExecutable'>false</Data><Data Name='Archived'>true</Data></EventData></Event>
<Event xmlns='http://schemas.microsoft.com/win/2004/08/events/event'><System><Provider Name='Microsoft-Windows-Sysmon' Guid='{5770385F-C22A-43E0-BF4C-06F5698FFBD9}'/><EventID>10</EventID><Version>3</Version><Level>4</Level><Task>10</Task><Opcode>0</Opcode><Keywords>0x8000000000000000</Keywords><TimeCreated SystemTime='2021-03-24T21:49:22.276854200Z'/><EventRecordID>5917163</EventRecordID><Correlation/><Execution ProcessID='2172' ThreadID='616'/><Channel>Microsoft-Windows-Sysmon/Operational</Channel><Computer>win-dc-792.attackrange.local</Computer><Security UserID='S-1-5-18'/></System><EventData><Data Name='RuleName'>-</Data><Data Name='UtcTime'>2021-03-24 21:49:22.275</Data><Data Name='SourceProcessGUID'>{896A638B-B5CA-6058-0C00-00000000AE01}</Data><Data Name='SourceProcessId'>824</Data><Data Name='SourceThreadId'>4284</Data><Data Name='SourceImage'>C:\Windows\system32\svchost.exe</Data><Data Name='TargetProcessGUID'>{896A638B-B5C8-6058-0B00-00000000AE01}</Data><Data Name='TargetProcessId'>612</Data><Data Name='TargetImage'>C:\Windows\system32\lsass.exe</Data><Data Name='GrantedAccess'>0x1400</Data><Data Name='CallTrace'>C:\Windows\SYSTEM32\ntdll.dll+a6084|C:\Windows\System32\KERNELBASE.dll+5eab4|c:\windows\system32\lsm.dll+f86b|C:\Windows\System32\RPCRT4.dll+78e23|C:\Windows\System32\RPCRT4.dll+d96bd|C:\Windows\System32\RPCRT4.dll+6194c|C:\Windows\System32\RPCRT4.dll+52bf4|C:\Windows\System32\RPCRT4.dll+51b0d|C:\Windows\System32\RPCRT4.dll+523bb|C:\Windows\System32\RPCRT4.dll+2469c|C:\Windows\System32\RPCRT4.dll+24b1c|C:\Windows\System32\RPCRT4.dll+111bc|C:\Windows\System32\RPCRT4.dll+12a1b|C:\Windows\System32\RPCRT4.dll+1e12a|C:\Windows\SYSTEM32\ntdll.dll+1d34e|C:\Windows\SYSTEM32\ntdll.dll+1ecb9|C:\Windows\System32\KERNEL32.DLL+84d4|C:\Windows\SYSTEM32\ntdll.dll+51821</Data></EventData></Event>
<Event xmlns='http://schemas.microsoft.com/win/2004/08/events/event'><System><Provider Name='Microsoft-Windows-Sysmon' Guid='{5770385F-C22A-43E0-BF4C-06F5698FFBD9}'/><EventID>10</EventID><Version>3</Version><Level>4</Level><Task>10</Task><Opcode>0</Opcode><Keywords>0x8000000000000000</Keywords><TimeCreated SystemTime='2021-03-24T21:49:22.276581000Z'/><EventRecordID>5917162</EventRecordID><Correlation/><Execution ProcessID='2172' ThreadID='616'/><Channel>Microsoft-Windows-Sysmon/Operational</Channel><Computer>win-dc-792.attackrange.local</Computer><Security UserID='S-1-5-18'/></System><EventData><Data Name='RuleName'>-</Data><Data Name='UtcTime'>2021-03-24 21:49:22.275</Data><Data Name='SourceProcessGUID'>{896A638B-B5CA-6058-0C00-00000000AE01}</Data><Data Name='SourceProcessId'>824</Data><Data Name='SourceThreadId'>4284</Data><Data Name='SourceImage'>C:\Windows\system32\svchost.exe</Data><Data Name='TargetProcessGUID'>{896A638B-B5C8-6058-0B00-00000000AE01}</Data><Data Name='TargetProcessId'>612</Data><Data Name='TargetImage'>C:\Windows\system32\lsass.exe</Data><Data Name='GrantedAccess'>0x1400</Data><Data Name='CallTrace'>C:\Windows\SYSTEM32\ntdll.dll+a6084|C:\Windows\System32\KERNELBASE.dll+5eab4|c:\windows\system32\lsm.dll+f71b|C:\Windows\System32\RPCRT4.dll+78e23|C:\Windows\System32\RPCRT4.dll+d96bd|C:\Windows\System32\RPCRT4.dll+6194c|C:\Windows\System32\RPCRT4.dll+52bf4|C:\Windows\System32\RPCRT4.dll+51b0d|C:\Windows\System32\RPCRT4.dll+523bb|C:\Windows\System32\RPCRT4.dll+2469c|C:\Windows\System32\RPCRT4.dll+24b1c|C:\Windows\System32\RPCRT4.dll+111bc|C:\Windows\System32\RPCRT4.dll+12a1b|C:\Windows\System32\RPCRT4.dll+1e12a|C:\Windows\SYSTEM32\ntdll.dll+1d34e|C:\Windows\SYSTEM32\ntdll.dll+1ecb9|C:\Windows\System32\KERNEL32.DLL+84d4|C:\Windows\SYSTEM32\ntdll.dll+51821</Data></EventData></Event>
<Event xmlns='http://schemas.microsoft.com/win/2004/08/events/event'><System><Provider Name='Microsoft-Windows-Sysmon' Guid='{5770385F-C22A-43E0-BF4C-06F5698FFBD9}'/><EventID>10</EventID><Version>3</Version><Level>4</Level><Task>10</Task><Opcode>0</Opcode><Keywords>0x8000000000000000</Keywords><TimeCreated SystemTime='2021-03-24T21:49:22.275974000Z'/><EventRecordID>5917161</EventRecordID><Correlation/><Execution ProcessID='2172' ThreadID='616'/><Channel>Microsoft-Windows-Sysmon/Operational</Channel><Computer>win-dc-792.attackrange.local</Computer><Security UserID='S-1-5-18'/></System><EventData><Data Name='RuleName'>-</Data><Data Name='UtcTime'>2021-03-24 21:49:22.275</Data><Data Name='SourceProcessGUID'>{896A638B-B5C8-6058-0B00-00000000AE01}</Data><Data Name='SourceProcessId'>612</Data><Data Name='SourceThreadId'>8092</Data><Data Name='SourceImage'>C:\Windows\system32\lsass.exe</Data><Data Name='TargetProcessGUID'>{896A638B-B5C8-6058-0A00-00000000AE01}</Data><Data Name='TargetProcessId'>604</Data><Data Name='TargetImage'>C:\Windows\system32\services.exe</Data><Data Name='GrantedAccess'>0x1000</Data><Data Name='CallTrace'>C:\Windows\SYSTEM32\ntdll.dll+a6084|C:\Windows\system32\lsasrv.dll+1a18d|C:\Windows\system32\lsasrv.dll+2706b|C:\Windows\SYSTEM32\SspiSrv.dll+1467|C:\Windows\System32\RPCRT4.dll+78e23|C:\Windows\System32\RPCRT4.dll+d96bd|C:\Windows\System32\RPCRT4.dll+6194c|C:\Windows\System32\RPCRT4.dll+52bf4|C:\Windows\System32\RPCRT4.dll+51b0d|C:\Windows\System32\RPCRT4.dll+523bb|C:\Windows\System32\RPCRT4.dll+2469c|C:\Windows\System32\RPCRT4.dll+24b1c|C:\Windows\System32\RPCRT4.dll+111bc|C:\Windows\System32\RPCRT4.dll+12a1b|C:\Windows\System32\RPCRT4.dll+1e12a|C:\Windows\SYSTEM32\ntdll.dll+1d34e|C:\Windows\SYSTEM32\ntdll.dll+1ecb9|C:\Windows\System32\KERNEL32.DLL+84d4|C:\Windows\SYSTEM32\ntdll.dll+51821</Data></EventData></Event>
<Event xmlns='http://schemas.microsoft.com/win/2004/08/events/event'><System><Provider Name='Microsoft-Windows-Sysmon' Guid='{5770385F-C22A-43E0-BF4C-06F5698FFBD9}'/><EventID>10</EventID><Version>3</Version><Level>4</Level><Task>10</Task><Opcode>0</Opcode><Keywords>0x8000000000000000</Keywords><TimeCreated SystemTime='2021-03-24T21:49:22.273577000Z'/><EventRecordID>5917160</EventRecordID><Correlation/><Execution ProcessID='2172' ThreadID='616'/><Channel>Microsoft-Windows-Sysmon/Operational</Channel><Computer>win-dc-792.attackrange.local</Computer><Security UserID='S-1-5-18'/></System><EventData><Data Name='RuleName'>-</Data><Data Name='UtcTime'>2021-03-24 21:49:22.273</Data><Data Name='SourceProcessGUID'>{896A638B-B5C8-6058-0B00-00000000AE01}</Data><Data Name='SourceProcessId'>612</Data><Data Name='SourceThreadId'>8092</Data><Data Name='SourceImage'>C:\Windows\system32\lsass.exe</Data><Data Name='TargetProcessGUID'>{896A638B-B3E2-605B-6B69-00000000AE01}</Data><Data Name='TargetProcessId'>2208</Data><Data Name='TargetImage'>C:\Windows\system32\certutil.exe</Data><Data Name='GrantedAccess'>0x1478</Data><Data Name='CallTrace'>C:\Windows\SYSTEM32\ntdll.dll+a6084|C:\Windows\system32\lsasrv.dll+24c07|C:\Windows\system32\lsasrv.dll+25d4d|C:\Windows\system32\lsasrv.dll+24a85|C:\Windows\SYSTEM32\SspiSrv.dll+11a2|C:\Windows\System32\RPCRT4.dll+78e23|C:\Windows\System32\RPCRT4.dll+d96bd|C:\Windows\System32\RPCRT4.dll+6194c|C:\Windows\System32\RPCRT4.dll+52bf4|C:\Windows\System32\RPCRT4.dll+51b0d|C:\Windows\System32\RPCRT4.dll+523bb|C:\Windows\System32\RPCRT4.dll+2469c|C:\Windows\System32\RPCRT4.dll+24b1c|C:\Windows\System32\RPCRT4.dll+111bc|C:\Windows\System32\RPCRT4.dll+12a1b|C:\Windows\System32\RPCRT4.dll+1e12a|C:\Windows\SYSTEM32\ntdll.dll+1d34e|C:\Windows\SYSTEM32\ntdll.dll+1ecb9|C:\Windows\System32\KERNEL32.DLL+84d4|C:\Windows\SYSTEM32\ntdll.dll+51821</Data></EventData></Event>
<Event xmlns='http://schemas.microsoft.com/win/2004/08/events/event'><System><Provider Name='Microsoft-Windows-Sysmon' Guid='{5770385F-C22A-43E0-BF4C-06F5698FFBD9}'/><EventID>10</EventID><Version>3</Version><Level>4</Level><Task>10</Task><Opcode>0</Opcode><Keywords>0x8000000000000000</Keywords><TimeCreated SystemTime='2021-03-24T21:49:22.273452500Z'/><EventRecordID>5917159</EventRecordID><Correlation/><Execution ProcessID='2172' ThreadID='616'/><Channel>Microsoft-Windows-Sysmon/Operational</Channel><Computer>win-dc-792.attackrange.local</Computer><Security UserID='S-1-5-18'/></System><EventData><Data Name='RuleName'>-</Data><Data Name='UtcTime'>2021-03-24 21:49:22.273</Data><Data Name='SourceProcessGUID'>{896A638B-B5C8-6058-0B00-00000000AE01}</Data><Data Name='SourceProcessId'>612</Data><Data Name='SourceThreadId'>8092</Data><Data Name='SourceImage'>C:\Windows\system32\lsass.exe</Data><Data Name='TargetProcessGUID'>{896A638B-B3E2-605B-6B69-00000000AE01}</Data><Data Name='TargetProcessId'>2208</Data><Data Name='TargetImage'>C:\Windows\system32\certutil.exe</Data><Data Name='GrantedAccess'>0x1000</Data><Data Name='CallTrace'>C:\Windows\SYSTEM32\ntdll.dll+a6c14|C:\Windows\System32\RPCRT4.dll+4ab4f|C:\Windows\system32\lsasrv.dll+249cd|C:\Windows\SYSTEM32\SspiSrv.dll+11a2|C:\Windows\System32\RPCRT4.dll+78e23|C:\Windows\System32\RPCRT4.dll+d96bd|C:\Windows\System32\RPCRT4.dll+6194c|C:\Windows\System32\RPCRT4.dll+52bf4|C:\Windows\System32\RPCRT4.dll+51b0d|C:\Windows\System32\RPCRT4.dll+523bb|C:\Windows\System32\RPCRT4.dll+2469c|C:\Windows\System32\RPCRT4.dll+24b1c|C:\Windows\System32\RPCRT4.dll+111bc|C:\Windows\System32\RPCRT4.dll+12a1b|C:\Windows\System32\RPCRT4.dll+1e12a|C:\Windows\SYSTEM32\ntdll.dll+1d34e|C:\Windows\SYSTEM32\ntdll.dll+1ecb9|C:\Windows\System32\KERNEL32.DLL+84d4|C:\Windows\SYSTEM32\ntdll.dll+51821</Data></EventData></Event>
<Event xmlns='http://schemas.microsoft.com/win/2004/08/events/event'><System><Provider Name='Microsoft-Windows-Sysmon' Guid='{5770385F-C22A-43E0-BF4C-06F5698FFBD9}'/><EventID>10</EventID><Version>3</Version><Level>4</Level><Task>10</Task><Opcode>0</Opcode><Keywords>0x8000000000000000</Keywords><TimeCreated SystemTime='2021-03-24T21:49:22.255552600Z'/><EventRecordID>5917158</EventRecordID><Correlation/><Execution ProcessID='2172' ThreadID='616'/><Channel>Microsoft-Windows-Sysmon/Operational</Channel><Computer>win-dc-792.attackrange.local</Computer><Security UserID='S-1-5-18'/></System><EventData><Data Name='RuleName'>-</Data><Data Name='UtcTime'>2021-03-24 21:49:22.255</Data><Data Name='SourceProcessGUID'>{896A638B-B5CB-6058-1600-00000000AE01}</Data><Data Name='SourceProcessId'>1308</Data><Data Name='SourceThreadId'>7204</Data><Data Name='SourceImage'>C:\Windows\System32\svchost.exe</Data><Data Name='TargetProcessGUID'>{896A638B-B3E2-605B-6B69-00000000AE01}</Data><Data Name='TargetProcessId'>2208</Data><Data Name='TargetImage'>C:\Windows\system32\certutil.exe</Data><Data Name='GrantedAccess'>0x1400</Data><Data Name='CallTrace'>C:\Windows\SYSTEM32\ntdll.dll+a6084|c:\windows\system32\themeservice.dll+235b|c:\windows\system32\themeservice.dll+1ed0|c:\windows\system32\themeservice.dll+2006|C:\Windows\SYSTEM32\ntdll.dll+39d99|C:\Windows\SYSTEM32\ntdll.dll+1e88a|C:\Windows\System32\KERNEL32.DLL+84d4|C:\Windows\SYSTEM32\ntdll.dll+51821</Data></EventData></Event>
<Event xmlns='http://schemas.microsoft.com/win/2004/08/events/event'><System><Provider Name='Microsoft-Windows-Sysmon' Guid='{5770385F-C22A-43E0-BF4C-06F5698FFBD9}'/><EventID>10</EventID><Version>3</Version><Level>4</Level><Task>10</Task><Opcode>0</Opcode><Keywords>0x8000000000000000</Keywords><TimeCreated SystemTime='2021-03-24T21:49:22.255455100Z'/><EventRecordID>5917157</EventRecordID><Correlation/><Execution ProcessID='2172' ThreadID='616'/><Channel>Microsoft-Windows-Sysmon/Operational</Channel><Computer>win-dc-792.attackrange.local</Computer><Security UserID='S-1-5-18'/></System><EventData><Data Name='RuleName'>-</Data><Data Name='UtcTime'>2021-03-24 21:49:22.255</Data><Data Name='SourceProcessGUID'>{896A638B-B5CB-6058-1600-00000000AE01}</Data><Data Name='SourceProcessId'>1308</Data><Data Name='SourceThreadId'>1328</Data><Data Name='SourceImage'>C:\Windows\System32\svchost.exe</Data><Data Name='TargetProcessGUID'>{896A638B-B3E2-605B-6B69-00000000AE01}</Data><Data Name='TargetProcessId'>2208</Data><Data Name='TargetImage'>C:\Windows\system32\certutil.exe</Data><Data Name='GrantedAccess'>0x1478</Data><Data Name='CallTrace'>C:\Windows\SYSTEM32\ntdll.dll+a6084|c:\windows\system32\themeservice.dll+144a|c:\windows\system32\themeservice.dll+4175|c:\windows\system32\themeservice.dll+3379|c:\windows\system32\themeservice.dll+31a3|C:\Windows\System32\svchost.exe+1380|C:\Windows\System32\sechost.dll+14342|C:\Windows\System32\KERNEL32.DLL+84d4|C:\Windows\SYSTEM32\ntdll.dll+51821</Data></EventData></Event>
<Event xmlns='http://schemas.microsoft.com/win/2004/08/events/event'><System><Provider Name='Microsoft-Windows-Sysmon' Guid='{5770385F-C22A-43E0-BF4C-06F5698FFBD9}'/><EventID>10</EventID><Version>3</Version><Level>4</Level><Task>10</Task><Opcode>0</Opcode><Keywords>0x8000000000000000</Keywords><TimeCreated SystemTime='2021-03-24T21:49:22.224992500Z'/><EventRecordID>5917156</EventRecordID><Correlation/><Execution ProcessID='2172' ThreadID='616'/><Channel>Microsoft-Windows-Sysmon/Operational</Channel><Computer>win-dc-792.attackrange.local</Computer><Security UserID='S-1-5-18'/></System><EventData><Data Name='RuleName'>-</Data><Data Name='UtcTime'>2021-03-24 21:49:22.224</Data><Data Name='SourceProcessGUID'>{896A638B-FBAD-6058-BF11-00000000AE01}</Data><Data Name='SourceProcessId'>100</Data><Data Name='SourceThreadId'>32</Data><Data Name='SourceImage'>C:\Windows\system32\conhost.exe</Data><Data Name='TargetProcessGUID'>{896A638B-B3E2-605B-6B69-00000000AE01}</Data><Data Name='TargetProcessId'>2208</Data><Data Name='TargetImage'>C:\Windows\system32\certutil.exe</Data><Data Name='GrantedAccess'>0x1fffff</Data><Data Name='CallTrace'>C:\Windows\SYSTEM32\ntdll.dll+a6084|C:\Windows\SYSTEM32\ConhostV2.dll+5c07|C:\Windows\SYSTEM32\ConhostV2.dll+76ab|C:\Windows\SYSTEM32\ConhostV2.dll+a84c|C:\Windows\System32\KERNEL32.DLL+84d4|C:\Windows\SYSTEM32\ntdll.dll+51821</Data></EventData></Event>
<Event xmlns='http://schemas.microsoft.com/win/2004/08/events/event'><System><Provider Name='Microsoft-Windows-Sysmon' Guid='{5770385F-C22A-43E0-BF4C-06F5698FFBD9}'/><EventID>10</EventID><Version>3</Version><Level>4</Level><Task>10</Task><Opcode>0</Opcode><Keywords>0x8000000000000000</Keywords><TimeCreated SystemTime='2021-03-24T21:49:22.223907100Z'/><EventRecordID>5917155</EventRecordID><Correlation/><Execution ProcessID='2172' ThreadID='616'/><Channel>Microsoft-Windows-Sysmon/Operational</Channel><Computer>win-dc-792.attackrange.local</Computer><Security UserID='S-1-5-18'/></System><EventData><Data Name='RuleName'>-</Data><Data Name='UtcTime'>2021-03-24 21:49:22.222</Data><Data Name='SourceProcessGUID'>{896A638B-B5CA-6058-0C00-00000000AE01}</Data><Data Name='SourceProcessId'>824</Data><Data Name='SourceThreadId'>4284</Data><Data Name='SourceImage'>C:\Windows\system32\svchost.exe</Data><Data Name='TargetProcessGUID'>{896A638B-B5DB-6058-2C00-00000000AE01}</Data><Data Name='TargetProcessId'>2172</Data><Data Name='TargetImage'>C:\Windows\sysmon64.exe</Data><Data Name='GrantedAccess'>0x1400</Data><Data Name='CallTrace'>C:\Windows\SYSTEM32\ntdll.dll+a6084|C:\Windows\System32\KERNELBASE.dll+5eab4|c:\windows\system32\lsm.dll+fd18|C:\Windows\System32\RPCRT4.dll+78e23|C:\Windows\System32\RPCRT4.dll+d96bd|C:\Windows\System32\RPCRT4.dll+6194c|C:\Windows\System32\RPCRT4.dll+52bf4|C:\Windows\System32\RPCRT4.dll+51b0d|C:\Windows\System32\RPCRT4.dll+523bb|C:\Windows\System32\RPCRT4.dll+2469c|C:\Windows\System32\RPCRT4.dll+24b1c|C:\Windows\System32\RPCRT4.dll+111bc|C:\Windows\System32\RPCRT4.dll+12a1b|C:\Windows\System32\RPCRT4.dll+1e12a|C:\Windows\SYSTEM32\ntdll.dll+1d34e|C:\Windows\SYSTEM32\ntdll.dll+1ecb9|C:\Windows\System32\KERNEL32.DLL+84d4|C:\Windows\SYSTEM32\ntdll.dll+51821</Data></EventData></Event>
<Event xmlns='http://schemas.microsoft.com/win/2004/08/events/event'><System><Provider Name='Microsoft-Windows-Sysmon' Guid='{5770385F-C22A-43E0-BF4C-06F5698FFBD9}'/><EventID>10</EventID><Version>3</Version><Level>4</Level><Task>10</Task><Opcode>0</Opcode><Keywords>0x8000000000000000</Keywords><TimeCreated SystemTime='2021-03-24T21:49:22.223746600Z'/><EventRecordID>5917154</EventRecordID><Correlation/><Execution ProcessID='2172' ThreadID='616'/><Channel>Microsoft-Windows-Sysmon/Operational</Channel><Computer>win-dc-792.attackrange.local</Computer><Security UserID='S-1-5-18'/></System><EventData><Data Name='RuleName'>-</Data><Data Name='UtcTime'>2021-03-24 21:49:22.222</Data><Data Name='SourceProcessGUID'>{896A638B-B5CA-6058-0C00-00000000AE01}</Data><Data Name='SourceProcessId'>824</Data><Data Name='SourceThreadId'>4284</Data><Data Name='SourceImage'>C:\Windows\system32\svchost.exe</Data><Data Name='TargetProcessGUID'>{896A638B-B5DB-6058-2C00-00000000AE01}</Data><Data Name='TargetProcessId'>2172</Data><Data Name='TargetImage'>C:\Windows\sysmon64.exe</Data><Data Name='GrantedAccess'>0x1400</Data><Data Name='CallTrace'>C:\Windows\SYSTEM32\ntdll.dll+a6084|C:\Windows\System32\KERNELBASE.dll+5eab4|c:\windows\system32\lsm.dll+11aad|C:\Windows\System32\RPCRT4.dll+78e23|C:\Windows\System32\RPCRT4.dll+d96bd|C:\Windows\System32\RPCRT4.dll+6194c|C:\Windows\System32\RPCRT4.dll+52bf4|C:\Windows\System32\RPCRT4.dll+51b0d|C:\Windows\System32\RPCRT4.dll+523bb|C:\Windows\System32\RPCRT4.dll+2469c|C:\Windows\System32\RPCRT4.dll+24b1c|C:\Windows\System32\RPCRT4.dll+111bc|C:\Windows\System32\RPCRT4.dll+12a1b|C:\Windows\System32\RPCRT4.dll+1e12a|C:\Windows\SYSTEM32\ntdll.dll+1d34e|C:\Windows\SYSTEM32\ntdll.dll+1ecb9|C:\Windows\System32\KERNEL32.DLL+84d4|C:\Windows\SYSTEM32\ntdll.dll+51821</Data></EventData></Event>
<Event xmlns='http://schemas.microsoft.com/win/2004/08/events/event'><System><Provider Name='Microsoft-Windows-Sysmon' Guid='{5770385F-C22A-43E0-BF4C-06F5698FFBD9}'/><EventID>10</EventID><Version>3</Version><Level>4</Level><Task>10</Task><Opcode>0</Opcode><Keywords>0x8000000000000000</Keywords><TimeCreated SystemTime='2021-03-24T21:49:22.223594200Z'/><EventRecordID>5917153</EventRecordID><Correlation/><Execution ProcessID='2172' ThreadID='616'/><Channel>Microsoft-Windows-Sysmon/Operational</Channel><Computer>win-dc-792.attackrange.local</Computer><Security UserID='S-1-5-18'/></System><EventData><Data Name='RuleName'>-</Data><Data Name='UtcTime'>2021-03-24 21:49:22.221</Data><Data Name='SourceProcessGUID'>{896A638B-B5CA-6058-0C00-00000000AE01}</Data><Data Name='SourceProcessId'>824</Data><Data Name='SourceThreadId'>4284</Data><Data Name='SourceImage'>C:\Windows\system32\svchost.exe</Data><Data Name='TargetProcessGUID'>{896A638B-B5DB-6058-2C00-00000000AE01}</Data><Data Name='TargetProcessId'>2172</Data><Data Name='TargetImage'>C:\Windows\sysmon64.exe</Data><Data Name='GrantedAccess'>0x1400</Data><Data Name='CallTrace'>C:\Windows\SYSTEM32\ntdll.dll+a6084|C:\Windows\System32\KERNELBASE.dll+5eab4|c:\windows\system32\lsm.dll+11058|C:\Windows\System32\RPCRT4.dll+78e23|C:\Windows\System32\RPCRT4.dll+d96bd|C:\Windows\System32\RPCRT4.dll+6194c|C:\Windows\System32\RPCRT4.dll+52bf4|C:\Windows\System32\RPCRT4.dll+51b0d|C:\Windows\System32\RPCRT4.dll+523bb|C:\Windows\System32\RPCRT4.dll+2469c|C:\Windows\System32\RPCRT4.dll+24b1c|C:\Windows\System32\RPCRT4.dll+111bc|C:\Windows\System32\RPCRT4.dll+12a1b|C:\Windows\System32\RPCRT4.dll+1e12a|C:\Windows\SYSTEM32\ntdll.dll+1d34e|C:\Windows\SYSTEM32\ntdll.dll+1ecb9|C:\Windows\System32\KERNEL32.DLL+84d4|C:\Windows\SYSTEM32\ntdll.dll+51821</Data></EventData></Event>
