<Event xmlns='http://schemas.microsoft.com/win/2004/08/events/event'><System><Provider Name='Microsoft-Windows-Sysmon' Guid='{5770385F-C22A-43E0-BF4C-06F5698FFBD9}'/><EventID>1</EventID><Version>5</Version><Level>4</Level><Task>1</Task><Opcode>0</Opcode><Keywords>0x8000000000000000</Keywords><TimeCreated SystemTime='2020-11-03T15:51:15.892758800Z'/><EventRecordID>704</EventRecordID><Correlation/><Execution ProcessID='2152' ThreadID='3460'/><Channel>Microsoft-Windows-Sysmon/Operational</Channel><Computer>win-dc-807.attackrange.local</Computer><Security UserID='S-1-5-18'/></System><EventData><Data Name='RuleName'>-</Data><Data Name='UtcTime'>2020-11-03 15:50:58.304</Data><Data Name='ProcessGuid'>{D28789B6-7C62-5FA1-0500-000000008801}</Data><Data Name='ProcessId'>644</Data><Data Name='Image'>C:\Windows\System32\csrss.exe</Data><Data Name='FileVersion'>10.0.14393.2969 (rs1_release.190503-1820)</Data><Data Name='Description'>Client Server Runtime Process</Data><Data Name='Product'>Microsoft® Windows® Operating System</Data><Data Name='Company'>Microsoft Corporation</Data><Data Name='OriginalFileName'>CSRSS.Exe</Data><Data Name='CommandLine'>%%SystemRoot%%\system32\csrss.exe ObjectDirectory=\Windows SharedSection=1024,20480,768 Windows=On SubSystemType=Windows ServerDll=basesrv,1 ServerDll=winsrv:UserServerDllInitialization,3 ServerDll=sxssrv,4 ProfileControl=Off MaxRequestThreads=16</Data><Data Name='CurrentDirectory'>C:\Windows\system32\</Data><Data Name='User'>NT AUTHORITY\SYSTEM</Data><Data Name='LogonGuid'>{D28789B6-7C62-5FA1-E703-000000000000}</Data><Data Name='LogonId'>0x3e7</Data><Data Name='TerminalSessionId'>0</Data><Data Name='IntegrityLevel'>System</Data><Data Name='Hashes'>MD5=955E9227AA30A08B7465C109B863B886,SHA256=D896480BC8523FAD3AE152C81A2B572022C3778A34A6D85E089D150A68E9165E,IMPHASH=273BC9D936389D79244E6E56BE5096B6</Data><Data Name='ParentProcessGuid'>{D28789B6-7C62-5FA1-0400-000000008801}</Data><Data Name='ParentProcessId'>636</Data><Data Name='ParentImage'>C:\Windows\System32\smss.exe</Data><Data Name='ParentCommandLine'>\SystemRoot\System32\smss.exe 000000d4 0000007c </Data></EventData></Event>
<Event xmlns='http://schemas.microsoft.com/win/2004/08/events/event'><System><Provider Name='Microsoft-Windows-Sysmon' Guid='{5770385F-C22A-43E0-BF4C-06F5698FFBD9}'/><EventID>10</EventID><Version>3</Version><Level>4</Level><Task>10</Task><Opcode>0</Opcode><Keywords>0x8000000000000000</Keywords><TimeCreated SystemTime='2020-11-03T15:51:15.890306200Z'/><EventRecordID>703</EventRecordID><Correlation/><Execution ProcessID='2152' ThreadID='3460'/><Channel>Microsoft-Windows-Sysmon/Operational</Channel><Computer>win-dc-807.attackrange.local</Computer><Security UserID='S-1-5-18'/></System><EventData><Data Name='RuleName'>-</Data><Data Name='UtcTime'>2020-11-03 15:50:58.191</Data><Data Name='SourceProcessGUID'>{D28789B6-7C61-5FA1-0200-000000008801}</Data><Data Name='SourceProcessId'>448</Data><Data Name='SourceThreadId'>632</Data><Data Name='SourceImage'>C:\Windows\System32\smss.exe</Data><Data Name='TargetProcessGUID'>{00000000-0000-0000-0000-000000000000}</Data><Data Name='TargetProcessId'>636</Data><Data Name='TargetImage'>C:\Windows\System32\smss.exe</Data><Data Name='GrantedAccess'>0x101441</Data><Data Name='CallTrace'>C:\Windows\SYSTEM32\ntdll.dll+a6624|\SystemRoot\System32\smss.exe+3fee|\SystemRoot\System32\smss.exe+3b53|C:\Windows\SYSTEM32\ntdll.dll+1d3f1|C:\Windows\SYSTEM32\ntdll.dll+1ecb9|C:\Windows\SYSTEM32\ntdll.dll+5179f</Data></EventData></Event>
<Event xmlns='http://schemas.microsoft.com/win/2004/08/events/event'><System><Provider Name='Microsoft-Windows-Sysmon' Guid='{5770385F-C22A-43E0-BF4C-06F5698FFBD9}'/><EventID>10</EventID><Version>3</Version><Level>4</Level><Task>10</Task><Opcode>0</Opcode><Keywords>0x8000000000000000</Keywords><TimeCreated SystemTime='2020-11-03T15:51:15.890253800Z'/><EventRecordID>702</EventRecordID><Correlation/><Execution ProcessID='2152' ThreadID='3460'/><Channel>Microsoft-Windows-Sysmon/Operational</Channel><Computer>win-dc-807.attackrange.local</Computer><Security UserID='S-1-5-18'/></System><EventData><Data Name='RuleName'>-</Data><Data Name='UtcTime'>2020-11-03 15:50:58.191</Data><Data Name='SourceProcessGUID'>{D28789B6-7C61-5FA1-0200-000000008801}</Data><Data Name='SourceProcessId'>448</Data><Data Name='SourceThreadId'>632</Data><Data Name='SourceImage'>C:\Windows\System32\smss.exe</Data><Data Name='TargetProcessGUID'>{00000000-0000-0000-0000-000000000000}</Data><Data Name='TargetProcessId'>636</Data><Data Name='TargetImage'>C:\Windows\System32\smss.exe</Data><Data Name='GrantedAccess'>0x1fffff</Data><Data Name='CallTrace'>C:\Windows\SYSTEM32\ntdll.dll+a6d64|C:\Windows\SYSTEM32\ntdll.dll+8bf9e|C:\Windows\SYSTEM32\ntdll.dll+8bd49|\SystemRoot\System32\smss.exe+2795|\SystemRoot\System32\smss.exe+2042|\SystemRoot\System32\smss.exe+36ee|\SystemRoot\System32\smss.exe+c18e|C:\Windows\SYSTEM32\ntdll.dll+2063e|C:\Windows\SYSTEM32\ntdll.dll+1e854|C:\Windows\SYSTEM32\ntdll.dll+5179f</Data></EventData></Event>
<Event xmlns='http://schemas.microsoft.com/win/2004/08/events/event'><System><Provider Name='Microsoft-Windows-Sysmon' Guid='{5770385F-C22A-43E0-BF4C-06F5698FFBD9}'/><EventID>1</EventID><Version>5</Version><Level>4</Level><Task>1</Task><Opcode>0</Opcode><Keywords>0x8000000000000000</Keywords><TimeCreated SystemTime='2020-11-03T15:51:15.890147600Z'/><EventRecordID>701</EventRecordID><Correlation/><Execution ProcessID='2152' ThreadID='3460'/><Channel>Microsoft-Windows-Sysmon/Operational</Channel><Computer>win-dc-807.attackrange.local</Computer><Security UserID='S-1-5-18'/></System><EventData><Data Name='RuleName'>-</Data><Data Name='UtcTime'>2020-11-03 15:50:58.193</Data><Data Name='ProcessGuid'>{D28789B6-7C62-5FA1-0400-000000008801}</Data><Data Name='ProcessId'>636</Data><Data Name='Image'>C:\Windows\System32\smss.exe</Data><Data Name='FileVersion'>10.0.14393.2969 (rs1_release.190503-1820)</Data><Data Name='Description'>Windows Session Manager</Data><Data Name='Product'>Microsoft® Windows® Operating System</Data><Data Name='Company'>Microsoft Corporation</Data><Data Name='OriginalFileName'>smss.exe</Data><Data Name='CommandLine'>\SystemRoot\System32\smss.exe 000000d4 0000007c </Data><Data Name='CurrentDirectory'>C:\Windows\</Data><Data Name='User'>NT AUTHORITY\SYSTEM</Data><Data Name='LogonGuid'>{D28789B6-7C62-5FA1-E703-000000000000}</Data><Data Name='LogonId'>0x3e7</Data><Data Name='TerminalSessionId'>0</Data><Data Name='IntegrityLevel'>System</Data><Data Name='Hashes'>MD5=725EC50D4B0F607BF5B45B5E0115770B,SHA256=56881BCAEAC350107A6453F38F020FE0E284DBE2E8A6F37ED482985E0DD98EA7,IMPHASH=09DDECA5943933973FE7DDDD24ED724A</Data><Data Name='ParentProcessGuid'>{D28789B6-7C61-5FA1-0200-000000008801}</Data><Data Name='ParentProcessId'>448</Data><Data Name='ParentImage'>C:\Windows\System32\smss.exe</Data><Data Name='ParentCommandLine'>\SystemRoot\System32\smss.exe</Data></EventData></Event>
<Event xmlns='http://schemas.microsoft.com/win/2004/08/events/event'><System><Provider Name='Microsoft-Windows-Sysmon' Guid='{5770385F-C22A-43E0-BF4C-06F5698FFBD9}'/><EventID>10</EventID><Version>3</Version><Level>4</Level><Task>10</Task><Opcode>0</Opcode><Keywords>0x8000000000000000</Keywords><TimeCreated SystemTime='2020-11-03T15:51:15.862922800Z'/><EventRecordID>700</EventRecordID><Correlation/><Execution ProcessID='2152' ThreadID='3460'/><Channel>Microsoft-Windows-Sysmon/Operational</Channel><Computer>win-dc-807.attackrange.local</Computer><Security UserID='S-1-5-18'/></System><EventData><Data Name='RuleName'>-</Data><Data Name='UtcTime'>2020-11-03 15:50:57.597</Data><Data Name='SourceProcessGUID'>{D28789B6-7C61-5FA1-0200-000000008801}</Data><Data Name='SourceProcessId'>448</Data><Data Name='SourceThreadId'>452</Data><Data Name='SourceImage'>C:\Windows\System32\smss.exe</Data><Data Name='TargetProcessGUID'>{D28789B6-7C61-5FA1-0300-000000008801}</Data><Data Name='TargetProcessId'>588</Data><Data Name='TargetImage'>C:\Windows\system32\autochk.exe</Data><Data Name='GrantedAccess'>0x1fffff</Data><Data Name='CallTrace'>C:\Windows\SYSTEM32\ntdll.dll+a6d64|C:\Windows\SYSTEM32\ntdll.dll+8bf9e|C:\Windows\SYSTEM32\ntdll.dll+8bd49|\SystemRoot\System32\smss.exe+2795|\SystemRoot\System32\smss.exe+4f84|\SystemRoot\System32\smss.exe+20b6|\SystemRoot\System32\smss.exe+65b2|\SystemRoot\System32\smss.exe+a3bb|\SystemRoot\System32\smss.exe+1652|\SystemRoot\System32\smss.exe+130f|\SystemRoot\System32\smss.exe+1096|C:\Windows\SYSTEM32\ntdll.dll+5179f</Data></EventData></Event>
<Event xmlns='http://schemas.microsoft.com/win/2004/08/events/event'><System><Provider Name='Microsoft-Windows-Sysmon' Guid='{5770385F-C22A-43E0-BF4C-06F5698FFBD9}'/><EventID>1</EventID><Version>5</Version><Level>4</Level><Task>1</Task><Opcode>0</Opcode><Keywords>0x8000000000000000</Keywords><TimeCreated SystemTime='2020-11-03T15:51:15.862808600Z'/><EventRecordID>699</EventRecordID><Correlation/><Execution ProcessID='2152' ThreadID='3460'/><Channel>Microsoft-Windows-Sysmon/Operational</Channel><Computer>win-dc-807.attackrange.local</Computer><Security UserID='S-1-5-18'/></System><EventData><Data Name='RuleName'>-</Data><Data Name='UtcTime'>2020-11-03 15:50:57.590</Data><Data Name='ProcessGuid'>{D28789B6-7C61-5FA1-0300-000000008801}</Data><Data Name='ProcessId'>588</Data><Data Name='Image'>C:\Windows\System32\autochk.exe</Data><Data Name='FileVersion'>10.0.14393.3986 (rs1_release.201002-1707)</Data><Data Name='Description'>Auto Check Utility</Data><Data Name='Product'>Microsoft® Windows® Operating System</Data><Data Name='Company'>Microsoft Corporation</Data><Data Name='OriginalFileName'>AutoChk.Exe</Data><Data Name='CommandLine'>\??\C:\Windows\system32\autochk.exe /q /v *</Data><Data Name='CurrentDirectory'>C:\Windows\system32\</Data><Data Name='User'>NT AUTHORITY\SYSTEM</Data><Data Name='LogonGuid'>{D28789B6-7C62-5FA1-E703-000000000000}</Data><Data Name='LogonId'>0x3e7</Data><Data Name='TerminalSessionId'>0</Data><Data Name='IntegrityLevel'>System</Data><Data Name='Hashes'>MD5=A4B90BB5B90C9290CCC38C569D6A72FC,SHA256=E3B7D70BAC1761AEA740CC370486DD3484F570B8EFF75E08DD8AF8175AEE394C,IMPHASH=5F30E54B15CF4B4A5C756AEF16C9668F</Data><Data Name='ParentProcessGuid'>{D28789B6-7C61-5FA1-0200-000000008801}</Data><Data Name='ParentProcessId'>448</Data><Data Name='ParentImage'>C:\Windows\System32\smss.exe</Data><Data Name='ParentCommandLine'>\SystemRoot\System32\smss.exe</Data></EventData></Event>
<Event xmlns='http://schemas.microsoft.com/win/2004/08/events/event'><System><Provider Name='Microsoft-Windows-Sysmon' Guid='{5770385F-C22A-43E0-BF4C-06F5698FFBD9}'/><EventID>13</EventID><Version>2</Version><Level>4</Level><Task>13</Task><Opcode>0</Opcode><Keywords>0x8000000000000000</Keywords><TimeCreated SystemTime='2020-11-03T15:51:15.848993200Z'/><EventRecordID>698</EventRecordID><Correlation/><Execution ProcessID='2152' ThreadID='3460'/><Channel>Microsoft-Windows-Sysmon/Operational</Channel><Computer>win-dc-807.attackrange.local</Computer><Security UserID='S-1-5-18'/></System><EventData><Data Name='RuleName'>Context,DeviceConntectedOrUpdated</Data><Data Name='EventType'>SetValue</Data><Data Name='UtcTime'>2020-11-03 15:50:57.566</Data><Data Name='ProcessGuid'>{D28789B6-7C61-5FA1-0100-000000008801}</Data><Data Name='ProcessId'>4</Data><Data Name='Image'>System</Data><Data Name='TargetObject'>HKLM\System\CurrentControlSet\Enum\XENVIF\VEN_XS0001&amp;DEV_NET&amp;REV_0000000B\0\FriendlyName</Data><Data Name='Details'>AWS PV Network Device #0</Data></EventData></Event>
<Event xmlns='http://schemas.microsoft.com/win/2004/08/events/event'><System><Provider Name='Microsoft-Windows-Sysmon' Guid='{5770385F-C22A-43E0-BF4C-06F5698FFBD9}'/><EventID>4</EventID><Version>3</Version><Level>4</Level><Task>4</Task><Opcode>0</Opcode><Keywords>0x8000000000000000</Keywords><TimeCreated SystemTime='2020-11-03T15:51:15.807088600Z'/><EventRecordID>697</EventRecordID><Correlation/><Execution ProcessID='2152' ThreadID='3460'/><Channel>Microsoft-Windows-Sysmon/Operational</Channel><Computer>win-dc-807.attackrange.local</Computer><Security UserID='S-1-5-18'/></System><EventData><Data Name='UtcTime'>2020-11-03 15:51:15.800</Data><Data Name='State'>Started</Data><Data Name='Version'>12.01</Data><Data Name='SchemaVersion'>4.40</Data></EventData></Event>
<Event xmlns='http://schemas.microsoft.com/win/2004/08/events/event'><System><Provider Name='Microsoft-Windows-Sysmon' Guid='{5770385F-C22A-43E0-BF4C-06F5698FFBD9}'/><EventID>10</EventID><Version>3</Version><Level>4</Level><Task>10</Task><Opcode>0</Opcode><Keywords>0x8000000000000000</Keywords><TimeCreated SystemTime='2020-11-03T15:51:16.984930700Z'/><EventRecordID>1800</EventRecordID><Correlation/><Execution ProcessID='2152' ThreadID='3460'/><Channel>Microsoft-Windows-Sysmon/Operational</Channel><Computer>win-dc-807.attackrange.local</Computer><Security UserID='S-1-5-18'/></System><EventData><Data Name='RuleName'>-</Data><Data Name='UtcTime'>2020-11-03 15:51:16.973</Data><Data Name='SourceProcessGUID'>{D28789B6-7C64-5FA1-1000-000000008801}</Data><Data Name='SourceProcessId'>1144</Data><Data Name='SourceThreadId'>2392</Data><Data Name='SourceImage'>C:\Windows\system32\svchost.exe</Data><Data Name='TargetProcessGUID'>{D28789B6-7C74-5FA1-4800-000000008801}</Data><Data Name='TargetProcessId'>2436</Data><Data Name='TargetImage'>C:\Windows\system32\wbem\wmiprvse.exe</Data><Data Name='GrantedAccess'>0x101541</Data><Data Name='CallTrace'>C:\Windows\SYSTEM32\ntdll.dll+a5a94|C:\Windows\System32\KERNELBASE.dll+221bd|C:\Windows\system32\wbem\wmiprvsd.dll+20fee|C:\Windows\system32\wbem\wmiprvsd.dll+2dbe|C:\Windows\system32\wbem\wmiprvsd.dll+155e9|C:\Windows\system32\wbem\wmiprvsd.dll+1498a|C:\Windows\system32\wbem\wmiprvsd.dll+146e6|C:\Windows\system32\wbem\wmiprvsd.dll+140fe|C:\Windows\system32\wbem\wmiprvsd.dll+fa1f|C:\Windows\system32\wbem\wmiprvsd.dll+1351d|C:\Windows\system32\wbem\wmiprvsd.dll+127f4|C:\Windows\system32\wbem\wbemcore.dll+ced2|C:\Windows\system32\wbem\wbemcore.dll+d531|C:\Windows\system32\wbem\wbemcore.dll+104fe|C:\Windows\system32\wbem\wbemcore.dll+25435|C:\Windows\system32\wbem\wbemcore.dll+24a9a|C:\Windows\system32\wbem\wbemcore.dll+2485e|C:\Windows\system32\wbem\wbemcore.dll+dc51|C:\Windows\system32\wbem\wbemcore.dll+2cfdf|C:\Windows\system32\wbem\wbemcore.dll+22adf|C:\Windows\system32\wbem\wbemcore.dll+22a19|C:\Windows\system32\wbem\wbemcore.dll+21f5a|C:\Windows\system32\wbem\wbemcore.dll+22711|C:\Windows\system32\wbem\wbemcore.dll+2d78c</Data></EventData></Event>
<Event xmlns='http://schemas.microsoft.com/win/2004/08/events/event'><System><Provider Name='Microsoft-Windows-Sysmon' Guid='{5770385F-C22A-43E0-BF4C-06F5698FFBD9}'/><EventID>10</EventID><Version>3</Version><Level>4</Level><Task>10</Task><Opcode>0</Opcode><Keywords>0x8000000000000000</Keywords><TimeCreated SystemTime='2020-11-03T15:51:16.976355400Z'/><EventRecordID>1799</EventRecordID><Correlation/><Execution ProcessID='2152' ThreadID='3460'/><Channel>Microsoft-Windows-Sysmon/Operational</Channel><Computer>win-dc-807.attackrange.local</Computer><Security UserID='S-1-5-18'/></System><EventData><Data Name='RuleName'>-</Data><Data Name='UtcTime'>2020-11-03 15:51:16.973</Data><Data Name='SourceProcessGUID'>{D28789B6-7C64-5FA1-0C00-000000008801}</Data><Data Name='SourceProcessId'>608</Data><Data Name='SourceThreadId'>1076</Data><Data Name='SourceImage'>C:\Windows\system32\svchost.exe</Data><Data Name='TargetProcessGUID'>{D28789B6-7C74-5FA1-4800-000000008801}</Data><Data Name='TargetProcessId'>2436</Data><Data Name='TargetImage'>C:\Windows\system32\wbem\wmiprvse.exe</Data><Data Name='GrantedAccess'>0x1000</Data><Data Name='CallTrace'>C:\Windows\SYSTEM32\ntdll.dll+a5a94|C:\Windows\System32\KERNELBASE.dll+221bd|c:\windows\system32\rpcss.dll+5296|C:\Windows\System32\RPCRT4.dll+78603|C:\Windows\System32\RPCRT4.dll+2e43b|C:\Windows\System32\RPCRT4.dll+6213a|C:\Windows\System32\RPCRT4.dll+52734|C:\Windows\System32\RPCRT4.dll+5164d|C:\Windows\System32\RPCRT4.dll+51efb|C:\Windows\System32\RPCRT4.dll+2552c|C:\Windows\System32\RPCRT4.dll+259ac|C:\Windows\System32\RPCRT4.dll+1122c|C:\Windows\System32\RPCRT4.dll+12a8b|C:\Windows\System32\RPCRT4.dll+1efba|C:\Windows\SYSTEM32\ntdll.dll+1d34e|C:\Windows\SYSTEM32\ntdll.dll+1ecb9|C:\Windows\System32\KERNEL32.DLL+84d4|C:\Windows\SYSTEM32\ntdll.dll+51791</Data></EventData></Event>
<Event xmlns='http://schemas.microsoft.com/win/2004/08/events/event'><System><Provider Name='Microsoft-Windows-Sysmon' Guid='{5770385F-C22A-43E0-BF4C-06F5698FFBD9}'/><EventID>10</EventID><Version>3</Version><Level>4</Level><Task>10</Task><Opcode>0</Opcode><Keywords>0x8000000000000000</Keywords><TimeCreated SystemTime='2020-11-03T15:51:16.968655100Z'/><EventRecordID>1798</EventRecordID><Correlation/><Execution ProcessID='2152' ThreadID='3460'/><Channel>Microsoft-Windows-Sysmon/Operational</Channel><Computer>win-dc-807.attackrange.local</Computer><Security UserID='S-1-5-18'/></System><EventData><Data Name='RuleName'>-</Data><Data Name='UtcTime'>2020-11-03 15:51:16.956</Data><Data Name='SourceProcessGUID'>{D28789B6-7C62-5FA1-0500-000000008801}</Data><Data Name='SourceProcessId'>644</Data><Data Name='SourceThreadId'>660</Data><Data Name='SourceImage'>C:\Windows\system32\csrss.exe</Data><Data Name='TargetProcessGUID'>{D28789B6-7C74-5FA1-4800-000000008801}</Data><Data Name='TargetProcessId'>2436</Data><Data Name='TargetImage'>C:\Windows\system32\wbem\wmiprvse.exe</Data><Data Name='GrantedAccess'>0x1fffff</Data><Data Name='CallTrace'>C:\Windows\SYSTEM32\ntdll.dll+a5a94|C:\Windows\system32\basesrv.DLL+2f47|C:\Windows\SYSTEM32\CSRSRV.dll+5645|C:\Windows\SYSTEM32\ntdll.dll+5179f</Data></EventData></Event>
<Event xmlns='http://schemas.microsoft.com/win/2004/08/events/event'><System><Provider Name='Microsoft-Windows-Sysmon' Guid='{5770385F-C22A-43E0-BF4C-06F5698FFBD9}'/><EventID>10</EventID><Version>3</Version><Level>4</Level><Task>10</Task><Opcode>0</Opcode><Keywords>0x8000000000000000</Keywords><TimeCreated SystemTime='2020-11-03T15:51:16.968474900Z'/><EventRecordID>1797</EventRecordID><Correlation/><Execution ProcessID='2152' ThreadID='3460'/><Channel>Microsoft-Windows-Sysmon/Operational</Channel><Computer>win-dc-807.attackrange.local</Computer><Security UserID='S-1-5-18'/></System><EventData><Data Name='RuleName'>-</Data><Data Name='UtcTime'>2020-11-03 15:51:16.956</Data><Data Name='SourceProcessGUID'>{D28789B6-7C64-5FA1-0C00-000000008801}</Data><Data Name='SourceProcessId'>608</Data><Data Name='SourceThreadId'>1076</Data><Data Name='SourceImage'>C:\Windows\system32\svchost.exe</Data><Data Name='TargetProcessGUID'>{D28789B6-7C74-5FA1-4800-000000008801}</Data><Data Name='TargetProcessId'>2436</Data><Data Name='TargetImage'>C:\Windows\system32\wbem\wmiprvse.exe</Data><Data Name='GrantedAccess'>0x1fffff</Data><Data Name='CallTrace'>C:\Windows\SYSTEM32\ntdll.dll+a6d64|C:\Windows\System32\KERNELBASE.dll+2b860|C:\Windows\System32\KERNELBASE.dll+6f453|C:\Windows\System32\KERNEL32.DLL+1d37f|c:\windows\system32\rpcss.dll+35069|c:\windows\system32\rpcss.dll+3a852|C:\Windows\System32\RPCRT4.dll+78603|C:\Windows\System32\RPCRT4.dll+2e43b|C:\Windows\System32\RPCRT4.dll+6213a|C:\Windows\System32\RPCRT4.dll+52734|C:\Windows\System32\RPCRT4.dll+5164d|C:\Windows\System32\RPCRT4.dll+51efb|C:\Windows\System32\RPCRT4.dll+2552c|C:\Windows\System32\RPCRT4.dll+259ac|C:\Windows\System32\RPCRT4.dll+1122c|C:\Windows\System32\RPCRT4.dll+12a8b|C:\Windows\System32\RPCRT4.dll+1efba|C:\Windows\SYSTEM32\ntdll.dll+1d34e|C:\Windows\SYSTEM32\ntdll.dll+1ecb9|C:\Windows\System32\KERNEL32.DLL+84d4|C:\Windows\SYSTEM32\ntdll.dll+51791</Data></EventData></Event>
<Event xmlns='http://schemas.microsoft.com/win/2004/08/events/event'><System><Provider Name='Microsoft-Windows-Sysmon' Guid='{5770385F-C22A-43E0-BF4C-06F5698FFBD9}'/><EventID>10</EventID><Version>3</Version><Level>4</Level><Task>10</Task><Opcode>0</Opcode><Keywords>0x8000000000000000</Keywords><TimeCreated SystemTime='2020-11-03T15:51:16.942938400Z'/><EventRecordID>1796</EventRecordID><Correlation/><Execution ProcessID='2152' ThreadID='3460'/><Channel>Microsoft-Windows-Sysmon/Operational</Channel><Computer>win-dc-807.attackrange.local</Computer><Security UserID='S-1-5-18'/></System><EventData><Data Name='RuleName'>-</Data><Data Name='UtcTime'>2020-11-03 15:51:16.941</Data><Data Name='SourceProcessGUID'>{D28789B6-7C74-5FA1-3F00-000000008801}</Data><Data Name='SourceProcessId'>3956</Data><Data Name='SourceThreadId'>3976</Data><Data Name='SourceImage'>C:\Windows\system32\conhost.exe</Data><Data Name='TargetProcessGUID'>{D28789B6-7C74-5FA1-4700-000000008801}</Data><Data Name='TargetProcessId'>3244</Data><Data Name='TargetImage'>C:\Program Files\SplunkUniversalForwarder\bin\SplunkD.EXE</Data><Data Name='GrantedAccess'>0x1fffff</Data><Data Name='CallTrace'>C:\Windows\SYSTEM32\ntdll.dll+a5a94|C:\Windows\SYSTEM32\ConhostV2.dll+5c07|C:\Windows\SYSTEM32\ConhostV2.dll+76ab|C:\Windows\SYSTEM32\ConhostV2.dll+a84c|C:\Windows\System32\KERNEL32.DLL+84d4|C:\Windows\SYSTEM32\ntdll.dll+51791</Data></EventData></Event>
<Event xmlns='http://schemas.microsoft.com/win/2004/08/events/event'><System><Provider Name='Microsoft-Windows-Sysmon' Guid='{5770385F-C22A-43E0-BF4C-06F5698FFBD9}'/><EventID>10</EventID><Version>3</Version><Level>4</Level><Task>10</Task><Opcode>0</Opcode><Keywords>0x8000000000000000</Keywords><TimeCreated SystemTime='2020-11-03T15:51:16.942879900Z'/><EventRecordID>1795</EventRecordID><Correlation/><Execution ProcessID='2152' ThreadID='3460'/><Channel>Microsoft-Windows-Sysmon/Operational</Channel><Computer>win-dc-807.attackrange.local</Computer><Security UserID='S-1-5-18'/></System><EventData><Data Name='RuleName'>-</Data><Data Name='UtcTime'>2020-11-03 15:51:16.941</Data><Data Name='SourceProcessGUID'>{D28789B6-7C64-5FA1-0C00-000000008801}</Data><Data Name='SourceProcessId'>608</Data><Data Name='SourceThreadId'>1076</Data><Data Name='SourceImage'>C:\Windows\system32\svchost.exe</Data><Data Name='TargetProcessGUID'>{D28789B6-7C73-5FA1-2F00-000000008801}</Data><Data Name='TargetProcessId'>2152</Data><Data Name='TargetImage'>C:\Windows\sysmon64.exe</Data><Data Name='GrantedAccess'>0x1400</Data><Data Name='CallTrace'>C:\Windows\SYSTEM32\ntdll.dll+a5a94|C:\Windows\System32\KERNELBASE.dll+5eab4|c:\windows\system32\lsm.dll+e9d6|c:\windows\system32\lsm.dll+d3ae|C:\Windows\System32\RPCRT4.dll+78603|C:\Windows\System32\RPCRT4.dll+d96bd|C:\Windows\System32\RPCRT4.dll+610fc|C:\Windows\System32\RPCRT4.dll+52734|C:\Windows\System32\RPCRT4.dll+5164d|C:\Windows\System32\RPCRT4.dll+51efb|C:\Windows\System32\RPCRT4.dll+2552c|C:\Windows\System32\RPCRT4.dll+259ac|C:\Windows\System32\RPCRT4.dll+1122c|C:\Windows\System32\RPCRT4.dll+12a8b|C:\Windows\System32\RPCRT4.dll+1efba|C:\Windows\SYSTEM32\ntdll.dll+1d34e|C:\Windows\SYSTEM32\ntdll.dll+1ecb9|C:\Windows\System32\KERNEL32.DLL+84d4|C:\Windows\SYSTEM32\ntdll.dll+51791</Data></EventData></Event>
<Event xmlns='http://schemas.microsoft.com/win/2004/08/events/event'><System><Provider Name='Microsoft-Windows-Sysmon' Guid='{5770385F-C22A-43E0-BF4C-06F5698FFBD9}'/><EventID>10</EventID><Version>3</Version><Level>4</Level><Task>10</Task><Opcode>0</Opcode><Keywords>0x8000000000000000</Keywords><TimeCreated SystemTime='2020-11-03T15:51:16.942819600Z'/><EventRecordID>1794</EventRecordID><Correlation/><Execution ProcessID='2152' ThreadID='3460'/><Channel>Microsoft-Windows-Sysmon/Operational</Channel><Computer>win-dc-807.attackrange.local</Computer><Security UserID='S-1-5-18'/></System><EventData><Data Name='RuleName'>-</Data><Data Name='UtcTime'>2020-11-03 15:51:16.941</Data><Data Name='SourceProcessGUID'>{D28789B6-7C64-5FA1-0C00-000000008801}</Data><Data Name='SourceProcessId'>608</Data><Data Name='SourceThreadId'>1076</Data><Data Name='SourceImage'>C:\Windows\system32\svchost.exe</Data><Data Name='TargetProcessGUID'>{D28789B6-7C73-5FA1-2F00-000000008801}</Data><Data Name='TargetProcessId'>2152</Data><Data Name='TargetImage'>C:\Windows\sysmon64.exe</Data><Data Name='GrantedAccess'>0x1400</Data><Data Name='CallTrace'>C:\Windows\SYSTEM32\ntdll.dll+a5a94|C:\Windows\System32\KERNELBASE.dll+5eab4|c:\windows\system32\lsm.dll+11aad|C:\Windows\System32\RPCRT4.dll+78603|C:\Windows\System32\RPCRT4.dll+d96bd|C:\Windows\System32\RPCRT4.dll+610fc|C:\Windows\System32\RPCRT4.dll+52734|C:\Windows\System32\RPCRT4.dll+5164d|C:\Windows\System32\RPCRT4.dll+51efb|C:\Windows\System32\RPCRT4.dll+2552c|C:\Windows\System32\RPCRT4.dll+259ac|C:\Windows\System32\RPCRT4.dll+1122c|C:\Windows\System32\RPCRT4.dll+12a8b|C:\Windows\System32\RPCRT4.dll+1efba|C:\Windows\SYSTEM32\ntdll.dll+1d34e|C:\Windows\SYSTEM32\ntdll.dll+1ecb9|C:\Windows\System32\KERNEL32.DLL+84d4|C:\Windows\SYSTEM32\ntdll.dll+51791</Data></EventData></Event>
<Event xmlns='http://schemas.microsoft.com/win/2004/08/events/event'><System><Provider Name='Microsoft-Windows-Sysmon' Guid='{5770385F-C22A-43E0-BF4C-06F5698FFBD9}'/><EventID>10</EventID><Version>3</Version><Level>4</Level><Task>10</Task><Opcode>0</Opcode><Keywords>0x8000000000000000</Keywords><TimeCreated SystemTime='2020-11-03T15:51:16.942759800Z'/><EventRecordID>1793</EventRecordID><Correlation/><Execution ProcessID='2152' ThreadID='3460'/><Channel>Microsoft-Windows-Sysmon/Operational</Channel><Computer>win-dc-807.attackrange.local</Computer><Security UserID='S-1-5-18'/></System><EventData><Data Name='RuleName'>-</Data><Data Name='UtcTime'>2020-11-03 15:51:16.941</Data><Data Name='SourceProcessGUID'>{D28789B6-7C64-5FA1-0C00-000000008801}</Data><Data Name='SourceProcessId'>608</Data><Data Name='SourceThreadId'>1076</Data><Data Name='SourceImage'>C:\Windows\system32\svchost.exe</Data><Data Name='TargetProcessGUID'>{D28789B6-7C73-5FA1-2F00-000000008801}</Data><Data Name='TargetProcessId'>2152</Data><Data Name='TargetImage'>C:\Windows\sysmon64.exe</Data><Data Name='GrantedAccess'>0x1400</Data><Data Name='CallTrace'>C:\Windows\SYSTEM32\ntdll.dll+a5a94|C:\Windows\System32\KERNELBASE.dll+5eab4|c:\windows\system32\lsm.dll+11058|C:\Windows\System32\RPCRT4.dll+78603|C:\Windows\System32\RPCRT4.dll+d96bd|C:\Windows\System32\RPCRT4.dll+610fc|C:\Windows\System32\RPCRT4.dll+52734|C:\Windows\System32\RPCRT4.dll+5164d|C:\Windows\System32\RPCRT4.dll+51efb|C:\Windows\System32\RPCRT4.dll+2552c|C:\Windows\System32\RPCRT4.dll+259ac|C:\Windows\System32\RPCRT4.dll+1122c|C:\Windows\System32\RPCRT4.dll+12a8b|C:\Windows\System32\RPCRT4.dll+1efba|C:\Windows\SYSTEM32\ntdll.dll+1d34e|C:\Windows\SYSTEM32\ntdll.dll+1ecb9|C:\Windows\System32\KERNEL32.DLL+84d4|C:\Windows\SYSTEM32\ntdll.dll+51791</Data></EventData></Event>
<Event xmlns='http://schemas.microsoft.com/win/2004/08/events/event'><System><Provider Name='Microsoft-Windows-Sysmon' Guid='{5770385F-C22A-43E0-BF4C-06F5698FFBD9}'/><EventID>10</EventID><Version>3</Version><Level>4</Level><Task>10</Task><Opcode>0</Opcode><Keywords>0x8000000000000000</Keywords><TimeCreated SystemTime='2020-11-03T15:51:16.942700300Z'/><EventRecordID>1792</EventRecordID><Correlation/><Execution ProcessID='2152' ThreadID='3460'/><Channel>Microsoft-Windows-Sysmon/Operational</Channel><Computer>win-dc-807.attackrange.local</Computer><Security UserID='S-1-5-18'/></System><EventData><Data Name='RuleName'>-</Data><Data Name='UtcTime'>2020-11-03 15:51:16.941</Data><Data Name='SourceProcessGUID'>{D28789B6-7C64-5FA1-0C00-000000008801}</Data><Data Name='SourceProcessId'>608</Data><Data Name='SourceThreadId'>1076</Data><Data Name='SourceImage'>C:\Windows\system32\svchost.exe</Data><Data Name='TargetProcessGUID'>{D28789B6-7C73-5FA1-2F00-000000008801}</Data><Data Name='TargetProcessId'>2152</Data><Data Name='TargetImage'>C:\Windows\sysmon64.exe</Data><Data Name='GrantedAccess'>0x1400</Data><Data Name='CallTrace'>C:\Windows\SYSTEM32\ntdll.dll+a5a94|C:\Windows\System32\KERNELBASE.dll+5eab4|c:\windows\system32\lsm.dll+12023|C:\Windows\System32\RPCRT4.dll+78603|C:\Windows\System32\RPCRT4.dll+d96bd|C:\Windows\System32\RPCRT4.dll+610fc|C:\Windows\System32\RPCRT4.dll+52734|C:\Windows\System32\RPCRT4.dll+5164d|C:\Windows\System32\RPCRT4.dll+51efb|C:\Windows\System32\RPCRT4.dll+2552c|C:\Windows\System32\RPCRT4.dll+259ac|C:\Windows\System32\RPCRT4.dll+1122c|C:\Windows\System32\RPCRT4.dll+12a8b|C:\Windows\System32\RPCRT4.dll+1efba|C:\Windows\SYSTEM32\ntdll.dll+1d34e|C:\Windows\SYSTEM32\ntdll.dll+1ecb9|C:\Windows\System32\KERNEL32.DLL+84d4|C:\Windows\SYSTEM32\ntdll.dll+51791</Data></EventData></Event>
<Event xmlns='http://schemas.microsoft.com/win/2004/08/events/event'><System><Provider Name='Microsoft-Windows-Sysmon' Guid='{5770385F-C22A-43E0-BF4C-06F5698FFBD9}'/><EventID>10</EventID><Version>3</Version><Level>4</Level><Task>10</Task><Opcode>0</Opcode><Keywords>0x8000000000000000</Keywords><TimeCreated SystemTime='2020-11-03T15:51:16.942640900Z'/><EventRecordID>1791</EventRecordID><Correlation/><Execution ProcessID='2152' ThreadID='3460'/><Channel>Microsoft-Windows-Sysmon/Operational</Channel><Computer>win-dc-807.attackrange.local</Computer><Security UserID='S-1-5-18'/></System><EventData><Data Name='RuleName'>-</Data><Data Name='UtcTime'>2020-11-03 15:51:16.925</Data><Data Name='SourceProcessGUID'>{D28789B6-7C64-5FA1-0C00-000000008801}</Data><Data Name='SourceProcessId'>608</Data><Data Name='SourceThreadId'>1076</Data><Data Name='SourceImage'>C:\Windows\system32\svchost.exe</Data><Data Name='TargetProcessGUID'>{D28789B6-7C73-5FA1-2F00-000000008801}</Data><Data Name='TargetProcessId'>2152</Data><Data Name='TargetImage'>C:\Windows\sysmon64.exe</Data><Data Name='GrantedAccess'>0x1400</Data><Data Name='CallTrace'>C:\Windows\SYSTEM32\ntdll.dll+a5a94|C:\Windows\System32\KERNELBASE.dll+5eab4|c:\windows\system32\lsm.dll+e9d6|c:\windows\system32\lsm.dll+8fc1|c:\windows\system32\lsm.dll+8eb0|C:\Windows\System32\RPCRT4.dll+78603|C:\Windows\System32\RPCRT4.dll+d96bd|C:\Windows\System32\RPCRT4.dll+610fc|C:\Windows\System32\RPCRT4.dll+52734|C:\Windows\System32\RPCRT4.dll+5164d|C:\Windows\System32\RPCRT4.dll+51efb|C:\Windows\System32\RPCRT4.dll+2552c|C:\Windows\System32\RPCRT4.dll+259ac|C:\Windows\System32\RPCRT4.dll+1122c|C:\Windows\System32\RPCRT4.dll+12a8b|C:\Windows\System32\RPCRT4.dll+1efba|C:\Windows\SYSTEM32\ntdll.dll+1d34e|C:\Windows\SYSTEM32\ntdll.dll+1ecb9|C:\Windows\System32\KERNEL32.DLL+84d4|C:\Windows\SYSTEM32\ntdll.dll+51791</Data></EventData></Event>
<Event xmlns='http://schemas.microsoft.com/win/2004/08/events/event'><System><Provider Name='Microsoft-Windows-Sysmon' Guid='{5770385F-C22A-43E0-BF4C-06F5698FFBD9}'/><EventID>10</EventID><Version>3</Version><Level>4</Level><Task>10</Task><Opcode>0</Opcode><Keywords>0x8000000000000000</Keywords><TimeCreated SystemTime='2020-11-03T15:51:16.942578300Z'/><EventRecordID>1790</EventRecordID><Correlation/><Execution ProcessID='2152' ThreadID='3460'/><Channel>Microsoft-Windows-Sysmon/Operational</Channel><Computer>win-dc-807.attackrange.local</Computer><Security UserID='S-1-5-18'/></System><EventData><Data Name='RuleName'>-</Data><Data Name='UtcTime'>2020-11-03 15:51:16.925</Data><Data Name='SourceProcessGUID'>{D28789B6-7C64-5FA1-0C00-000000008801}</Data><Data Name='SourceProcessId'>608</Data><Data Name='SourceThreadId'>1076</Data><Data Name='SourceImage'>C:\Windows\system32\svchost.exe</Data><Data Name='TargetProcessGUID'>{D28789B6-7C73-5FA1-2F00-000000008801}</Data><Data Name='TargetProcessId'>2152</Data><Data Name='TargetImage'>C:\Windows\sysmon64.exe</Data><Data Name='GrantedAccess'>0x1400</Data><Data Name='CallTrace'>C:\Windows\SYSTEM32\ntdll.dll+a5a94|C:\Windows\System32\KERNELBASE.dll+5eab4|c:\windows\system32\lsm.dll+e9d6|c:\windows\system32\lsm.dll+8e6f|C:\Windows\System32\RPCRT4.dll+78603|C:\Windows\System32\RPCRT4.dll+d96bd|C:\Windows\System32\RPCRT4.dll+610fc|C:\Windows\System32\RPCRT4.dll+52734|C:\Windows\System32\RPCRT4.dll+5164d|C:\Windows\System32\RPCRT4.dll+51efb|C:\Windows\System32\RPCRT4.dll+2552c|C:\Windows\System32\RPCRT4.dll+259ac|C:\Windows\System32\RPCRT4.dll+1122c|C:\Windows\System32\RPCRT4.dll+12a8b|C:\Windows\System32\RPCRT4.dll+1efba|C:\Windows\SYSTEM32\ntdll.dll+1d34e|C:\Windows\SYSTEM32\ntdll.dll+1ecb9|C:\Windows\System32\KERNEL32.DLL+84d4|C:\Windows\SYSTEM32\ntdll.dll+51791</Data></EventData></Event>
<Event xmlns='http://schemas.microsoft.com/win/2004/08/events/event'><System><Provider Name='Microsoft-Windows-Sysmon' Guid='{5770385F-C22A-43E0-BF4C-06F5698FFBD9}'/><EventID>10</EventID><Version>3</Version><Level>4</Level><Task>10</Task><Opcode>0</Opcode><Keywords>0x8000000000000000</Keywords><TimeCreated SystemTime='2020-11-03T15:51:16.942516500Z'/><EventRecordID>1789</EventRecordID><Correlation/><Execution ProcessID='2152' ThreadID='3460'/><Channel>Microsoft-Windows-Sysmon/Operational</Channel><Computer>win-dc-807.attackrange.local</Computer><Security UserID='S-1-5-18'/></System><EventData><Data Name='RuleName'>-</Data><Data Name='UtcTime'>2020-11-03 15:51:16.925</Data><Data Name='SourceProcessGUID'>{D28789B6-7C64-5FA1-0C00-000000008801}</Data><Data Name='SourceProcessId'>608</Data><Data Name='SourceThreadId'>1076</Data><Data Name='SourceImage'>C:\Windows\system32\svchost.exe</Data><Data Name='TargetProcessGUID'>{D28789B6-7C73-5FA1-2F00-000000008801}</Data><Data Name='TargetProcessId'>2152</Data><Data Name='TargetImage'>C:\Windows\sysmon64.exe</Data><Data Name='GrantedAccess'>0x1400</Data><Data Name='CallTrace'>C:\Windows\SYSTEM32\ntdll.dll+a5a94|C:\Windows\System32\KERNELBASE.dll+5eab4|c:\windows\system32\lsm.dll+11aad|C:\Windows\System32\RPCRT4.dll+78603|C:\Windows\System32\RPCRT4.dll+d96bd|C:\Windows\System32\RPCRT4.dll+610fc|C:\Windows\System32\RPCRT4.dll+52734|C:\Windows\System32\RPCRT4.dll+5164d|C:\Windows\System32\RPCRT4.dll+51efb|C:\Windows\System32\RPCRT4.dll+2552c|C:\Windows\System32\RPCRT4.dll+259ac|C:\Windows\System32\RPCRT4.dll+1122c|C:\Windows\System32\RPCRT4.dll+12a8b|C:\Windows\System32\RPCRT4.dll+1efba|C:\Windows\SYSTEM32\ntdll.dll+1d34e|C:\Windows\SYSTEM32\ntdll.dll+1ecb9|C:\Windows\System32\KERNEL32.DLL+84d4|C:\Windows\SYSTEM32\ntdll.dll+51791</Data></EventData></Event>
<Event xmlns='http://schemas.microsoft.com/win/2004/08/events/event'><System><Provider Name='Microsoft-Windows-Sysmon' Guid='{5770385F-C22A-43E0-BF4C-06F5698FFBD9}'/><EventID>10</EventID><Version>3</Version><Level>4</Level><Task>10</Task><Opcode>0</Opcode><Keywords>0x8000000000000000</Keywords><TimeCreated SystemTime='2020-11-03T15:51:16.942455500Z'/><EventRecordID>1788</EventRecordID><Correlation/><Execution ProcessID='2152' ThreadID='3460'/><Channel>Microsoft-Windows-Sysmon/Operational</Channel><Computer>win-dc-807.attackrange.local</Computer><Security UserID='S-1-5-18'/></System><EventData><Data Name='RuleName'>-</Data><Data Name='UtcTime'>2020-11-03 15:51:16.925</Data><Data Name='SourceProcessGUID'>{D28789B6-7C64-5FA1-0C00-000000008801}</Data><Data Name='SourceProcessId'>608</Data><Data Name='SourceThreadId'>1076</Data><Data Name='SourceImage'>C:\Windows\system32\svchost.exe</Data><Data Name='TargetProcessGUID'>{D28789B6-7C73-5FA1-2F00-000000008801}</Data><Data Name='TargetProcessId'>2152</Data><Data Name='TargetImage'>C:\Windows\sysmon64.exe</Data><Data Name='GrantedAccess'>0x1400</Data><Data Name='CallTrace'>C:\Windows\SYSTEM32\ntdll.dll+a5a94|C:\Windows\System32\KERNELBASE.dll+5eab4|c:\windows\system32\lsm.dll+11058|C:\Windows\System32\RPCRT4.dll+78603|C:\Windows\System32\RPCRT4.dll+d96bd|C:\Windows\System32\RPCRT4.dll+610fc|C:\Windows\System32\RPCRT4.dll+52734|C:\Windows\System32\RPCRT4.dll+5164d|C:\Windows\System32\RPCRT4.dll+51efb|C:\Windows\System32\RPCRT4.dll+2552c|C:\Windows\System32\RPCRT4.dll+259ac|C:\Windows\System32\RPCRT4.dll+1122c|C:\Windows\System32\RPCRT4.dll+12a8b|C:\Windows\System32\RPCRT4.dll+1efba|C:\Windows\SYSTEM32\ntdll.dll+1d34e|C:\Windows\SYSTEM32\ntdll.dll+1ecb9|C:\Windows\System32\KERNEL32.DLL+84d4|C:\Windows\SYSTEM32\ntdll.dll+51791</Data></EventData></Event>
<Event xmlns='http://schemas.microsoft.com/win/2004/08/events/event'><System><Provider Name='Microsoft-Windows-Sysmon' Guid='{5770385F-C22A-43E0-BF4C-06F5698FFBD9}'/><EventID>10</EventID><Version>3</Version><Level>4</Level><Task>10</Task><Opcode>0</Opcode><Keywords>0x8000000000000000</Keywords><TimeCreated SystemTime='2020-11-03T15:51:16.942389100Z'/><EventRecordID>1787</EventRecordID><Correlation/><Execution ProcessID='2152' ThreadID='3460'/><Channel>Microsoft-Windows-Sysmon/Operational</Channel><Computer>win-dc-807.attackrange.local</Computer><Security UserID='S-1-5-18'/></System><EventData><Data Name='RuleName'>-</Data><Data Name='UtcTime'>2020-11-03 15:51:16.925</Data><Data Name='SourceProcessGUID'>{D28789B6-7C62-5FA1-0500-000000008801}</Data><Data Name='SourceProcessId'>644</Data><Data Name='SourceThreadId'>804</Data><Data Name='SourceImage'>C:\Windows\system32\csrss.exe</Data><Data Name='TargetProcessGUID'>{D28789B6-7C74-5FA1-4700-000000008801}</Data><Data Name='TargetProcessId'>3244</Data><Data Name='TargetImage'>C:\Program Files\SplunkUniversalForwarder\bin\SplunkD.EXE</Data><Data Name='GrantedAccess'>0x1fffff</Data><Data Name='CallTrace'>C:\Windows\SYSTEM32\ntdll.dll+a5a94|C:\Windows\system32\basesrv.DLL+2f47|C:\Windows\SYSTEM32\CSRSRV.dll+5645|C:\Windows\SYSTEM32\ntdll.dll+5179f</Data></EventData></Event>
<Event xmlns='http://schemas.microsoft.com/win/2004/08/events/event'><System><Provider Name='Microsoft-Windows-Sysmon' Guid='{5770385F-C22A-43E0-BF4C-06F5698FFBD9}'/><EventID>10</EventID><Version>3</Version><Level>4</Level><Task>10</Task><Opcode>0</Opcode><Keywords>0x8000000000000000</Keywords><TimeCreated SystemTime='2020-11-03T15:51:16.942246600Z'/><EventRecordID>1786</EventRecordID><Correlation/><Execution ProcessID='2152' ThreadID='3460'/><Channel>Microsoft-Windows-Sysmon/Operational</Channel><Computer>win-dc-807.attackrange.local</Computer><Security UserID='S-1-5-18'/></System><EventData><Data Name='RuleName'>-</Data><Data Name='UtcTime'>2020-11-03 15:51:16.925</Data><Data Name='SourceProcessGUID'>{D28789B6-7C64-5FA1-0C00-000000008801}</Data><Data Name='SourceProcessId'>608</Data><Data Name='SourceThreadId'>1076</Data><Data Name='SourceImage'>C:\Windows\system32\svchost.exe</Data><Data Name='TargetProcessGUID'>{D28789B6-7C73-5FA1-2F00-000000008801}</Data><Data Name='TargetProcessId'>2152</Data><Data Name='TargetImage'>C:\Windows\sysmon64.exe</Data><Data Name='GrantedAccess'>0x1400</Data><Data Name='CallTrace'>C:\Windows\SYSTEM32\ntdll.dll+a5a94|C:\Windows\System32\KERNELBASE.dll+5eab4|c:\windows\system32\lsm.dll+12023|C:\Windows\System32\RPCRT4.dll+78603|C:\Windows\System32\RPCRT4.dll+d96bd|C:\Windows\System32\RPCRT4.dll+610fc|C:\Windows\System32\RPCRT4.dll+52734|C:\Windows\System32\RPCRT4.dll+5164d|C:\Windows\System32\RPCRT4.dll+51efb|C:\Windows\System32\RPCRT4.dll+2552c|C:\Windows\System32\RPCRT4.dll+259ac|C:\Windows\System32\RPCRT4.dll+1122c|C:\Windows\System32\RPCRT4.dll+12a8b|C:\Windows\System32\RPCRT4.dll+1efba|C:\Windows\SYSTEM32\ntdll.dll+1d34e|C:\Windows\SYSTEM32\ntdll.dll+1ecb9|C:\Windows\System32\KERNEL32.DLL+84d4|C:\Windows\SYSTEM32\ntdll.dll+51791</Data></EventData></Event>
<Event xmlns='http://schemas.microsoft.com/win/2004/08/events/event'><System><Provider Name='Microsoft-Windows-Sysmon' Guid='{5770385F-C22A-43E0-BF4C-06F5698FFBD9}'/><EventID>10</EventID><Version>3</Version><Level>4</Level><Task>10</Task><Opcode>0</Opcode><Keywords>0x8000000000000000</Keywords><TimeCreated SystemTime='2020-11-03T15:51:16.942172600Z'/><EventRecordID>1785</EventRecordID><Correlation/><Execution ProcessID='2152' ThreadID='3460'/><Channel>Microsoft-Windows-Sysmon/Operational</Channel><Computer>win-dc-807.attackrange.local</Computer><Security UserID='S-1-5-18'/></System><EventData><Data Name='RuleName'>-</Data><Data Name='UtcTime'>2020-11-03 15:51:16.925</Data><Data Name='SourceProcessGUID'>{D28789B6-7C74-5FA1-4600-000000008801}</Data><Data Name='SourceProcessId'>4088</Data><Data Name='SourceThreadId'>4092</Data><Data Name='SourceImage'>C:\Program Files\SplunkUniversalForwarder\bin\btool.exe</Data><Data Name='TargetProcessGUID'>{D28789B6-7C74-5FA1-4700-000000008801}</Data><Data Name='TargetProcessId'>3244</Data><Data Name='TargetImage'>C:\Program Files\SplunkUniversalForwarder\bin\SplunkD.EXE</Data><Data Name='GrantedAccess'>0x1fffff</Data><Data Name='CallTrace'>C:\Windows\SYSTEM32\ntdll.dll+a6d64|C:\Windows\System32\KERNELBASE.dll+2b860|C:\Windows\System32\KERNELBASE.dll+6b246|C:\Windows\System32\KERNEL32.DLL+1c213|C:\Program Files\SplunkUniversalForwarder\bin\btool.exe+239c|C:\Program Files\SplunkUniversalForwarder\bin\btool.exe+2568|C:\Program Files\SplunkUniversalForwarder\bin\btool.exe+2926|C:\Program Files\SplunkUniversalForwarder\bin\btool.exe+11cf|C:\Program Files\SplunkUniversalForwarder\bin\btool.exe+1245|C:\Program Files\SplunkUniversalForwarder\bin\btool.exe+aa24|C:\Windows\System32\KERNEL32.DLL+84d4|C:\Windows\SYSTEM32\ntdll.dll+51791</Data></EventData></Event>
<Event xmlns='http://schemas.microsoft.com/win/2004/08/events/event'><System><Provider Name='Microsoft-Windows-Sysmon' Guid='{5770385F-C22A-43E0-BF4C-06F5698FFBD9}'/><EventID>1</EventID><Version>5</Version><Level>4</Level><Task>1</Task><Opcode>0</Opcode><Keywords>0x8000000000000000</Keywords><TimeCreated SystemTime='2020-11-03T15:51:16.941892000Z'/><EventRecordID>1784</EventRecordID><Correlation/><Execution ProcessID='2152' ThreadID='3460'/><Channel>Microsoft-Windows-Sysmon/Operational</Channel><Computer>win-dc-807.attackrange.local</Computer><Security UserID='S-1-5-18'/></System><EventData><Data Name='RuleName'>-</Data><Data Name='UtcTime'>2020-11-03 15:51:16.940</Data><Data Name='ProcessGuid'>{D28789B6-7C74-5FA1-4700-000000008801}</Data><Data Name='ProcessId'>3244</Data><Data Name='Image'>C:\Program Files\SplunkUniversalForwarder\bin\splunkd.exe</Data><Data Name='FileVersion'>8.0.2</Data><Data Name='Description'>splunkd service</Data><Data Name='Product'>splunk Application</Data><Data Name='Company'>Splunk Inc.</Data><Data Name='OriginalFileName'>splunkd.exe</Data><Data Name='CommandLine'>"C:\Program Files\SplunkUniversalForwarder\bin\SplunkD.EXE" btool server list general --no-log</Data><Data Name='CurrentDirectory'>C:\Windows\system32\</Data><Data Name='User'>NT AUTHORITY\SYSTEM</Data><Data Name='LogonGuid'>{D28789B6-7C62-5FA1-E703-000000000000}</Data><Data Name='LogonId'>0x3e7</Data><Data Name='TerminalSessionId'>0</Data><Data Name='IntegrityLevel'>System</Data><Data Name='Hashes'>MD5=B6D66AB97239BFB32F1CC9B8BFE1B4E0,SHA256=9D5EC3AA587B29840BE53E8E11B1C3BFE2FA3413DD65459325CBEEAFA66D3975,IMPHASH=CD69F86EE9B3C12390F5C7499BD3A589</Data><Data Name='ParentProcessGuid'>{D28789B6-7C74-5FA1-4600-000000008801}</Data><Data Name='ParentProcessId'>4088</Data><Data Name='ParentImage'>C:\Program Files\SplunkUniversalForwarder\bin\btool.exe</Data><Data Name='ParentCommandLine'>btool  server list general --no-log</Data></EventData></Event>
<Event xmlns='http://schemas.microsoft.com/win/2004/08/events/event'><System><Provider Name='Microsoft-Windows-Sysmon' Guid='{5770385F-C22A-43E0-BF4C-06F5698FFBD9}'/><EventID>10</EventID><Version>3</Version><Level>4</Level><Task>10</Task><Opcode>0</Opcode><Keywords>0x8000000000000000</Keywords><TimeCreated SystemTime='2020-11-03T15:51:16.938108000Z'/><EventRecordID>1783</EventRecordID><Correlation/><Execution ProcessID='2152' ThreadID='3460'/><Channel>Microsoft-Windows-Sysmon/Operational</Channel><Computer>win-dc-807.attackrange.local</Computer><Security UserID='S-1-5-18'/></System><EventData><Data Name='RuleName'>-</Data><Data Name='UtcTime'>2020-11-03 15:51:16.925</Data><Data Name='SourceProcessGUID'>{D28789B6-7C74-5FA1-3F00-000000008801}</Data><Data Name='SourceProcessId'>3956</Data><Data Name='SourceThreadId'>3976</Data><Data Name='SourceImage'>C:\Windows\system32\conhost.exe</Data><Data Name='TargetProcessGUID'>{D28789B6-7C74-5FA1-4600-000000008801}</Data><Data Name='TargetProcessId'>4088</Data><Data Name='TargetImage'>C:\Program Files\SplunkUniversalForwarder\bin\btool.exe</Data><Data Name='GrantedAccess'>0x1fffff</Data><Data Name='CallTrace'>C:\Windows\SYSTEM32\ntdll.dll+a5a94|C:\Windows\SYSTEM32\ConhostV2.dll+5c07|C:\Windows\SYSTEM32\ConhostV2.dll+76ab|C:\Windows\SYSTEM32\ConhostV2.dll+a84c|C:\Windows\System32\KERNEL32.DLL+84d4|C:\Windows\SYSTEM32\ntdll.dll+51791</Data></EventData></Event>
<Event xmlns='http://schemas.microsoft.com/win/2004/08/events/event'><System><Provider Name='Microsoft-Windows-Sysmon' Guid='{5770385F-C22A-43E0-BF4C-06F5698FFBD9}'/><EventID>10</EventID><Version>3</Version><Level>4</Level><Task>10</Task><Opcode>0</Opcode><Keywords>0x8000000000000000</Keywords><TimeCreated SystemTime='2020-11-03T15:51:16.937971300Z'/><EventRecordID>1782</EventRecordID><Correlation/><Execution ProcessID='2152' ThreadID='3460'/><Channel>Microsoft-Windows-Sysmon/Operational</Channel><Computer>win-dc-807.attackrange.local</Computer><Security UserID='S-1-5-18'/></System><EventData><Data Name='RuleName'>-</Data><Data Name='UtcTime'>2020-11-03 15:51:16.925</Data><Data Name='SourceProcessGUID'>{D28789B6-7C64-5FA1-0C00-000000008801}</Data><Data Name='SourceProcessId'>608</Data><Data Name='SourceThreadId'>1076</Data><Data Name='SourceImage'>C:\Windows\system32\svchost.exe</Data><Data Name='TargetProcessGUID'>{D28789B6-7C73-5FA1-2F00-000000008801}</Data><Data Name='TargetProcessId'>2152</Data><Data Name='TargetImage'>C:\Windows\sysmon64.exe</Data><Data Name='GrantedAccess'>0x1400</Data><Data Name='CallTrace'>C:\Windows\SYSTEM32\ntdll.dll+a5a94|C:\Windows\System32\KERNELBASE.dll+5eab4|c:\windows\system32\lsm.dll+e9d6|c:\windows\system32\lsm.dll+d3ae|C:\Windows\System32\RPCRT4.dll+78603|C:\Windows\System32\RPCRT4.dll+d96bd|C:\Windows\System32\RPCRT4.dll+610fc|C:\Windows\System32\RPCRT4.dll+52734|C:\Windows\System32\RPCRT4.dll+5164d|C:\Windows\System32\RPCRT4.dll+51efb|C:\Windows\System32\RPCRT4.dll+2552c|C:\Windows\System32\RPCRT4.dll+259ac|C:\Windows\System32\RPCRT4.dll+1122c|C:\Windows\System32\RPCRT4.dll+12a8b|C:\Windows\System32\RPCRT4.dll+1efba|C:\Windows\SYSTEM32\ntdll.dll+1d34e|C:\Windows\SYSTEM32\ntdll.dll+1ecb9|C:\Windows\System32\KERNEL32.DLL+84d4|C:\Windows\SYSTEM32\ntdll.dll+51791</Data></EventData></Event>
<Event xmlns='http://schemas.microsoft.com/win/2004/08/events/event'><System><Provider Name='Microsoft-Windows-Sysmon' Guid='{5770385F-C22A-43E0-BF4C-06F5698FFBD9}'/><EventID>10</EventID><Version>3</Version><Level>4</Level><Task>10</Task><Opcode>0</Opcode><Keywords>0x8000000000000000</Keywords><TimeCreated SystemTime='2020-11-03T15:51:16.937911100Z'/><EventRecordID>1781</EventRecordID><Correlation/><Execution ProcessID='2152' ThreadID='3460'/><Channel>Microsoft-Windows-Sysmon/Operational</Channel><Computer>win-dc-807.attackrange.local</Computer><Security UserID='S-1-5-18'/></System><EventData><Data Name='RuleName'>-</Data><Data Name='UtcTime'>2020-11-03 15:51:16.925</Data><Data Name='SourceProcessGUID'>{D28789B6-7C64-5FA1-0C00-000000008801}</Data><Data Name='SourceProcessId'>608</Data><Data Name='SourceThreadId'>1076</Data><Data Name='SourceImage'>C:\Windows\system32\svchost.exe</Data><Data Name='TargetProcessGUID'>{D28789B6-7C73-5FA1-2F00-000000008801}</Data><Data Name='TargetProcessId'>2152</Data><Data Name='TargetImage'>C:\Windows\sysmon64.exe</Data><Data Name='GrantedAccess'>0x1400</Data><Data Name='CallTrace'>C:\Windows\SYSTEM32\ntdll.dll+a5a94|C:\Windows\System32\KERNELBASE.dll+5eab4|c:\windows\system32\lsm.dll+11aad|C:\Windows\System32\RPCRT4.dll+78603|C:\Windows\System32\RPCRT4.dll+d96bd|C:\Windows\System32\RPCRT4.dll+610fc|C:\Windows\System32\RPCRT4.dll+52734|C:\Windows\System32\RPCRT4.dll+5164d|C:\Windows\System32\RPCRT4.dll+51efb|C:\Windows\System32\RPCRT4.dll+2552c|C:\Windows\System32\RPCRT4.dll+259ac|C:\Windows\System32\RPCRT4.dll+1122c|C:\Windows\System32\RPCRT4.dll+12a8b|C:\Windows\System32\RPCRT4.dll+1efba|C:\Windows\SYSTEM32\ntdll.dll+1d34e|C:\Windows\SYSTEM32\ntdll.dll+1ecb9|C:\Windows\System32\KERNEL32.DLL+84d4|C:\Windows\SYSTEM32\ntdll.dll+51791</Data></EventData></Event>
<Event xmlns='http://schemas.microsoft.com/win/2004/08/events/event'><System><Provider Name='Microsoft-Windows-Sysmon' Guid='{5770385F-C22A-43E0-BF4C-06F5698FFBD9}'/><EventID>10</EventID><Version>3</Version><Level>4</Level><Task>10</Task><Opcode>0</Opcode><Keywords>0x8000000000000000</Keywords><TimeCreated SystemTime='2020-11-03T15:51:16.937852700Z'/><EventRecordID>1780</EventRecordID><Correlation/><Execution ProcessID='2152' ThreadID='3460'/><Channel>Microsoft-Windows-Sysmon/Operational</Channel><Computer>win-dc-807.attackrange.local</Computer><Security UserID='S-1-5-18'/></System><EventData><Data Name='RuleName'>-</Data><Data Name='UtcTime'>2020-11-03 15:51:16.925</Data><Data Name='SourceProcessGUID'>{D28789B6-7C64-5FA1-0C00-000000008801}</Data><Data Name='SourceProcessId'>608</Data><Data Name='SourceThreadId'>1076</Data><Data Name='SourceImage'>C:\Windows\system32\svchost.exe</Data><Data Name='TargetProcessGUID'>{D28789B6-7C73-5FA1-2F00-000000008801}</Data><Data Name='TargetProcessId'>2152</Data><Data Name='TargetImage'>C:\Windows\sysmon64.exe</Data><Data Name='GrantedAccess'>0x1400</Data><Data Name='CallTrace'>C:\Windows\SYSTEM32\ntdll.dll+a5a94|C:\Windows\System32\KERNELBASE.dll+5eab4|c:\windows\system32\lsm.dll+11058|C:\Windows\System32\RPCRT4.dll+78603|C:\Windows\System32\RPCRT4.dll+d96bd|C:\Windows\System32\RPCRT4.dll+610fc|C:\Windows\System32\RPCRT4.dll+52734|C:\Windows\System32\RPCRT4.dll+5164d|C:\Windows\System32\RPCRT4.dll+51efb|C:\Windows\System32\RPCRT4.dll+2552c|C:\Windows\System32\RPCRT4.dll+259ac|C:\Windows\System32\RPCRT4.dll+1122c|C:\Windows\System32\RPCRT4.dll+12a8b|C:\Windows\System32\RPCRT4.dll+1efba|C:\Windows\SYSTEM32\ntdll.dll+1d34e|C:\Windows\SYSTEM32\ntdll.dll+1ecb9|C:\Windows\System32\KERNEL32.DLL+84d4|C:\Windows\SYSTEM32\ntdll.dll+51791</Data></EventData></Event>
