<Event xmlns='http://schemas.microsoft.com/win/2004/08/events/event'><System><Provider Name='Microsoft-Windows-Sysmon' Guid='{5770385F-C22A-43E0-BF4C-06F5698FFBD9}'/><EventID>10</EventID><Version>3</Version><Level>4</Level><Task>10</Task><Opcode>0</Opcode><Keywords>0x8000000000000000</Keywords><TimeCreated SystemTime='2020-11-03T15:50:19.828615900Z'/><EventRecordID>65</EventRecordID><Correlation/><Execution ProcessID='5112' ThreadID='748'/><Channel>Microsoft-Windows-Sysmon/Operational</Channel><Computer>win-dc-807.attackrange.local</Computer><Security UserID='S-1-5-18'/></System><EventData><Data Name='RuleName'>-</Data><Data Name='UtcTime'>2020-11-03 15:50:19.810</Data><Data Name='SourceProcessGUID'>{D28789B6-7AD1-5FA1-0C00-000000008701}</Data><Data Name='SourceProcessId'>572</Data><Data Name='SourceThreadId'>1116</Data><Data Name='SourceImage'>C:\Windows\system32\svchost.exe</Data><Data Name='TargetProcessGUID'>{D28789B6-7C3A-5FA1-EE02-000000008701}</Data><Data Name='TargetProcessId'>5112</Data><Data Name='TargetImage'>C:\Windows\sysmon64.exe</Data><Data Name='GrantedAccess'>0x1400</Data><Data Name='CallTrace'>C:\Windows\SYSTEM32\ntdll.dll+a5a94|C:\Windows\System32\KERNELBASE.dll+5eab4|c:\windows\system32\lsm.dll+12023|C:\Windows\System32\RPCRT4.dll+78603|C:\Windows\System32\RPCRT4.dll+d96bd|C:\Windows\System32\RPCRT4.dll+610fc|C:\Windows\System32\RPCRT4.dll+52734|C:\Windows\System32\RPCRT4.dll+5164d|C:\Windows\System32\RPCRT4.dll+51efb|C:\Windows\System32\RPCRT4.dll+2552c|C:\Windows\System32\RPCRT4.dll+259ac|C:\Windows\System32\RPCRT4.dll+1122c|C:\Windows\System32\RPCRT4.dll+12a8b|C:\Windows\System32\RPCRT4.dll+1efba|C:\Windows\SYSTEM32\ntdll.dll+1d34e|C:\Windows\SYSTEM32\ntdll.dll+1ecb9|C:\Windows\System32\KERNEL32.DLL+84d4|C:\Windows\SYSTEM32\ntdll.dll+51791</Data></EventData></Event>
<Event xmlns='http://schemas.microsoft.com/win/2004/08/events/event'><System><Provider Name='Microsoft-Windows-Sysmon' Guid='{5770385F-C22A-43E0-BF4C-06F5698FFBD9}'/><EventID>10</EventID><Version>3</Version><Level>4</Level><Task>10</Task><Opcode>0</Opcode><Keywords>0x8000000000000000</Keywords><TimeCreated SystemTime='2020-11-03T15:50:19.828547200Z'/><EventRecordID>64</EventRecordID><Correlation/><Execution ProcessID='5112' ThreadID='748'/><Channel>Microsoft-Windows-Sysmon/Operational</Channel><Computer>win-dc-807.attackrange.local</Computer><Security UserID='S-1-5-18'/></System><EventData><Data Name='RuleName'>-</Data><Data Name='UtcTime'>2020-11-03 15:50:19.810</Data><Data Name='SourceProcessGUID'>{D28789B6-7C3B-5FA1-F002-000000008701}</Data><Data Name='SourceProcessId'>816</Data><Data Name='SourceThreadId'>4160</Data><Data Name='SourceImage'>C:\Windows\system32\WinrsHost.exe</Data><Data Name='TargetProcessGUID'>{D28789B6-7C3B-5FA1-F202-000000008701}</Data><Data Name='TargetProcessId'>4208</Data><Data Name='TargetImage'>C:\Windows\system32\cmd.exe</Data><Data Name='GrantedAccess'>0x1fffff</Data><Data Name='CallTrace'>C:\Windows\SYSTEM32\ntdll.dll+a6d64|C:\Windows\System32\KERNELBASE.dll+2b860|C:\Windows\System32\KERNELBASE.dll+6b246|C:\Windows\System32\KERNEL32.DLL+1c213|C:\Windows\system32\WinrsHost.exe+2c94|C:\Windows\system32\WinrsHost.exe+2eb1|C:\Windows\System32\RPCRT4.dll+78603|C:\Windows\System32\RPCRT4.dll+d96bd|C:\Windows\System32\RPCRT4.dll+5fa39|C:\Windows\System32\combase.dll+22b9|C:\Windows\System32\RPCRT4.dll+6114b|C:\Windows\System32\combase.dll+53b7c|C:\Windows\System32\combase.dll+53832|C:\Windows\System32\combase.dll+51958|C:\Windows\System32\combase.dll+4fecd|C:\Windows\System32\combase.dll+4f5af|C:\Windows\System32\combase.dll+6d9f9|C:\Windows\System32\RPCRT4.dll+52734|C:\Windows\System32\RPCRT4.dll+5164d|C:\Windows\System32\RPCRT4.dll+5219e|C:\Windows\System32\RPCRT4.dll+25357|C:\Windows\System32\RPCRT4.dll+259ac|C:\Windows\System32\RPCRT4.dll+1122c|C:\Windows\System32\RPCRT4.dll+12a8b</Data></EventData></Event>
<Event xmlns='http://schemas.microsoft.com/win/2004/08/events/event'><System><Provider Name='Microsoft-Windows-Sysmon' Guid='{5770385F-C22A-43E0-BF4C-06F5698FFBD9}'/><EventID>1</EventID><Version>5</Version><Level>4</Level><Task>1</Task><Opcode>0</Opcode><Keywords>0x8000000000000000</Keywords><TimeCreated SystemTime='2020-11-03T15:50:19.828257300Z'/><EventRecordID>63</EventRecordID><Correlation/><Execution ProcessID='5112' ThreadID='748'/><Channel>Microsoft-Windows-Sysmon/Operational</Channel><Computer>win-dc-807.attackrange.local</Computer><Security UserID='S-1-5-18'/></System><EventData><Data Name='RuleName'>-</Data><Data Name='UtcTime'>2020-11-03 15:50:19.819</Data><Data Name='ProcessGuid'>{D28789B6-7C3B-5FA1-F202-000000008701}</Data><Data Name='ProcessId'>4208</Data><Data Name='Image'>C:\Windows\System32\cmd.exe</Data><Data Name='FileVersion'>10.0.14393.0 (rs1_release.160715-1616)</Data><Data Name='Description'>Windows Command Processor</Data><Data Name='Product'>Microsoft® Windows® Operating System</Data><Data Name='Company'>Microsoft Corporation</Data><Data Name='OriginalFileName'>Cmd.Exe</Data><Data Name='CommandLine'>C:\Windows\system32\cmd.exe /C PowerShell -NoProfile -NonInteractive -ExecutionPolicy Unrestricted -EncodedCommand UABvAHcAZQByAFMAaABlAGwAbAAgAC0ATgBvAFAAcgBvAGYAaQBsAGUAIAAtAE4AbwBuAEkAbgB0AGUAcgBhAGMAdABpAHYAZQAgAC0ARQB4AGUAYwB1AHQAaQBvAG4AUABvAGwAaQBjAHkAIABVAG4AcgBlAHMAdAByAGkAYwB0AGUAZAAgAC0ARQBuAGMAbwBkAGUAZABDAG8AbQBtAGEAbgBkACAASgBnAEIAagBBAEcAZwBBAFkAdwBCAHcAQQBDADQAQQBZAHcAQgB2AEEARwAwAEEASQBBAEEAMgBBAEQAVQBBAE0AQQBBAHcAQQBEAEUAQQBJAEEAQQArAEEAQwBBAEEASgBBAEIAdQBBAEgAVQBBAGIAQQBCAHMAQQBBAG8AQQBKAEEAQgBsAEEASABnAEEAWgBRAEIAagBBAEYAOABBAGQAdwBCAHkAQQBHAEUAQQBjAEEAQgB3AEEARwBVAEEAYwBnAEIAZgBBAEgATQBBAGQAQQBCAHkAQQBDAEEAQQBQAFEAQQBnAEEAQwBRAEEAYQBRAEIAdQBBAEgAQQBBAGQAUQBCADAAQQBDAEEAQQBmAEEAQQBnAEEARQA4AEEAZABRAEIAMABBAEMAMABBAFUAdwBCADAAQQBIAEkAQQBhAFEAQgB1AEEARwBjAEEAQwBnAEEAawBBAEgATQBBAGMAQQBCAHMAQQBHAGsAQQBkAEEAQgBmAEEASABBAEEAWQBRAEIAeQBBAEgAUQBBAGMAdwBBAGcAQQBEADAAQQBJAEEAQQBrAEEARwBVAEEAZQBBAEIAbABBAEcATQBBAFgAdwBCADMAQQBIAEkAQQBZAFEAQgB3AEEASABBAEEAWgBRAEIAeQBBAEYAOABBAGMAdwBCADAAQQBIAEkAQQBMAGcAQgBUAEEASABBAEEAYgBBAEIAcABBAEgAUQBBAEsAQQBCAEEAQQBDAGcAQQBJAGcAQgBnAEEARABBAEEAWQBBAEEAdwBBAEcAQQBBAE0AQQBCAGcAQQBEAEEAQQBJAGcAQQBwAEEAQwB3AEEASQBBAEEAeQBBAEMAdwBBAEkAQQBCAGIAQQBGAE0AQQBkAEEAQgB5AEEARwBrAEEAYgBnAEIAbgBBAEYATQBBAGMAQQBCAHMAQQBHAGsAQQBkAEEAQgBQAEEASABBAEEAZABBAEIAcABBAEcAOABBAGIAZwBCAHoAQQBGADAAQQBPAGcAQQA2AEEARgBJAEEAWgBRAEIAdABBAEcAOABBAGQAZwBCAGwAQQBFAFUAQQBiAFEAQgB3AEEASABRAEEAZQBRAEIARgBBAEcANABBAGQAQQBCAHkAQQBHAGsAQQBaAFEAQgB6AEEAQwBrAEEAQwBnAEIASgBBAEcAWQBBAEkAQQBBAG8AQQBDADAAQQBiAGcAQgB2AEEASABRAEEASQBBAEEAawBBAEgATQBBAGMAQQBCAHMAQQBHAGsAQQBkAEEAQgBmAEEASABBAEEAWQBRAEIAeQBBAEgAUQBBAGMAdwBBAHUAQQBFAHcAQQBaAFEAQgB1AEEARwBjAEEAZABBAEIAbwBBAEMAQQBBAEwAUQBCAGwAQQBIAEUAQQBJAEEAQQB5AEEAQwBrAEEASQBBAEIANwBBAEMAQQBBAGQAQQBCAG8AQQBIAEkAQQBiAHcAQgAzAEEAQwBBAEEASQBnAEIAcABBAEcANABBAGQAZwBCAGgAQQBHAHcAQQBhAFEAQgBrAEEAQwBBAEEAYwBBAEIAaABBAEgAawBBAGIAQQBCAHYAQQBHAEUAQQBaAEEAQQBpAEEAQwBBAEEAZgBRAEEASwBBAEYATQBBAFoAUQBCADAAQQBDADAAQQBWAGcAQgBoAEEASABJAEEAYQBRAEIAaABBAEcASQBBAGIAQQBCAGwAQQBDAEEAQQBMAFEAQgBPAEEARwBFAEEAYgBRAEIAbABBAEMAQQBBAGEAZwBCAHoAQQBHADgAQQBiAGcAQgBmAEEASABJAEEAWQBRAEIAMwBBAEMAQQBBAEwAUQBCAFcAQQBHAEUAQQBiAEEAQgAxAEEARwBVAEEASQBBAEEAawBBAEgATQBBAGMAQQBCAHMAQQBHAGsAQQBkAEEAQgBmAEEASABBAEEAWQBRAEIAeQBBAEgAUQBBAGMAdwBCAGIAQQBEAEUAQQBYAFEAQQBLAEEAQwBRAEEAWgBRAEIANABBAEcAVQBBAFkAdwBCAGYAQQBIAGMAQQBjAGcAQgBoAEEASABBAEEAYwBBAEIAbABBAEgASQBBAEkAQQBBADkAQQBDAEEAQQBXAHcAQgBUAEEARwBNAEEAYwBnAEIAcABBAEgAQQBBAGQAQQBCAEMAQQBHAHcAQQBiAHcAQgBqAEEARwBzAEEAWABRAEEANgBBAEQAbwBBAFEAdwBCAHkAQQBHAFUAQQBZAFEAQgAwAEEARwBVAEEASwBBAEEAawBBAEgATQBBAGMAQQBCAHMAQQBHAGsAQQBkAEEAQgBmAEEASABBAEEAWQBRAEIAeQBBAEgAUQBBAGMAdwBCAGIAQQBEAEEAQQBYAFEAQQBwAEEAQQBvAEEASgBnAEEAawBBAEcAVQBBAGUAQQBCAGwAQQBHAE0AQQBYAHcAQgAzAEEASABJAEEAWQBRAEIAdwBBAEgAQQBBAFoAUQBCAHkAQQBBAD0APQA=</Data><Data Name='CurrentDirectory'>C:\Users\Administrator\</Data><Data Name='User'>ATTACKRANGE\Administrator</Data><Data Name='LogonGuid'>{D28789B6-7C3B-5FA1-858E-100000000000}</Data><Data Name='LogonId'>0x108e85</Data><Data Name='TerminalSessionId'>0</Data><Data Name='IntegrityLevel'>High</Data><Data Name='Hashes'>MD5=F4F684066175B77E0C3A000549D2922C,SHA256=935C1861DF1F4018D698E8B65ABFA02D7E9037D8F68CA3C2065B6CA165D44AD2,IMPHASH=3062ED732D4B25D1C64F084DAC97D37A</Data><Data Name='ParentProcessGuid'>{D28789B6-7C3B-5FA1-F002-000000008701}</Data><Data Name='ParentProcessId'>816</Data><Data Name='ParentImage'>C:\Windows\System32\winrshost.exe</Data><Data Name='ParentCommandLine'>C:\Windows\system32\WinrsHost.exe -Embedding</Data></EventData></Event>
<Event xmlns='http://schemas.microsoft.com/win/2004/08/events/event'><System><Provider Name='Microsoft-Windows-Sysmon' Guid='{5770385F-C22A-43E0-BF4C-06F5698FFBD9}'/><EventID>10</EventID><Version>3</Version><Level>4</Level><Task>10</Task><Opcode>0</Opcode><Keywords>0x8000000000000000</Keywords><TimeCreated SystemTime='2020-11-03T15:50:19.818582000Z'/><EventRecordID>62</EventRecordID><Correlation/><Execution ProcessID='5112' ThreadID='748'/><Channel>Microsoft-Windows-Sysmon/Operational</Channel><Computer>win-dc-807.attackrange.local</Computer><Security UserID='S-1-5-18'/></System><EventData><Data Name='RuleName'>-</Data><Data Name='UtcTime'>2020-11-03 15:50:19.810</Data><Data Name='SourceProcessGUID'>{D28789B6-7ACF-5FA1-0B00-000000008701}</Data><Data Name='SourceProcessId'>860</Data><Data Name='SourceThreadId'>916</Data><Data Name='SourceImage'>C:\Windows\system32\lsass.exe</Data><Data Name='TargetProcessGUID'>{D28789B6-7AD2-5FA1-1400-000000008701}</Data><Data Name='TargetProcessId'>1368</Data><Data Name='TargetImage'>C:\Windows\system32\svchost.exe</Data><Data Name='GrantedAccess'>0x1000</Data><Data Name='CallTrace'>C:\Windows\SYSTEM32\ntdll.dll+a5a94|C:\Windows\system32\lsasrv.dll+11c6e|C:\Windows\system32\lsasrv.dll+1e0a8|C:\Windows\system32\lsasrv.dll+1d2d1|C:\Windows\system32\lsasrv.dll+1bb00|C:\Windows\system32\lsasrv.dll+2810b|C:\Windows\SYSTEM32\SspiSrv.dll+1467|C:\Windows\System32\RPCRT4.dll+78603|C:\Windows\System32\RPCRT4.dll+d96bd|C:\Windows\System32\RPCRT4.dll+610fc|C:\Windows\System32\RPCRT4.dll+52734|C:\Windows\System32\RPCRT4.dll+5164d|C:\Windows\System32\RPCRT4.dll+51efb|C:\Windows\System32\RPCRT4.dll+2552c|C:\Windows\System32\RPCRT4.dll+259ac|C:\Windows\System32\RPCRT4.dll+1122c|C:\Windows\System32\RPCRT4.dll+12a8b|C:\Windows\System32\RPCRT4.dll+1efba|C:\Windows\SYSTEM32\ntdll.dll+1d34e|C:\Windows\SYSTEM32\ntdll.dll+1ecb9|C:\Windows\System32\KERNEL32.DLL+84d4|C:\Windows\SYSTEM32\ntdll.dll+51791</Data></EventData></Event>
<Event xmlns='http://schemas.microsoft.com/win/2004/08/events/event'><System><Provider Name='Microsoft-Windows-Sysmon' Guid='{5770385F-C22A-43E0-BF4C-06F5698FFBD9}'/><EventID>10</EventID><Version>3</Version><Level>4</Level><Task>10</Task><Opcode>0</Opcode><Keywords>0x8000000000000000</Keywords><TimeCreated SystemTime='2020-11-03T15:50:19.818498100Z'/><EventRecordID>61</EventRecordID><Correlation/><Execution ProcessID='5112' ThreadID='748'/><Channel>Microsoft-Windows-Sysmon/Operational</Channel><Computer>win-dc-807.attackrange.local</Computer><Security UserID='S-1-5-18'/></System><EventData><Data Name='RuleName'>-</Data><Data Name='UtcTime'>2020-11-03 15:50:19.810</Data><Data Name='SourceProcessGUID'>{D28789B6-7ACF-5FA1-0B00-000000008701}</Data><Data Name='SourceProcessId'>860</Data><Data Name='SourceThreadId'>916</Data><Data Name='SourceImage'>C:\Windows\system32\lsass.exe</Data><Data Name='TargetProcessGUID'>{D28789B6-7AD2-5FA1-1400-000000008701}</Data><Data Name='TargetProcessId'>1368</Data><Data Name='TargetImage'>C:\Windows\system32\svchost.exe</Data><Data Name='GrantedAccess'>0x1000</Data><Data Name='CallTrace'>C:\Windows\SYSTEM32\ntdll.dll+a5a94|C:\Windows\system32\lsasrv.dll+11c6e|C:\Windows\system32\lsasrv.dll+1a4e6|C:\Windows\system32\lsasrv.dll+1ba8f|C:\Windows\system32\lsasrv.dll+2810b|C:\Windows\SYSTEM32\SspiSrv.dll+1467|C:\Windows\System32\RPCRT4.dll+78603|C:\Windows\System32\RPCRT4.dll+d96bd|C:\Windows\System32\RPCRT4.dll+610fc|C:\Windows\System32\RPCRT4.dll+52734|C:\Windows\System32\RPCRT4.dll+5164d|C:\Windows\System32\RPCRT4.dll+51efb|C:\Windows\System32\RPCRT4.dll+2552c|C:\Windows\System32\RPCRT4.dll+259ac|C:\Windows\System32\RPCRT4.dll+1122c|C:\Windows\System32\RPCRT4.dll+12a8b|C:\Windows\System32\RPCRT4.dll+1efba|C:\Windows\SYSTEM32\ntdll.dll+1d34e|C:\Windows\SYSTEM32\ntdll.dll+1ecb9|C:\Windows\System32\KERNEL32.DLL+84d4|C:\Windows\SYSTEM32\ntdll.dll+51791</Data></EventData></Event>
<Event xmlns='http://schemas.microsoft.com/win/2004/08/events/event'><System><Provider Name='Microsoft-Windows-Sysmon' Guid='{5770385F-C22A-43E0-BF4C-06F5698FFBD9}'/><EventID>10</EventID><Version>3</Version><Level>4</Level><Task>10</Task><Opcode>0</Opcode><Keywords>0x8000000000000000</Keywords><TimeCreated SystemTime='2020-11-03T15:50:19.816223000Z'/><EventRecordID>60</EventRecordID><Correlation/><Execution ProcessID='5112' ThreadID='748'/><Channel>Microsoft-Windows-Sysmon/Operational</Channel><Computer>win-dc-807.attackrange.local</Computer><Security UserID='S-1-5-18'/></System><EventData><Data Name='RuleName'>-</Data><Data Name='UtcTime'>2020-11-03 15:50:19.810</Data><Data Name='SourceProcessGUID'>{D28789B6-7ACF-5FA1-0B00-000000008701}</Data><Data Name='SourceProcessId'>860</Data><Data Name='SourceThreadId'>916</Data><Data Name='SourceImage'>C:\Windows\system32\lsass.exe</Data><Data Name='TargetProcessGUID'>{D28789B6-7AD2-5FA1-1400-000000008701}</Data><Data Name='TargetProcessId'>1368</Data><Data Name='TargetImage'>C:\Windows\system32\svchost.exe</Data><Data Name='GrantedAccess'>0x1000</Data><Data Name='CallTrace'>C:\Windows\SYSTEM32\ntdll.dll+a5a94|C:\Windows\system32\lsasrv.dll+1b05d|C:\Windows\system32\lsasrv.dll+2810b|C:\Windows\SYSTEM32\SspiSrv.dll+1467|C:\Windows\System32\RPCRT4.dll+78603|C:\Windows\System32\RPCRT4.dll+d96bd|C:\Windows\System32\RPCRT4.dll+610fc|C:\Windows\System32\RPCRT4.dll+52734|C:\Windows\System32\RPCRT4.dll+5164d|C:\Windows\System32\RPCRT4.dll+51efb|C:\Windows\System32\RPCRT4.dll+2552c|C:\Windows\System32\RPCRT4.dll+259ac|C:\Windows\System32\RPCRT4.dll+1122c|C:\Windows\System32\RPCRT4.dll+12a8b|C:\Windows\System32\RPCRT4.dll+1efba|C:\Windows\SYSTEM32\ntdll.dll+1d34e|C:\Windows\SYSTEM32\ntdll.dll+1ecb9|C:\Windows\System32\KERNEL32.DLL+84d4|C:\Windows\SYSTEM32\ntdll.dll+51791</Data></EventData></Event>
<Event xmlns='http://schemas.microsoft.com/win/2004/08/events/event'><System><Provider Name='Microsoft-Windows-Sysmon' Guid='{5770385F-C22A-43E0-BF4C-06F5698FFBD9}'/><EventID>10</EventID><Version>3</Version><Level>4</Level><Task>10</Task><Opcode>0</Opcode><Keywords>0x8000000000000000</Keywords><TimeCreated SystemTime='2020-11-03T15:50:19.812562500Z'/><EventRecordID>59</EventRecordID><Correlation/><Execution ProcessID='5112' ThreadID='748'/><Channel>Microsoft-Windows-Sysmon/Operational</Channel><Computer>win-dc-807.attackrange.local</Computer><Security UserID='S-1-5-18'/></System><EventData><Data Name='RuleName'>-</Data><Data Name='UtcTime'>2020-11-03 15:50:19.810</Data><Data Name='SourceProcessGUID'>{D28789B6-7AD2-5FA1-1400-000000008701}</Data><Data Name='SourceProcessId'>1368</Data><Data Name='SourceThreadId'>1992</Data><Data Name='SourceImage'>C:\Windows\system32\svchost.exe</Data><Data Name='TargetProcessGUID'>{D28789B6-7C3B-5FA1-F002-000000008701}</Data><Data Name='TargetProcessId'>816</Data><Data Name='TargetImage'>C:\Windows\system32\WinrsHost.exe</Data><Data Name='GrantedAccess'>0x40</Data><Data Name='CallTrace'>C:\Windows\SYSTEM32\ntdll.dll+a5a94|C:\Windows\System32\KERNELBASE.dll+221bd|C:\Windows\system32\winrscmd.dll+8d36|C:\Windows\system32\winrscmd.dll+92d5|C:\Windows\system32\winrscmd.dll+af31|C:\Windows\system32\winrscmd.dll+23dc|c:\windows\system32\wsmsvc.dll+155ac7|c:\windows\system32\wsmsvc.dll+13f76d|c:\windows\system32\wsmsvc.dll+13f3cf|c:\windows\system32\wsmsvc.dll+13fcb2|c:\windows\system32\wsmsvc.dll+9ab10|c:\windows\system32\wsmsvc.dll+9b611|c:\windows\system32\wsmsvc.dll+4495|c:\windows\system32\wsmsvc.dll+16816c|c:\windows\system32\wsmsvc.dll+1689b8|c:\windows\system32\wsmsvc.dll+16345b|c:\windows\system32\wsmsvc.dll+163125|c:\windows\system32\wsmsvc.dll+14ce9c|c:\windows\system32\wsmsvc.dll+130049|c:\windows\system32\wsmsvc.dll+13571a|c:\windows\system32\wsmsvc.dll+12f47e|c:\windows\system32\wsmsvc.dll+125587|c:\windows\system32\wsmsvc.dll+11f562|c:\windows\system32\wsmsvc.dll+124574</Data></EventData></Event>
<Event xmlns='http://schemas.microsoft.com/win/2004/08/events/event'><System><Provider Name='Microsoft-Windows-Sysmon' Guid='{5770385F-C22A-43E0-BF4C-06F5698FFBD9}'/><EventID>10</EventID><Version>3</Version><Level>4</Level><Task>10</Task><Opcode>0</Opcode><Keywords>0x8000000000000000</Keywords><TimeCreated SystemTime='2020-11-03T15:50:19.801323300Z'/><EventRecordID>58</EventRecordID><Correlation/><Execution ProcessID='5112' ThreadID='748'/><Channel>Microsoft-Windows-Sysmon/Operational</Channel><Computer>win-dc-807.attackrange.local</Computer><Security UserID='S-1-5-18'/></System><EventData><Data Name='RuleName'>-</Data><Data Name='UtcTime'>2020-11-03 15:50:19.794</Data><Data Name='SourceProcessGUID'>{D28789B6-7AD1-5FA1-0C00-000000008701}</Data><Data Name='SourceProcessId'>572</Data><Data Name='SourceThreadId'>1116</Data><Data Name='SourceImage'>C:\Windows\system32\svchost.exe</Data><Data Name='TargetProcessGUID'>{D28789B6-7C3B-5FA1-F002-000000008701}</Data><Data Name='TargetProcessId'>816</Data><Data Name='TargetImage'>C:\Windows\system32\WinrsHost.exe</Data><Data Name='GrantedAccess'>0x1000</Data><Data Name='CallTrace'>C:\Windows\SYSTEM32\ntdll.dll+a5a94|C:\Windows\System32\KERNELBASE.dll+221bd|c:\windows\system32\rpcss.dll+5296|C:\Windows\System32\RPCRT4.dll+78603|C:\Windows\System32\RPCRT4.dll+2e43b|C:\Windows\System32\RPCRT4.dll+6213a|C:\Windows\System32\RPCRT4.dll+52734|C:\Windows\System32\RPCRT4.dll+5164d|C:\Windows\System32\RPCRT4.dll+51efb|C:\Windows\System32\RPCRT4.dll+2552c|C:\Windows\System32\RPCRT4.dll+259ac|C:\Windows\System32\RPCRT4.dll+1122c|C:\Windows\System32\RPCRT4.dll+12a8b|C:\Windows\System32\RPCRT4.dll+1efba|C:\Windows\SYSTEM32\ntdll.dll+1d34e|C:\Windows\SYSTEM32\ntdll.dll+1ecb9|C:\Windows\System32\KERNEL32.DLL+84d4|C:\Windows\SYSTEM32\ntdll.dll+51791</Data></EventData></Event>
<Event xmlns='http://schemas.microsoft.com/win/2004/08/events/event'><System><Provider Name='Microsoft-Windows-Sysmon' Guid='{5770385F-C22A-43E0-BF4C-06F5698FFBD9}'/><EventID>10</EventID><Version>3</Version><Level>4</Level><Task>10</Task><Opcode>0</Opcode><Keywords>0x8000000000000000</Keywords><TimeCreated SystemTime='2020-11-03T15:50:19.789071200Z'/><EventRecordID>57</EventRecordID><Correlation/><Execution ProcessID='5112' ThreadID='748'/><Channel>Microsoft-Windows-Sysmon/Operational</Channel><Computer>win-dc-807.attackrange.local</Computer><Security UserID='S-1-5-18'/></System><EventData><Data Name='RuleName'>-</Data><Data Name='UtcTime'>2020-11-03 15:50:19.779</Data><Data Name='SourceProcessGUID'>{D28789B6-7C3B-5FA1-F102-000000008701}</Data><Data Name='SourceProcessId'>1544</Data><Data Name='SourceThreadId'>4764</Data><Data Name='SourceImage'>C:\Windows\system32\conhost.exe</Data><Data Name='TargetProcessGUID'>{D28789B6-7C3B-5FA1-F002-000000008701}</Data><Data Name='TargetProcessId'>816</Data><Data Name='TargetImage'>C:\Windows\system32\WinrsHost.exe</Data><Data Name='GrantedAccess'>0x1fffff</Data><Data Name='CallTrace'>C:\Windows\SYSTEM32\ntdll.dll+a5a94|C:\Windows\SYSTEM32\ConhostV2.dll+5c07|C:\Windows\SYSTEM32\ConhostV2.dll+76ab|C:\Windows\SYSTEM32\ConhostV2.dll+a84c|C:\Windows\System32\KERNEL32.DLL+84d4|C:\Windows\SYSTEM32\ntdll.dll+51791</Data></EventData></Event>
<Event xmlns='http://schemas.microsoft.com/win/2004/08/events/event'><System><Provider Name='Microsoft-Windows-Sysmon' Guid='{5770385F-C22A-43E0-BF4C-06F5698FFBD9}'/><EventID>10</EventID><Version>3</Version><Level>4</Level><Task>10</Task><Opcode>0</Opcode><Keywords>0x8000000000000000</Keywords><TimeCreated SystemTime='2020-11-03T15:50:19.782846800Z'/><EventRecordID>56</EventRecordID><Correlation/><Execution ProcessID='5112' ThreadID='748'/><Channel>Microsoft-Windows-Sysmon/Operational</Channel><Computer>win-dc-807.attackrange.local</Computer><Security UserID='S-1-5-18'/></System><EventData><Data Name='RuleName'>-</Data><Data Name='UtcTime'>2020-11-03 15:50:19.779</Data><Data Name='SourceProcessGUID'>{D28789B6-7AC1-5FA1-0500-000000008701}</Data><Data Name='SourceProcessId'>636</Data><Data Name='SourceThreadId'>1160</Data><Data Name='SourceImage'>C:\Windows\system32\csrss.exe</Data><Data Name='TargetProcessGUID'>{D28789B6-7C3B-5FA1-F102-000000008701}</Data><Data Name='TargetProcessId'>1544</Data><Data Name='TargetImage'>C:\Windows\system32\conhost.exe</Data><Data Name='GrantedAccess'>0x1fffff</Data><Data Name='CallTrace'>C:\Windows\SYSTEM32\ntdll.dll+a6624|C:\Windows\SYSTEM32\CSRSRV.dll+1a30|C:\Windows\SYSTEM32\CSRSRV.dll+5c09|C:\Windows\SYSTEM32\ntdll.dll+5179f</Data></EventData></Event>
<Event xmlns='http://schemas.microsoft.com/win/2004/08/events/event'><System><Provider Name='Microsoft-Windows-Sysmon' Guid='{5770385F-C22A-43E0-BF4C-06F5698FFBD9}'/><EventID>10</EventID><Version>3</Version><Level>4</Level><Task>10</Task><Opcode>0</Opcode><Keywords>0x8000000000000000</Keywords><TimeCreated SystemTime='2020-11-03T15:50:19.779272800Z'/><EventRecordID>55</EventRecordID><Correlation/><Execution ProcessID='5112' ThreadID='748'/><Channel>Microsoft-Windows-Sysmon/Operational</Channel><Computer>win-dc-807.attackrange.local</Computer><Security UserID='S-1-5-18'/></System><EventData><Data Name='RuleName'>-</Data><Data Name='UtcTime'>2020-11-03 15:50:19.763</Data><Data Name='SourceProcessGUID'>{D28789B6-7AD1-5FA1-0C00-000000008701}</Data><Data Name='SourceProcessId'>572</Data><Data Name='SourceThreadId'>1116</Data><Data Name='SourceImage'>C:\Windows\system32\svchost.exe</Data><Data Name='TargetProcessGUID'>{D28789B6-7C3A-5FA1-EE02-000000008701}</Data><Data Name='TargetProcessId'>5112</Data><Data Name='TargetImage'>C:\Windows\sysmon64.exe</Data><Data Name='GrantedAccess'>0x1400</Data><Data Name='CallTrace'>C:\Windows\SYSTEM32\ntdll.dll+a5a94|C:\Windows\System32\KERNELBASE.dll+5eab4|c:\windows\system32\lsm.dll+e9d6|c:\windows\system32\lsm.dll+d3ae|C:\Windows\System32\RPCRT4.dll+78603|C:\Windows\System32\RPCRT4.dll+d96bd|C:\Windows\System32\RPCRT4.dll+610fc|C:\Windows\System32\RPCRT4.dll+52734|C:\Windows\System32\RPCRT4.dll+5164d|C:\Windows\System32\RPCRT4.dll+51efb|C:\Windows\System32\RPCRT4.dll+2552c|C:\Windows\System32\RPCRT4.dll+259ac|C:\Windows\System32\RPCRT4.dll+1122c|C:\Windows\System32\RPCRT4.dll+12a8b|C:\Windows\System32\RPCRT4.dll+1efba|C:\Windows\SYSTEM32\ntdll.dll+1d34e|C:\Windows\SYSTEM32\ntdll.dll+1ecb9|C:\Windows\System32\KERNEL32.DLL+84d4|C:\Windows\SYSTEM32\ntdll.dll+51791</Data></EventData></Event>
<Event xmlns='http://schemas.microsoft.com/win/2004/08/events/event'><System><Provider Name='Microsoft-Windows-Sysmon' Guid='{5770385F-C22A-43E0-BF4C-06F5698FFBD9}'/><EventID>10</EventID><Version>3</Version><Level>4</Level><Task>10</Task><Opcode>0</Opcode><Keywords>0x8000000000000000</Keywords><TimeCreated SystemTime='2020-11-03T15:50:19.779215700Z'/><EventRecordID>54</EventRecordID><Correlation/><Execution ProcessID='5112' ThreadID='748'/><Channel>Microsoft-Windows-Sysmon/Operational</Channel><Computer>win-dc-807.attackrange.local</Computer><Security UserID='S-1-5-18'/></System><EventData><Data Name='RuleName'>-</Data><Data Name='UtcTime'>2020-11-03 15:50:19.763</Data><Data Name='SourceProcessGUID'>{D28789B6-7AD1-5FA1-0C00-000000008701}</Data><Data Name='SourceProcessId'>572</Data><Data Name='SourceThreadId'>1116</Data><Data Name='SourceImage'>C:\Windows\system32\svchost.exe</Data><Data Name='TargetProcessGUID'>{D28789B6-7C3A-5FA1-EE02-000000008701}</Data><Data Name='TargetProcessId'>5112</Data><Data Name='TargetImage'>C:\Windows\sysmon64.exe</Data><Data Name='GrantedAccess'>0x1400</Data><Data Name='CallTrace'>C:\Windows\SYSTEM32\ntdll.dll+a5a94|C:\Windows\System32\KERNELBASE.dll+5eab4|c:\windows\system32\lsm.dll+11aad|C:\Windows\System32\RPCRT4.dll+78603|C:\Windows\System32\RPCRT4.dll+d96bd|C:\Windows\System32\RPCRT4.dll+610fc|C:\Windows\System32\RPCRT4.dll+52734|C:\Windows\System32\RPCRT4.dll+5164d|C:\Windows\System32\RPCRT4.dll+51efb|C:\Windows\System32\RPCRT4.dll+2552c|C:\Windows\System32\RPCRT4.dll+259ac|C:\Windows\System32\RPCRT4.dll+1122c|C:\Windows\System32\RPCRT4.dll+12a8b|C:\Windows\System32\RPCRT4.dll+1efba|C:\Windows\SYSTEM32\ntdll.dll+1d34e|C:\Windows\SYSTEM32\ntdll.dll+1ecb9|C:\Windows\System32\KERNEL32.DLL+84d4|C:\Windows\SYSTEM32\ntdll.dll+51791</Data></EventData></Event>
<Event xmlns='http://schemas.microsoft.com/win/2004/08/events/event'><System><Provider Name='Microsoft-Windows-Sysmon' Guid='{5770385F-C22A-43E0-BF4C-06F5698FFBD9}'/><EventID>10</EventID><Version>3</Version><Level>4</Level><Task>10</Task><Opcode>0</Opcode><Keywords>0x8000000000000000</Keywords><TimeCreated SystemTime='2020-11-03T15:50:19.779153800Z'/><EventRecordID>53</EventRecordID><Correlation/><Execution ProcessID='5112' ThreadID='748'/><Channel>Microsoft-Windows-Sysmon/Operational</Channel><Computer>win-dc-807.attackrange.local</Computer><Security UserID='S-1-5-18'/></System><EventData><Data Name='RuleName'>-</Data><Data Name='UtcTime'>2020-11-03 15:50:19.763</Data><Data Name='SourceProcessGUID'>{D28789B6-7AD1-5FA1-0C00-000000008701}</Data><Data Name='SourceProcessId'>572</Data><Data Name='SourceThreadId'>1116</Data><Data Name='SourceImage'>C:\Windows\system32\svchost.exe</Data><Data Name='TargetProcessGUID'>{D28789B6-7C3A-5FA1-EE02-000000008701}</Data><Data Name='TargetProcessId'>5112</Data><Data Name='TargetImage'>C:\Windows\sysmon64.exe</Data><Data Name='GrantedAccess'>0x1400</Data><Data Name='CallTrace'>C:\Windows\SYSTEM32\ntdll.dll+a5a94|C:\Windows\System32\KERNELBASE.dll+5eab4|c:\windows\system32\lsm.dll+11058|C:\Windows\System32\RPCRT4.dll+78603|C:\Windows\System32\RPCRT4.dll+d96bd|C:\Windows\System32\RPCRT4.dll+610fc|C:\Windows\System32\RPCRT4.dll+52734|C:\Windows\System32\RPCRT4.dll+5164d|C:\Windows\System32\RPCRT4.dll+51efb|C:\Windows\System32\RPCRT4.dll+2552c|C:\Windows\System32\RPCRT4.dll+259ac|C:\Windows\System32\RPCRT4.dll+1122c|C:\Windows\System32\RPCRT4.dll+12a8b|C:\Windows\System32\RPCRT4.dll+1efba|C:\Windows\SYSTEM32\ntdll.dll+1d34e|C:\Windows\SYSTEM32\ntdll.dll+1ecb9|C:\Windows\System32\KERNEL32.DLL+84d4|C:\Windows\SYSTEM32\ntdll.dll+51791</Data></EventData></Event>
<Event xmlns='http://schemas.microsoft.com/win/2004/08/events/event'><System><Provider Name='Microsoft-Windows-Sysmon' Guid='{5770385F-C22A-43E0-BF4C-06F5698FFBD9}'/><EventID>10</EventID><Version>3</Version><Level>4</Level><Task>10</Task><Opcode>0</Opcode><Keywords>0x8000000000000000</Keywords><TimeCreated SystemTime='2020-11-03T15:50:19.779097600Z'/><EventRecordID>52</EventRecordID><Correlation/><Execution ProcessID='5112' ThreadID='748'/><Channel>Microsoft-Windows-Sysmon/Operational</Channel><Computer>win-dc-807.attackrange.local</Computer><Security UserID='S-1-5-18'/></System><EventData><Data Name='RuleName'>-</Data><Data Name='UtcTime'>2020-11-03 15:50:19.763</Data><Data Name='SourceProcessGUID'>{D28789B6-7AD1-5FA1-0C00-000000008701}</Data><Data Name='SourceProcessId'>572</Data><Data Name='SourceThreadId'>1116</Data><Data Name='SourceImage'>C:\Windows\system32\svchost.exe</Data><Data Name='TargetProcessGUID'>{D28789B6-7C3A-5FA1-EE02-000000008701}</Data><Data Name='TargetProcessId'>5112</Data><Data Name='TargetImage'>C:\Windows\sysmon64.exe</Data><Data Name='GrantedAccess'>0x1400</Data><Data Name='CallTrace'>C:\Windows\SYSTEM32\ntdll.dll+a5a94|C:\Windows\System32\KERNELBASE.dll+5eab4|c:\windows\system32\lsm.dll+12023|C:\Windows\System32\RPCRT4.dll+78603|C:\Windows\System32\RPCRT4.dll+d96bd|C:\Windows\System32\RPCRT4.dll+610fc|C:\Windows\System32\RPCRT4.dll+52734|C:\Windows\System32\RPCRT4.dll+5164d|C:\Windows\System32\RPCRT4.dll+51efb|C:\Windows\System32\RPCRT4.dll+2552c|C:\Windows\System32\RPCRT4.dll+259ac|C:\Windows\System32\RPCRT4.dll+1122c|C:\Windows\System32\RPCRT4.dll+12a8b|C:\Windows\System32\RPCRT4.dll+1efba|C:\Windows\SYSTEM32\ntdll.dll+1d34e|C:\Windows\SYSTEM32\ntdll.dll+1ecb9|C:\Windows\System32\KERNEL32.DLL+84d4|C:\Windows\SYSTEM32\ntdll.dll+51791</Data></EventData></Event>
<Event xmlns='http://schemas.microsoft.com/win/2004/08/events/event'><System><Provider Name='Microsoft-Windows-Sysmon' Guid='{5770385F-C22A-43E0-BF4C-06F5698FFBD9}'/><EventID>10</EventID><Version>3</Version><Level>4</Level><Task>10</Task><Opcode>0</Opcode><Keywords>0x8000000000000000</Keywords><TimeCreated SystemTime='2020-11-03T15:50:19.779041400Z'/><EventRecordID>51</EventRecordID><Correlation/><Execution ProcessID='5112' ThreadID='748'/><Channel>Microsoft-Windows-Sysmon/Operational</Channel><Computer>win-dc-807.attackrange.local</Computer><Security UserID='S-1-5-18'/></System><EventData><Data Name='RuleName'>-</Data><Data Name='UtcTime'>2020-11-03 15:50:19.763</Data><Data Name='SourceProcessGUID'>{D28789B6-7AD1-5FA1-0C00-000000008701}</Data><Data Name='SourceProcessId'>572</Data><Data Name='SourceThreadId'>1112</Data><Data Name='SourceImage'>C:\Windows\system32\svchost.exe</Data><Data Name='TargetProcessGUID'>{D28789B6-7C3A-5FA1-EE02-000000008701}</Data><Data Name='TargetProcessId'>5112</Data><Data Name='TargetImage'>C:\Windows\sysmon64.exe</Data><Data Name='GrantedAccess'>0x1400</Data><Data Name='CallTrace'>C:\Windows\SYSTEM32\ntdll.dll+a5a94|C:\Windows\System32\KERNELBASE.dll+5eab4|c:\windows\system32\lsm.dll+e9d6|c:\windows\system32\lsm.dll+8fc1|c:\windows\system32\lsm.dll+8eb0|C:\Windows\System32\RPCRT4.dll+78603|C:\Windows\System32\RPCRT4.dll+d96bd|C:\Windows\System32\RPCRT4.dll+610fc|C:\Windows\System32\RPCRT4.dll+52734|C:\Windows\System32\RPCRT4.dll+5164d|C:\Windows\System32\RPCRT4.dll+51efb|C:\Windows\System32\RPCRT4.dll+2552c|C:\Windows\System32\RPCRT4.dll+259ac|C:\Windows\System32\RPCRT4.dll+1122c|C:\Windows\System32\RPCRT4.dll+12a8b|C:\Windows\System32\RPCRT4.dll+1efba|C:\Windows\SYSTEM32\ntdll.dll+1d34e|C:\Windows\SYSTEM32\ntdll.dll+1ecb9|C:\Windows\System32\KERNEL32.DLL+84d4|C:\Windows\SYSTEM32\ntdll.dll+51791</Data></EventData></Event>
<Event xmlns='http://schemas.microsoft.com/win/2004/08/events/event'><System><Provider Name='Microsoft-Windows-Sysmon' Guid='{5770385F-C22A-43E0-BF4C-06F5698FFBD9}'/><EventID>10</EventID><Version>3</Version><Level>4</Level><Task>10</Task><Opcode>0</Opcode><Keywords>0x8000000000000000</Keywords><TimeCreated SystemTime='2020-11-03T15:50:19.778983000Z'/><EventRecordID>50</EventRecordID><Correlation/><Execution ProcessID='5112' ThreadID='748'/><Channel>Microsoft-Windows-Sysmon/Operational</Channel><Computer>win-dc-807.attackrange.local</Computer><Security UserID='S-1-5-18'/></System><EventData><Data Name='RuleName'>-</Data><Data Name='UtcTime'>2020-11-03 15:50:19.763</Data><Data Name='SourceProcessGUID'>{D28789B6-7AD1-5FA1-0C00-000000008701}</Data><Data Name='SourceProcessId'>572</Data><Data Name='SourceThreadId'>1112</Data><Data Name='SourceImage'>C:\Windows\system32\svchost.exe</Data><Data Name='TargetProcessGUID'>{D28789B6-7C3A-5FA1-EE02-000000008701}</Data><Data Name='TargetProcessId'>5112</Data><Data Name='TargetImage'>C:\Windows\sysmon64.exe</Data><Data Name='GrantedAccess'>0x1400</Data><Data Name='CallTrace'>C:\Windows\SYSTEM32\ntdll.dll+a5a94|C:\Windows\System32\KERNELBASE.dll+5eab4|c:\windows\system32\lsm.dll+e9d6|c:\windows\system32\lsm.dll+8e6f|C:\Windows\System32\RPCRT4.dll+78603|C:\Windows\System32\RPCRT4.dll+d96bd|C:\Windows\System32\RPCRT4.dll+610fc|C:\Windows\System32\RPCRT4.dll+52734|C:\Windows\System32\RPCRT4.dll+5164d|C:\Windows\System32\RPCRT4.dll+51efb|C:\Windows\System32\RPCRT4.dll+2552c|C:\Windows\System32\RPCRT4.dll+259ac|C:\Windows\System32\RPCRT4.dll+1122c|C:\Windows\System32\RPCRT4.dll+12a8b|C:\Windows\System32\RPCRT4.dll+1efba|C:\Windows\SYSTEM32\ntdll.dll+1d34e|C:\Windows\SYSTEM32\ntdll.dll+1ecb9|C:\Windows\System32\KERNEL32.DLL+84d4|C:\Windows\SYSTEM32\ntdll.dll+51791</Data></EventData></Event>
<Event xmlns='http://schemas.microsoft.com/win/2004/08/events/event'><System><Provider Name='Microsoft-Windows-Sysmon' Guid='{5770385F-C22A-43E0-BF4C-06F5698FFBD9}'/><EventID>10</EventID><Version>3</Version><Level>4</Level><Task>10</Task><Opcode>0</Opcode><Keywords>0x8000000000000000</Keywords><TimeCreated SystemTime='2020-11-03T15:50:19.778922200Z'/><EventRecordID>49</EventRecordID><Correlation/><Execution ProcessID='5112' ThreadID='748'/><Channel>Microsoft-Windows-Sysmon/Operational</Channel><Computer>win-dc-807.attackrange.local</Computer><Security UserID='S-1-5-18'/></System><EventData><Data Name='RuleName'>-</Data><Data Name='UtcTime'>2020-11-03 15:50:19.763</Data><Data Name='SourceProcessGUID'>{D28789B6-7AD1-5FA1-0C00-000000008701}</Data><Data Name='SourceProcessId'>572</Data><Data Name='SourceThreadId'>1112</Data><Data Name='SourceImage'>C:\Windows\system32\svchost.exe</Data><Data Name='TargetProcessGUID'>{D28789B6-7C3A-5FA1-EE02-000000008701}</Data><Data Name='TargetProcessId'>5112</Data><Data Name='TargetImage'>C:\Windows\sysmon64.exe</Data><Data Name='GrantedAccess'>0x1400</Data><Data Name='CallTrace'>C:\Windows\SYSTEM32\ntdll.dll+a5a94|C:\Windows\System32\KERNELBASE.dll+5eab4|c:\windows\system32\lsm.dll+11aad|C:\Windows\System32\RPCRT4.dll+78603|C:\Windows\System32\RPCRT4.dll+d96bd|C:\Windows\System32\RPCRT4.dll+610fc|C:\Windows\System32\RPCRT4.dll+52734|C:\Windows\System32\RPCRT4.dll+5164d|C:\Windows\System32\RPCRT4.dll+51efb|C:\Windows\System32\RPCRT4.dll+2552c|C:\Windows\System32\RPCRT4.dll+259ac|C:\Windows\System32\RPCRT4.dll+1122c|C:\Windows\System32\RPCRT4.dll+12a8b|C:\Windows\System32\RPCRT4.dll+1efba|C:\Windows\SYSTEM32\ntdll.dll+1d34e|C:\Windows\SYSTEM32\ntdll.dll+1ecb9|C:\Windows\System32\KERNEL32.DLL+84d4|C:\Windows\SYSTEM32\ntdll.dll+51791</Data></EventData></Event>
<Event xmlns='http://schemas.microsoft.com/win/2004/08/events/event'><System><Provider Name='Microsoft-Windows-Sysmon' Guid='{5770385F-C22A-43E0-BF4C-06F5698FFBD9}'/><EventID>10</EventID><Version>3</Version><Level>4</Level><Task>10</Task><Opcode>0</Opcode><Keywords>0x8000000000000000</Keywords><TimeCreated SystemTime='2020-11-03T15:50:19.778865700Z'/><EventRecordID>48</EventRecordID><Correlation/><Execution ProcessID='5112' ThreadID='748'/><Channel>Microsoft-Windows-Sysmon/Operational</Channel><Computer>win-dc-807.attackrange.local</Computer><Security UserID='S-1-5-18'/></System><EventData><Data Name='RuleName'>-</Data><Data Name='UtcTime'>2020-11-03 15:50:19.763</Data><Data Name='SourceProcessGUID'>{D28789B6-7AD1-5FA1-0C00-000000008701}</Data><Data Name='SourceProcessId'>572</Data><Data Name='SourceThreadId'>1112</Data><Data Name='SourceImage'>C:\Windows\system32\svchost.exe</Data><Data Name='TargetProcessGUID'>{D28789B6-7C3A-5FA1-EE02-000000008701}</Data><Data Name='TargetProcessId'>5112</Data><Data Name='TargetImage'>C:\Windows\sysmon64.exe</Data><Data Name='GrantedAccess'>0x1400</Data><Data Name='CallTrace'>C:\Windows\SYSTEM32\ntdll.dll+a5a94|C:\Windows\System32\KERNELBASE.dll+5eab4|c:\windows\system32\lsm.dll+11058|C:\Windows\System32\RPCRT4.dll+78603|C:\Windows\System32\RPCRT4.dll+d96bd|C:\Windows\System32\RPCRT4.dll+610fc|C:\Windows\System32\RPCRT4.dll+52734|C:\Windows\System32\RPCRT4.dll+5164d|C:\Windows\System32\RPCRT4.dll+51efb|C:\Windows\System32\RPCRT4.dll+2552c|C:\Windows\System32\RPCRT4.dll+259ac|C:\Windows\System32\RPCRT4.dll+1122c|C:\Windows\System32\RPCRT4.dll+12a8b|C:\Windows\System32\RPCRT4.dll+1efba|C:\Windows\SYSTEM32\ntdll.dll+1d34e|C:\Windows\SYSTEM32\ntdll.dll+1ecb9|C:\Windows\System32\KERNEL32.DLL+84d4|C:\Windows\SYSTEM32\ntdll.dll+51791</Data></EventData></Event>
<Event xmlns='http://schemas.microsoft.com/win/2004/08/events/event'><System><Provider Name='Microsoft-Windows-Sysmon' Guid='{5770385F-C22A-43E0-BF4C-06F5698FFBD9}'/><EventID>10</EventID><Version>3</Version><Level>4</Level><Task>10</Task><Opcode>0</Opcode><Keywords>0x8000000000000000</Keywords><TimeCreated SystemTime='2020-11-03T15:50:19.778807500Z'/><EventRecordID>47</EventRecordID><Correlation/><Execution ProcessID='5112' ThreadID='748'/><Channel>Microsoft-Windows-Sysmon/Operational</Channel><Computer>win-dc-807.attackrange.local</Computer><Security UserID='S-1-5-18'/></System><EventData><Data Name='RuleName'>-</Data><Data Name='UtcTime'>2020-11-03 15:50:19.763</Data><Data Name='SourceProcessGUID'>{D28789B6-7AD1-5FA1-0C00-000000008701}</Data><Data Name='SourceProcessId'>572</Data><Data Name='SourceThreadId'>1112</Data><Data Name='SourceImage'>C:\Windows\system32\svchost.exe</Data><Data Name='TargetProcessGUID'>{D28789B6-7C3A-5FA1-EE02-000000008701}</Data><Data Name='TargetProcessId'>5112</Data><Data Name='TargetImage'>C:\Windows\sysmon64.exe</Data><Data Name='GrantedAccess'>0x1400</Data><Data Name='CallTrace'>C:\Windows\SYSTEM32\ntdll.dll+a5a94|C:\Windows\System32\KERNELBASE.dll+5eab4|c:\windows\system32\lsm.dll+12023|C:\Windows\System32\RPCRT4.dll+78603|C:\Windows\System32\RPCRT4.dll+d96bd|C:\Windows\System32\RPCRT4.dll+610fc|C:\Windows\System32\RPCRT4.dll+52734|C:\Windows\System32\RPCRT4.dll+5164d|C:\Windows\System32\RPCRT4.dll+51efb|C:\Windows\System32\RPCRT4.dll+2552c|C:\Windows\System32\RPCRT4.dll+259ac|C:\Windows\System32\RPCRT4.dll+1122c|C:\Windows\System32\RPCRT4.dll+12a8b|C:\Windows\System32\RPCRT4.dll+1efba|C:\Windows\SYSTEM32\ntdll.dll+1d34e|C:\Windows\SYSTEM32\ntdll.dll+1ecb9|C:\Windows\System32\KERNEL32.DLL+84d4|C:\Windows\SYSTEM32\ntdll.dll+51791</Data></EventData></Event>
<Event xmlns='http://schemas.microsoft.com/win/2004/08/events/event'><System><Provider Name='Microsoft-Windows-Sysmon' Guid='{5770385F-C22A-43E0-BF4C-06F5698FFBD9}'/><EventID>10</EventID><Version>3</Version><Level>4</Level><Task>10</Task><Opcode>0</Opcode><Keywords>0x8000000000000000</Keywords><TimeCreated SystemTime='2020-11-03T15:50:19.778736200Z'/><EventRecordID>46</EventRecordID><Correlation/><Execution ProcessID='5112' ThreadID='748'/><Channel>Microsoft-Windows-Sysmon/Operational</Channel><Computer>win-dc-807.attackrange.local</Computer><Security UserID='S-1-5-18'/></System><EventData><Data Name='RuleName'>-</Data><Data Name='UtcTime'>2020-11-03 15:50:19.763</Data><Data Name='SourceProcessGUID'>{D28789B6-7AC1-5FA1-0500-000000008701}</Data><Data Name='SourceProcessId'>636</Data><Data Name='SourceThreadId'>652</Data><Data Name='SourceImage'>C:\Windows\system32\csrss.exe</Data><Data Name='TargetProcessGUID'>{D28789B6-7C3B-5FA1-F002-000000008701}</Data><Data Name='TargetProcessId'>816</Data><Data Name='TargetImage'>C:\Windows\system32\WinrsHost.exe</Data><Data Name='GrantedAccess'>0x1fffff</Data><Data Name='CallTrace'>C:\Windows\SYSTEM32\ntdll.dll+a5a94|C:\Windows\system32\basesrv.DLL+2f47|C:\Windows\SYSTEM32\CSRSRV.dll+5645|C:\Windows\SYSTEM32\ntdll.dll+5179f</Data></EventData></Event>
<Event xmlns='http://schemas.microsoft.com/win/2004/08/events/event'><System><Provider Name='Microsoft-Windows-Sysmon' Guid='{5770385F-C22A-43E0-BF4C-06F5698FFBD9}'/><EventID>10</EventID><Version>3</Version><Level>4</Level><Task>10</Task><Opcode>0</Opcode><Keywords>0x8000000000000000</Keywords><TimeCreated SystemTime='2020-11-03T15:50:19.778565400Z'/><EventRecordID>45</EventRecordID><Correlation/><Execution ProcessID='5112' ThreadID='748'/><Channel>Microsoft-Windows-Sysmon/Operational</Channel><Computer>win-dc-807.attackrange.local</Computer><Security UserID='S-1-5-18'/></System><EventData><Data Name='RuleName'>-</Data><Data Name='UtcTime'>2020-11-03 15:50:19.763</Data><Data Name='SourceProcessGUID'>{D28789B6-7AD1-5FA1-0C00-000000008701}</Data><Data Name='SourceProcessId'>572</Data><Data Name='SourceThreadId'>1116</Data><Data Name='SourceImage'>C:\Windows\system32\svchost.exe</Data><Data Name='TargetProcessGUID'>{D28789B6-7C3B-5FA1-F002-000000008701}</Data><Data Name='TargetProcessId'>816</Data><Data Name='TargetImage'>C:\Windows\system32\WinrsHost.exe</Data><Data Name='GrantedAccess'>0x1fffff</Data><Data Name='CallTrace'>C:\Windows\SYSTEM32\ntdll.dll+a6d64|C:\Windows\System32\KERNELBASE.dll+2b860|C:\Windows\System32\KERNELBASE.dll+6f453|C:\Windows\System32\KERNEL32.DLL+1d37f|c:\windows\system32\rpcss.dll+35069|c:\windows\system32\rpcss.dll+3a852|C:\Windows\System32\RPCRT4.dll+78603|C:\Windows\System32\RPCRT4.dll+2e43b|C:\Windows\System32\RPCRT4.dll+6213a|C:\Windows\System32\RPCRT4.dll+52734|C:\Windows\System32\RPCRT4.dll+5164d|C:\Windows\System32\RPCRT4.dll+51efb|C:\Windows\System32\RPCRT4.dll+2552c|C:\Windows\System32\RPCRT4.dll+259ac|C:\Windows\System32\RPCRT4.dll+1122c|C:\Windows\System32\RPCRT4.dll+12a8b|C:\Windows\System32\RPCRT4.dll+1efba|C:\Windows\SYSTEM32\ntdll.dll+1d34e|C:\Windows\SYSTEM32\ntdll.dll+1ecb9|C:\Windows\System32\KERNEL32.DLL+84d4|C:\Windows\SYSTEM32\ntdll.dll+51791</Data></EventData></Event>
<Event xmlns='http://schemas.microsoft.com/win/2004/08/events/event'><System><Provider Name='Microsoft-Windows-Sysmon' Guid='{5770385F-C22A-43E0-BF4C-06F5698FFBD9}'/><EventID>1</EventID><Version>5</Version><Level>4</Level><Task>1</Task><Opcode>0</Opcode><Keywords>0x8000000000000000</Keywords><TimeCreated SystemTime='2020-11-03T15:50:19.778337300Z'/><EventRecordID>44</EventRecordID><Correlation/><Execution ProcessID='5112' ThreadID='748'/><Channel>Microsoft-Windows-Sysmon/Operational</Channel><Computer>win-dc-807.attackrange.local</Computer><Security UserID='S-1-5-18'/></System><EventData><Data Name='RuleName'>-</Data><Data Name='UtcTime'>2020-11-03 15:50:19.775</Data><Data Name='ProcessGuid'>{D28789B6-7C3B-5FA1-F002-000000008701}</Data><Data Name='ProcessId'>816</Data><Data Name='Image'>C:\Windows\System32\winrshost.exe</Data><Data Name='FileVersion'>10.0.14393.0 (rs1_release.160715-1616)</Data><Data Name='Description'>Host Process for WinRM's Remote Shell plugin</Data><Data Name='Product'>Microsoft® Windows® Operating System</Data><Data Name='Company'>Microsoft Corporation</Data><Data Name='OriginalFileName'>winrshost.exe</Data><Data Name='CommandLine'>C:\Windows\system32\WinrsHost.exe -Embedding</Data><Data Name='CurrentDirectory'>C:\Windows\system32\</Data><Data Name='User'>ATTACKRANGE\Administrator</Data><Data Name='LogonGuid'>{D28789B6-7C3B-5FA1-858E-100000000000}</Data><Data Name='LogonId'>0x108e85</Data><Data Name='TerminalSessionId'>0</Data><Data Name='IntegrityLevel'>High</Data><Data Name='Hashes'>MD5=F40EC96CA18D88CB1F26FA2070010714,SHA256=607C014A3CA531FFAD50BCD90095C01E4E6B691D9E18473C70E4699CF1E31453,IMPHASH=4216D8E7F36901B61DFD6309B49BCF96</Data><Data Name='ParentProcessGuid'>{D28789B6-7AD1-5FA1-0C00-000000008701}</Data><Data Name='ParentProcessId'>572</Data><Data Name='ParentImage'>C:\Windows\System32\svchost.exe</Data><Data Name='ParentCommandLine'>C:\Windows\system32\svchost.exe -k DcomLaunch</Data></EventData></Event>
<Event xmlns='http://schemas.microsoft.com/win/2004/08/events/event'><System><Provider Name='Microsoft-Windows-Sysmon' Guid='{5770385F-C22A-43E0-BF4C-06F5698FFBD9}'/><EventID>10</EventID><Version>3</Version><Level>4</Level><Task>10</Task><Opcode>0</Opcode><Keywords>0x8000000000000000</Keywords><TimeCreated SystemTime='2020-11-03T15:50:19.774744100Z'/><EventRecordID>43</EventRecordID><Correlation/><Execution ProcessID='5112' ThreadID='748'/><Channel>Microsoft-Windows-Sysmon/Operational</Channel><Computer>win-dc-807.attackrange.local</Computer><Security UserID='S-1-5-18'/></System><EventData><Data Name='RuleName'>-</Data><Data Name='UtcTime'>2020-11-03 15:50:19.763</Data><Data Name='SourceProcessGUID'>{D28789B6-7ACF-5FA1-0B00-000000008701}</Data><Data Name='SourceProcessId'>860</Data><Data Name='SourceThreadId'>916</Data><Data Name='SourceImage'>C:\Windows\system32\lsass.exe</Data><Data Name='TargetProcessGUID'>{D28789B6-7AD2-5FA1-1400-000000008701}</Data><Data Name='TargetProcessId'>1368</Data><Data Name='TargetImage'>C:\Windows\system32\svchost.exe</Data><Data Name='GrantedAccess'>0x1000</Data><Data Name='CallTrace'>C:\Windows\SYSTEM32\ntdll.dll+a5a94|C:\Windows\system32\lsasrv.dll+11c6e|C:\Windows\system32\lsasrv.dll+1e0a8|C:\Windows\system32\lsasrv.dll+1d2d1|C:\Windows\system32\lsasrv.dll+1bb00|C:\Windows\system32\lsasrv.dll+2810b|C:\Windows\SYSTEM32\SspiSrv.dll+1467|C:\Windows\System32\RPCRT4.dll+78603|C:\Windows\System32\RPCRT4.dll+d96bd|C:\Windows\System32\RPCRT4.dll+610fc|C:\Windows\System32\RPCRT4.dll+52734|C:\Windows\System32\RPCRT4.dll+5164d|C:\Windows\System32\RPCRT4.dll+51efb|C:\Windows\System32\RPCRT4.dll+2552c|C:\Windows\System32\RPCRT4.dll+259ac|C:\Windows\System32\RPCRT4.dll+1122c|C:\Windows\System32\RPCRT4.dll+12a8b|C:\Windows\System32\RPCRT4.dll+1efba|C:\Windows\SYSTEM32\ntdll.dll+1d34e|C:\Windows\SYSTEM32\ntdll.dll+1ecb9|C:\Windows\System32\KERNEL32.DLL+84d4|C:\Windows\SYSTEM32\ntdll.dll+51791</Data></EventData></Event>
<Event xmlns='http://schemas.microsoft.com/win/2004/08/events/event'><System><Provider Name='Microsoft-Windows-Sysmon' Guid='{5770385F-C22A-43E0-BF4C-06F5698FFBD9}'/><EventID>10</EventID><Version>3</Version><Level>4</Level><Task>10</Task><Opcode>0</Opcode><Keywords>0x8000000000000000</Keywords><TimeCreated SystemTime='2020-11-03T15:50:19.774664500Z'/><EventRecordID>42</EventRecordID><Correlation/><Execution ProcessID='5112' ThreadID='748'/><Channel>Microsoft-Windows-Sysmon/Operational</Channel><Computer>win-dc-807.attackrange.local</Computer><Security UserID='S-1-5-18'/></System><EventData><Data Name='RuleName'>-</Data><Data Name='UtcTime'>2020-11-03 15:50:19.763</Data><Data Name='SourceProcessGUID'>{D28789B6-7ACF-5FA1-0B00-000000008701}</Data><Data Name='SourceProcessId'>860</Data><Data Name='SourceThreadId'>916</Data><Data Name='SourceImage'>C:\Windows\system32\lsass.exe</Data><Data Name='TargetProcessGUID'>{D28789B6-7AD2-5FA1-1400-000000008701}</Data><Data Name='TargetProcessId'>1368</Data><Data Name='TargetImage'>C:\Windows\system32\svchost.exe</Data><Data Name='GrantedAccess'>0x1000</Data><Data Name='CallTrace'>C:\Windows\SYSTEM32\ntdll.dll+a5a94|C:\Windows\system32\lsasrv.dll+11c6e|C:\Windows\system32\lsasrv.dll+1a4e6|C:\Windows\system32\lsasrv.dll+1ba8f|C:\Windows\system32\lsasrv.dll+2810b|C:\Windows\SYSTEM32\SspiSrv.dll+1467|C:\Windows\System32\RPCRT4.dll+78603|C:\Windows\System32\RPCRT4.dll+d96bd|C:\Windows\System32\RPCRT4.dll+610fc|C:\Windows\System32\RPCRT4.dll+52734|C:\Windows\System32\RPCRT4.dll+5164d|C:\Windows\System32\RPCRT4.dll+51efb|C:\Windows\System32\RPCRT4.dll+2552c|C:\Windows\System32\RPCRT4.dll+259ac|C:\Windows\System32\RPCRT4.dll+1122c|C:\Windows\System32\RPCRT4.dll+12a8b|C:\Windows\System32\RPCRT4.dll+1efba|C:\Windows\SYSTEM32\ntdll.dll+1d34e|C:\Windows\SYSTEM32\ntdll.dll+1ecb9|C:\Windows\System32\KERNEL32.DLL+84d4|C:\Windows\SYSTEM32\ntdll.dll+51791</Data></EventData></Event>
<Event xmlns='http://schemas.microsoft.com/win/2004/08/events/event'><System><Provider Name='Microsoft-Windows-Sysmon' Guid='{5770385F-C22A-43E0-BF4C-06F5698FFBD9}'/><EventID>10</EventID><Version>3</Version><Level>4</Level><Task>10</Task><Opcode>0</Opcode><Keywords>0x8000000000000000</Keywords><TimeCreated SystemTime='2020-11-03T15:50:19.772385100Z'/><EventRecordID>41</EventRecordID><Correlation/><Execution ProcessID='5112' ThreadID='748'/><Channel>Microsoft-Windows-Sysmon/Operational</Channel><Computer>win-dc-807.attackrange.local</Computer><Security UserID='S-1-5-18'/></System><EventData><Data Name='RuleName'>-</Data><Data Name='UtcTime'>2020-11-03 15:50:19.763</Data><Data Name='SourceProcessGUID'>{D28789B6-7ACF-5FA1-0B00-000000008701}</Data><Data Name='SourceProcessId'>860</Data><Data Name='SourceThreadId'>916</Data><Data Name='SourceImage'>C:\Windows\system32\lsass.exe</Data><Data Name='TargetProcessGUID'>{D28789B6-7AD2-5FA1-1400-000000008701}</Data><Data Name='TargetProcessId'>1368</Data><Data Name='TargetImage'>C:\Windows\system32\svchost.exe</Data><Data Name='GrantedAccess'>0x1000</Data><Data Name='CallTrace'>C:\Windows\SYSTEM32\ntdll.dll+a5a94|C:\Windows\system32\lsasrv.dll+1b05d|C:\Windows\system32\lsasrv.dll+2810b|C:\Windows\SYSTEM32\SspiSrv.dll+1467|C:\Windows\System32\RPCRT4.dll+78603|C:\Windows\System32\RPCRT4.dll+d96bd|C:\Windows\System32\RPCRT4.dll+610fc|C:\Windows\System32\RPCRT4.dll+52734|C:\Windows\System32\RPCRT4.dll+5164d|C:\Windows\System32\RPCRT4.dll+51efb|C:\Windows\System32\RPCRT4.dll+2552c|C:\Windows\System32\RPCRT4.dll+259ac|C:\Windows\System32\RPCRT4.dll+1122c|C:\Windows\System32\RPCRT4.dll+12a8b|C:\Windows\System32\RPCRT4.dll+1efba|C:\Windows\SYSTEM32\ntdll.dll+1d34e|C:\Windows\SYSTEM32\ntdll.dll+1ecb9|C:\Windows\System32\KERNEL32.DLL+84d4|C:\Windows\SYSTEM32\ntdll.dll+51791</Data></EventData></Event>
