<Event xmlns='http://schemas.microsoft.com/win/2004/08/events/event'><System><Provider Name='Microsoft-Windows-Sysmon' Guid='{5770385F-C22A-43E0-BF4C-06F5698FFBD9}'/><EventID>10</EventID><Version>3</Version><Level>4</Level><Task>10</Task><Opcode>0</Opcode><Keywords>0x8000000000000000</Keywords><TimeCreated SystemTime='2021-03-24T21:49:54.755166100Z'/><EventRecordID>638476</EventRecordID><Correlation/><Execution ProcessID='2148' ThreadID='3040'/><Channel>Microsoft-Windows-Sysmon/Operational</Channel><Computer>win-host-692.attackrange.local</Computer><Security UserID='S-1-5-18'/></System><EventData><Data Name='RuleName'>-</Data><Data Name='UtcTime'>2021-03-24 21:49:54.741</Data><Data Name='SourceProcessGUID'>{BFB545BB-B8FB-6058-A200-00000000AF01}</Data><Data Name='SourceProcessId'>3640</Data><Data Name='SourceThreadId'>1220</Data><Data Name='SourceImage'>C:\Program Files\SplunkUniversalForwarder\bin\splunkd.exe</Data><Data Name='TargetProcessGUID'>{BFB545BB-B402-605B-295A-00000000AF01}</Data><Data Name='TargetProcessId'>2236</Data><Data Name='TargetImage'>C:\Program Files\SplunkUniversalForwarder\bin\splunk-netmon.exe</Data><Data Name='GrantedAccess'>0x1fffff</Data><Data Name='CallTrace'>C:\Windows\SYSTEM32\ntdll.dll+a7354|C:\Windows\System32\KERNELBASE.dll+2b860|C:\Windows\System32\KERNELBASE.dll+6b246|C:\Windows\System32\KERNEL32.DLL+1c213|C:\Program Files\SplunkUniversalForwarder\bin\splunkd.exe+ce6a3b|C:\Program Files\SplunkUniversalForwarder\bin\splunkd.exe+17cade|C:\Program Files\SplunkUniversalForwarder\bin\splunkd.exe+18641d|C:\Program Files\SplunkUniversalForwarder\bin\splunkd.exe+17ef16|C:\Program Files\SplunkUniversalForwarder\bin\splunkd.exe+c992c4|C:\Program Files\SplunkUniversalForwarder\bin\splunkd.exe+18689b|C:\Program Files\SplunkUniversalForwarder\bin\splunkd.exe+189d3c|C:\Program Files\SplunkUniversalForwarder\bin\splunkd.exe+c95f5f|C:\Program Files\SplunkUniversalForwarder\bin\splunkd.exe+c99fad|C:\Program Files\SplunkUniversalForwarder\bin\splunkd.exe+184c5b|C:\Program Files\SplunkUniversalForwarder\bin\splunkd.exe+c7dd7e|C:\Windows\System32\ucrtbase.dll+1fb80|C:\Windows\System32\KERNEL32.DLL+84d4|C:\Windows\SYSTEM32\ntdll.dll+51821</Data></EventData></Event>
<Event xmlns='http://schemas.microsoft.com/win/2004/08/events/event'><System><Provider Name='Microsoft-Windows-Sysmon' Guid='{5770385F-C22A-43E0-BF4C-06F5698FFBD9}'/><EventID>1</EventID><Version>5</Version><Level>4</Level><Task>1</Task><Opcode>0</Opcode><Keywords>0x8000000000000000</Keywords><TimeCreated SystemTime='2021-03-24T21:49:54.754936400Z'/><EventRecordID>638475</EventRecordID><Correlation/><Execution ProcessID='2148' ThreadID='3040'/><Channel>Microsoft-Windows-Sysmon/Operational</Channel><Computer>win-host-692.attackrange.local</Computer><Security UserID='S-1-5-18'/></System><EventData><Data Name='RuleName'>-</Data><Data Name='UtcTime'>2021-03-24 21:49:54.742</Data><Data Name='ProcessGuid'>{BFB545BB-B402-605B-295A-00000000AF01}</Data><Data Name='ProcessId'>2236</Data><Data Name='Image'>C:\Program Files\SplunkUniversalForwarder\bin\splunk-netmon.exe</Data><Data Name='FileVersion'>8.0.2</Data><Data Name='Description'>Network monitor</Data><Data Name='Product'>Splunk Application</Data><Data Name='Company'>Splunk Inc.</Data><Data Name='OriginalFileName'>splunk-netmon.exe</Data><Data Name='CommandLine'>"C:\Program Files\SplunkUniversalForwarder\bin\splunk-netmon.exe"</Data><Data Name='CurrentDirectory'>C:\Windows\system32\</Data><Data Name='User'>NT AUTHORITY\SYSTEM</Data><Data Name='LogonGuid'>{BFB545BB-B865-6058-E703-000000000000}</Data><Data Name='LogonId'>0x3e7</Data><Data Name='TerminalSessionId'>0</Data><Data Name='IntegrityLevel'>System</Data><Data Name='Hashes'>MD5=8746B8C1724B67C2B1261446C0CFAA57,SHA256=7EFD09FD383FAA75C5D2990E6DBBFD846AEAA08B7037C7D66B4A0EF2AE0866B3,IMPHASH=7B985F47B35272AD7B5218255ACE7AEC</Data><Data Name='ParentProcessGuid'>{BFB545BB-B8FB-6058-A200-00000000AF01}</Data><Data Name='ParentProcessId'>3640</Data><Data Name='ParentImage'>C:\Program Files\SplunkUniversalForwarder\bin\splunkd.exe</Data><Data Name='ParentCommandLine'>"C:\Program Files\SplunkUniversalForwarder\bin\splunkd.exe" service</Data></EventData></Event>
<Event xmlns='http://schemas.microsoft.com/win/2004/08/events/event'><System><Provider Name='Microsoft-Windows-Sysmon' Guid='{5770385F-C22A-43E0-BF4C-06F5698FFBD9}'/><EventID>23</EventID><Version>5</Version><Level>4</Level><Task>23</Task><Opcode>0</Opcode><Keywords>0x8000000000000000</Keywords><TimeCreated SystemTime='2021-03-24T21:49:54.603679000Z'/><EventRecordID>638474</EventRecordID><Correlation/><Execution ProcessID='2148' ThreadID='3040'/><Channel>Microsoft-Windows-Sysmon/Operational</Channel><Computer>win-host-692.attackrange.local</Computer><Security UserID='S-1-5-18'/></System><EventData><Data Name='RuleName'>-</Data><Data Name='UtcTime'>2021-03-24 21:49:54.601</Data><Data Name='ProcessGuid'>{BFB545BB-B909-6058-D900-00000000AF01}</Data><Data Name='ProcessId'>4084</Data><Data Name='User'>NT AUTHORITY\SYSTEM</Data><Data Name='Image'>C:\Program Files\SplunkUniversalForwarder\bin\splunk-winevtlog.exe</Data><Data Name='TargetFilename'>C:\Program Files\SplunkUniversalForwarder\var\lib\splunk\modinputs\WinEventLog\Microsoft-Windows-Sysmon_Operational</Data><Data Name='Hashes'>MD5=D4B08EFCC9611FDD9C2ED6DEAFB30969,SHA256=15B2CDC716213248BA2520A51616167F957B1DB9D3AA6CD1FD2808AF13CCCB3D,IMPHASH=00000000000000000000000000000000</Data><Data Name='IsExecutable'>false</Data><Data Name='Archived'>true</Data></EventData></Event>
<Event xmlns='http://schemas.microsoft.com/win/2004/08/events/event'><System><Provider Name='Microsoft-Windows-Sysmon' Guid='{5770385F-C22A-43E0-BF4C-06F5698FFBD9}'/><EventID>10</EventID><Version>3</Version><Level>4</Level><Task>10</Task><Opcode>0</Opcode><Keywords>0x8000000000000000</Keywords><TimeCreated SystemTime='2021-03-24T21:49:54.730883600Z'/><EventRecordID>5917655</EventRecordID><Correlation/><Execution ProcessID='2172' ThreadID='616'/><Channel>Microsoft-Windows-Sysmon/Operational</Channel><Computer>win-dc-792.attackrange.local</Computer><Security UserID='S-1-5-18'/></System><EventData><Data Name='RuleName'>-</Data><Data Name='UtcTime'>2021-03-24 21:49:54.730</Data><Data Name='SourceProcessGUID'>{896A638B-B5CA-6058-0C00-00000000AE01}</Data><Data Name='SourceProcessId'>824</Data><Data Name='SourceThreadId'>952</Data><Data Name='SourceImage'>C:\Windows\system32\svchost.exe</Data><Data Name='TargetProcessGUID'>{896A638B-B8F4-6058-D702-00000000AE01}</Data><Data Name='TargetProcessId'>5884</Data><Data Name='TargetImage'>C:\Windows\SystemApps\Microsoft.Windows.Cortana_cw5n1h2txyewy\SearchUI.exe</Data><Data Name='GrantedAccess'>0x3600</Data><Data Name='CallTrace'>C:\Windows\SYSTEM32\ntdll.dll+a6084|C:\Windows\SYSTEM32\psmserviceexthost.dll+966a|C:\Windows\SYSTEM32\psmserviceexthost.dll+776e|C:\Windows\SYSTEM32\psmserviceexthost.dll+347df|C:\Windows\SYSTEM32\psmserviceexthost.dll+32779|C:\Windows\SYSTEM32\psmserviceexthost.dll+22da9|C:\Windows\SYSTEM32\psmserviceexthost.dll+1ede4|C:\Windows\System32\KERNEL32.DLL+84d4|C:\Windows\SYSTEM32\ntdll.dll+51821</Data></EventData></Event>
<Event xmlns='http://schemas.microsoft.com/win/2004/08/events/event'><System><Provider Name='Microsoft-Windows-Sysmon' Guid='{5770385F-C22A-43E0-BF4C-06F5698FFBD9}'/><EventID>10</EventID><Version>3</Version><Level>4</Level><Task>10</Task><Opcode>0</Opcode><Keywords>0x8000000000000000</Keywords><TimeCreated SystemTime='2021-03-24T21:49:54.730765200Z'/><EventRecordID>5917654</EventRecordID><Correlation/><Execution ProcessID='2172' ThreadID='616'/><Channel>Microsoft-Windows-Sysmon/Operational</Channel><Computer>win-dc-792.attackrange.local</Computer><Security UserID='S-1-5-18'/></System><EventData><Data Name='RuleName'>-</Data><Data Name='UtcTime'>2021-03-24 21:49:54.730</Data><Data Name='SourceProcessGUID'>{896A638B-B5CA-6058-0C00-00000000AE01}</Data><Data Name='SourceProcessId'>824</Data><Data Name='SourceThreadId'>952</Data><Data Name='SourceImage'>C:\Windows\system32\svchost.exe</Data><Data Name='TargetProcessGUID'>{896A638B-B8F2-6058-D402-00000000AE01}</Data><Data Name='TargetProcessId'>5648</Data><Data Name='TargetImage'>C:\Windows\SystemApps\ShellExperienceHost_cw5n1h2txyewy\ShellExperienceHost.exe</Data><Data Name='GrantedAccess'>0x3600</Data><Data Name='CallTrace'>C:\Windows\SYSTEM32\ntdll.dll+a6084|C:\Windows\SYSTEM32\psmserviceexthost.dll+966a|C:\Windows\SYSTEM32\psmserviceexthost.dll+776e|C:\Windows\SYSTEM32\psmserviceexthost.dll+347df|C:\Windows\SYSTEM32\psmserviceexthost.dll+32779|C:\Windows\SYSTEM32\psmserviceexthost.dll+22da9|C:\Windows\SYSTEM32\psmserviceexthost.dll+1ede4|C:\Windows\System32\KERNEL32.DLL+84d4|C:\Windows\SYSTEM32\ntdll.dll+51821</Data></EventData></Event>
<Event xmlns='http://schemas.microsoft.com/win/2004/08/events/event'><System><Provider Name='Microsoft-Windows-Sysmon' Guid='{5770385F-C22A-43E0-BF4C-06F5698FFBD9}'/><EventID>23</EventID><Version>5</Version><Level>4</Level><Task>23</Task><Opcode>0</Opcode><Keywords>0x8000000000000000</Keywords><TimeCreated SystemTime='2021-03-24T21:49:54.263523000Z'/><EventRecordID>5917653</EventRecordID><Correlation/><Execution ProcessID='2172' ThreadID='616'/><Channel>Microsoft-Windows-Sysmon/Operational</Channel><Computer>win-dc-792.attackrange.local</Computer><Security UserID='S-1-5-18'/></System><EventData><Data Name='RuleName'>-</Data><Data Name='UtcTime'>2021-03-24 21:49:54.263</Data><Data Name='ProcessGuid'>{896A638B-FDF2-6058-8212-00000000AE01}</Data><Data Name='ProcessId'>2788</Data><Data Name='User'>NT AUTHORITY\SYSTEM</Data><Data Name='Image'>C:\Program Files\SplunkUniversalForwarder\bin\splunk-winevtlog.exe</Data><Data Name='TargetFilename'>C:\Program Files\SplunkUniversalForwarder\var\lib\splunk\modinputs\WinEventLog\Microsoft-Windows-Sysmon_Operational</Data><Data Name='Hashes'>MD5=1B0105D556FA580CAC9644F25C6C5C82,SHA256=834AFD6DD58361CE186AFD8477EA77F1F2A6ADBE4D308A7CC0AF38C481C968BD,IMPHASH=00000000000000000000000000000000</Data><Data Name='IsExecutable'>false</Data><Data Name='Archived'>true</Data></EventData></Event>
<Event xmlns='http://schemas.microsoft.com/win/2004/08/events/event'><System><Provider Name='Microsoft-Windows-Sysmon' Guid='{5770385F-C22A-43E0-BF4C-06F5698FFBD9}'/><EventID>23</EventID><Version>5</Version><Level>4</Level><Task>23</Task><Opcode>0</Opcode><Keywords>0x8000000000000000</Keywords><TimeCreated SystemTime='2021-03-24T21:49:55.727168000Z'/><EventRecordID>638505</EventRecordID><Correlation/><Execution ProcessID='2148' ThreadID='3040'/><Channel>Microsoft-Windows-Sysmon/Operational</Channel><Computer>win-host-692.attackrange.local</Computer><Security UserID='S-1-5-18'/></System><EventData><Data Name='RuleName'>-</Data><Data Name='UtcTime'>2021-03-24 21:49:55.726</Data><Data Name='ProcessGuid'>{BFB545BB-B909-6058-D900-00000000AF01}</Data><Data Name='ProcessId'>4084</Data><Data Name='User'>NT AUTHORITY\SYSTEM</Data><Data Name='Image'>C:\Program Files\SplunkUniversalForwarder\bin\splunk-winevtlog.exe</Data><Data Name='TargetFilename'>C:\Program Files\SplunkUniversalForwarder\var\lib\splunk\modinputs\WinEventLog\Microsoft-Windows-Sysmon_Operational</Data><Data Name='Hashes'>MD5=5194EE3746D55680A0BB461FA4B12591,SHA256=B8A583D93B66B0B1D279AC145EF58491D31EC1C3181411C8E2CEACBDCC23D7C1,IMPHASH=00000000000000000000000000000000</Data><Data Name='IsExecutable'>false</Data><Data Name='Archived'>true</Data></EventData></Event>
<Event xmlns='http://schemas.microsoft.com/win/2004/08/events/event'><System><Provider Name='Microsoft-Windows-Sysmon' Guid='{5770385F-C22A-43E0-BF4C-06F5698FFBD9}'/><EventID>3</EventID><Version>5</Version><Level>4</Level><Task>3</Task><Opcode>0</Opcode><Keywords>0x8000000000000000</Keywords><TimeCreated SystemTime='2021-03-24T21:49:55.710613200Z'/><EventRecordID>638504</EventRecordID><Correlation/><Execution ProcessID='2148' ThreadID='3052'/><Channel>Microsoft-Windows-Sysmon/Operational</Channel><Computer>win-host-692.attackrange.local</Computer><Security UserID='S-1-5-18'/></System><EventData><Data Name='RuleName'>-</Data><Data Name='UtcTime'>2021-03-24 21:49:51.521</Data><Data Name='ProcessGuid'>{BFB545BB-B903-6058-D000-00000000AF01}</Data><Data Name='ProcessId'>1216</Data><Data Name='Image'>C:\Program Files\SplunkUniversalForwarder\etc\apps\Splunk_TA_stream\windows_x86_64\bin\streamfwd.exe</Data><Data Name='User'>NT AUTHORITY\SYSTEM</Data><Data Name='Protocol'>tcp</Data><Data Name='Initiated'>true</Data><Data Name='SourceIsIpv6'>false</Data><Data Name='SourceIp'>10.0.1.15</Data><Data Name='SourceHostname'>win-host-692.attackrange.local</Data><Data Name='SourcePort'>57254</Data><Data Name='SourcePortName'>-</Data><Data Name='DestinationIsIpv6'>false</Data><Data Name='DestinationIp'>10.0.1.12</Data><Data Name='DestinationHostname'>ip-10-0-1-12.us-west-2.compute.internal</Data><Data Name='DestinationPort'>8000</Data><Data Name='DestinationPortName'>-</Data></EventData></Event>
<Event xmlns='http://schemas.microsoft.com/win/2004/08/events/event'><System><Provider Name='Microsoft-Windows-Sysmon' Guid='{5770385F-C22A-43E0-BF4C-06F5698FFBD9}'/><EventID>10</EventID><Version>3</Version><Level>4</Level><Task>10</Task><Opcode>0</Opcode><Keywords>0x8000000000000000</Keywords><TimeCreated SystemTime='2021-03-24T21:49:55.731128500Z'/><EventRecordID>5917694</EventRecordID><Correlation/><Execution ProcessID='2172' ThreadID='616'/><Channel>Microsoft-Windows-Sysmon/Operational</Channel><Computer>win-dc-792.attackrange.local</Computer><Security UserID='S-1-5-18'/></System><EventData><Data Name='RuleName'>-</Data><Data Name='UtcTime'>2021-03-24 21:49:55.730</Data><Data Name='SourceProcessGUID'>{896A638B-B5CA-6058-0C00-00000000AE01}</Data><Data Name='SourceProcessId'>824</Data><Data Name='SourceThreadId'>952</Data><Data Name='SourceImage'>C:\Windows\system32\svchost.exe</Data><Data Name='TargetProcessGUID'>{896A638B-B8F4-6058-D702-00000000AE01}</Data><Data Name='TargetProcessId'>5884</Data><Data Name='TargetImage'>C:\Windows\SystemApps\Microsoft.Windows.Cortana_cw5n1h2txyewy\SearchUI.exe</Data><Data Name='GrantedAccess'>0x3600</Data><Data Name='CallTrace'>C:\Windows\SYSTEM32\ntdll.dll+a6084|C:\Windows\SYSTEM32\psmserviceexthost.dll+966a|C:\Windows\SYSTEM32\psmserviceexthost.dll+776e|C:\Windows\SYSTEM32\psmserviceexthost.dll+347df|C:\Windows\SYSTEM32\psmserviceexthost.dll+32779|C:\Windows\SYSTEM32\psmserviceexthost.dll+22da9|C:\Windows\SYSTEM32\psmserviceexthost.dll+1ede4|C:\Windows\System32\KERNEL32.DLL+84d4|C:\Windows\SYSTEM32\ntdll.dll+51821</Data></EventData></Event>
<Event xmlns='http://schemas.microsoft.com/win/2004/08/events/event'><System><Provider Name='Microsoft-Windows-Sysmon' Guid='{5770385F-C22A-43E0-BF4C-06F5698FFBD9}'/><EventID>10</EventID><Version>3</Version><Level>4</Level><Task>10</Task><Opcode>0</Opcode><Keywords>0x8000000000000000</Keywords><TimeCreated SystemTime='2021-03-24T21:49:55.731023700Z'/><EventRecordID>5917693</EventRecordID><Correlation/><Execution ProcessID='2172' ThreadID='616'/><Channel>Microsoft-Windows-Sysmon/Operational</Channel><Computer>win-dc-792.attackrange.local</Computer><Security UserID='S-1-5-18'/></System><EventData><Data Name='RuleName'>-</Data><Data Name='UtcTime'>2021-03-24 21:49:55.730</Data><Data Name='SourceProcessGUID'>{896A638B-B5CA-6058-0C00-00000000AE01}</Data><Data Name='SourceProcessId'>824</Data><Data Name='SourceThreadId'>952</Data><Data Name='SourceImage'>C:\Windows\system32\svchost.exe</Data><Data Name='TargetProcessGUID'>{896A638B-B8F2-6058-D402-00000000AE01}</Data><Data Name='TargetProcessId'>5648</Data><Data Name='TargetImage'>C:\Windows\SystemApps\ShellExperienceHost_cw5n1h2txyewy\ShellExperienceHost.exe</Data><Data Name='GrantedAccess'>0x3600</Data><Data Name='CallTrace'>C:\Windows\SYSTEM32\ntdll.dll+a6084|C:\Windows\SYSTEM32\psmserviceexthost.dll+966a|C:\Windows\SYSTEM32\psmserviceexthost.dll+776e|C:\Windows\SYSTEM32\psmserviceexthost.dll+347df|C:\Windows\SYSTEM32\psmserviceexthost.dll+32779|C:\Windows\SYSTEM32\psmserviceexthost.dll+22da9|C:\Windows\SYSTEM32\psmserviceexthost.dll+1ede4|C:\Windows\System32\KERNEL32.DLL+84d4|C:\Windows\SYSTEM32\ntdll.dll+51821</Data></EventData></Event>
<Event xmlns='http://schemas.microsoft.com/win/2004/08/events/event'><System><Provider Name='Microsoft-Windows-Sysmon' Guid='{5770385F-C22A-43E0-BF4C-06F5698FFBD9}'/><EventID>23</EventID><Version>5</Version><Level>4</Level><Task>23</Task><Opcode>0</Opcode><Keywords>0x8000000000000000</Keywords><TimeCreated SystemTime='2021-03-24T21:49:55.414654500Z'/><EventRecordID>5917692</EventRecordID><Correlation/><Execution ProcessID='2172' ThreadID='616'/><Channel>Microsoft-Windows-Sysmon/Operational</Channel><Computer>win-dc-792.attackrange.local</Computer><Security UserID='S-1-5-18'/></System><EventData><Data Name='RuleName'>-</Data><Data Name='UtcTime'>2021-03-24 21:49:55.414</Data><Data Name='ProcessGuid'>{896A638B-FDF2-6058-8212-00000000AE01}</Data><Data Name='ProcessId'>2788</Data><Data Name='User'>NT AUTHORITY\SYSTEM</Data><Data Name='Image'>C:\Program Files\SplunkUniversalForwarder\bin\splunk-winevtlog.exe</Data><Data Name='TargetFilename'>C:\Program Files\SplunkUniversalForwarder\var\lib\splunk\modinputs\WinEventLog\Microsoft-Windows-Sysmon_Operational</Data><Data Name='Hashes'>MD5=CC2D1FB0CABBB92BCFDA2FFB4E064D3C,SHA256=AF721F954D12D96046137F89CCCA77D3075E61815E8D7C7CBD130B44AC475E05,IMPHASH=00000000000000000000000000000000</Data><Data Name='IsExecutable'>false</Data><Data Name='Archived'>true</Data></EventData></Event>
<Event xmlns='http://schemas.microsoft.com/win/2004/08/events/event'><System><Provider Name='Microsoft-Windows-Sysmon' Guid='{5770385F-C22A-43E0-BF4C-06F5698FFBD9}'/><EventID>10</EventID><Version>3</Version><Level>4</Level><Task>10</Task><Opcode>0</Opcode><Keywords>0x8000000000000000</Keywords><TimeCreated SystemTime='2021-03-24T21:49:55.335772800Z'/><EventRecordID>5917691</EventRecordID><Correlation/><Execution ProcessID='2172' ThreadID='616'/><Channel>Microsoft-Windows-Sysmon/Operational</Channel><Computer>win-dc-792.attackrange.local</Computer><Security UserID='S-1-5-18'/></System><EventData><Data Name='RuleName'>-</Data><Data Name='UtcTime'>2021-03-24 21:49:55.334</Data><Data Name='SourceProcessGUID'>{896A638B-B8E2-6058-B102-00000000AE01}</Data><Data Name='SourceProcessId'>4244</Data><Data Name='SourceThreadId'>5760</Data><Data Name='SourceImage'>C:\Windows\Explorer.EXE</Data><Data Name='TargetProcessGUID'>{896A638B-B979-6058-2004-00000000AE01}</Data><Data Name='TargetProcessId'>6812</Data><Data Name='TargetImage'>C:\Windows\system32\WindowsPowerShell\v1.0\PowerShell_ISE.exe</Data><Data Name='GrantedAccess'>0x1400</Data><Data Name='CallTrace'>C:\Windows\SYSTEM32\ntdll.dll+a6084|C:\Windows\System32\KERNELBASE.dll+221bd|C:\Windows\System32\SHELL32.dll+10a29|C:\Windows\System32\SHELL32.dll+b7690|C:\Windows\System32\SHELL32.dll+b96a7|C:\Windows\Explorer.EXE+3c618|C:\Windows\Explorer.EXE+3c4a4|C:\Windows\Explorer.EXE+3c411|C:\Windows\System32\windows.storage.dll+13bc8f|C:\Windows\System32\windows.storage.dll+13aa1b|C:\Windows\System32\windows.storage.dll+138f3f|C:\Windows\System32\SHCORE.dll+367a6|C:\Windows\SYSTEM32\ntdll.dll+39d99|C:\Windows\SYSTEM32\ntdll.dll+1e88a|C:\Windows\System32\KERNEL32.DLL+84d4|C:\Windows\SYSTEM32\ntdll.dll+51821</Data></EventData></Event>
<Event xmlns='http://schemas.microsoft.com/win/2004/08/events/event'><System><Provider Name='Microsoft-Windows-Sysmon' Guid='{5770385F-C22A-43E0-BF4C-06F5698FFBD9}'/><EventID>10</EventID><Version>3</Version><Level>4</Level><Task>10</Task><Opcode>0</Opcode><Keywords>0x8000000000000000</Keywords><TimeCreated SystemTime='2021-03-24T21:49:55.335673700Z'/><EventRecordID>5917690</EventRecordID><Correlation/><Execution ProcessID='2172' ThreadID='616'/><Channel>Microsoft-Windows-Sysmon/Operational</Channel><Computer>win-dc-792.attackrange.local</Computer><Security UserID='S-1-5-18'/></System><EventData><Data Name='RuleName'>-</Data><Data Name='UtcTime'>2021-03-24 21:49:55.334</Data><Data Name='SourceProcessGUID'>{896A638B-B8E2-6058-B102-00000000AE01}</Data><Data Name='SourceProcessId'>4244</Data><Data Name='SourceThreadId'>5760</Data><Data Name='SourceImage'>C:\Windows\Explorer.EXE</Data><Data Name='TargetProcessGUID'>{896A638B-B979-6058-2004-00000000AE01}</Data><Data Name='TargetProcessId'>6812</Data><Data Name='TargetImage'>C:\Windows\system32\WindowsPowerShell\v1.0\PowerShell_ISE.exe</Data><Data Name='GrantedAccess'>0x1000</Data><Data Name='CallTrace'>C:\Windows\SYSTEM32\ntdll.dll+a6084|C:\Windows\System32\KERNELBASE.dll+221bd|C:\Windows\System32\SHELL32.dll+b7144|C:\Windows\System32\SHELL32.dll+b96a7|C:\Windows\Explorer.EXE+3c618|C:\Windows\Explorer.EXE+3c4a4|C:\Windows\Explorer.EXE+3c411|C:\Windows\System32\windows.storage.dll+13bc8f|C:\Windows\System32\windows.storage.dll+13aa1b|C:\Windows\System32\windows.storage.dll+138f3f|C:\Windows\System32\SHCORE.dll+367a6|C:\Windows\SYSTEM32\ntdll.dll+39d99|C:\Windows\SYSTEM32\ntdll.dll+1e88a|C:\Windows\System32\KERNEL32.DLL+84d4|C:\Windows\SYSTEM32\ntdll.dll+51821</Data></EventData></Event>
<Event xmlns='http://schemas.microsoft.com/win/2004/08/events/event'><System><Provider Name='Microsoft-Windows-Sysmon' Guid='{5770385F-C22A-43E0-BF4C-06F5698FFBD9}'/><EventID>10</EventID><Version>3</Version><Level>4</Level><Task>10</Task><Opcode>0</Opcode><Keywords>0x8000000000000000</Keywords><TimeCreated SystemTime='2021-03-24T21:49:55.330753200Z'/><EventRecordID>5917689</EventRecordID><Correlation/><Execution ProcessID='2172' ThreadID='616'/><Channel>Microsoft-Windows-Sysmon/Operational</Channel><Computer>win-dc-792.attackrange.local</Computer><Security UserID='S-1-5-18'/></System><EventData><Data Name='RuleName'>-</Data><Data Name='UtcTime'>2021-03-24 21:49:55.329</Data><Data Name='SourceProcessGUID'>{896A638B-B8E2-6058-B102-00000000AE01}</Data><Data Name='SourceProcessId'>4244</Data><Data Name='SourceThreadId'>5500</Data><Data Name='SourceImage'>C:\Windows\Explorer.EXE</Data><Data Name='TargetProcessGUID'>{896A638B-B979-6058-2004-00000000AE01}</Data><Data Name='TargetProcessId'>6812</Data><Data Name='TargetImage'>C:\Windows\system32\WindowsPowerShell\v1.0\PowerShell_ISE.exe</Data><Data Name='GrantedAccess'>0x1400</Data><Data Name='CallTrace'>C:\Windows\SYSTEM32\ntdll.dll+a6084|C:\Windows\System32\KERNELBASE.dll+221bd|C:\Windows\System32\SHELL32.dll+10a29|C:\Windows\System32\SHELL32.dll+b7690|C:\Windows\System32\SHELL32.dll+b7ef0|C:\Windows\System32\TwinUI.dll+12d4e1|C:\Windows\System32\TwinUI.dll+12dfcf|C:\Windows\System32\KERNEL32.DLL+84d4|C:\Windows\SYSTEM32\ntdll.dll+51821</Data></EventData></Event>
<Event xmlns='http://schemas.microsoft.com/win/2004/08/events/event'><System><Provider Name='Microsoft-Windows-Sysmon' Guid='{5770385F-C22A-43E0-BF4C-06F5698FFBD9}'/><EventID>10</EventID><Version>3</Version><Level>4</Level><Task>10</Task><Opcode>0</Opcode><Keywords>0x8000000000000000</Keywords><TimeCreated SystemTime='2021-03-24T21:49:55.330622100Z'/><EventRecordID>5917688</EventRecordID><Correlation/><Execution ProcessID='2172' ThreadID='616'/><Channel>Microsoft-Windows-Sysmon/Operational</Channel><Computer>win-dc-792.attackrange.local</Computer><Security UserID='S-1-5-18'/></System><EventData><Data Name='RuleName'>-</Data><Data Name='UtcTime'>2021-03-24 21:49:55.329</Data><Data Name='SourceProcessGUID'>{896A638B-B8E2-6058-B102-00000000AE01}</Data><Data Name='SourceProcessId'>4244</Data><Data Name='SourceThreadId'>5500</Data><Data Name='SourceImage'>C:\Windows\Explorer.EXE</Data><Data Name='TargetProcessGUID'>{896A638B-B979-6058-2004-00000000AE01}</Data><Data Name='TargetProcessId'>6812</Data><Data Name='TargetImage'>C:\Windows\system32\WindowsPowerShell\v1.0\PowerShell_ISE.exe</Data><Data Name='GrantedAccess'>0x1000</Data><Data Name='CallTrace'>C:\Windows\SYSTEM32\ntdll.dll+a6084|C:\Windows\System32\KERNELBASE.dll+221bd|C:\Windows\System32\SHELL32.dll+b7144|C:\Windows\System32\SHELL32.dll+b7ef0|C:\Windows\System32\TwinUI.dll+12d4e1|C:\Windows\System32\TwinUI.dll+12dfcf|C:\Windows\System32\KERNEL32.DLL+84d4|C:\Windows\SYSTEM32\ntdll.dll+51821</Data></EventData></Event>
<Event xmlns='http://schemas.microsoft.com/win/2004/08/events/event'><System><Provider Name='Microsoft-Windows-Sysmon' Guid='{5770385F-C22A-43E0-BF4C-06F5698FFBD9}'/><EventID>10</EventID><Version>3</Version><Level>4</Level><Task>10</Task><Opcode>0</Opcode><Keywords>0x8000000000000000</Keywords><TimeCreated SystemTime='2021-03-24T21:49:55.330518100Z'/><EventRecordID>5917687</EventRecordID><Correlation/><Execution ProcessID='2172' ThreadID='616'/><Channel>Microsoft-Windows-Sysmon/Operational</Channel><Computer>win-dc-792.attackrange.local</Computer><Security UserID='S-1-5-18'/></System><EventData><Data Name='RuleName'>-</Data><Data Name='UtcTime'>2021-03-24 21:49:55.329</Data><Data Name='SourceProcessGUID'>{896A638B-B8E2-6058-B102-00000000AE01}</Data><Data Name='SourceProcessId'>4244</Data><Data Name='SourceThreadId'>5500</Data><Data Name='SourceImage'>C:\Windows\Explorer.EXE</Data><Data Name='TargetProcessGUID'>{896A638B-B979-6058-2004-00000000AE01}</Data><Data Name='TargetProcessId'>6812</Data><Data Name='TargetImage'>C:\Windows\system32\WindowsPowerShell\v1.0\PowerShell_ISE.exe</Data><Data Name='GrantedAccess'>0x1410</Data><Data Name='CallTrace'>C:\Windows\SYSTEM32\ntdll.dll+a6084|C:\Windows\System32\KERNELBASE.dll+221bd|C:\Windows\System32\TwinUI.dll+12d319|C:\Windows\System32\TwinUI.dll+12dfcf|C:\Windows\System32\KERNEL32.DLL+84d4|C:\Windows\SYSTEM32\ntdll.dll+51821</Data></EventData></Event>
<Event xmlns='http://schemas.microsoft.com/win/2004/08/events/event'><System><Provider Name='Microsoft-Windows-Sysmon' Guid='{5770385F-C22A-43E0-BF4C-06F5698FFBD9}'/><EventID>23</EventID><Version>5</Version><Level>4</Level><Task>23</Task><Opcode>0</Opcode><Keywords>0x8000000000000000</Keywords><TimeCreated SystemTime='2021-03-24T21:49:55.326796100Z'/><EventRecordID>5917686</EventRecordID><Correlation/><Execution ProcessID='2172' ThreadID='616'/><Channel>Microsoft-Windows-Sysmon/Operational</Channel><Computer>win-dc-792.attackrange.local</Computer><Security UserID='S-1-5-18'/></System><EventData><Data Name='RuleName'>-</Data><Data Name='UtcTime'>2021-03-24 21:49:55.325</Data><Data Name='ProcessGuid'>{896A638B-B403-605B-8169-00000000AE01}</Data><Data Name='ProcessId'>6800</Data><Data Name='User'>ATTACKRANGE\Administrator</Data><Data Name='Image'>C:\Windows\System32\certutil.exe</Data><Data Name='TargetFilename'>C:\Windows\System32\2d2a313164ae3a724cc53b0c8e104dd6053f8402.bin</Data><Data Name='Hashes'>MD5=DDA4F30CDD84D94A82586B61071F6AE3,SHA256=65AF6027045D23175366EAB50E460AB3EE7790E591CB84CC32C78AC63A4C90E1,IMPHASH=00000000000000000000000000000000</Data><Data Name='IsExecutable'>false</Data><Data Name='Archived'>true</Data></EventData></Event>
<Event xmlns='http://schemas.microsoft.com/win/2004/08/events/event'><System><Provider Name='Microsoft-Windows-Sysmon' Guid='{5770385F-C22A-43E0-BF4C-06F5698FFBD9}'/><EventID>10</EventID><Version>3</Version><Level>4</Level><Task>10</Task><Opcode>0</Opcode><Keywords>0x8000000000000000</Keywords><TimeCreated SystemTime='2021-03-24T21:49:55.277258500Z'/><EventRecordID>5917685</EventRecordID><Correlation/><Execution ProcessID='2172' ThreadID='616'/><Channel>Microsoft-Windows-Sysmon/Operational</Channel><Computer>win-dc-792.attackrange.local</Computer><Security UserID='S-1-5-18'/></System><EventData><Data Name='RuleName'>-</Data><Data Name='UtcTime'>2021-03-24 21:49:55.276</Data><Data Name='SourceProcessGUID'>{896A638B-B5C8-6058-0B00-00000000AE01}</Data><Data Name='SourceProcessId'>612</Data><Data Name='SourceThreadId'>8092</Data><Data Name='SourceImage'>C:\Windows\system32\lsass.exe</Data><Data Name='TargetProcessGUID'>{896A638B-B403-605B-8169-00000000AE01}</Data><Data Name='TargetProcessId'>6800</Data><Data Name='TargetImage'>C:\Windows\System32\certutil.exe</Data><Data Name='GrantedAccess'>0x1478</Data><Data Name='CallTrace'>C:\Windows\SYSTEM32\ntdll.dll+a6084|C:\Windows\system32\lsasrv.dll+24c07|C:\Windows\system32\lsasrv.dll+25d4d|C:\Windows\system32\lsasrv.dll+24a85|C:\Windows\SYSTEM32\SspiSrv.dll+11a2|C:\Windows\System32\RPCRT4.dll+78e23|C:\Windows\System32\RPCRT4.dll+d96bd|C:\Windows\System32\RPCRT4.dll+6194c|C:\Windows\System32\RPCRT4.dll+52bf4|C:\Windows\System32\RPCRT4.dll+51b0d|C:\Windows\System32\RPCRT4.dll+523bb|C:\Windows\System32\RPCRT4.dll+2469c|C:\Windows\System32\RPCRT4.dll+24b1c|C:\Windows\System32\RPCRT4.dll+111bc|C:\Windows\System32\RPCRT4.dll+12a1b|C:\Windows\System32\RPCRT4.dll+1e12a|C:\Windows\SYSTEM32\ntdll.dll+1d34e|C:\Windows\SYSTEM32\ntdll.dll+1ecb9|C:\Windows\System32\KERNEL32.DLL+84d4|C:\Windows\SYSTEM32\ntdll.dll+51821</Data></EventData></Event>
<Event xmlns='http://schemas.microsoft.com/win/2004/08/events/event'><System><Provider Name='Microsoft-Windows-Sysmon' Guid='{5770385F-C22A-43E0-BF4C-06F5698FFBD9}'/><EventID>10</EventID><Version>3</Version><Level>4</Level><Task>10</Task><Opcode>0</Opcode><Keywords>0x8000000000000000</Keywords><TimeCreated SystemTime='2021-03-24T21:49:55.277147500Z'/><EventRecordID>5917684</EventRecordID><Correlation/><Execution ProcessID='2172' ThreadID='616'/><Channel>Microsoft-Windows-Sysmon/Operational</Channel><Computer>win-dc-792.attackrange.local</Computer><Security UserID='S-1-5-18'/></System><EventData><Data Name='RuleName'>-</Data><Data Name='UtcTime'>2021-03-24 21:49:55.276</Data><Data Name='SourceProcessGUID'>{896A638B-B5C8-6058-0B00-00000000AE01}</Data><Data Name='SourceProcessId'>612</Data><Data Name='SourceThreadId'>8092</Data><Data Name='SourceImage'>C:\Windows\system32\lsass.exe</Data><Data Name='TargetProcessGUID'>{896A638B-B403-605B-8169-00000000AE01}</Data><Data Name='TargetProcessId'>6800</Data><Data Name='TargetImage'>C:\Windows\System32\certutil.exe</Data><Data Name='GrantedAccess'>0x1000</Data><Data Name='CallTrace'>C:\Windows\SYSTEM32\ntdll.dll+a6c14|C:\Windows\System32\RPCRT4.dll+4ab4f|C:\Windows\system32\lsasrv.dll+249cd|C:\Windows\SYSTEM32\SspiSrv.dll+11a2|C:\Windows\System32\RPCRT4.dll+78e23|C:\Windows\System32\RPCRT4.dll+d96bd|C:\Windows\System32\RPCRT4.dll+6194c|C:\Windows\System32\RPCRT4.dll+52bf4|C:\Windows\System32\RPCRT4.dll+51b0d|C:\Windows\System32\RPCRT4.dll+523bb|C:\Windows\System32\RPCRT4.dll+2469c|C:\Windows\System32\RPCRT4.dll+24b1c|C:\Windows\System32\RPCRT4.dll+111bc|C:\Windows\System32\RPCRT4.dll+12a1b|C:\Windows\System32\RPCRT4.dll+1e12a|C:\Windows\SYSTEM32\ntdll.dll+1d34e|C:\Windows\SYSTEM32\ntdll.dll+1ecb9|C:\Windows\System32\KERNEL32.DLL+84d4|C:\Windows\SYSTEM32\ntdll.dll+51821</Data></EventData></Event>
<Event xmlns='http://schemas.microsoft.com/win/2004/08/events/event'><System><Provider Name='Microsoft-Windows-Sysmon' Guid='{5770385F-C22A-43E0-BF4C-06F5698FFBD9}'/><EventID>10</EventID><Version>3</Version><Level>4</Level><Task>10</Task><Opcode>0</Opcode><Keywords>0x8000000000000000</Keywords><TimeCreated SystemTime='2021-03-24T21:49:55.520040100Z'/><EventRecordID>638503</EventRecordID><Correlation/><Execution ProcessID='2148' ThreadID='3040'/><Channel>Microsoft-Windows-Sysmon/Operational</Channel><Computer>win-host-692.attackrange.local</Computer><Security UserID='S-1-5-18'/></System><EventData><Data Name='RuleName'>-</Data><Data Name='UtcTime'>2021-03-24 21:49:55.507</Data><Data Name='SourceProcessGUID'>{BFB545BB-B403-605B-2A5A-00000000AF01}</Data><Data Name='SourceProcessId'>3988</Data><Data Name='SourceThreadId'>872</Data><Data Name='SourceImage'>C:\Program Files\SplunkUniversalForwarder\bin\splunk-admon.exe</Data><Data Name='TargetProcessGUID'>{BFB545BB-B8FB-6058-A200-00000000AF01}</Data><Data Name='TargetProcessId'>3640</Data><Data Name='TargetImage'>C:\Program Files\SplunkUniversalForwarder\bin\splunkd.exe</Data><Data Name='GrantedAccess'>0x101400</Data><Data Name='CallTrace'>C:\Windows\SYSTEM32\ntdll.dll+a6084|C:\Windows\System32\KERNELBASE.dll+221bd|C:\Program Files\SplunkUniversalForwarder\bin\splunk-admon.exe+6025c5|C:\Program Files\SplunkUniversalForwarder\bin\splunk-admon.exe+6020f6|C:\Program Files\SplunkUniversalForwarder\bin\splunk-admon.exe+59e67|C:\Program Files\SplunkUniversalForwarder\bin\splunk-admon.exe+5b88c|C:\Program Files\SplunkUniversalForwarder\bin\splunk-admon.exe+8e7d70|C:\Windows\System32\KERNEL32.DLL+84d4|C:\Windows\SYSTEM32\ntdll.dll+51821</Data></EventData></Event>
<Event xmlns='http://schemas.microsoft.com/win/2004/08/events/event'><System><Provider Name='Microsoft-Windows-Sysmon' Guid='{5770385F-C22A-43E0-BF4C-06F5698FFBD9}'/><EventID>10</EventID><Version>3</Version><Level>4</Level><Task>10</Task><Opcode>0</Opcode><Keywords>0x8000000000000000</Keywords><TimeCreated SystemTime='2021-03-24T21:49:55.381842300Z'/><EventRecordID>638502</EventRecordID><Correlation/><Execution ProcessID='2148' ThreadID='3040'/><Channel>Microsoft-Windows-Sysmon/Operational</Channel><Computer>win-host-692.attackrange.local</Computer><Security UserID='S-1-5-18'/></System><EventData><Data Name='RuleName'>-</Data><Data Name='UtcTime'>2021-03-24 21:49:55.366</Data><Data Name='SourceProcessGUID'>{BFB545BB-B8FB-6058-A600-00000000AF01}</Data><Data Name='SourceProcessId'>808</Data><Data Name='SourceThreadId'>3700</Data><Data Name='SourceImage'>C:\Windows\system32\conhost.exe</Data><Data Name='TargetProcessGUID'>{BFB545BB-B403-605B-2A5A-00000000AF01}</Data><Data Name='TargetProcessId'>3988</Data><Data Name='TargetImage'>C:\Program Files\SplunkUniversalForwarder\bin\splunk-admon.exe</Data><Data Name='GrantedAccess'>0x1fffff</Data><Data Name='CallTrace'>C:\Windows\SYSTEM32\ntdll.dll+a6084|C:\Windows\SYSTEM32\ConhostV2.dll+5c07|C:\Windows\SYSTEM32\ConhostV2.dll+76ab|C:\Windows\SYSTEM32\ConhostV2.dll+a84c|C:\Windows\System32\KERNEL32.DLL+84d4|C:\Windows\SYSTEM32\ntdll.dll+51821</Data></EventData></Event>
<Event xmlns='http://schemas.microsoft.com/win/2004/08/events/event'><System><Provider Name='Microsoft-Windows-Sysmon' Guid='{5770385F-C22A-43E0-BF4C-06F5698FFBD9}'/><EventID>10</EventID><Version>3</Version><Level>4</Level><Task>10</Task><Opcode>0</Opcode><Keywords>0x8000000000000000</Keywords><TimeCreated SystemTime='2021-03-24T21:49:55.381367900Z'/><EventRecordID>638501</EventRecordID><Correlation/><Execution ProcessID='2148' ThreadID='3040'/><Channel>Microsoft-Windows-Sysmon/Operational</Channel><Computer>win-host-692.attackrange.local</Computer><Security UserID='S-1-5-18'/></System><EventData><Data Name='RuleName'>-</Data><Data Name='UtcTime'>2021-03-24 21:49:55.366</Data><Data Name='SourceProcessGUID'>{BFB545BB-B865-6058-0C00-00000000AF01}</Data><Data Name='SourceProcessId'>940</Data><Data Name='SourceThreadId'>3028</Data><Data Name='SourceImage'>C:\Windows\system32\svchost.exe</Data><Data Name='TargetProcessGUID'>{BFB545BB-B866-6058-1C00-00000000AF01}</Data><Data Name='TargetProcessId'>2148</Data><Data Name='TargetImage'>C:\Windows\sysmon64.exe</Data><Data Name='GrantedAccess'>0x1400</Data><Data Name='CallTrace'>C:\Windows\SYSTEM32\ntdll.dll+a6084|C:\Windows\System32\KERNELBASE.dll+5eab4|c:\windows\system32\lsm.dll+e9d6|c:\windows\system32\lsm.dll+d3ae|C:\Windows\System32\RPCRT4.dll+78e23|C:\Windows\System32\RPCRT4.dll+d96bd|C:\Windows\System32\RPCRT4.dll+6194c|C:\Windows\System32\RPCRT4.dll+52bf4|C:\Windows\System32\RPCRT4.dll+51b0d|C:\Windows\System32\RPCRT4.dll+523bb|C:\Windows\System32\RPCRT4.dll+2469c|C:\Windows\System32\RPCRT4.dll+24b1c|C:\Windows\System32\RPCRT4.dll+111bc|C:\Windows\System32\RPCRT4.dll+12a1b|C:\Windows\System32\RPCRT4.dll+1e12a|C:\Windows\SYSTEM32\ntdll.dll+1d34e|C:\Windows\SYSTEM32\ntdll.dll+1ecb9|C:\Windows\System32\KERNEL32.DLL+84d4|C:\Windows\SYSTEM32\ntdll.dll+51821</Data></EventData></Event>
<Event xmlns='http://schemas.microsoft.com/win/2004/08/events/event'><System><Provider Name='Microsoft-Windows-Sysmon' Guid='{5770385F-C22A-43E0-BF4C-06F5698FFBD9}'/><EventID>10</EventID><Version>3</Version><Level>4</Level><Task>10</Task><Opcode>0</Opcode><Keywords>0x8000000000000000</Keywords><TimeCreated SystemTime='2021-03-24T21:49:55.381306700Z'/><EventRecordID>638500</EventRecordID><Correlation/><Execution ProcessID='2148' ThreadID='3040'/><Channel>Microsoft-Windows-Sysmon/Operational</Channel><Computer>win-host-692.attackrange.local</Computer><Security UserID='S-1-5-18'/></System><EventData><Data Name='RuleName'>-</Data><Data Name='UtcTime'>2021-03-24 21:49:55.366</Data><Data Name='SourceProcessGUID'>{BFB545BB-B865-6058-0C00-00000000AF01}</Data><Data Name='SourceProcessId'>940</Data><Data Name='SourceThreadId'>3028</Data><Data Name='SourceImage'>C:\Windows\system32\svchost.exe</Data><Data Name='TargetProcessGUID'>{BFB545BB-B866-6058-1C00-00000000AF01}</Data><Data Name='TargetProcessId'>2148</Data><Data Name='TargetImage'>C:\Windows\sysmon64.exe</Data><Data Name='GrantedAccess'>0x1400</Data><Data Name='CallTrace'>C:\Windows\SYSTEM32\ntdll.dll+a6084|C:\Windows\System32\KERNELBASE.dll+5eab4|c:\windows\system32\lsm.dll+11aad|C:\Windows\System32\RPCRT4.dll+78e23|C:\Windows\System32\RPCRT4.dll+d96bd|C:\Windows\System32\RPCRT4.dll+6194c|C:\Windows\System32\RPCRT4.dll+52bf4|C:\Windows\System32\RPCRT4.dll+51b0d|C:\Windows\System32\RPCRT4.dll+523bb|C:\Windows\System32\RPCRT4.dll+2469c|C:\Windows\System32\RPCRT4.dll+24b1c|C:\Windows\System32\RPCRT4.dll+111bc|C:\Windows\System32\RPCRT4.dll+12a1b|C:\Windows\System32\RPCRT4.dll+1e12a|C:\Windows\SYSTEM32\ntdll.dll+1d34e|C:\Windows\SYSTEM32\ntdll.dll+1ecb9|C:\Windows\System32\KERNEL32.DLL+84d4|C:\Windows\SYSTEM32\ntdll.dll+51821</Data></EventData></Event>
<Event xmlns='http://schemas.microsoft.com/win/2004/08/events/event'><System><Provider Name='Microsoft-Windows-Sysmon' Guid='{5770385F-C22A-43E0-BF4C-06F5698FFBD9}'/><EventID>10</EventID><Version>3</Version><Level>4</Level><Task>10</Task><Opcode>0</Opcode><Keywords>0x8000000000000000</Keywords><TimeCreated SystemTime='2021-03-24T21:49:55.381063100Z'/><EventRecordID>638499</EventRecordID><Correlation/><Execution ProcessID='2148' ThreadID='3040'/><Channel>Microsoft-Windows-Sysmon/Operational</Channel><Computer>win-host-692.attackrange.local</Computer><Security UserID='S-1-5-18'/></System><EventData><Data Name='RuleName'>-</Data><Data Name='UtcTime'>2021-03-24 21:49:55.366</Data><Data Name='SourceProcessGUID'>{BFB545BB-B865-6058-0C00-00000000AF01}</Data><Data Name='SourceProcessId'>940</Data><Data Name='SourceThreadId'>3028</Data><Data Name='SourceImage'>C:\Windows\system32\svchost.exe</Data><Data Name='TargetProcessGUID'>{BFB545BB-B866-6058-1C00-00000000AF01}</Data><Data Name='TargetProcessId'>2148</Data><Data Name='TargetImage'>C:\Windows\sysmon64.exe</Data><Data Name='GrantedAccess'>0x1400</Data><Data Name='CallTrace'>C:\Windows\SYSTEM32\ntdll.dll+a6084|C:\Windows\System32\KERNELBASE.dll+5eab4|c:\windows\system32\lsm.dll+11058|C:\Windows\System32\RPCRT4.dll+78e23|C:\Windows\System32\RPCRT4.dll+d96bd|C:\Windows\System32\RPCRT4.dll+6194c|C:\Windows\System32\RPCRT4.dll+52bf4|C:\Windows\System32\RPCRT4.dll+51b0d|C:\Windows\System32\RPCRT4.dll+523bb|C:\Windows\System32\RPCRT4.dll+2469c|C:\Windows\System32\RPCRT4.dll+24b1c|C:\Windows\System32\RPCRT4.dll+111bc|C:\Windows\System32\RPCRT4.dll+12a1b|C:\Windows\System32\RPCRT4.dll+1e12a|C:\Windows\SYSTEM32\ntdll.dll+1d34e|C:\Windows\SYSTEM32\ntdll.dll+1ecb9|C:\Windows\System32\KERNEL32.DLL+84d4|C:\Windows\SYSTEM32\ntdll.dll+51821</Data></EventData></Event>
<Event xmlns='http://schemas.microsoft.com/win/2004/08/events/event'><System><Provider Name='Microsoft-Windows-Sysmon' Guid='{5770385F-C22A-43E0-BF4C-06F5698FFBD9}'/><EventID>10</EventID><Version>3</Version><Level>4</Level><Task>10</Task><Opcode>0</Opcode><Keywords>0x8000000000000000</Keywords><TimeCreated SystemTime='2021-03-24T21:49:55.381005500Z'/><EventRecordID>638498</EventRecordID><Correlation/><Execution ProcessID='2148' ThreadID='3040'/><Channel>Microsoft-Windows-Sysmon/Operational</Channel><Computer>win-host-692.attackrange.local</Computer><Security UserID='S-1-5-18'/></System><EventData><Data Name='RuleName'>-</Data><Data Name='UtcTime'>2021-03-24 21:49:55.366</Data><Data Name='SourceProcessGUID'>{BFB545BB-B865-6058-0C00-00000000AF01}</Data><Data Name='SourceProcessId'>940</Data><Data Name='SourceThreadId'>3028</Data><Data Name='SourceImage'>C:\Windows\system32\svchost.exe</Data><Data Name='TargetProcessGUID'>{BFB545BB-B866-6058-1C00-00000000AF01}</Data><Data Name='TargetProcessId'>2148</Data><Data Name='TargetImage'>C:\Windows\sysmon64.exe</Data><Data Name='GrantedAccess'>0x1400</Data><Data Name='CallTrace'>C:\Windows\SYSTEM32\ntdll.dll+a6084|C:\Windows\System32\KERNELBASE.dll+5eab4|c:\windows\system32\lsm.dll+12023|C:\Windows\System32\RPCRT4.dll+78e23|C:\Windows\System32\RPCRT4.dll+d96bd|C:\Windows\System32\RPCRT4.dll+6194c|C:\Windows\System32\RPCRT4.dll+52bf4|C:\Windows\System32\RPCRT4.dll+51b0d|C:\Windows\System32\RPCRT4.dll+523bb|C:\Windows\System32\RPCRT4.dll+2469c|C:\Windows\System32\RPCRT4.dll+24b1c|C:\Windows\System32\RPCRT4.dll+111bc|C:\Windows\System32\RPCRT4.dll+12a1b|C:\Windows\System32\RPCRT4.dll+1e12a|C:\Windows\SYSTEM32\ntdll.dll+1d34e|C:\Windows\SYSTEM32\ntdll.dll+1ecb9|C:\Windows\System32\KERNEL32.DLL+84d4|C:\Windows\SYSTEM32\ntdll.dll+51821</Data></EventData></Event>
<Event xmlns='http://schemas.microsoft.com/win/2004/08/events/event'><System><Provider Name='Microsoft-Windows-Sysmon' Guid='{5770385F-C22A-43E0-BF4C-06F5698FFBD9}'/><EventID>10</EventID><Version>3</Version><Level>4</Level><Task>10</Task><Opcode>0</Opcode><Keywords>0x8000000000000000</Keywords><TimeCreated SystemTime='2021-03-24T21:49:55.380660700Z'/><EventRecordID>638497</EventRecordID><Correlation/><Execution ProcessID='2148' ThreadID='3040'/><Channel>Microsoft-Windows-Sysmon/Operational</Channel><Computer>win-host-692.attackrange.local</Computer><Security UserID='S-1-5-18'/></System><EventData><Data Name='RuleName'>-</Data><Data Name='UtcTime'>2021-03-24 21:49:55.366</Data><Data Name='SourceProcessGUID'>{BFB545BB-B865-6058-0C00-00000000AF01}</Data><Data Name='SourceProcessId'>940</Data><Data Name='SourceThreadId'>3028</Data><Data Name='SourceImage'>C:\Windows\system32\svchost.exe</Data><Data Name='TargetProcessGUID'>{BFB545BB-B866-6058-1C00-00000000AF01}</Data><Data Name='TargetProcessId'>2148</Data><Data Name='TargetImage'>C:\Windows\sysmon64.exe</Data><Data Name='GrantedAccess'>0x1400</Data><Data Name='CallTrace'>C:\Windows\SYSTEM32\ntdll.dll+a6084|C:\Windows\System32\KERNELBASE.dll+5eab4|c:\windows\system32\lsm.dll+e9d6|c:\windows\system32\lsm.dll+8fc1|c:\windows\system32\lsm.dll+8eb0|C:\Windows\System32\RPCRT4.dll+78e23|C:\Windows\System32\RPCRT4.dll+d96bd|C:\Windows\System32\RPCRT4.dll+6194c|C:\Windows\System32\RPCRT4.dll+52bf4|C:\Windows\System32\RPCRT4.dll+51b0d|C:\Windows\System32\RPCRT4.dll+523bb|C:\Windows\System32\RPCRT4.dll+2469c|C:\Windows\System32\RPCRT4.dll+24b1c|C:\Windows\System32\RPCRT4.dll+111bc|C:\Windows\System32\RPCRT4.dll+12a1b|C:\Windows\System32\RPCRT4.dll+1e12a|C:\Windows\SYSTEM32\ntdll.dll+1d34e|C:\Windows\SYSTEM32\ntdll.dll+1ecb9|C:\Windows\System32\KERNEL32.DLL+84d4|C:\Windows\SYSTEM32\ntdll.dll+51821</Data></EventData></Event>
<Event xmlns='http://schemas.microsoft.com/win/2004/08/events/event'><System><Provider Name='Microsoft-Windows-Sysmon' Guid='{5770385F-C22A-43E0-BF4C-06F5698FFBD9}'/><EventID>10</EventID><Version>3</Version><Level>4</Level><Task>10</Task><Opcode>0</Opcode><Keywords>0x8000000000000000</Keywords><TimeCreated SystemTime='2021-03-24T21:49:55.380599200Z'/><EventRecordID>638496</EventRecordID><Correlation/><Execution ProcessID='2148' ThreadID='3040'/><Channel>Microsoft-Windows-Sysmon/Operational</Channel><Computer>win-host-692.attackrange.local</Computer><Security UserID='S-1-5-18'/></System><EventData><Data Name='RuleName'>-</Data><Data Name='UtcTime'>2021-03-24 21:49:55.366</Data><Data Name='SourceProcessGUID'>{BFB545BB-B865-6058-0C00-00000000AF01}</Data><Data Name='SourceProcessId'>940</Data><Data Name='SourceThreadId'>3028</Data><Data Name='SourceImage'>C:\Windows\system32\svchost.exe</Data><Data Name='TargetProcessGUID'>{BFB545BB-B866-6058-1C00-00000000AF01}</Data><Data Name='TargetProcessId'>2148</Data><Data Name='TargetImage'>C:\Windows\sysmon64.exe</Data><Data Name='GrantedAccess'>0x1400</Data><Data Name='CallTrace'>C:\Windows\SYSTEM32\ntdll.dll+a6084|C:\Windows\System32\KERNELBASE.dll+5eab4|c:\windows\system32\lsm.dll+e9d6|c:\windows\system32\lsm.dll+8e6f|C:\Windows\System32\RPCRT4.dll+78e23|C:\Windows\System32\RPCRT4.dll+d96bd|C:\Windows\System32\RPCRT4.dll+6194c|C:\Windows\System32\RPCRT4.dll+52bf4|C:\Windows\System32\RPCRT4.dll+51b0d|C:\Windows\System32\RPCRT4.dll+523bb|C:\Windows\System32\RPCRT4.dll+2469c|C:\Windows\System32\RPCRT4.dll+24b1c|C:\Windows\System32\RPCRT4.dll+111bc|C:\Windows\System32\RPCRT4.dll+12a1b|C:\Windows\System32\RPCRT4.dll+1e12a|C:\Windows\SYSTEM32\ntdll.dll+1d34e|C:\Windows\SYSTEM32\ntdll.dll+1ecb9|C:\Windows\System32\KERNEL32.DLL+84d4|C:\Windows\SYSTEM32\ntdll.dll+51821</Data></EventData></Event>
<Event xmlns='http://schemas.microsoft.com/win/2004/08/events/event'><System><Provider Name='Microsoft-Windows-Sysmon' Guid='{5770385F-C22A-43E0-BF4C-06F5698FFBD9}'/><EventID>10</EventID><Version>3</Version><Level>4</Level><Task>10</Task><Opcode>0</Opcode><Keywords>0x8000000000000000</Keywords><TimeCreated SystemTime='2021-03-24T21:49:55.380538300Z'/><EventRecordID>638495</EventRecordID><Correlation/><Execution ProcessID='2148' ThreadID='3040'/><Channel>Microsoft-Windows-Sysmon/Operational</Channel><Computer>win-host-692.attackrange.local</Computer><Security UserID='S-1-5-18'/></System><EventData><Data Name='RuleName'>-</Data><Data Name='UtcTime'>2021-03-24 21:49:55.366</Data><Data Name='SourceProcessGUID'>{BFB545BB-B865-6058-0C00-00000000AF01}</Data><Data Name='SourceProcessId'>940</Data><Data Name='SourceThreadId'>3028</Data><Data Name='SourceImage'>C:\Windows\system32\svchost.exe</Data><Data Name='TargetProcessGUID'>{BFB545BB-B866-6058-1C00-00000000AF01}</Data><Data Name='TargetProcessId'>2148</Data><Data Name='TargetImage'>C:\Windows\sysmon64.exe</Data><Data Name='GrantedAccess'>0x1400</Data><Data Name='CallTrace'>C:\Windows\SYSTEM32\ntdll.dll+a6084|C:\Windows\System32\KERNELBASE.dll+5eab4|c:\windows\system32\lsm.dll+11aad|C:\Windows\System32\RPCRT4.dll+78e23|C:\Windows\System32\RPCRT4.dll+d96bd|C:\Windows\System32\RPCRT4.dll+6194c|C:\Windows\System32\RPCRT4.dll+52bf4|C:\Windows\System32\RPCRT4.dll+51b0d|C:\Windows\System32\RPCRT4.dll+523bb|C:\Windows\System32\RPCRT4.dll+2469c|C:\Windows\System32\RPCRT4.dll+24b1c|C:\Windows\System32\RPCRT4.dll+111bc|C:\Windows\System32\RPCRT4.dll+12a1b|C:\Windows\System32\RPCRT4.dll+1e12a|C:\Windows\SYSTEM32\ntdll.dll+1d34e|C:\Windows\SYSTEM32\ntdll.dll+1ecb9|C:\Windows\System32\KERNEL32.DLL+84d4|C:\Windows\SYSTEM32\ntdll.dll+51821</Data></EventData></Event>
<Event xmlns='http://schemas.microsoft.com/win/2004/08/events/event'><System><Provider Name='Microsoft-Windows-Sysmon' Guid='{5770385F-C22A-43E0-BF4C-06F5698FFBD9}'/><EventID>10</EventID><Version>3</Version><Level>4</Level><Task>10</Task><Opcode>0</Opcode><Keywords>0x8000000000000000</Keywords><TimeCreated SystemTime='2021-03-24T21:49:55.380473700Z'/><EventRecordID>638494</EventRecordID><Correlation/><Execution ProcessID='2148' ThreadID='3040'/><Channel>Microsoft-Windows-Sysmon/Operational</Channel><Computer>win-host-692.attackrange.local</Computer><Security UserID='S-1-5-18'/></System><EventData><Data Name='RuleName'>-</Data><Data Name='UtcTime'>2021-03-24 21:49:55.366</Data><Data Name='SourceProcessGUID'>{BFB545BB-B865-6058-0C00-00000000AF01}</Data><Data Name='SourceProcessId'>940</Data><Data Name='SourceThreadId'>3028</Data><Data Name='SourceImage'>C:\Windows\system32\svchost.exe</Data><Data Name='TargetProcessGUID'>{BFB545BB-B866-6058-1C00-00000000AF01}</Data><Data Name='TargetProcessId'>2148</Data><Data Name='TargetImage'>C:\Windows\sysmon64.exe</Data><Data Name='GrantedAccess'>0x1400</Data><Data Name='CallTrace'>C:\Windows\SYSTEM32\ntdll.dll+a6084|C:\Windows\System32\KERNELBASE.dll+5eab4|c:\windows\system32\lsm.dll+11058|C:\Windows\System32\RPCRT4.dll+78e23|C:\Windows\System32\RPCRT4.dll+d96bd|C:\Windows\System32\RPCRT4.dll+6194c|C:\Windows\System32\RPCRT4.dll+52bf4|C:\Windows\System32\RPCRT4.dll+51b0d|C:\Windows\System32\RPCRT4.dll+523bb|C:\Windows\System32\RPCRT4.dll+2469c|C:\Windows\System32\RPCRT4.dll+24b1c|C:\Windows\System32\RPCRT4.dll+111bc|C:\Windows\System32\RPCRT4.dll+12a1b|C:\Windows\System32\RPCRT4.dll+1e12a|C:\Windows\SYSTEM32\ntdll.dll+1d34e|C:\Windows\SYSTEM32\ntdll.dll+1ecb9|C:\Windows\System32\KERNEL32.DLL+84d4|C:\Windows\SYSTEM32\ntdll.dll+51821</Data></EventData></Event>
