<Event xmlns='http://schemas.microsoft.com/win/2004/08/events/event'><System><Provider Name='Microsoft-Windows-Sysmon' Guid='{5770385F-C22A-43E0-BF4C-06F5698FFBD9}'/><EventID>10</EventID><Version>3</Version><Level>4</Level><Task>10</Task><Opcode>0</Opcode><Keywords>0x8000000000000000</Keywords><TimeCreated SystemTime='2021-03-24T21:50:01.802089700Z'/><EventRecordID>638531</EventRecordID><Correlation/><Execution ProcessID='2148' ThreadID='3040'/><Channel>Microsoft-Windows-Sysmon/Operational</Channel><Computer>win-host-692.attackrange.local</Computer><Security UserID='S-1-5-18'/></System><EventData><Data Name='RuleName'>-</Data><Data Name='UtcTime'>2021-03-24 21:50:01.788</Data><Data Name='SourceProcessGUID'>{BFB545BB-B865-6058-0C00-00000000AF01}</Data><Data Name='SourceProcessId'>940</Data><Data Name='SourceThreadId'>3028</Data><Data Name='SourceImage'>C:\Windows\system32\svchost.exe</Data><Data Name='TargetProcessGUID'>{BFB545BB-B866-6058-1C00-00000000AF01}</Data><Data Name='TargetProcessId'>2148</Data><Data Name='TargetImage'>C:\Windows\sysmon64.exe</Data><Data Name='GrantedAccess'>0x1400</Data><Data Name='CallTrace'>C:\Windows\SYSTEM32\ntdll.dll+a6084|C:\Windows\System32\KERNELBASE.dll+5eab4|c:\windows\system32\lsm.dll+11058|C:\Windows\System32\RPCRT4.dll+78e23|C:\Windows\System32\RPCRT4.dll+d96bd|C:\Windows\System32\RPCRT4.dll+6194c|C:\Windows\System32\RPCRT4.dll+52bf4|C:\Windows\System32\RPCRT4.dll+51b0d|C:\Windows\System32\RPCRT4.dll+523bb|C:\Windows\System32\RPCRT4.dll+2469c|C:\Windows\System32\RPCRT4.dll+24b1c|C:\Windows\System32\RPCRT4.dll+111bc|C:\Windows\System32\RPCRT4.dll+12a1b|C:\Windows\System32\RPCRT4.dll+1e12a|C:\Windows\SYSTEM32\ntdll.dll+1d34e|C:\Windows\SYSTEM32\ntdll.dll+1ecb9|C:\Windows\System32\KERNEL32.DLL+84d4|C:\Windows\SYSTEM32\ntdll.dll+51821</Data></EventData></Event>
<Event xmlns='http://schemas.microsoft.com/win/2004/08/events/event'><System><Provider Name='Microsoft-Windows-Sysmon' Guid='{5770385F-C22A-43E0-BF4C-06F5698FFBD9}'/><EventID>10</EventID><Version>3</Version><Level>4</Level><Task>10</Task><Opcode>0</Opcode><Keywords>0x8000000000000000</Keywords><TimeCreated SystemTime='2021-03-24T21:50:01.802030900Z'/><EventRecordID>638530</EventRecordID><Correlation/><Execution ProcessID='2148' ThreadID='3040'/><Channel>Microsoft-Windows-Sysmon/Operational</Channel><Computer>win-host-692.attackrange.local</Computer><Security UserID='S-1-5-18'/></System><EventData><Data Name='RuleName'>-</Data><Data Name='UtcTime'>2021-03-24 21:50:01.788</Data><Data Name='SourceProcessGUID'>{BFB545BB-B865-6058-0C00-00000000AF01}</Data><Data Name='SourceProcessId'>940</Data><Data Name='SourceThreadId'>3028</Data><Data Name='SourceImage'>C:\Windows\system32\svchost.exe</Data><Data Name='TargetProcessGUID'>{BFB545BB-B866-6058-1C00-00000000AF01}</Data><Data Name='TargetProcessId'>2148</Data><Data Name='TargetImage'>C:\Windows\sysmon64.exe</Data><Data Name='GrantedAccess'>0x1400</Data><Data Name='CallTrace'>C:\Windows\SYSTEM32\ntdll.dll+a6084|C:\Windows\System32\KERNELBASE.dll+5eab4|c:\windows\system32\lsm.dll+12023|C:\Windows\System32\RPCRT4.dll+78e23|C:\Windows\System32\RPCRT4.dll+d96bd|C:\Windows\System32\RPCRT4.dll+6194c|C:\Windows\System32\RPCRT4.dll+52bf4|C:\Windows\System32\RPCRT4.dll+51b0d|C:\Windows\System32\RPCRT4.dll+523bb|C:\Windows\System32\RPCRT4.dll+2469c|C:\Windows\System32\RPCRT4.dll+24b1c|C:\Windows\System32\RPCRT4.dll+111bc|C:\Windows\System32\RPCRT4.dll+12a1b|C:\Windows\System32\RPCRT4.dll+1e12a|C:\Windows\SYSTEM32\ntdll.dll+1d34e|C:\Windows\SYSTEM32\ntdll.dll+1ecb9|C:\Windows\System32\KERNEL32.DLL+84d4|C:\Windows\SYSTEM32\ntdll.dll+51821</Data></EventData></Event>
<Event xmlns='http://schemas.microsoft.com/win/2004/08/events/event'><System><Provider Name='Microsoft-Windows-Sysmon' Guid='{5770385F-C22A-43E0-BF4C-06F5698FFBD9}'/><EventID>10</EventID><Version>3</Version><Level>4</Level><Task>10</Task><Opcode>0</Opcode><Keywords>0x8000000000000000</Keywords><TimeCreated SystemTime='2021-03-24T21:50:01.801954800Z'/><EventRecordID>638529</EventRecordID><Correlation/><Execution ProcessID='2148' ThreadID='3040'/><Channel>Microsoft-Windows-Sysmon/Operational</Channel><Computer>win-host-692.attackrange.local</Computer><Security UserID='S-1-5-18'/></System><EventData><Data Name='RuleName'>-</Data><Data Name='UtcTime'>2021-03-24 21:50:01.788</Data><Data Name='SourceProcessGUID'>{BFB545BB-B864-6058-0500-00000000AF01}</Data><Data Name='SourceProcessId'>628</Data><Data Name='SourceThreadId'>744</Data><Data Name='SourceImage'>C:\Windows\system32\csrss.exe</Data><Data Name='TargetProcessGUID'>{BFB545BB-B409-605B-2C5A-00000000AF01}</Data><Data Name='TargetProcessId'>3496</Data><Data Name='TargetImage'>C:\Program Files\SplunkUniversalForwarder\bin\splunk-powershell.exe</Data><Data Name='GrantedAccess'>0x1fffff</Data><Data Name='CallTrace'>C:\Windows\SYSTEM32\ntdll.dll+a6084|C:\Windows\system32\basesrv.DLL+2f47|C:\Windows\SYSTEM32\CSRSRV.dll+5645|C:\Windows\SYSTEM32\ntdll.dll+5182f</Data></EventData></Event>
<Event xmlns='http://schemas.microsoft.com/win/2004/08/events/event'><System><Provider Name='Microsoft-Windows-Sysmon' Guid='{5770385F-C22A-43E0-BF4C-06F5698FFBD9}'/><EventID>10</EventID><Version>3</Version><Level>4</Level><Task>10</Task><Opcode>0</Opcode><Keywords>0x8000000000000000</Keywords><TimeCreated SystemTime='2021-03-24T21:50:01.801803600Z'/><EventRecordID>638528</EventRecordID><Correlation/><Execution ProcessID='2148' ThreadID='3040'/><Channel>Microsoft-Windows-Sysmon/Operational</Channel><Computer>win-host-692.attackrange.local</Computer><Security UserID='S-1-5-18'/></System><EventData><Data Name='RuleName'>-</Data><Data Name='UtcTime'>2021-03-24 21:50:01.788</Data><Data Name='SourceProcessGUID'>{BFB545BB-B8FB-6058-A200-00000000AF01}</Data><Data Name='SourceProcessId'>3640</Data><Data Name='SourceThreadId'>1220</Data><Data Name='SourceImage'>C:\Program Files\SplunkUniversalForwarder\bin\splunkd.exe</Data><Data Name='TargetProcessGUID'>{BFB545BB-B409-605B-2C5A-00000000AF01}</Data><Data Name='TargetProcessId'>3496</Data><Data Name='TargetImage'>C:\Program Files\SplunkUniversalForwarder\bin\splunk-powershell.exe</Data><Data Name='GrantedAccess'>0x1fffff</Data><Data Name='CallTrace'>C:\Windows\SYSTEM32\ntdll.dll+a7354|C:\Windows\System32\KERNELBASE.dll+2b860|C:\Windows\System32\KERNELBASE.dll+6b246|C:\Windows\System32\KERNEL32.DLL+1c213|C:\Program Files\SplunkUniversalForwarder\bin\splunkd.exe+ce6a3b|C:\Program Files\SplunkUniversalForwarder\bin\splunkd.exe+17cade|C:\Program Files\SplunkUniversalForwarder\bin\splunkd.exe+18641d|C:\Program Files\SplunkUniversalForwarder\bin\splunkd.exe+17ef16|C:\Program Files\SplunkUniversalForwarder\bin\splunkd.exe+c992c4|C:\Program Files\SplunkUniversalForwarder\bin\splunkd.exe+18689b|C:\Program Files\SplunkUniversalForwarder\bin\splunkd.exe+189d3c|C:\Program Files\SplunkUniversalForwarder\bin\splunkd.exe+c95f5f|C:\Program Files\SplunkUniversalForwarder\bin\splunkd.exe+c99fad|C:\Program Files\SplunkUniversalForwarder\bin\splunkd.exe+184c5b|C:\Program Files\SplunkUniversalForwarder\bin\splunkd.exe+c7dd7e|C:\Windows\System32\ucrtbase.dll+1fb80|C:\Windows\System32\KERNEL32.DLL+84d4|C:\Windows\SYSTEM32\ntdll.dll+51821</Data></EventData></Event>
<Event xmlns='http://schemas.microsoft.com/win/2004/08/events/event'><System><Provider Name='Microsoft-Windows-Sysmon' Guid='{5770385F-C22A-43E0-BF4C-06F5698FFBD9}'/><EventID>1</EventID><Version>5</Version><Level>4</Level><Task>1</Task><Opcode>0</Opcode><Keywords>0x8000000000000000</Keywords><TimeCreated SystemTime='2021-03-24T21:50:01.801573500Z'/><EventRecordID>638527</EventRecordID><Correlation/><Execution ProcessID='2148' ThreadID='3040'/><Channel>Microsoft-Windows-Sysmon/Operational</Channel><Computer>win-host-692.attackrange.local</Computer><Security UserID='S-1-5-18'/></System><EventData><Data Name='RuleName'>-</Data><Data Name='UtcTime'>2021-03-24 21:50:01.789</Data><Data Name='ProcessGuid'>{BFB545BB-B409-605B-2C5A-00000000AF01}</Data><Data Name='ProcessId'>3496</Data><Data Name='Image'>C:\Program Files\SplunkUniversalForwarder\bin\splunk-powershell.exe</Data><Data Name='FileVersion'>-</Data><Data Name='Description'>-</Data><Data Name='Product'>-</Data><Data Name='Company'>-</Data><Data Name='OriginalFileName'>-</Data><Data Name='CommandLine'>"C:\Program Files\SplunkUniversalForwarder\bin\splunk-powershell.exe"</Data><Data Name='CurrentDirectory'>C:\Windows\system32\</Data><Data Name='User'>NT AUTHORITY\SYSTEM</Data><Data Name='LogonGuid'>{BFB545BB-B865-6058-E703-000000000000}</Data><Data Name='LogonId'>0x3e7</Data><Data Name='TerminalSessionId'>0</Data><Data Name='IntegrityLevel'>System</Data><Data Name='Hashes'>MD5=030CC9FD3784684043D9236FF16904DE,SHA256=6C84A212BD1EA1FCC493E9F8ED1C1507E2773F6FE71ACDE265067F3153BE6241,IMPHASH=45491F0E80AC016364EB8FB78BD23A1C</Data><Data Name='ParentProcessGuid'>{BFB545BB-B8FB-6058-A200-00000000AF01}</Data><Data Name='ParentProcessId'>3640</Data><Data Name='ParentImage'>C:\Program Files\SplunkUniversalForwarder\bin\splunkd.exe</Data><Data Name='ParentCommandLine'>"C:\Program Files\SplunkUniversalForwarder\bin\splunkd.exe" service</Data></EventData></Event>
<Event xmlns='http://schemas.microsoft.com/win/2004/08/events/event'><System><Provider Name='Microsoft-Windows-Sysmon' Guid='{5770385F-C22A-43E0-BF4C-06F5698FFBD9}'/><EventID>10</EventID><Version>3</Version><Level>4</Level><Task>10</Task><Opcode>0</Opcode><Keywords>0x8000000000000000</Keywords><TimeCreated SystemTime='2021-03-24T21:50:01.732794000Z'/><EventRecordID>5917753</EventRecordID><Correlation/><Execution ProcessID='2172' ThreadID='616'/><Channel>Microsoft-Windows-Sysmon/Operational</Channel><Computer>win-dc-792.attackrange.local</Computer><Security UserID='S-1-5-18'/></System><EventData><Data Name='RuleName'>-</Data><Data Name='UtcTime'>2021-03-24 21:50:01.732</Data><Data Name='SourceProcessGUID'>{896A638B-B5CA-6058-0C00-00000000AE01}</Data><Data Name='SourceProcessId'>824</Data><Data Name='SourceThreadId'>952</Data><Data Name='SourceImage'>C:\Windows\system32\svchost.exe</Data><Data Name='TargetProcessGUID'>{896A638B-B8F4-6058-D702-00000000AE01}</Data><Data Name='TargetProcessId'>5884</Data><Data Name='TargetImage'>C:\Windows\SystemApps\Microsoft.Windows.Cortana_cw5n1h2txyewy\SearchUI.exe</Data><Data Name='GrantedAccess'>0x3600</Data><Data Name='CallTrace'>C:\Windows\SYSTEM32\ntdll.dll+a6084|C:\Windows\SYSTEM32\psmserviceexthost.dll+966a|C:\Windows\SYSTEM32\psmserviceexthost.dll+776e|C:\Windows\SYSTEM32\psmserviceexthost.dll+347df|C:\Windows\SYSTEM32\psmserviceexthost.dll+32779|C:\Windows\SYSTEM32\psmserviceexthost.dll+22da9|C:\Windows\SYSTEM32\psmserviceexthost.dll+1ede4|C:\Windows\System32\KERNEL32.DLL+84d4|C:\Windows\SYSTEM32\ntdll.dll+51821</Data></EventData></Event>
<Event xmlns='http://schemas.microsoft.com/win/2004/08/events/event'><System><Provider Name='Microsoft-Windows-Sysmon' Guid='{5770385F-C22A-43E0-BF4C-06F5698FFBD9}'/><EventID>10</EventID><Version>3</Version><Level>4</Level><Task>10</Task><Opcode>0</Opcode><Keywords>0x8000000000000000</Keywords><TimeCreated SystemTime='2021-03-24T21:50:01.732671500Z'/><EventRecordID>5917752</EventRecordID><Correlation/><Execution ProcessID='2172' ThreadID='616'/><Channel>Microsoft-Windows-Sysmon/Operational</Channel><Computer>win-dc-792.attackrange.local</Computer><Security UserID='S-1-5-18'/></System><EventData><Data Name='RuleName'>-</Data><Data Name='UtcTime'>2021-03-24 21:50:01.732</Data><Data Name='SourceProcessGUID'>{896A638B-B5CA-6058-0C00-00000000AE01}</Data><Data Name='SourceProcessId'>824</Data><Data Name='SourceThreadId'>952</Data><Data Name='SourceImage'>C:\Windows\system32\svchost.exe</Data><Data Name='TargetProcessGUID'>{896A638B-B8F2-6058-D402-00000000AE01}</Data><Data Name='TargetProcessId'>5648</Data><Data Name='TargetImage'>C:\Windows\SystemApps\ShellExperienceHost_cw5n1h2txyewy\ShellExperienceHost.exe</Data><Data Name='GrantedAccess'>0x3600</Data><Data Name='CallTrace'>C:\Windows\SYSTEM32\ntdll.dll+a6084|C:\Windows\SYSTEM32\psmserviceexthost.dll+966a|C:\Windows\SYSTEM32\psmserviceexthost.dll+776e|C:\Windows\SYSTEM32\psmserviceexthost.dll+347df|C:\Windows\SYSTEM32\psmserviceexthost.dll+32779|C:\Windows\SYSTEM32\psmserviceexthost.dll+22da9|C:\Windows\SYSTEM32\psmserviceexthost.dll+1ede4|C:\Windows\System32\KERNEL32.DLL+84d4|C:\Windows\SYSTEM32\ntdll.dll+51821</Data></EventData></Event>
<Event xmlns='http://schemas.microsoft.com/win/2004/08/events/event'><System><Provider Name='Microsoft-Windows-Sysmon' Guid='{5770385F-C22A-43E0-BF4C-06F5698FFBD9}'/><EventID>23</EventID><Version>5</Version><Level>4</Level><Task>23</Task><Opcode>0</Opcode><Keywords>0x8000000000000000</Keywords><TimeCreated SystemTime='2021-03-24T21:50:02.937252000Z'/><EventRecordID>638557</EventRecordID><Correlation/><Execution ProcessID='2148' ThreadID='3040'/><Channel>Microsoft-Windows-Sysmon/Operational</Channel><Computer>win-host-692.attackrange.local</Computer><Security UserID='S-1-5-18'/></System><EventData><Data Name='RuleName'>-</Data><Data Name='UtcTime'>2021-03-24 21:50:02.929</Data><Data Name='ProcessGuid'>{BFB545BB-B909-6058-D900-00000000AF01}</Data><Data Name='ProcessId'>4084</Data><Data Name='User'>NT AUTHORITY\SYSTEM</Data><Data Name='Image'>C:\Program Files\SplunkUniversalForwarder\bin\splunk-winevtlog.exe</Data><Data Name='TargetFilename'>C:\Program Files\SplunkUniversalForwarder\var\lib\splunk\modinputs\WinEventLog\Microsoft-Windows-Sysmon_Operational</Data><Data Name='Hashes'>MD5=DD2116BA0153DE0648602B1C8E101283,SHA256=475CD756888550D49DF49253854282A546B0025B493761A0D74083B0C23A58EE,IMPHASH=00000000000000000000000000000000</Data><Data Name='IsExecutable'>false</Data><Data Name='Archived'>true</Data></EventData></Event>
<Event xmlns='http://schemas.microsoft.com/win/2004/08/events/event'><System><Provider Name='Microsoft-Windows-Sysmon' Guid='{5770385F-C22A-43E0-BF4C-06F5698FFBD9}'/><EventID>10</EventID><Version>3</Version><Level>4</Level><Task>10</Task><Opcode>0</Opcode><Keywords>0x8000000000000000</Keywords><TimeCreated SystemTime='2021-03-24T21:50:02.886554200Z'/><EventRecordID>5917768</EventRecordID><Correlation/><Execution ProcessID='2172' ThreadID='616'/><Channel>Microsoft-Windows-Sysmon/Operational</Channel><Computer>win-dc-792.attackrange.local</Computer><Security UserID='S-1-5-18'/></System><EventData><Data Name='RuleName'>-</Data><Data Name='UtcTime'>2021-03-24 21:50:02.885</Data><Data Name='SourceProcessGUID'>{896A638B-FDE5-6058-4E12-00000000AE01}</Data><Data Name='SourceProcessId'>3840</Data><Data Name='SourceThreadId'>5920</Data><Data Name='SourceImage'>C:\Windows\system32\conhost.exe</Data><Data Name='TargetProcessGUID'>{896A638B-B40A-605B-8569-00000000AE01}</Data><Data Name='TargetProcessId'>2884</Data><Data Name='TargetImage'>C:\Program Files\SplunkUniversalForwarder\bin\splunk-regmon.exe</Data><Data Name='GrantedAccess'>0x1fffff</Data><Data Name='CallTrace'>C:\Windows\SYSTEM32\ntdll.dll+a6084|C:\Windows\SYSTEM32\ConhostV2.dll+5c07|C:\Windows\SYSTEM32\ConhostV2.dll+76ab|C:\Windows\SYSTEM32\ConhostV2.dll+a84c|C:\Windows\System32\KERNEL32.DLL+84d4|C:\Windows\SYSTEM32\ntdll.dll+51821</Data></EventData></Event>
<Event xmlns='http://schemas.microsoft.com/win/2004/08/events/event'><System><Provider Name='Microsoft-Windows-Sysmon' Guid='{5770385F-C22A-43E0-BF4C-06F5698FFBD9}'/><EventID>10</EventID><Version>3</Version><Level>4</Level><Task>10</Task><Opcode>0</Opcode><Keywords>0x8000000000000000</Keywords><TimeCreated SystemTime='2021-03-24T21:50:02.885648200Z'/><EventRecordID>5917767</EventRecordID><Correlation/><Execution ProcessID='2172' ThreadID='616'/><Channel>Microsoft-Windows-Sysmon/Operational</Channel><Computer>win-dc-792.attackrange.local</Computer><Security UserID='S-1-5-18'/></System><EventData><Data Name='RuleName'>-</Data><Data Name='UtcTime'>2021-03-24 21:50:02.883</Data><Data Name='SourceProcessGUID'>{896A638B-B5CA-6058-0C00-00000000AE01}</Data><Data Name='SourceProcessId'>824</Data><Data Name='SourceThreadId'>4284</Data><Data Name='SourceImage'>C:\Windows\system32\svchost.exe</Data><Data Name='TargetProcessGUID'>{896A638B-B5DB-6058-2C00-00000000AE01}</Data><Data Name='TargetProcessId'>2172</Data><Data Name='TargetImage'>C:\Windows\sysmon64.exe</Data><Data Name='GrantedAccess'>0x1400</Data><Data Name='CallTrace'>C:\Windows\SYSTEM32\ntdll.dll+a6084|C:\Windows\System32\KERNELBASE.dll+5eab4|c:\windows\system32\lsm.dll+fd18|C:\Windows\System32\RPCRT4.dll+78e23|C:\Windows\System32\RPCRT4.dll+d96bd|C:\Windows\System32\RPCRT4.dll+6194c|C:\Windows\System32\RPCRT4.dll+52bf4|C:\Windows\System32\RPCRT4.dll+51b0d|C:\Windows\System32\RPCRT4.dll+523bb|C:\Windows\System32\RPCRT4.dll+2469c|C:\Windows\System32\RPCRT4.dll+24b1c|C:\Windows\System32\RPCRT4.dll+111bc|C:\Windows\System32\RPCRT4.dll+12a1b|C:\Windows\System32\RPCRT4.dll+1e12a|C:\Windows\SYSTEM32\ntdll.dll+1d34e|C:\Windows\SYSTEM32\ntdll.dll+1ecb9|C:\Windows\System32\KERNEL32.DLL+84d4|C:\Windows\SYSTEM32\ntdll.dll+51821</Data></EventData></Event>
<Event xmlns='http://schemas.microsoft.com/win/2004/08/events/event'><System><Provider Name='Microsoft-Windows-Sysmon' Guid='{5770385F-C22A-43E0-BF4C-06F5698FFBD9}'/><EventID>10</EventID><Version>3</Version><Level>4</Level><Task>10</Task><Opcode>0</Opcode><Keywords>0x8000000000000000</Keywords><TimeCreated SystemTime='2021-03-24T21:50:02.885549000Z'/><EventRecordID>5917766</EventRecordID><Correlation/><Execution ProcessID='2172' ThreadID='616'/><Channel>Microsoft-Windows-Sysmon/Operational</Channel><Computer>win-dc-792.attackrange.local</Computer><Security UserID='S-1-5-18'/></System><EventData><Data Name='RuleName'>-</Data><Data Name='UtcTime'>2021-03-24 21:50:02.883</Data><Data Name='SourceProcessGUID'>{896A638B-B5CA-6058-0C00-00000000AE01}</Data><Data Name='SourceProcessId'>824</Data><Data Name='SourceThreadId'>4284</Data><Data Name='SourceImage'>C:\Windows\system32\svchost.exe</Data><Data Name='TargetProcessGUID'>{896A638B-B5DB-6058-2C00-00000000AE01}</Data><Data Name='TargetProcessId'>2172</Data><Data Name='TargetImage'>C:\Windows\sysmon64.exe</Data><Data Name='GrantedAccess'>0x1400</Data><Data Name='CallTrace'>C:\Windows\SYSTEM32\ntdll.dll+a6084|C:\Windows\System32\KERNELBASE.dll+5eab4|c:\windows\system32\lsm.dll+11aad|C:\Windows\System32\RPCRT4.dll+78e23|C:\Windows\System32\RPCRT4.dll+d96bd|C:\Windows\System32\RPCRT4.dll+6194c|C:\Windows\System32\RPCRT4.dll+52bf4|C:\Windows\System32\RPCRT4.dll+51b0d|C:\Windows\System32\RPCRT4.dll+523bb|C:\Windows\System32\RPCRT4.dll+2469c|C:\Windows\System32\RPCRT4.dll+24b1c|C:\Windows\System32\RPCRT4.dll+111bc|C:\Windows\System32\RPCRT4.dll+12a1b|C:\Windows\System32\RPCRT4.dll+1e12a|C:\Windows\SYSTEM32\ntdll.dll+1d34e|C:\Windows\SYSTEM32\ntdll.dll+1ecb9|C:\Windows\System32\KERNEL32.DLL+84d4|C:\Windows\SYSTEM32\ntdll.dll+51821</Data></EventData></Event>
<Event xmlns='http://schemas.microsoft.com/win/2004/08/events/event'><System><Provider Name='Microsoft-Windows-Sysmon' Guid='{5770385F-C22A-43E0-BF4C-06F5698FFBD9}'/><EventID>10</EventID><Version>3</Version><Level>4</Level><Task>10</Task><Opcode>0</Opcode><Keywords>0x8000000000000000</Keywords><TimeCreated SystemTime='2021-03-24T21:50:02.885447000Z'/><EventRecordID>5917765</EventRecordID><Correlation/><Execution ProcessID='2172' ThreadID='616'/><Channel>Microsoft-Windows-Sysmon/Operational</Channel><Computer>win-dc-792.attackrange.local</Computer><Security UserID='S-1-5-18'/></System><EventData><Data Name='RuleName'>-</Data><Data Name='UtcTime'>2021-03-24 21:50:02.883</Data><Data Name='SourceProcessGUID'>{896A638B-B5CA-6058-0C00-00000000AE01}</Data><Data Name='SourceProcessId'>824</Data><Data Name='SourceThreadId'>4284</Data><Data Name='SourceImage'>C:\Windows\system32\svchost.exe</Data><Data Name='TargetProcessGUID'>{896A638B-B5DB-6058-2C00-00000000AE01}</Data><Data Name='TargetProcessId'>2172</Data><Data Name='TargetImage'>C:\Windows\sysmon64.exe</Data><Data Name='GrantedAccess'>0x1400</Data><Data Name='CallTrace'>C:\Windows\SYSTEM32\ntdll.dll+a6084|C:\Windows\System32\KERNELBASE.dll+5eab4|c:\windows\system32\lsm.dll+11058|C:\Windows\System32\RPCRT4.dll+78e23|C:\Windows\System32\RPCRT4.dll+d96bd|C:\Windows\System32\RPCRT4.dll+6194c|C:\Windows\System32\RPCRT4.dll+52bf4|C:\Windows\System32\RPCRT4.dll+51b0d|C:\Windows\System32\RPCRT4.dll+523bb|C:\Windows\System32\RPCRT4.dll+2469c|C:\Windows\System32\RPCRT4.dll+24b1c|C:\Windows\System32\RPCRT4.dll+111bc|C:\Windows\System32\RPCRT4.dll+12a1b|C:\Windows\System32\RPCRT4.dll+1e12a|C:\Windows\SYSTEM32\ntdll.dll+1d34e|C:\Windows\SYSTEM32\ntdll.dll+1ecb9|C:\Windows\System32\KERNEL32.DLL+84d4|C:\Windows\SYSTEM32\ntdll.dll+51821</Data></EventData></Event>
<Event xmlns='http://schemas.microsoft.com/win/2004/08/events/event'><System><Provider Name='Microsoft-Windows-Sysmon' Guid='{5770385F-C22A-43E0-BF4C-06F5698FFBD9}'/><EventID>10</EventID><Version>3</Version><Level>4</Level><Task>10</Task><Opcode>0</Opcode><Keywords>0x8000000000000000</Keywords><TimeCreated SystemTime='2021-03-24T21:50:02.885334400Z'/><EventRecordID>5917764</EventRecordID><Correlation/><Execution ProcessID='2172' ThreadID='616'/><Channel>Microsoft-Windows-Sysmon/Operational</Channel><Computer>win-dc-792.attackrange.local</Computer><Security UserID='S-1-5-18'/></System><EventData><Data Name='RuleName'>-</Data><Data Name='UtcTime'>2021-03-24 21:50:02.883</Data><Data Name='SourceProcessGUID'>{896A638B-B5CA-6058-0C00-00000000AE01}</Data><Data Name='SourceProcessId'>824</Data><Data Name='SourceThreadId'>4284</Data><Data Name='SourceImage'>C:\Windows\system32\svchost.exe</Data><Data Name='TargetProcessGUID'>{896A638B-B5DB-6058-2C00-00000000AE01}</Data><Data Name='TargetProcessId'>2172</Data><Data Name='TargetImage'>C:\Windows\sysmon64.exe</Data><Data Name='GrantedAccess'>0x1400</Data><Data Name='CallTrace'>C:\Windows\SYSTEM32\ntdll.dll+a6084|C:\Windows\System32\KERNELBASE.dll+5eab4|c:\windows\system32\lsm.dll+12023|C:\Windows\System32\RPCRT4.dll+78e23|C:\Windows\System32\RPCRT4.dll+d96bd|C:\Windows\System32\RPCRT4.dll+6194c|C:\Windows\System32\RPCRT4.dll+52bf4|C:\Windows\System32\RPCRT4.dll+51b0d|C:\Windows\System32\RPCRT4.dll+523bb|C:\Windows\System32\RPCRT4.dll+2469c|C:\Windows\System32\RPCRT4.dll+24b1c|C:\Windows\System32\RPCRT4.dll+111bc|C:\Windows\System32\RPCRT4.dll+12a1b|C:\Windows\System32\RPCRT4.dll+1e12a|C:\Windows\SYSTEM32\ntdll.dll+1d34e|C:\Windows\SYSTEM32\ntdll.dll+1ecb9|C:\Windows\System32\KERNEL32.DLL+84d4|C:\Windows\SYSTEM32\ntdll.dll+51821</Data></EventData></Event>
<Event xmlns='http://schemas.microsoft.com/win/2004/08/events/event'><System><Provider Name='Microsoft-Windows-Sysmon' Guid='{5770385F-C22A-43E0-BF4C-06F5698FFBD9}'/><EventID>10</EventID><Version>3</Version><Level>4</Level><Task>10</Task><Opcode>0</Opcode><Keywords>0x8000000000000000</Keywords><TimeCreated SystemTime='2021-03-24T21:50:02.885208300Z'/><EventRecordID>5917763</EventRecordID><Correlation/><Execution ProcessID='2172' ThreadID='616'/><Channel>Microsoft-Windows-Sysmon/Operational</Channel><Computer>win-dc-792.attackrange.local</Computer><Security UserID='S-1-5-18'/></System><EventData><Data Name='RuleName'>-</Data><Data Name='UtcTime'>2021-03-24 21:50:02.883</Data><Data Name='SourceProcessGUID'>{896A638B-B5C8-6058-0500-00000000AE01}</Data><Data Name='SourceProcessId'>396</Data><Data Name='SourceThreadId'>464</Data><Data Name='SourceImage'>C:\Windows\system32\csrss.exe</Data><Data Name='TargetProcessGUID'>{896A638B-B40A-605B-8569-00000000AE01}</Data><Data Name='TargetProcessId'>2884</Data><Data Name='TargetImage'>C:\Program Files\SplunkUniversalForwarder\bin\splunk-regmon.exe</Data><Data Name='GrantedAccess'>0x1fffff</Data><Data Name='CallTrace'>C:\Windows\SYSTEM32\ntdll.dll+a6084|C:\Windows\system32\basesrv.DLL+2f47|C:\Windows\SYSTEM32\CSRSRV.dll+5645|C:\Windows\SYSTEM32\ntdll.dll+5182f</Data></EventData></Event>
<Event xmlns='http://schemas.microsoft.com/win/2004/08/events/event'><System><Provider Name='Microsoft-Windows-Sysmon' Guid='{5770385F-C22A-43E0-BF4C-06F5698FFBD9}'/><EventID>10</EventID><Version>3</Version><Level>4</Level><Task>10</Task><Opcode>0</Opcode><Keywords>0x8000000000000000</Keywords><TimeCreated SystemTime='2021-03-24T21:50:02.885109200Z'/><EventRecordID>5917762</EventRecordID><Correlation/><Execution ProcessID='2172' ThreadID='616'/><Channel>Microsoft-Windows-Sysmon/Operational</Channel><Computer>win-dc-792.attackrange.local</Computer><Security UserID='S-1-5-18'/></System><EventData><Data Name='RuleName'>-</Data><Data Name='UtcTime'>2021-03-24 21:50:02.883</Data><Data Name='SourceProcessGUID'>{896A638B-FDE4-6058-4A12-00000000AE01}</Data><Data Name='SourceProcessId'>6364</Data><Data Name='SourceThreadId'>4976</Data><Data Name='SourceImage'>C:\Program Files\SplunkUniversalForwarder\bin\splunkd.exe</Data><Data Name='TargetProcessGUID'>{896A638B-B40A-605B-8569-00000000AE01}</Data><Data Name='TargetProcessId'>2884</Data><Data Name='TargetImage'>C:\Program Files\SplunkUniversalForwarder\bin\splunk-regmon.exe</Data><Data Name='GrantedAccess'>0x1fffff</Data><Data Name='CallTrace'>C:\Windows\SYSTEM32\ntdll.dll+a7354|C:\Windows\System32\KERNELBASE.dll+2b860|C:\Windows\System32\KERNELBASE.dll+6b246|C:\Windows\System32\KERNEL32.DLL+1c213|C:\Program Files\SplunkUniversalForwarder\bin\splunkd.exe+ce6a3b|C:\Program Files\SplunkUniversalForwarder\bin\splunkd.exe+17cade|C:\Program Files\SplunkUniversalForwarder\bin\splunkd.exe+18641d|C:\Program Files\SplunkUniversalForwarder\bin\splunkd.exe+17ef16|C:\Program Files\SplunkUniversalForwarder\bin\splunkd.exe+c992c4|C:\Program Files\SplunkUniversalForwarder\bin\splunkd.exe+18689b|C:\Program Files\SplunkUniversalForwarder\bin\splunkd.exe+189d3c|C:\Program Files\SplunkUniversalForwarder\bin\splunkd.exe+c95f5f|C:\Program Files\SplunkUniversalForwarder\bin\splunkd.exe+c99fad|C:\Program Files\SplunkUniversalForwarder\bin\splunkd.exe+184c5b|C:\Program Files\SplunkUniversalForwarder\bin\splunkd.exe+c7dd7e|C:\Windows\System32\ucrtbase.dll+1fb80|C:\Windows\System32\KERNEL32.DLL+84d4|C:\Windows\SYSTEM32\ntdll.dll+51821</Data></EventData></Event>
<Event xmlns='http://schemas.microsoft.com/win/2004/08/events/event'><System><Provider Name='Microsoft-Windows-Sysmon' Guid='{5770385F-C22A-43E0-BF4C-06F5698FFBD9}'/><EventID>1</EventID><Version>5</Version><Level>4</Level><Task>1</Task><Opcode>0</Opcode><Keywords>0x8000000000000000</Keywords><TimeCreated SystemTime='2021-03-24T21:50:02.884969500Z'/><EventRecordID>5917761</EventRecordID><Correlation/><Execution ProcessID='2172' ThreadID='616'/><Channel>Microsoft-Windows-Sysmon/Operational</Channel><Computer>win-dc-792.attackrange.local</Computer><Security UserID='S-1-5-18'/></System><EventData><Data Name='RuleName'>-</Data><Data Name='UtcTime'>2021-03-24 21:50:02.873</Data><Data Name='ProcessGuid'>{896A638B-B40A-605B-8569-00000000AE01}</Data><Data Name='ProcessId'>2884</Data><Data Name='Image'>C:\Program Files\SplunkUniversalForwarder\bin\splunk-regmon.exe</Data><Data Name='FileVersion'>8.0.2</Data><Data Name='Description'>Registry monitor</Data><Data Name='Product'>splunk Application</Data><Data Name='Company'>Splunk Inc.</Data><Data Name='OriginalFileName'>splunk-regmon.exe</Data><Data Name='CommandLine'>"C:\Program Files\SplunkUniversalForwarder\bin\splunk-regmon.exe"</Data><Data Name='CurrentDirectory'>C:\Windows\system32\</Data><Data Name='User'>NT AUTHORITY\SYSTEM</Data><Data Name='LogonGuid'>{896A638B-B5C8-6058-E703-000000000000}</Data><Data Name='LogonId'>0x3e7</Data><Data Name='TerminalSessionId'>0</Data><Data Name='IntegrityLevel'>System</Data><Data Name='Hashes'>MD5=91F33F605825B72EE2270559C7AB28F3,SHA256=3DF1CB71BB48B8669BD01179FD94DD8CC82F8103B08A0FACFD366E43E0C5FA42,IMPHASH=23D7D4307FBE7FA4F42B1902826D7C25</Data><Data Name='ParentProcessGuid'>{896A638B-FDE4-6058-4A12-00000000AE01}</Data><Data Name='ParentProcessId'>6364</Data><Data Name='ParentImage'>C:\Program Files\SplunkUniversalForwarder\bin\splunkd.exe</Data><Data Name='ParentCommandLine'>"C:\Program Files\SplunkUniversalForwarder\bin\splunkd.exe" service</Data></EventData></Event>
<Event xmlns='http://schemas.microsoft.com/win/2004/08/events/event'><System><Provider Name='Microsoft-Windows-Sysmon' Guid='{5770385F-C22A-43E0-BF4C-06F5698FFBD9}'/><EventID>23</EventID><Version>5</Version><Level>4</Level><Task>23</Task><Opcode>0</Opcode><Keywords>0x8000000000000000</Keywords><TimeCreated SystemTime='2021-03-24T21:50:02.860672500Z'/><EventRecordID>5917760</EventRecordID><Correlation/><Execution ProcessID='2172' ThreadID='616'/><Channel>Microsoft-Windows-Sysmon/Operational</Channel><Computer>win-dc-792.attackrange.local</Computer><Security UserID='S-1-5-18'/></System><EventData><Data Name='RuleName'>-</Data><Data Name='UtcTime'>2021-03-24 21:50:02.860</Data><Data Name='ProcessGuid'>{896A638B-FDF2-6058-8212-00000000AE01}</Data><Data Name='ProcessId'>2788</Data><Data Name='User'>NT AUTHORITY\SYSTEM</Data><Data Name='Image'>C:\Program Files\SplunkUniversalForwarder\bin\splunk-winevtlog.exe</Data><Data Name='TargetFilename'>C:\Program Files\SplunkUniversalForwarder\var\lib\splunk\modinputs\WinEventLog\Microsoft-Windows-Sysmon_Operational</Data><Data Name='Hashes'>MD5=CDD10C3627017C6E900A9DD247CF9DD3,SHA256=CA76DB2BFD5519BA676E624E2E585564EA71006DCB41702EF77E7387B47B7B68,IMPHASH=00000000000000000000000000000000</Data><Data Name='IsExecutable'>false</Data><Data Name='Archived'>true</Data></EventData></Event>
<Event xmlns='http://schemas.microsoft.com/win/2004/08/events/event'><System><Provider Name='Microsoft-Windows-Sysmon' Guid='{5770385F-C22A-43E0-BF4C-06F5698FFBD9}'/><EventID>23</EventID><Version>5</Version><Level>4</Level><Task>23</Task><Opcode>0</Opcode><Keywords>0x8000000000000000</Keywords><TimeCreated SystemTime='2021-03-24T21:50:02.854964800Z'/><EventRecordID>638556</EventRecordID><Correlation/><Execution ProcessID='2148' ThreadID='3040'/><Channel>Microsoft-Windows-Sysmon/Operational</Channel><Computer>win-host-692.attackrange.local</Computer><Security UserID='S-1-5-18'/></System><EventData><Data Name='RuleName'>-</Data><Data Name='UtcTime'>2021-03-24 21:50:02.851</Data><Data Name='ProcessGuid'>{BFB545BB-B909-6058-D900-00000000AF01}</Data><Data Name='ProcessId'>4084</Data><Data Name='User'>NT AUTHORITY\SYSTEM</Data><Data Name='Image'>C:\Program Files\SplunkUniversalForwarder\bin\splunk-winevtlog.exe</Data><Data Name='TargetFilename'>C:\Program Files\SplunkUniversalForwarder\var\lib\splunk\modinputs\WinEventLog\Security</Data><Data Name='Hashes'>MD5=2D796E57F2D0427D5AEAD246505A0A90,SHA256=EB35BBDF7AA339FFC49225200C717DA61BA71CE4BB569949AB77FA4C6A707571,IMPHASH=00000000000000000000000000000000</Data><Data Name='IsExecutable'>false</Data><Data Name='Archived'>true</Data></EventData></Event>
<Event xmlns='http://schemas.microsoft.com/win/2004/08/events/event'><System><Provider Name='Microsoft-Windows-Sysmon' Guid='{5770385F-C22A-43E0-BF4C-06F5698FFBD9}'/><EventID>10</EventID><Version>3</Version><Level>4</Level><Task>10</Task><Opcode>0</Opcode><Keywords>0x8000000000000000</Keywords><TimeCreated SystemTime='2021-03-24T21:50:02.609260400Z'/><EventRecordID>638555</EventRecordID><Correlation/><Execution ProcessID='2148' ThreadID='3040'/><Channel>Microsoft-Windows-Sysmon/Operational</Channel><Computer>win-host-692.attackrange.local</Computer><Security UserID='S-1-5-18'/></System><EventData><Data Name='RuleName'>-</Data><Data Name='UtcTime'>2021-03-24 21:50:02.601</Data><Data Name='SourceProcessGUID'>{BFB545BB-B40A-605B-2D5A-00000000AF01}</Data><Data Name='SourceProcessId'>3264</Data><Data Name='SourceThreadId'>1768</Data><Data Name='SourceImage'>C:\Program Files\SplunkUniversalForwarder\bin\splunk-powershell.exe</Data><Data Name='TargetProcessGUID'>{BFB545BB-B8FB-6058-A200-00000000AF01}</Data><Data Name='TargetProcessId'>3640</Data><Data Name='TargetImage'>C:\Program Files\SplunkUniversalForwarder\bin\splunkd.exe</Data><Data Name='GrantedAccess'>0x101400</Data><Data Name='CallTrace'>C:\Windows\SYSTEM32\ntdll.dll+a6084|C:\Windows\System32\KERNELBASE.dll+221bd|C:\Program Files\SplunkUniversalForwarder\bin\splunk-powershell.exe+55e675|C:\Program Files\SplunkUniversalForwarder\bin\splunk-powershell.exe+55e1a6|C:\Program Files\SplunkUniversalForwarder\bin\splunk-powershell.exe+6b453|C:\Program Files\SplunkUniversalForwarder\bin\splunk-powershell.exe+8e8530|C:\Windows\System32\KERNEL32.DLL+84d4|C:\Windows\SYSTEM32\ntdll.dll+51821</Data></EventData></Event>
<Event xmlns='http://schemas.microsoft.com/win/2004/08/events/event'><System><Provider Name='Microsoft-Windows-Sysmon' Guid='{5770385F-C22A-43E0-BF4C-06F5698FFBD9}'/><EventID>10</EventID><Version>3</Version><Level>4</Level><Task>10</Task><Opcode>0</Opcode><Keywords>0x8000000000000000</Keywords><TimeCreated SystemTime='2021-03-24T21:50:02.475107600Z'/><EventRecordID>638554</EventRecordID><Correlation/><Execution ProcessID='2148' ThreadID='3040'/><Channel>Microsoft-Windows-Sysmon/Operational</Channel><Computer>win-host-692.attackrange.local</Computer><Security UserID='S-1-5-18'/></System><EventData><Data Name='RuleName'>-</Data><Data Name='UtcTime'>2021-03-24 21:50:02.460</Data><Data Name='SourceProcessGUID'>{BFB545BB-B8FB-6058-A600-00000000AF01}</Data><Data Name='SourceProcessId'>808</Data><Data Name='SourceThreadId'>3700</Data><Data Name='SourceImage'>C:\Windows\system32\conhost.exe</Data><Data Name='TargetProcessGUID'>{BFB545BB-B40A-605B-2D5A-00000000AF01}</Data><Data Name='TargetProcessId'>3264</Data><Data Name='TargetImage'>C:\Program Files\SplunkUniversalForwarder\bin\splunk-powershell.exe</Data><Data Name='GrantedAccess'>0x1fffff</Data><Data Name='CallTrace'>C:\Windows\SYSTEM32\ntdll.dll+a6084|C:\Windows\SYSTEM32\ConhostV2.dll+5c07|C:\Windows\SYSTEM32\ConhostV2.dll+76ab|C:\Windows\SYSTEM32\ConhostV2.dll+a84c|C:\Windows\System32\KERNEL32.DLL+84d4|C:\Windows\SYSTEM32\ntdll.dll+51821</Data></EventData></Event>
<Event xmlns='http://schemas.microsoft.com/win/2004/08/events/event'><System><Provider Name='Microsoft-Windows-Sysmon' Guid='{5770385F-C22A-43E0-BF4C-06F5698FFBD9}'/><EventID>10</EventID><Version>3</Version><Level>4</Level><Task>10</Task><Opcode>0</Opcode><Keywords>0x8000000000000000</Keywords><TimeCreated SystemTime='2021-03-24T21:50:02.474649300Z'/><EventRecordID>638553</EventRecordID><Correlation/><Execution ProcessID='2148' ThreadID='3040'/><Channel>Microsoft-Windows-Sysmon/Operational</Channel><Computer>win-host-692.attackrange.local</Computer><Security UserID='S-1-5-18'/></System><EventData><Data Name='RuleName'>-</Data><Data Name='UtcTime'>2021-03-24 21:50:02.460</Data><Data Name='SourceProcessGUID'>{BFB545BB-B865-6058-0C00-00000000AF01}</Data><Data Name='SourceProcessId'>940</Data><Data Name='SourceThreadId'>3028</Data><Data Name='SourceImage'>C:\Windows\system32\svchost.exe</Data><Data Name='TargetProcessGUID'>{BFB545BB-B866-6058-1C00-00000000AF01}</Data><Data Name='TargetProcessId'>2148</Data><Data Name='TargetImage'>C:\Windows\sysmon64.exe</Data><Data Name='GrantedAccess'>0x1400</Data><Data Name='CallTrace'>C:\Windows\SYSTEM32\ntdll.dll+a6084|C:\Windows\System32\KERNELBASE.dll+5eab4|c:\windows\system32\lsm.dll+e9d6|c:\windows\system32\lsm.dll+d3ae|C:\Windows\System32\RPCRT4.dll+78e23|C:\Windows\System32\RPCRT4.dll+d96bd|C:\Windows\System32\RPCRT4.dll+6194c|C:\Windows\System32\RPCRT4.dll+52bf4|C:\Windows\System32\RPCRT4.dll+51b0d|C:\Windows\System32\RPCRT4.dll+523bb|C:\Windows\System32\RPCRT4.dll+2469c|C:\Windows\System32\RPCRT4.dll+24b1c|C:\Windows\System32\RPCRT4.dll+111bc|C:\Windows\System32\RPCRT4.dll+12a1b|C:\Windows\System32\RPCRT4.dll+1e12a|C:\Windows\SYSTEM32\ntdll.dll+1d34e|C:\Windows\SYSTEM32\ntdll.dll+1ecb9|C:\Windows\System32\KERNEL32.DLL+84d4|C:\Windows\SYSTEM32\ntdll.dll+51821</Data></EventData></Event>
<Event xmlns='http://schemas.microsoft.com/win/2004/08/events/event'><System><Provider Name='Microsoft-Windows-Sysmon' Guid='{5770385F-C22A-43E0-BF4C-06F5698FFBD9}'/><EventID>10</EventID><Version>3</Version><Level>4</Level><Task>10</Task><Opcode>0</Opcode><Keywords>0x8000000000000000</Keywords><TimeCreated SystemTime='2021-03-24T21:50:02.474589800Z'/><EventRecordID>638552</EventRecordID><Correlation/><Execution ProcessID='2148' ThreadID='3040'/><Channel>Microsoft-Windows-Sysmon/Operational</Channel><Computer>win-host-692.attackrange.local</Computer><Security UserID='S-1-5-18'/></System><EventData><Data Name='RuleName'>-</Data><Data Name='UtcTime'>2021-03-24 21:50:02.460</Data><Data Name='SourceProcessGUID'>{BFB545BB-B865-6058-0C00-00000000AF01}</Data><Data Name='SourceProcessId'>940</Data><Data Name='SourceThreadId'>3028</Data><Data Name='SourceImage'>C:\Windows\system32\svchost.exe</Data><Data Name='TargetProcessGUID'>{BFB545BB-B866-6058-1C00-00000000AF01}</Data><Data Name='TargetProcessId'>2148</Data><Data Name='TargetImage'>C:\Windows\sysmon64.exe</Data><Data Name='GrantedAccess'>0x1400</Data><Data Name='CallTrace'>C:\Windows\SYSTEM32\ntdll.dll+a6084|C:\Windows\System32\KERNELBASE.dll+5eab4|c:\windows\system32\lsm.dll+11aad|C:\Windows\System32\RPCRT4.dll+78e23|C:\Windows\System32\RPCRT4.dll+d96bd|C:\Windows\System32\RPCRT4.dll+6194c|C:\Windows\System32\RPCRT4.dll+52bf4|C:\Windows\System32\RPCRT4.dll+51b0d|C:\Windows\System32\RPCRT4.dll+523bb|C:\Windows\System32\RPCRT4.dll+2469c|C:\Windows\System32\RPCRT4.dll+24b1c|C:\Windows\System32\RPCRT4.dll+111bc|C:\Windows\System32\RPCRT4.dll+12a1b|C:\Windows\System32\RPCRT4.dll+1e12a|C:\Windows\SYSTEM32\ntdll.dll+1d34e|C:\Windows\SYSTEM32\ntdll.dll+1ecb9|C:\Windows\System32\KERNEL32.DLL+84d4|C:\Windows\SYSTEM32\ntdll.dll+51821</Data></EventData></Event>
<Event xmlns='http://schemas.microsoft.com/win/2004/08/events/event'><System><Provider Name='Microsoft-Windows-Sysmon' Guid='{5770385F-C22A-43E0-BF4C-06F5698FFBD9}'/><EventID>10</EventID><Version>3</Version><Level>4</Level><Task>10</Task><Opcode>0</Opcode><Keywords>0x8000000000000000</Keywords><TimeCreated SystemTime='2021-03-24T21:50:02.474332600Z'/><EventRecordID>638551</EventRecordID><Correlation/><Execution ProcessID='2148' ThreadID='3040'/><Channel>Microsoft-Windows-Sysmon/Operational</Channel><Computer>win-host-692.attackrange.local</Computer><Security UserID='S-1-5-18'/></System><EventData><Data Name='RuleName'>-</Data><Data Name='UtcTime'>2021-03-24 21:50:02.460</Data><Data Name='SourceProcessGUID'>{BFB545BB-B865-6058-0C00-00000000AF01}</Data><Data Name='SourceProcessId'>940</Data><Data Name='SourceThreadId'>3028</Data><Data Name='SourceImage'>C:\Windows\system32\svchost.exe</Data><Data Name='TargetProcessGUID'>{BFB545BB-B866-6058-1C00-00000000AF01}</Data><Data Name='TargetProcessId'>2148</Data><Data Name='TargetImage'>C:\Windows\sysmon64.exe</Data><Data Name='GrantedAccess'>0x1400</Data><Data Name='CallTrace'>C:\Windows\SYSTEM32\ntdll.dll+a6084|C:\Windows\System32\KERNELBASE.dll+5eab4|c:\windows\system32\lsm.dll+11058|C:\Windows\System32\RPCRT4.dll+78e23|C:\Windows\System32\RPCRT4.dll+d96bd|C:\Windows\System32\RPCRT4.dll+6194c|C:\Windows\System32\RPCRT4.dll+52bf4|C:\Windows\System32\RPCRT4.dll+51b0d|C:\Windows\System32\RPCRT4.dll+523bb|C:\Windows\System32\RPCRT4.dll+2469c|C:\Windows\System32\RPCRT4.dll+24b1c|C:\Windows\System32\RPCRT4.dll+111bc|C:\Windows\System32\RPCRT4.dll+12a1b|C:\Windows\System32\RPCRT4.dll+1e12a|C:\Windows\SYSTEM32\ntdll.dll+1d34e|C:\Windows\SYSTEM32\ntdll.dll+1ecb9|C:\Windows\System32\KERNEL32.DLL+84d4|C:\Windows\SYSTEM32\ntdll.dll+51821</Data></EventData></Event>
<Event xmlns='http://schemas.microsoft.com/win/2004/08/events/event'><System><Provider Name='Microsoft-Windows-Sysmon' Guid='{5770385F-C22A-43E0-BF4C-06F5698FFBD9}'/><EventID>10</EventID><Version>3</Version><Level>4</Level><Task>10</Task><Opcode>0</Opcode><Keywords>0x8000000000000000</Keywords><TimeCreated SystemTime='2021-03-24T21:50:02.474090000Z'/><EventRecordID>638550</EventRecordID><Correlation/><Execution ProcessID='2148' ThreadID='3040'/><Channel>Microsoft-Windows-Sysmon/Operational</Channel><Computer>win-host-692.attackrange.local</Computer><Security UserID='S-1-5-18'/></System><EventData><Data Name='RuleName'>-</Data><Data Name='UtcTime'>2021-03-24 21:50:02.460</Data><Data Name='SourceProcessGUID'>{BFB545BB-B865-6058-0C00-00000000AF01}</Data><Data Name='SourceProcessId'>940</Data><Data Name='SourceThreadId'>3028</Data><Data Name='SourceImage'>C:\Windows\system32\svchost.exe</Data><Data Name='TargetProcessGUID'>{BFB545BB-B866-6058-1C00-00000000AF01}</Data><Data Name='TargetProcessId'>2148</Data><Data Name='TargetImage'>C:\Windows\sysmon64.exe</Data><Data Name='GrantedAccess'>0x1400</Data><Data Name='CallTrace'>C:\Windows\SYSTEM32\ntdll.dll+a6084|C:\Windows\System32\KERNELBASE.dll+5eab4|c:\windows\system32\lsm.dll+12023|C:\Windows\System32\RPCRT4.dll+78e23|C:\Windows\System32\RPCRT4.dll+d96bd|C:\Windows\System32\RPCRT4.dll+6194c|C:\Windows\System32\RPCRT4.dll+52bf4|C:\Windows\System32\RPCRT4.dll+51b0d|C:\Windows\System32\RPCRT4.dll+523bb|C:\Windows\System32\RPCRT4.dll+2469c|C:\Windows\System32\RPCRT4.dll+24b1c|C:\Windows\System32\RPCRT4.dll+111bc|C:\Windows\System32\RPCRT4.dll+12a1b|C:\Windows\System32\RPCRT4.dll+1e12a|C:\Windows\SYSTEM32\ntdll.dll+1d34e|C:\Windows\SYSTEM32\ntdll.dll+1ecb9|C:\Windows\System32\KERNEL32.DLL+84d4|C:\Windows\SYSTEM32\ntdll.dll+51821</Data></EventData></Event>
<Event xmlns='http://schemas.microsoft.com/win/2004/08/events/event'><System><Provider Name='Microsoft-Windows-Sysmon' Guid='{5770385F-C22A-43E0-BF4C-06F5698FFBD9}'/><EventID>10</EventID><Version>3</Version><Level>4</Level><Task>10</Task><Opcode>0</Opcode><Keywords>0x8000000000000000</Keywords><TimeCreated SystemTime='2021-03-24T21:50:02.474031100Z'/><EventRecordID>638549</EventRecordID><Correlation/><Execution ProcessID='2148' ThreadID='3040'/><Channel>Microsoft-Windows-Sysmon/Operational</Channel><Computer>win-host-692.attackrange.local</Computer><Security UserID='S-1-5-18'/></System><EventData><Data Name='RuleName'>-</Data><Data Name='UtcTime'>2021-03-24 21:50:02.460</Data><Data Name='SourceProcessGUID'>{BFB545BB-B865-6058-0C00-00000000AF01}</Data><Data Name='SourceProcessId'>940</Data><Data Name='SourceThreadId'>3028</Data><Data Name='SourceImage'>C:\Windows\system32\svchost.exe</Data><Data Name='TargetProcessGUID'>{BFB545BB-B866-6058-1C00-00000000AF01}</Data><Data Name='TargetProcessId'>2148</Data><Data Name='TargetImage'>C:\Windows\sysmon64.exe</Data><Data Name='GrantedAccess'>0x1400</Data><Data Name='CallTrace'>C:\Windows\SYSTEM32\ntdll.dll+a6084|C:\Windows\System32\KERNELBASE.dll+5eab4|c:\windows\system32\lsm.dll+e9d6|c:\windows\system32\lsm.dll+8fc1|c:\windows\system32\lsm.dll+8eb0|C:\Windows\System32\RPCRT4.dll+78e23|C:\Windows\System32\RPCRT4.dll+d96bd|C:\Windows\System32\RPCRT4.dll+6194c|C:\Windows\System32\RPCRT4.dll+52bf4|C:\Windows\System32\RPCRT4.dll+51b0d|C:\Windows\System32\RPCRT4.dll+523bb|C:\Windows\System32\RPCRT4.dll+2469c|C:\Windows\System32\RPCRT4.dll+24b1c|C:\Windows\System32\RPCRT4.dll+111bc|C:\Windows\System32\RPCRT4.dll+12a1b|C:\Windows\System32\RPCRT4.dll+1e12a|C:\Windows\SYSTEM32\ntdll.dll+1d34e|C:\Windows\SYSTEM32\ntdll.dll+1ecb9|C:\Windows\System32\KERNEL32.DLL+84d4|C:\Windows\SYSTEM32\ntdll.dll+51821</Data></EventData></Event>
<Event xmlns='http://schemas.microsoft.com/win/2004/08/events/event'><System><Provider Name='Microsoft-Windows-Sysmon' Guid='{5770385F-C22A-43E0-BF4C-06F5698FFBD9}'/><EventID>10</EventID><Version>3</Version><Level>4</Level><Task>10</Task><Opcode>0</Opcode><Keywords>0x8000000000000000</Keywords><TimeCreated SystemTime='2021-03-24T21:50:02.473965800Z'/><EventRecordID>638548</EventRecordID><Correlation/><Execution ProcessID='2148' ThreadID='3040'/><Channel>Microsoft-Windows-Sysmon/Operational</Channel><Computer>win-host-692.attackrange.local</Computer><Security UserID='S-1-5-18'/></System><EventData><Data Name='RuleName'>-</Data><Data Name='UtcTime'>2021-03-24 21:50:02.460</Data><Data Name='SourceProcessGUID'>{BFB545BB-B865-6058-0C00-00000000AF01}</Data><Data Name='SourceProcessId'>940</Data><Data Name='SourceThreadId'>3028</Data><Data Name='SourceImage'>C:\Windows\system32\svchost.exe</Data><Data Name='TargetProcessGUID'>{BFB545BB-B866-6058-1C00-00000000AF01}</Data><Data Name='TargetProcessId'>2148</Data><Data Name='TargetImage'>C:\Windows\sysmon64.exe</Data><Data Name='GrantedAccess'>0x1400</Data><Data Name='CallTrace'>C:\Windows\SYSTEM32\ntdll.dll+a6084|C:\Windows\System32\KERNELBASE.dll+5eab4|c:\windows\system32\lsm.dll+e9d6|c:\windows\system32\lsm.dll+8e6f|C:\Windows\System32\RPCRT4.dll+78e23|C:\Windows\System32\RPCRT4.dll+d96bd|C:\Windows\System32\RPCRT4.dll+6194c|C:\Windows\System32\RPCRT4.dll+52bf4|C:\Windows\System32\RPCRT4.dll+51b0d|C:\Windows\System32\RPCRT4.dll+523bb|C:\Windows\System32\RPCRT4.dll+2469c|C:\Windows\System32\RPCRT4.dll+24b1c|C:\Windows\System32\RPCRT4.dll+111bc|C:\Windows\System32\RPCRT4.dll+12a1b|C:\Windows\System32\RPCRT4.dll+1e12a|C:\Windows\SYSTEM32\ntdll.dll+1d34e|C:\Windows\SYSTEM32\ntdll.dll+1ecb9|C:\Windows\System32\KERNEL32.DLL+84d4|C:\Windows\SYSTEM32\ntdll.dll+51821</Data></EventData></Event>
<Event xmlns='http://schemas.microsoft.com/win/2004/08/events/event'><System><Provider Name='Microsoft-Windows-Sysmon' Guid='{5770385F-C22A-43E0-BF4C-06F5698FFBD9}'/><EventID>10</EventID><Version>3</Version><Level>4</Level><Task>10</Task><Opcode>0</Opcode><Keywords>0x8000000000000000</Keywords><TimeCreated SystemTime='2021-03-24T21:50:02.473904700Z'/><EventRecordID>638547</EventRecordID><Correlation/><Execution ProcessID='2148' ThreadID='3040'/><Channel>Microsoft-Windows-Sysmon/Operational</Channel><Computer>win-host-692.attackrange.local</Computer><Security UserID='S-1-5-18'/></System><EventData><Data Name='RuleName'>-</Data><Data Name='UtcTime'>2021-03-24 21:50:02.460</Data><Data Name='SourceProcessGUID'>{BFB545BB-B865-6058-0C00-00000000AF01}</Data><Data Name='SourceProcessId'>940</Data><Data Name='SourceThreadId'>3028</Data><Data Name='SourceImage'>C:\Windows\system32\svchost.exe</Data><Data Name='TargetProcessGUID'>{BFB545BB-B866-6058-1C00-00000000AF01}</Data><Data Name='TargetProcessId'>2148</Data><Data Name='TargetImage'>C:\Windows\sysmon64.exe</Data><Data Name='GrantedAccess'>0x1400</Data><Data Name='CallTrace'>C:\Windows\SYSTEM32\ntdll.dll+a6084|C:\Windows\System32\KERNELBASE.dll+5eab4|c:\windows\system32\lsm.dll+11aad|C:\Windows\System32\RPCRT4.dll+78e23|C:\Windows\System32\RPCRT4.dll+d96bd|C:\Windows\System32\RPCRT4.dll+6194c|C:\Windows\System32\RPCRT4.dll+52bf4|C:\Windows\System32\RPCRT4.dll+51b0d|C:\Windows\System32\RPCRT4.dll+523bb|C:\Windows\System32\RPCRT4.dll+2469c|C:\Windows\System32\RPCRT4.dll+24b1c|C:\Windows\System32\RPCRT4.dll+111bc|C:\Windows\System32\RPCRT4.dll+12a1b|C:\Windows\System32\RPCRT4.dll+1e12a|C:\Windows\SYSTEM32\ntdll.dll+1d34e|C:\Windows\SYSTEM32\ntdll.dll+1ecb9|C:\Windows\System32\KERNEL32.DLL+84d4|C:\Windows\SYSTEM32\ntdll.dll+51821</Data></EventData></Event>
<Event xmlns='http://schemas.microsoft.com/win/2004/08/events/event'><System><Provider Name='Microsoft-Windows-Sysmon' Guid='{5770385F-C22A-43E0-BF4C-06F5698FFBD9}'/><EventID>10</EventID><Version>3</Version><Level>4</Level><Task>10</Task><Opcode>0</Opcode><Keywords>0x8000000000000000</Keywords><TimeCreated SystemTime='2021-03-24T21:50:02.473847400Z'/><EventRecordID>638546</EventRecordID><Correlation/><Execution ProcessID='2148' ThreadID='3040'/><Channel>Microsoft-Windows-Sysmon/Operational</Channel><Computer>win-host-692.attackrange.local</Computer><Security UserID='S-1-5-18'/></System><EventData><Data Name='RuleName'>-</Data><Data Name='UtcTime'>2021-03-24 21:50:02.460</Data><Data Name='SourceProcessGUID'>{BFB545BB-B865-6058-0C00-00000000AF01}</Data><Data Name='SourceProcessId'>940</Data><Data Name='SourceThreadId'>3028</Data><Data Name='SourceImage'>C:\Windows\system32\svchost.exe</Data><Data Name='TargetProcessGUID'>{BFB545BB-B866-6058-1C00-00000000AF01}</Data><Data Name='TargetProcessId'>2148</Data><Data Name='TargetImage'>C:\Windows\sysmon64.exe</Data><Data Name='GrantedAccess'>0x1400</Data><Data Name='CallTrace'>C:\Windows\SYSTEM32\ntdll.dll+a6084|C:\Windows\System32\KERNELBASE.dll+5eab4|c:\windows\system32\lsm.dll+11058|C:\Windows\System32\RPCRT4.dll+78e23|C:\Windows\System32\RPCRT4.dll+d96bd|C:\Windows\System32\RPCRT4.dll+6194c|C:\Windows\System32\RPCRT4.dll+52bf4|C:\Windows\System32\RPCRT4.dll+51b0d|C:\Windows\System32\RPCRT4.dll+523bb|C:\Windows\System32\RPCRT4.dll+2469c|C:\Windows\System32\RPCRT4.dll+24b1c|C:\Windows\System32\RPCRT4.dll+111bc|C:\Windows\System32\RPCRT4.dll+12a1b|C:\Windows\System32\RPCRT4.dll+1e12a|C:\Windows\SYSTEM32\ntdll.dll+1d34e|C:\Windows\SYSTEM32\ntdll.dll+1ecb9|C:\Windows\System32\KERNEL32.DLL+84d4|C:\Windows\SYSTEM32\ntdll.dll+51821</Data></EventData></Event>
