<Event xmlns='http://schemas.microsoft.com/win/2004/08/events/event'><System><Provider Name='Microsoft-Windows-Sysmon' Guid='{5770385F-C22A-43E0-BF4C-06F5698FFBD9}'/><EventID>10</EventID><Version>3</Version><Level>4</Level><Task>10</Task><Opcode>0</Opcode><Keywords>0x8000000000000000</Keywords><TimeCreated SystemTime='2020-11-03T15:50:21.529922300Z'/><EventRecordID>234</EventRecordID><Correlation/><Execution ProcessID='5112' ThreadID='748'/><Channel>Microsoft-Windows-Sysmon/Operational</Channel><Computer>win-dc-807.attackrange.local</Computer><Security UserID='S-1-5-18'/></System><EventData><Data Name='RuleName'>-</Data><Data Name='UtcTime'>2020-11-03 15:50:21.529</Data><Data Name='SourceProcessGUID'>{D28789B6-7C3D-5FA1-F902-000000008701}</Data><Data Name='SourceProcessId'>3844</Data><Data Name='SourceThreadId'>4216</Data><Data Name='SourceImage'>C:\Windows\system32\conhost.exe</Data><Data Name='TargetProcessGUID'>{D28789B6-7C3D-5FA1-FC02-000000008701}</Data><Data Name='TargetProcessId'>4720</Data><Data Name='TargetImage'>C:\Windows\System32\WindowsPowerShell\v1.0\powershell.exe</Data><Data Name='GrantedAccess'>0x1fffff</Data><Data Name='CallTrace'>C:\Windows\SYSTEM32\ntdll.dll+a5a94|C:\Windows\SYSTEM32\ConhostV2.dll+5c07|C:\Windows\SYSTEM32\ConhostV2.dll+76ab|C:\Windows\SYSTEM32\ConhostV2.dll+a84c|C:\Windows\System32\KERNEL32.DLL+84d4|C:\Windows\SYSTEM32\ntdll.dll+51791</Data></EventData></Event>
<Event xmlns='http://schemas.microsoft.com/win/2004/08/events/event'><System><Provider Name='Microsoft-Windows-Sysmon' Guid='{5770385F-C22A-43E0-BF4C-06F5698FFBD9}'/><EventID>10</EventID><Version>3</Version><Level>4</Level><Task>10</Task><Opcode>0</Opcode><Keywords>0x8000000000000000</Keywords><TimeCreated SystemTime='2020-11-03T15:50:21.529670300Z'/><EventRecordID>233</EventRecordID><Correlation/><Execution ProcessID='5112' ThreadID='748'/><Channel>Microsoft-Windows-Sysmon/Operational</Channel><Computer>win-dc-807.attackrange.local</Computer><Security UserID='S-1-5-18'/></System><EventData><Data Name='RuleName'>-</Data><Data Name='UtcTime'>2020-11-03 15:50:21.513</Data><Data Name='SourceProcessGUID'>{D28789B6-7AD1-5FA1-0C00-000000008701}</Data><Data Name='SourceProcessId'>572</Data><Data Name='SourceThreadId'>1112</Data><Data Name='SourceImage'>C:\Windows\system32\svchost.exe</Data><Data Name='TargetProcessGUID'>{D28789B6-7C3A-5FA1-EE02-000000008701}</Data><Data Name='TargetProcessId'>5112</Data><Data Name='TargetImage'>C:\Windows\sysmon64.exe</Data><Data Name='GrantedAccess'>0x1400</Data><Data Name='CallTrace'>C:\Windows\SYSTEM32\ntdll.dll+a5a94|C:\Windows\System32\KERNELBASE.dll+5eab4|c:\windows\system32\lsm.dll+e9d6|c:\windows\system32\lsm.dll+d3ae|C:\Windows\System32\RPCRT4.dll+78603|C:\Windows\System32\RPCRT4.dll+d96bd|C:\Windows\System32\RPCRT4.dll+610fc|C:\Windows\System32\RPCRT4.dll+52734|C:\Windows\System32\RPCRT4.dll+5164d|C:\Windows\System32\RPCRT4.dll+51efb|C:\Windows\System32\RPCRT4.dll+2552c|C:\Windows\System32\RPCRT4.dll+259ac|C:\Windows\System32\RPCRT4.dll+1122c|C:\Windows\System32\RPCRT4.dll+12a8b|C:\Windows\System32\RPCRT4.dll+1efba|C:\Windows\SYSTEM32\ntdll.dll+1d34e|C:\Windows\SYSTEM32\ntdll.dll+1ecb9|C:\Windows\System32\KERNEL32.DLL+84d4|C:\Windows\SYSTEM32\ntdll.dll+51791</Data></EventData></Event>
<Event xmlns='http://schemas.microsoft.com/win/2004/08/events/event'><System><Provider Name='Microsoft-Windows-Sysmon' Guid='{5770385F-C22A-43E0-BF4C-06F5698FFBD9}'/><EventID>10</EventID><Version>3</Version><Level>4</Level><Task>10</Task><Opcode>0</Opcode><Keywords>0x8000000000000000</Keywords><TimeCreated SystemTime='2020-11-03T15:50:21.529612500Z'/><EventRecordID>232</EventRecordID><Correlation/><Execution ProcessID='5112' ThreadID='748'/><Channel>Microsoft-Windows-Sysmon/Operational</Channel><Computer>win-dc-807.attackrange.local</Computer><Security UserID='S-1-5-18'/></System><EventData><Data Name='RuleName'>-</Data><Data Name='UtcTime'>2020-11-03 15:50:21.513</Data><Data Name='SourceProcessGUID'>{D28789B6-7AD1-5FA1-0C00-000000008701}</Data><Data Name='SourceProcessId'>572</Data><Data Name='SourceThreadId'>1112</Data><Data Name='SourceImage'>C:\Windows\system32\svchost.exe</Data><Data Name='TargetProcessGUID'>{D28789B6-7C3A-5FA1-EE02-000000008701}</Data><Data Name='TargetProcessId'>5112</Data><Data Name='TargetImage'>C:\Windows\sysmon64.exe</Data><Data Name='GrantedAccess'>0x1400</Data><Data Name='CallTrace'>C:\Windows\SYSTEM32\ntdll.dll+a5a94|C:\Windows\System32\KERNELBASE.dll+5eab4|c:\windows\system32\lsm.dll+11aad|C:\Windows\System32\RPCRT4.dll+78603|C:\Windows\System32\RPCRT4.dll+d96bd|C:\Windows\System32\RPCRT4.dll+610fc|C:\Windows\System32\RPCRT4.dll+52734|C:\Windows\System32\RPCRT4.dll+5164d|C:\Windows\System32\RPCRT4.dll+51efb|C:\Windows\System32\RPCRT4.dll+2552c|C:\Windows\System32\RPCRT4.dll+259ac|C:\Windows\System32\RPCRT4.dll+1122c|C:\Windows\System32\RPCRT4.dll+12a8b|C:\Windows\System32\RPCRT4.dll+1efba|C:\Windows\SYSTEM32\ntdll.dll+1d34e|C:\Windows\SYSTEM32\ntdll.dll+1ecb9|C:\Windows\System32\KERNEL32.DLL+84d4|C:\Windows\SYSTEM32\ntdll.dll+51791</Data></EventData></Event>
<Event xmlns='http://schemas.microsoft.com/win/2004/08/events/event'><System><Provider Name='Microsoft-Windows-Sysmon' Guid='{5770385F-C22A-43E0-BF4C-06F5698FFBD9}'/><EventID>10</EventID><Version>3</Version><Level>4</Level><Task>10</Task><Opcode>0</Opcode><Keywords>0x8000000000000000</Keywords><TimeCreated SystemTime='2020-11-03T15:50:21.529554200Z'/><EventRecordID>231</EventRecordID><Correlation/><Execution ProcessID='5112' ThreadID='748'/><Channel>Microsoft-Windows-Sysmon/Operational</Channel><Computer>win-dc-807.attackrange.local</Computer><Security UserID='S-1-5-18'/></System><EventData><Data Name='RuleName'>-</Data><Data Name='UtcTime'>2020-11-03 15:50:21.513</Data><Data Name='SourceProcessGUID'>{D28789B6-7AD1-5FA1-0C00-000000008701}</Data><Data Name='SourceProcessId'>572</Data><Data Name='SourceThreadId'>1112</Data><Data Name='SourceImage'>C:\Windows\system32\svchost.exe</Data><Data Name='TargetProcessGUID'>{D28789B6-7C3A-5FA1-EE02-000000008701}</Data><Data Name='TargetProcessId'>5112</Data><Data Name='TargetImage'>C:\Windows\sysmon64.exe</Data><Data Name='GrantedAccess'>0x1400</Data><Data Name='CallTrace'>C:\Windows\SYSTEM32\ntdll.dll+a5a94|C:\Windows\System32\KERNELBASE.dll+5eab4|c:\windows\system32\lsm.dll+11058|C:\Windows\System32\RPCRT4.dll+78603|C:\Windows\System32\RPCRT4.dll+d96bd|C:\Windows\System32\RPCRT4.dll+610fc|C:\Windows\System32\RPCRT4.dll+52734|C:\Windows\System32\RPCRT4.dll+5164d|C:\Windows\System32\RPCRT4.dll+51efb|C:\Windows\System32\RPCRT4.dll+2552c|C:\Windows\System32\RPCRT4.dll+259ac|C:\Windows\System32\RPCRT4.dll+1122c|C:\Windows\System32\RPCRT4.dll+12a8b|C:\Windows\System32\RPCRT4.dll+1efba|C:\Windows\SYSTEM32\ntdll.dll+1d34e|C:\Windows\SYSTEM32\ntdll.dll+1ecb9|C:\Windows\System32\KERNEL32.DLL+84d4|C:\Windows\SYSTEM32\ntdll.dll+51791</Data></EventData></Event>
<Event xmlns='http://schemas.microsoft.com/win/2004/08/events/event'><System><Provider Name='Microsoft-Windows-Sysmon' Guid='{5770385F-C22A-43E0-BF4C-06F5698FFBD9}'/><EventID>10</EventID><Version>3</Version><Level>4</Level><Task>10</Task><Opcode>0</Opcode><Keywords>0x8000000000000000</Keywords><TimeCreated SystemTime='2020-11-03T15:50:21.529495800Z'/><EventRecordID>230</EventRecordID><Correlation/><Execution ProcessID='5112' ThreadID='748'/><Channel>Microsoft-Windows-Sysmon/Operational</Channel><Computer>win-dc-807.attackrange.local</Computer><Security UserID='S-1-5-18'/></System><EventData><Data Name='RuleName'>-</Data><Data Name='UtcTime'>2020-11-03 15:50:21.513</Data><Data Name='SourceProcessGUID'>{D28789B6-7AD1-5FA1-0C00-000000008701}</Data><Data Name='SourceProcessId'>572</Data><Data Name='SourceThreadId'>1112</Data><Data Name='SourceImage'>C:\Windows\system32\svchost.exe</Data><Data Name='TargetProcessGUID'>{D28789B6-7C3A-5FA1-EE02-000000008701}</Data><Data Name='TargetProcessId'>5112</Data><Data Name='TargetImage'>C:\Windows\sysmon64.exe</Data><Data Name='GrantedAccess'>0x1400</Data><Data Name='CallTrace'>C:\Windows\SYSTEM32\ntdll.dll+a5a94|C:\Windows\System32\KERNELBASE.dll+5eab4|c:\windows\system32\lsm.dll+12023|C:\Windows\System32\RPCRT4.dll+78603|C:\Windows\System32\RPCRT4.dll+d96bd|C:\Windows\System32\RPCRT4.dll+610fc|C:\Windows\System32\RPCRT4.dll+52734|C:\Windows\System32\RPCRT4.dll+5164d|C:\Windows\System32\RPCRT4.dll+51efb|C:\Windows\System32\RPCRT4.dll+2552c|C:\Windows\System32\RPCRT4.dll+259ac|C:\Windows\System32\RPCRT4.dll+1122c|C:\Windows\System32\RPCRT4.dll+12a8b|C:\Windows\System32\RPCRT4.dll+1efba|C:\Windows\SYSTEM32\ntdll.dll+1d34e|C:\Windows\SYSTEM32\ntdll.dll+1ecb9|C:\Windows\System32\KERNEL32.DLL+84d4|C:\Windows\SYSTEM32\ntdll.dll+51791</Data></EventData></Event>
<Event xmlns='http://schemas.microsoft.com/win/2004/08/events/event'><System><Provider Name='Microsoft-Windows-Sysmon' Guid='{5770385F-C22A-43E0-BF4C-06F5698FFBD9}'/><EventID>10</EventID><Version>3</Version><Level>4</Level><Task>10</Task><Opcode>0</Opcode><Keywords>0x8000000000000000</Keywords><TimeCreated SystemTime='2020-11-03T15:50:21.529438800Z'/><EventRecordID>229</EventRecordID><Correlation/><Execution ProcessID='5112' ThreadID='748'/><Channel>Microsoft-Windows-Sysmon/Operational</Channel><Computer>win-dc-807.attackrange.local</Computer><Security UserID='S-1-5-18'/></System><EventData><Data Name='RuleName'>-</Data><Data Name='UtcTime'>2020-11-03 15:50:21.513</Data><Data Name='SourceProcessGUID'>{D28789B6-7AD1-5FA1-0C00-000000008701}</Data><Data Name='SourceProcessId'>572</Data><Data Name='SourceThreadId'>1112</Data><Data Name='SourceImage'>C:\Windows\system32\svchost.exe</Data><Data Name='TargetProcessGUID'>{D28789B6-7C3A-5FA1-EE02-000000008701}</Data><Data Name='TargetProcessId'>5112</Data><Data Name='TargetImage'>C:\Windows\sysmon64.exe</Data><Data Name='GrantedAccess'>0x1400</Data><Data Name='CallTrace'>C:\Windows\SYSTEM32\ntdll.dll+a5a94|C:\Windows\System32\KERNELBASE.dll+5eab4|c:\windows\system32\lsm.dll+e9d6|c:\windows\system32\lsm.dll+8fc1|c:\windows\system32\lsm.dll+8eb0|C:\Windows\System32\RPCRT4.dll+78603|C:\Windows\System32\RPCRT4.dll+d96bd|C:\Windows\System32\RPCRT4.dll+610fc|C:\Windows\System32\RPCRT4.dll+52734|C:\Windows\System32\RPCRT4.dll+5164d|C:\Windows\System32\RPCRT4.dll+51efb|C:\Windows\System32\RPCRT4.dll+2552c|C:\Windows\System32\RPCRT4.dll+259ac|C:\Windows\System32\RPCRT4.dll+1122c|C:\Windows\System32\RPCRT4.dll+12a8b|C:\Windows\System32\RPCRT4.dll+1efba|C:\Windows\SYSTEM32\ntdll.dll+1d34e|C:\Windows\SYSTEM32\ntdll.dll+1ecb9|C:\Windows\System32\KERNEL32.DLL+84d4|C:\Windows\SYSTEM32\ntdll.dll+51791</Data></EventData></Event>
<Event xmlns='http://schemas.microsoft.com/win/2004/08/events/event'><System><Provider Name='Microsoft-Windows-Sysmon' Guid='{5770385F-C22A-43E0-BF4C-06F5698FFBD9}'/><EventID>10</EventID><Version>3</Version><Level>4</Level><Task>10</Task><Opcode>0</Opcode><Keywords>0x8000000000000000</Keywords><TimeCreated SystemTime='2020-11-03T15:50:21.529377600Z'/><EventRecordID>228</EventRecordID><Correlation/><Execution ProcessID='5112' ThreadID='748'/><Channel>Microsoft-Windows-Sysmon/Operational</Channel><Computer>win-dc-807.attackrange.local</Computer><Security UserID='S-1-5-18'/></System><EventData><Data Name='RuleName'>-</Data><Data Name='UtcTime'>2020-11-03 15:50:21.513</Data><Data Name='SourceProcessGUID'>{D28789B6-7AD1-5FA1-0C00-000000008701}</Data><Data Name='SourceProcessId'>572</Data><Data Name='SourceThreadId'>1112</Data><Data Name='SourceImage'>C:\Windows\system32\svchost.exe</Data><Data Name='TargetProcessGUID'>{D28789B6-7C3A-5FA1-EE02-000000008701}</Data><Data Name='TargetProcessId'>5112</Data><Data Name='TargetImage'>C:\Windows\sysmon64.exe</Data><Data Name='GrantedAccess'>0x1400</Data><Data Name='CallTrace'>C:\Windows\SYSTEM32\ntdll.dll+a5a94|C:\Windows\System32\KERNELBASE.dll+5eab4|c:\windows\system32\lsm.dll+e9d6|c:\windows\system32\lsm.dll+8e6f|C:\Windows\System32\RPCRT4.dll+78603|C:\Windows\System32\RPCRT4.dll+d96bd|C:\Windows\System32\RPCRT4.dll+610fc|C:\Windows\System32\RPCRT4.dll+52734|C:\Windows\System32\RPCRT4.dll+5164d|C:\Windows\System32\RPCRT4.dll+51efb|C:\Windows\System32\RPCRT4.dll+2552c|C:\Windows\System32\RPCRT4.dll+259ac|C:\Windows\System32\RPCRT4.dll+1122c|C:\Windows\System32\RPCRT4.dll+12a8b|C:\Windows\System32\RPCRT4.dll+1efba|C:\Windows\SYSTEM32\ntdll.dll+1d34e|C:\Windows\SYSTEM32\ntdll.dll+1ecb9|C:\Windows\System32\KERNEL32.DLL+84d4|C:\Windows\SYSTEM32\ntdll.dll+51791</Data></EventData></Event>
<Event xmlns='http://schemas.microsoft.com/win/2004/08/events/event'><System><Provider Name='Microsoft-Windows-Sysmon' Guid='{5770385F-C22A-43E0-BF4C-06F5698FFBD9}'/><EventID>10</EventID><Version>3</Version><Level>4</Level><Task>10</Task><Opcode>0</Opcode><Keywords>0x8000000000000000</Keywords><TimeCreated SystemTime='2020-11-03T15:50:21.529319000Z'/><EventRecordID>227</EventRecordID><Correlation/><Execution ProcessID='5112' ThreadID='748'/><Channel>Microsoft-Windows-Sysmon/Operational</Channel><Computer>win-dc-807.attackrange.local</Computer><Security UserID='S-1-5-18'/></System><EventData><Data Name='RuleName'>-</Data><Data Name='UtcTime'>2020-11-03 15:50:21.513</Data><Data Name='SourceProcessGUID'>{D28789B6-7AD1-5FA1-0C00-000000008701}</Data><Data Name='SourceProcessId'>572</Data><Data Name='SourceThreadId'>1112</Data><Data Name='SourceImage'>C:\Windows\system32\svchost.exe</Data><Data Name='TargetProcessGUID'>{D28789B6-7C3A-5FA1-EE02-000000008701}</Data><Data Name='TargetProcessId'>5112</Data><Data Name='TargetImage'>C:\Windows\sysmon64.exe</Data><Data Name='GrantedAccess'>0x1400</Data><Data Name='CallTrace'>C:\Windows\SYSTEM32\ntdll.dll+a5a94|C:\Windows\System32\KERNELBASE.dll+5eab4|c:\windows\system32\lsm.dll+11aad|C:\Windows\System32\RPCRT4.dll+78603|C:\Windows\System32\RPCRT4.dll+d96bd|C:\Windows\System32\RPCRT4.dll+610fc|C:\Windows\System32\RPCRT4.dll+52734|C:\Windows\System32\RPCRT4.dll+5164d|C:\Windows\System32\RPCRT4.dll+51efb|C:\Windows\System32\RPCRT4.dll+2552c|C:\Windows\System32\RPCRT4.dll+259ac|C:\Windows\System32\RPCRT4.dll+1122c|C:\Windows\System32\RPCRT4.dll+12a8b|C:\Windows\System32\RPCRT4.dll+1efba|C:\Windows\SYSTEM32\ntdll.dll+1d34e|C:\Windows\SYSTEM32\ntdll.dll+1ecb9|C:\Windows\System32\KERNEL32.DLL+84d4|C:\Windows\SYSTEM32\ntdll.dll+51791</Data></EventData></Event>
<Event xmlns='http://schemas.microsoft.com/win/2004/08/events/event'><System><Provider Name='Microsoft-Windows-Sysmon' Guid='{5770385F-C22A-43E0-BF4C-06F5698FFBD9}'/><EventID>10</EventID><Version>3</Version><Level>4</Level><Task>10</Task><Opcode>0</Opcode><Keywords>0x8000000000000000</Keywords><TimeCreated SystemTime='2020-11-03T15:50:21.529260500Z'/><EventRecordID>226</EventRecordID><Correlation/><Execution ProcessID='5112' ThreadID='748'/><Channel>Microsoft-Windows-Sysmon/Operational</Channel><Computer>win-dc-807.attackrange.local</Computer><Security UserID='S-1-5-18'/></System><EventData><Data Name='RuleName'>-</Data><Data Name='UtcTime'>2020-11-03 15:50:21.513</Data><Data Name='SourceProcessGUID'>{D28789B6-7AD1-5FA1-0C00-000000008701}</Data><Data Name='SourceProcessId'>572</Data><Data Name='SourceThreadId'>1112</Data><Data Name='SourceImage'>C:\Windows\system32\svchost.exe</Data><Data Name='TargetProcessGUID'>{D28789B6-7C3A-5FA1-EE02-000000008701}</Data><Data Name='TargetProcessId'>5112</Data><Data Name='TargetImage'>C:\Windows\sysmon64.exe</Data><Data Name='GrantedAccess'>0x1400</Data><Data Name='CallTrace'>C:\Windows\SYSTEM32\ntdll.dll+a5a94|C:\Windows\System32\KERNELBASE.dll+5eab4|c:\windows\system32\lsm.dll+11058|C:\Windows\System32\RPCRT4.dll+78603|C:\Windows\System32\RPCRT4.dll+d96bd|C:\Windows\System32\RPCRT4.dll+610fc|C:\Windows\System32\RPCRT4.dll+52734|C:\Windows\System32\RPCRT4.dll+5164d|C:\Windows\System32\RPCRT4.dll+51efb|C:\Windows\System32\RPCRT4.dll+2552c|C:\Windows\System32\RPCRT4.dll+259ac|C:\Windows\System32\RPCRT4.dll+1122c|C:\Windows\System32\RPCRT4.dll+12a8b|C:\Windows\System32\RPCRT4.dll+1efba|C:\Windows\SYSTEM32\ntdll.dll+1d34e|C:\Windows\SYSTEM32\ntdll.dll+1ecb9|C:\Windows\System32\KERNEL32.DLL+84d4|C:\Windows\SYSTEM32\ntdll.dll+51791</Data></EventData></Event>
<Event xmlns='http://schemas.microsoft.com/win/2004/08/events/event'><System><Provider Name='Microsoft-Windows-Sysmon' Guid='{5770385F-C22A-43E0-BF4C-06F5698FFBD9}'/><EventID>10</EventID><Version>3</Version><Level>4</Level><Task>10</Task><Opcode>0</Opcode><Keywords>0x8000000000000000</Keywords><TimeCreated SystemTime='2020-11-03T15:50:21.529196600Z'/><EventRecordID>225</EventRecordID><Correlation/><Execution ProcessID='5112' ThreadID='748'/><Channel>Microsoft-Windows-Sysmon/Operational</Channel><Computer>win-dc-807.attackrange.local</Computer><Security UserID='S-1-5-18'/></System><EventData><Data Name='RuleName'>-</Data><Data Name='UtcTime'>2020-11-03 15:50:21.513</Data><Data Name='SourceProcessGUID'>{D28789B6-7AD1-5FA1-0C00-000000008701}</Data><Data Name='SourceProcessId'>572</Data><Data Name='SourceThreadId'>1112</Data><Data Name='SourceImage'>C:\Windows\system32\svchost.exe</Data><Data Name='TargetProcessGUID'>{D28789B6-7C3A-5FA1-EE02-000000008701}</Data><Data Name='TargetProcessId'>5112</Data><Data Name='TargetImage'>C:\Windows\sysmon64.exe</Data><Data Name='GrantedAccess'>0x1400</Data><Data Name='CallTrace'>C:\Windows\SYSTEM32\ntdll.dll+a5a94|C:\Windows\System32\KERNELBASE.dll+5eab4|c:\windows\system32\lsm.dll+12023|C:\Windows\System32\RPCRT4.dll+78603|C:\Windows\System32\RPCRT4.dll+d96bd|C:\Windows\System32\RPCRT4.dll+610fc|C:\Windows\System32\RPCRT4.dll+52734|C:\Windows\System32\RPCRT4.dll+5164d|C:\Windows\System32\RPCRT4.dll+51efb|C:\Windows\System32\RPCRT4.dll+2552c|C:\Windows\System32\RPCRT4.dll+259ac|C:\Windows\System32\RPCRT4.dll+1122c|C:\Windows\System32\RPCRT4.dll+12a8b|C:\Windows\System32\RPCRT4.dll+1efba|C:\Windows\SYSTEM32\ntdll.dll+1d34e|C:\Windows\SYSTEM32\ntdll.dll+1ecb9|C:\Windows\System32\KERNEL32.DLL+84d4|C:\Windows\SYSTEM32\ntdll.dll+51791</Data></EventData></Event>
<Event xmlns='http://schemas.microsoft.com/win/2004/08/events/event'><System><Provider Name='Microsoft-Windows-Sysmon' Guid='{5770385F-C22A-43E0-BF4C-06F5698FFBD9}'/><EventID>10</EventID><Version>3</Version><Level>4</Level><Task>10</Task><Opcode>0</Opcode><Keywords>0x8000000000000000</Keywords><TimeCreated SystemTime='2020-11-03T15:50:21.529092900Z'/><EventRecordID>224</EventRecordID><Correlation/><Execution ProcessID='5112' ThreadID='748'/><Channel>Microsoft-Windows-Sysmon/Operational</Channel><Computer>win-dc-807.attackrange.local</Computer><Security UserID='S-1-5-18'/></System><EventData><Data Name='RuleName'>-</Data><Data Name='UtcTime'>2020-11-03 15:50:21.513</Data><Data Name='SourceProcessGUID'>{D28789B6-7AC1-5FA1-0500-000000008701}</Data><Data Name='SourceProcessId'>636</Data><Data Name='SourceThreadId'>652</Data><Data Name='SourceImage'>C:\Windows\system32\csrss.exe</Data><Data Name='TargetProcessGUID'>{D28789B6-7C3D-5FA1-FC02-000000008701}</Data><Data Name='TargetProcessId'>4720</Data><Data Name='TargetImage'>C:\Windows\System32\WindowsPowerShell\v1.0\powershell.exe</Data><Data Name='GrantedAccess'>0x1fffff</Data><Data Name='CallTrace'>C:\Windows\SYSTEM32\ntdll.dll+a5a94|C:\Windows\system32\basesrv.DLL+2f47|C:\Windows\SYSTEM32\CSRSRV.dll+5645|C:\Windows\SYSTEM32\ntdll.dll+5179f</Data></EventData></Event>
<Event xmlns='http://schemas.microsoft.com/win/2004/08/events/event'><System><Provider Name='Microsoft-Windows-Sysmon' Guid='{5770385F-C22A-43E0-BF4C-06F5698FFBD9}'/><EventID>10</EventID><Version>3</Version><Level>4</Level><Task>10</Task><Opcode>0</Opcode><Keywords>0x8000000000000000</Keywords><TimeCreated SystemTime='2020-11-03T15:50:21.528942500Z'/><EventRecordID>223</EventRecordID><Correlation/><Execution ProcessID='5112' ThreadID='748'/><Channel>Microsoft-Windows-Sysmon/Operational</Channel><Computer>win-dc-807.attackrange.local</Computer><Security UserID='S-1-5-18'/></System><EventData><Data Name='RuleName'>-</Data><Data Name='UtcTime'>2020-11-03 15:50:21.513</Data><Data Name='SourceProcessGUID'>{D28789B6-7C3D-5FA1-FB02-000000008701}</Data><Data Name='SourceProcessId'>3472</Data><Data Name='SourceThreadId'>584</Data><Data Name='SourceImage'>C:\Windows\System32\WindowsPowerShell\v1.0\powershell.exe</Data><Data Name='TargetProcessGUID'>{D28789B6-7C3D-5FA1-FC02-000000008701}</Data><Data Name='TargetProcessId'>4720</Data><Data Name='TargetImage'>C:\Windows\System32\WindowsPowerShell\v1.0\powershell.exe</Data><Data Name='GrantedAccess'>0x1fffff</Data><Data Name='CallTrace'>C:\Windows\SYSTEM32\ntdll.dll+a6d64|C:\Windows\System32\KERNELBASE.dll+2b860|C:\Windows\System32\KERNELBASE.dll+6b246|C:\Windows\System32\KERNEL32.DLL+1c213|C:\Windows\assembly\NativeImages_v4.0.30319_64\System\7e90080f26800b0f94f23eecd5dbab97\System.ni.dll+3332f6|C:\Windows\assembly\NativeImages_v4.0.30319_64\System\7e90080f26800b0f94f23eecd5dbab97\System.ni.dll+2b5560|C:\Windows\assembly\NativeImages_v4.0.30319_64\System\7e90080f26800b0f94f23eecd5dbab97\System.ni.dll+2b4f07|C:\Windows\assembly\NativeImages_v4.0.30319_64\System.Manaa57fc8cc#\5e34168d1758dfad033ef2bb53d5a1c2\System.Management.Automation.ni.dll+910d32ed(wow64)|C:\Windows\assembly\NativeImages_v4.0.30319_64\System.Manaa57fc8cc#\5e34168d1758dfad033ef2bb53d5a1c2\System.Management.Automation.ni.dll+90574177(wow64)|C:\Windows\assembly\NativeImages_v4.0.30319_64\System.Manaa57fc8cc#\5e34168d1758dfad033ef2bb53d5a1c2\System.Management.Automation.ni.dll+90573e48(wow64)|C:\Windows\assembly\NativeImages_v4.0.30319_64\System.Manaa57fc8cc#\5e34168d1758dfad033ef2bb53d5a1c2\System.Management.Automation.ni.dll+910254ad(wow64)|C:\Windows\assembly\NativeImages_v4.0.30319_64\System.Manaa57fc8cc#\5e34168d1758dfad033ef2bb53d5a1c2\System.Management.Automation.ni.dll+905349de(wow64)|C:\Windows\assembly\NativeImages_v4.0.30319_64\System.Manaa57fc8cc#\5e34168d1758dfad033ef2bb53d5a1c2\System.Management.Automation.ni.dll+90592ead(wow64)|C:\Windows\assembly\NativeImages_v4.0.30319_64\System.Manaa57fc8cc#\5e34168d1758dfad033ef2bb53d5a1c2\System.Management.Automation.ni.dll+90576512(wow64)|C:\Windows\assembly\NativeImages_v4.0.30319_64\System.Manaa57fc8cc#\5e34168d1758dfad033ef2bb53d5a1c2\System.Management.Automation.ni.dll+90576512(wow64)|C:\Windows\assembly\NativeImages_v4.0.30319_64\System.Manaa57fc8cc#\5e34168d1758dfad033ef2bb53d5a1c2\System.Management.Automation.ni.dll+905763a3(wow64)|C:\Windows\assembly\NativeImages_v4.0.30319_64\System.Manaa57fc8cc#\5e34168d1758dfad033ef2bb53d5a1c2\System.Management.Automation.ni.dll+90568328(wow64)|C:\Windows\assembly\NativeImages_v4.0.30319_64\System.Manaa57fc8cc#\5e34168d1758dfad033ef2bb53d5a1c2\System.Management.Automation.ni.dll+9057485b(wow64)|C:\Windows\assembly\NativeImages_v4.0.30319_64\System.Manaa57fc8cc#\5e34168d1758dfad033ef2bb53d5a1c2\System.Management.Automation.ni.dll+9057444e(wow64)|C:\Windows\assembly\NativeImages_v4.0.30319_64\System.Manaa57fc8cc#\5e34168d1758dfad033ef2bb53d5a1c2\System.Management.Automation.ni.dll+90574177(wow64)|C:\Windows\assembly\NativeImages_v4.0.30319_64\System.Manaa57fc8cc#\5e34168d1758dfad033ef2bb53d5a1c2\System.Management.Automation.ni.dll+90573e48(wow64)|C:\Windows\assembly\NativeImages_v4.0.30319_64\System.Manaa57fc8cc#\5e34168d1758dfad033ef2bb53d5a1c2\System.Management.Automation.ni.dll+910254ad(wow64)|C:\Windows\assembly\NativeImages_v4.0.30319_64\System.Manaa57fc8cc#\5e34168d1758dfad033ef2bb53d5a1c2\System.Management.Automation.ni.dll+9055aca9(wow64)|C:\Windows\assembly\NativeImages_v4.0.30319_64\System.Manaa57fc8cc#\5e34168d1758dfad033ef2bb53d5a1c2\System.Management.Automation.ni.dll+9055a279(wow64)</Data></EventData></Event>
<Event xmlns='http://schemas.microsoft.com/win/2004/08/events/event'><System><Provider Name='Microsoft-Windows-Sysmon' Guid='{5770385F-C22A-43E0-BF4C-06F5698FFBD9}'/><EventID>1</EventID><Version>5</Version><Level>4</Level><Task>1</Task><Opcode>0</Opcode><Keywords>0x8000000000000000</Keywords><TimeCreated SystemTime='2020-11-03T15:50:21.528680800Z'/><EventRecordID>222</EventRecordID><Correlation/><Execution ProcessID='5112' ThreadID='748'/><Channel>Microsoft-Windows-Sysmon/Operational</Channel><Computer>win-dc-807.attackrange.local</Computer><Security UserID='S-1-5-18'/></System><EventData><Data Name='RuleName'>-</Data><Data Name='UtcTime'>2020-11-03 15:50:21.526</Data><Data Name='ProcessGuid'>{D28789B6-7C3D-5FA1-FC02-000000008701}</Data><Data Name='ProcessId'>4720</Data><Data Name='Image'>C:\Windows\System32\WindowsPowerShell\v1.0\powershell.exe</Data><Data Name='FileVersion'>10.0.14393.206 (rs1_release.160915-0644)</Data><Data Name='Description'>Windows PowerShell</Data><Data Name='Product'>Microsoft® Windows® Operating System</Data><Data Name='Company'>Microsoft Corporation</Data><Data Name='OriginalFileName'>PowerShell.EXE</Data><Data Name='CommandLine'>"C:\Windows\System32\WindowsPowerShell\v1.0\powershell.exe" -NoProfile -NonInteractive -ExecutionPolicy Unrestricted -EncodedCommand JgBjAGgAYwBwAC4AYwBvAG0AIAA2ADUAMAAwADEAIAA+ACAAJABuAHUAbABsAAoAJABlAHgAZQBjAF8AdwByAGEAcABwAGUAcgBfAHMAdAByACAAPQAgACQAaQBuAHAAdQB0ACAAfAAgAE8AdQB0AC0AUwB0AHIAaQBuAGcACgAkAHMAcABsAGkAdABfAHAAYQByAHQAcwAgAD0AIAAkAGUAeABlAGMAXwB3AHIAYQBwAHAAZQByAF8AcwB0AHIALgBTAHAAbABpAHQAKABAACgAIgBgADAAYAAwAGAAMABgADAAIgApACwAIAAyACwAIABbAFMAdAByAGkAbgBnAFMAcABsAGkAdABPAHAAdABpAG8AbgBzAF0AOgA6AFIAZQBtAG8AdgBlAEUAbQBwAHQAeQBFAG4AdAByAGkAZQBzACkACgBJAGYAIAAoAC0AbgBvAHQAIAAkAHMAcABsAGkAdABfAHAAYQByAHQAcwAuAEwAZQBuAGcAdABoACAALQBlAHEAIAAyACkAIAB7ACAAdABoAHIAbwB3ACAAIgBpAG4AdgBhAGwAaQBkACAAcABhAHkAbABvAGEAZAAiACAAfQAKAFMAZQB0AC0AVgBhAHIAaQBhAGIAbABlACAALQBOAGEAbQBlACAAagBzAG8AbgBfAHIAYQB3ACAALQBWAGEAbAB1AGUAIAAkAHMAcABsAGkAdABfAHAAYQByAHQAcwBbADEAXQAKACQAZQB4AGUAYwBfAHcAcgBhAHAAcABlAHIAIAA9ACAAWwBTAGMAcgBpAHAAdABCAGwAbwBjAGsAXQA6ADoAQwByAGUAYQB0AGUAKAAkAHMAcABsAGkAdABfAHAAYQByAHQAcwBbADAAXQApAAoAJgAkAGUAeABlAGMAXwB3AHIAYQBwAHAAZQByAA==</Data><Data Name='CurrentDirectory'>C:\Users\Administrator\</Data><Data Name='User'>ATTACKRANGE\Administrator</Data><Data Name='LogonGuid'>{D28789B6-7C3D-5FA1-E3BE-100000000000}</Data><Data Name='LogonId'>0x10bee3</Data><Data Name='TerminalSessionId'>0</Data><Data Name='IntegrityLevel'>High</Data><Data Name='Hashes'>MD5=097CE5761C89434367598B34FE32893B,SHA256=BA4038FD20E474C047BE8AAD5BFACDB1BFC1DDBE12F803F473B7918D8D819436,IMPHASH=CAEE994F79D85E47C06E5FA9CDEAE453</Data><Data Name='ParentProcessGuid'>{D28789B6-7C3D-5FA1-FB02-000000008701}</Data><Data Name='ParentProcessId'>3472</Data><Data Name='ParentImage'>C:\Windows\System32\WindowsPowerShell\v1.0\powershell.exe</Data><Data Name='ParentCommandLine'>PowerShell  -NoProfile -NonInteractive -ExecutionPolicy Unrestricted -EncodedCommand UABvAHcAZQByAFMAaABlAGwAbAAgAC0ATgBvAFAAcgBvAGYAaQBsAGUAIAAtAE4AbwBuAEkAbgB0AGUAcgBhAGMAdABpAHYAZQAgAC0ARQB4AGUAYwB1AHQAaQBvAG4AUABvAGwAaQBjAHkAIABVAG4AcgBlAHMAdAByAGkAYwB0AGUAZAAgAC0ARQBuAGMAbwBkAGUAZABDAG8AbQBtAGEAbgBkACAASgBnAEIAagBBAEcAZwBBAFkAdwBCAHcAQQBDADQAQQBZAHcAQgB2AEEARwAwAEEASQBBAEEAMgBBAEQAVQBBAE0AQQBBAHcAQQBEAEUAQQBJAEEAQQArAEEAQwBBAEEASgBBAEIAdQBBAEgAVQBBAGIAQQBCAHMAQQBBAG8AQQBKAEEAQgBsAEEASABnAEEAWgBRAEIAagBBAEYAOABBAGQAdwBCAHkAQQBHAEUAQQBjAEEAQgB3AEEARwBVAEEAYwBnAEIAZgBBAEgATQBBAGQAQQBCAHkAQQBDAEEAQQBQAFEAQQBnAEEAQwBRAEEAYQBRAEIAdQBBAEgAQQBBAGQAUQBCADAAQQBDAEEAQQBmAEEAQQBnAEEARQA4AEEAZABRAEIAMABBAEMAMABBAFUAdwBCADAAQQBIAEkAQQBhAFEAQgB1AEEARwBjAEEAQwBnAEEAawBBAEgATQBBAGMAQQBCAHMAQQBHAGsAQQBkAEEAQgBmAEEASABBAEEAWQBRAEIAeQBBAEgAUQBBAGMAdwBBAGcAQQBEADAAQQBJAEEAQQBrAEEARwBVAEEAZQBBAEIAbABBAEcATQBBAFgAdwBCADMAQQBIAEkAQQBZAFEAQgB3AEEASABBAEEAWgBRAEIAeQBBAEYAOABBAGMAdwBCADAAQQBIAEkAQQBMAGcAQgBUAEEASABBAEEAYgBBAEIAcABBAEgAUQBBAEsAQQBCAEEAQQBDAGcAQQBJAGcAQgBnAEEARABBAEEAWQBBAEEAdwBBAEcAQQBBAE0AQQBCAGcAQQBEAEEAQQBJAGcAQQBwAEEAQwB3AEEASQBBAEEAeQBBAEMAdwBBAEkAQQBCAGIAQQBGAE0AQQBkAEEAQgB5AEEARwBrAEEAYgBnAEIAbgBBAEYATQBBAGMAQQBCAHMAQQBHAGsAQQBkAEEAQgBQAEEASABBAEEAZABBAEIAcABBAEcAOABBAGIAZwBCAHoAQQBGADAAQQBPAGcAQQA2AEEARgBJAEEAWgBRAEIAdABBAEcAOABBAGQAZwBCAGwAQQBFAFUAQQBiAFEAQgB3AEEASABRAEEAZQBRAEIARgBBAEcANABBAGQAQQBCAHkAQQBHAGsAQQBaAFEAQgB6AEEAQwBrAEEAQwBnAEIASgBBAEcAWQBBAEkAQQBBAG8AQQBDADAAQQBiAGcAQgB2AEEASABRAEEASQBBAEEAawBBAEgATQBBAGMAQQBCAHMAQQBHAGsAQQBkAEEAQgBmAEEASABBAEEAWQBRAEIAeQBBAEgAUQBBAGMAdwBBAHUAQQBFAHcAQQBaAFEAQgB1AEEARwBjAEEAZABBAEIAbwBBAEMAQQBBAEwAUQBCAGwAQQBIAEUAQQBJAEEAQQB5AEEAQwBrAEEASQBBAEIANwBBAEMAQQBBAGQAQQBCAG8AQQBIAEkAQQBiAHcAQgAzAEEAQwBBAEEASQBnAEIAcABBAEcANABBAGQAZwBCAGgAQQBHAHcAQQBhAFEAQgBrAEEAQwBBAEEAYwBBAEIAaABBAEgAawBBAGIAQQBCAHYAQQBHAEUAQQBaAEEAQQBpAEEAQwBBAEEAZgBRAEEASwBBAEYATQBBAFoAUQBCADAAQQBDADAAQQBWAGcAQgBoAEEASABJAEEAYQBRAEIAaABBAEcASQBBAGIAQQBCAGwAQQBDAEEAQQBMAFEAQgBPAEEARwBFAEEAYgBRAEIAbABBAEMAQQBBAGEAZwBCAHoAQQBHADgAQQBiAGcAQgBmAEEASABJAEEAWQBRAEIAMwBBAEMAQQBBAEwAUQBCAFcAQQBHAEUAQQBiAEEAQgAxAEEARwBVAEEASQBBAEEAawBBAEgATQBBAGMAQQBCAHMAQQBHAGsAQQBkAEEAQgBmAEEASABBAEEAWQBRAEIAeQBBAEgAUQBBAGMAdwBCAGIAQQBEAEUAQQBYAFEAQQBLAEEAQwBRAEEAWgBRAEIANABBAEcAVQBBAFkAdwBCAGYAQQBIAGMAQQBjAGcAQgBoAEEASABBAEEAYwBBAEIAbABBAEgASQBBAEkAQQBBADkAQQBDAEEAQQBXAHcAQgBUAEEARwBNAEEAYwBnAEIAcABBAEgAQQBBAGQAQQBCAEMAQQBHAHcAQQBiAHcAQgBqAEEARwBzAEEAWABRAEEANgBBAEQAbwBBAFEAdwBCAHkAQQBHAFUAQQBZAFEAQgAwAEEARwBVAEEASwBBAEEAawBBAEgATQBBAGMAQQBCAHMAQQBHAGsAQQBkAEEAQgBmAEEASABBAEEAWQBRAEIAeQBBAEgAUQBBAGMAdwBCAGIAQQBEAEEAQQBYAFEAQQBwAEEAQQBvAEEASgBnAEEAawBBAEcAVQBBAGUAQQBCAGwAQQBHAE0AQQBYAHcAQgAzAEEASABJAEEAWQBRAEIAdwBBAEgAQQBBAFoAUQBCAHkAQQBBAD0APQA=</Data></EventData></Event>
<Event xmlns='http://schemas.microsoft.com/win/2004/08/events/event'><System><Provider Name='Microsoft-Windows-Sysmon' Guid='{5770385F-C22A-43E0-BF4C-06F5698FFBD9}'/><EventID>10</EventID><Version>3</Version><Level>4</Level><Task>10</Task><Opcode>0</Opcode><Keywords>0x8000000000000000</Keywords><TimeCreated SystemTime='2020-11-03T15:50:21.460647200Z'/><EventRecordID>221</EventRecordID><Correlation/><Execution ProcessID='5112' ThreadID='748'/><Channel>Microsoft-Windows-Sysmon/Operational</Channel><Computer>win-dc-807.attackrange.local</Computer><Security UserID='S-1-5-18'/></System><EventData><Data Name='RuleName'>-</Data><Data Name='UtcTime'>2020-11-03 15:50:21.451</Data><Data Name='SourceProcessGUID'>{D28789B6-7ACF-5FA1-0B00-000000008701}</Data><Data Name='SourceProcessId'>860</Data><Data Name='SourceThreadId'>588</Data><Data Name='SourceImage'>C:\Windows\system32\lsass.exe</Data><Data Name='TargetProcessGUID'>{D28789B6-7C3D-5FA1-FB02-000000008701}</Data><Data Name='TargetProcessId'>3472</Data><Data Name='TargetImage'>C:\Windows\System32\WindowsPowerShell\v1.0\powershell.exe</Data><Data Name='GrantedAccess'>0x1478</Data><Data Name='CallTrace'>C:\Windows\SYSTEM32\ntdll.dll+a5a94|C:\Windows\system32\lsasrv.dll+25d17|C:\Windows\system32\lsasrv.dll+26ded|C:\Windows\system32\lsasrv.dll+25b95|C:\Windows\SYSTEM32\SspiSrv.dll+11a2|C:\Windows\System32\RPCRT4.dll+78603|C:\Windows\System32\RPCRT4.dll+d96bd|C:\Windows\System32\RPCRT4.dll+610fc|C:\Windows\System32\RPCRT4.dll+52734|C:\Windows\System32\RPCRT4.dll+5164d|C:\Windows\System32\RPCRT4.dll+51efb|C:\Windows\System32\RPCRT4.dll+2552c|C:\Windows\System32\RPCRT4.dll+259ac|C:\Windows\System32\RPCRT4.dll+1122c|C:\Windows\System32\RPCRT4.dll+12a8b|C:\Windows\System32\RPCRT4.dll+1efba|C:\Windows\SYSTEM32\ntdll.dll+1d34e|C:\Windows\SYSTEM32\ntdll.dll+1ecb9|C:\Windows\System32\KERNEL32.DLL+84d4|C:\Windows\SYSTEM32\ntdll.dll+51791</Data></EventData></Event>
<Event xmlns='http://schemas.microsoft.com/win/2004/08/events/event'><System><Provider Name='Microsoft-Windows-Sysmon' Guid='{5770385F-C22A-43E0-BF4C-06F5698FFBD9}'/><EventID>10</EventID><Version>3</Version><Level>4</Level><Task>10</Task><Opcode>0</Opcode><Keywords>0x8000000000000000</Keywords><TimeCreated SystemTime='2020-11-03T15:50:21.460486600Z'/><EventRecordID>220</EventRecordID><Correlation/><Execution ProcessID='5112' ThreadID='748'/><Channel>Microsoft-Windows-Sysmon/Operational</Channel><Computer>win-dc-807.attackrange.local</Computer><Security UserID='S-1-5-18'/></System><EventData><Data Name='RuleName'>-</Data><Data Name='UtcTime'>2020-11-03 15:50:21.451</Data><Data Name='SourceProcessGUID'>{D28789B6-7ACF-5FA1-0B00-000000008701}</Data><Data Name='SourceProcessId'>860</Data><Data Name='SourceThreadId'>588</Data><Data Name='SourceImage'>C:\Windows\system32\lsass.exe</Data><Data Name='TargetProcessGUID'>{D28789B6-7C3D-5FA1-FB02-000000008701}</Data><Data Name='TargetProcessId'>3472</Data><Data Name='TargetImage'>C:\Windows\System32\WindowsPowerShell\v1.0\powershell.exe</Data><Data Name='GrantedAccess'>0x1000</Data><Data Name='CallTrace'>C:\Windows\SYSTEM32\ntdll.dll+a6624|C:\Windows\System32\RPCRT4.dll+64ebf|C:\Windows\system32\lsasrv.dll+25add|C:\Windows\SYSTEM32\SspiSrv.dll+11a2|C:\Windows\System32\RPCRT4.dll+78603|C:\Windows\System32\RPCRT4.dll+d96bd|C:\Windows\System32\RPCRT4.dll+610fc|C:\Windows\System32\RPCRT4.dll+52734|C:\Windows\System32\RPCRT4.dll+5164d|C:\Windows\System32\RPCRT4.dll+51efb|C:\Windows\System32\RPCRT4.dll+2552c|C:\Windows\System32\RPCRT4.dll+259ac|C:\Windows\System32\RPCRT4.dll+1122c|C:\Windows\System32\RPCRT4.dll+12a8b|C:\Windows\System32\RPCRT4.dll+1efba|C:\Windows\SYSTEM32\ntdll.dll+1d34e|C:\Windows\SYSTEM32\ntdll.dll+1ecb9|C:\Windows\System32\KERNEL32.DLL+84d4|C:\Windows\SYSTEM32\ntdll.dll+51791</Data></EventData></Event>
<Event xmlns='http://schemas.microsoft.com/win/2004/08/events/event'><System><Provider Name='Microsoft-Windows-Sysmon' Guid='{5770385F-C22A-43E0-BF4C-06F5698FFBD9}'/><EventID>11</EventID><Version>2</Version><Level>4</Level><Task>11</Task><Opcode>0</Opcode><Keywords>0x8000000000000000</Keywords><TimeCreated SystemTime='2020-11-03T15:50:21.396516900Z'/><EventRecordID>219</EventRecordID><Correlation/><Execution ProcessID='5112' ThreadID='748'/><Channel>Microsoft-Windows-Sysmon/Operational</Channel><Computer>win-dc-807.attackrange.local</Computer><Security UserID='S-1-5-18'/></System><EventData><Data Name='RuleName'>-</Data><Data Name='UtcTime'>2020-11-03 15:50:21.388</Data><Data Name='ProcessGuid'>{D28789B6-7C3D-5FA1-FB02-000000008701}</Data><Data Name='ProcessId'>3472</Data><Data Name='Image'>C:\Windows\System32\WindowsPowerShell\v1.0\powershell.exe</Data><Data Name='TargetFilename'>C:\Users\Administrator\AppData\Local\Temp\__PSScriptPolicyTest_gk3dqwjq.llh.ps1</Data><Data Name='CreationUtcTime'>2020-11-03 15:50:21.388</Data></EventData></Event>
<Event xmlns='http://schemas.microsoft.com/win/2004/08/events/event'><System><Provider Name='Microsoft-Windows-Sysmon' Guid='{5770385F-C22A-43E0-BF4C-06F5698FFBD9}'/><EventID>10</EventID><Version>3</Version><Level>4</Level><Task>10</Task><Opcode>0</Opcode><Keywords>0x8000000000000000</Keywords><TimeCreated SystemTime='2020-11-03T15:50:21.381141200Z'/><EventRecordID>218</EventRecordID><Correlation/><Execution ProcessID='5112' ThreadID='748'/><Channel>Microsoft-Windows-Sysmon/Operational</Channel><Computer>win-dc-807.attackrange.local</Computer><Security UserID='S-1-5-18'/></System><EventData><Data Name='RuleName'>-</Data><Data Name='UtcTime'>2020-11-03 15:50:21.372</Data><Data Name='SourceProcessGUID'>{D28789B6-7AD1-5FA1-0C00-000000008701}</Data><Data Name='SourceProcessId'>572</Data><Data Name='SourceThreadId'>1112</Data><Data Name='SourceImage'>C:\Windows\system32\svchost.exe</Data><Data Name='TargetProcessGUID'>{D28789B6-7C3D-5FA1-FB02-000000008701}</Data><Data Name='TargetProcessId'>3472</Data><Data Name='TargetImage'>C:\Windows\System32\WindowsPowerShell\v1.0\powershell.exe</Data><Data Name='GrantedAccess'>0x1000</Data><Data Name='CallTrace'>C:\Windows\SYSTEM32\ntdll.dll+a5a94|C:\Windows\System32\KERNELBASE.dll+221bd|c:\windows\system32\rpcss.dll+5296|C:\Windows\System32\RPCRT4.dll+78603|C:\Windows\System32\RPCRT4.dll+2e43b|C:\Windows\System32\RPCRT4.dll+6213a|C:\Windows\System32\RPCRT4.dll+52734|C:\Windows\System32\RPCRT4.dll+5164d|C:\Windows\System32\RPCRT4.dll+51efb|C:\Windows\System32\RPCRT4.dll+2552c|C:\Windows\System32\RPCRT4.dll+259ac|C:\Windows\System32\RPCRT4.dll+1122c|C:\Windows\System32\RPCRT4.dll+12a8b|C:\Windows\System32\RPCRT4.dll+1efba|C:\Windows\SYSTEM32\ntdll.dll+1d34e|C:\Windows\SYSTEM32\ntdll.dll+1ecb9|C:\Windows\System32\KERNEL32.DLL+84d4|C:\Windows\SYSTEM32\ntdll.dll+51791</Data></EventData></Event>
<Event xmlns='http://schemas.microsoft.com/win/2004/08/events/event'><System><Provider Name='Microsoft-Windows-Sysmon' Guid='{5770385F-C22A-43E0-BF4C-06F5698FFBD9}'/><EventID>10</EventID><Version>3</Version><Level>4</Level><Task>10</Task><Opcode>0</Opcode><Keywords>0x8000000000000000</Keywords><TimeCreated SystemTime='2020-11-03T15:50:21.349001800Z'/><EventRecordID>217</EventRecordID><Correlation/><Execution ProcessID='5112' ThreadID='748'/><Channel>Microsoft-Windows-Sysmon/Operational</Channel><Computer>win-dc-807.attackrange.local</Computer><Security UserID='S-1-5-18'/></System><EventData><Data Name='RuleName'>-</Data><Data Name='UtcTime'>2020-11-03 15:50:21.341</Data><Data Name='SourceProcessGUID'>{D28789B6-7C3D-5FA1-F902-000000008701}</Data><Data Name='SourceProcessId'>3844</Data><Data Name='SourceThreadId'>4216</Data><Data Name='SourceImage'>C:\Windows\system32\conhost.exe</Data><Data Name='TargetProcessGUID'>{D28789B6-7C3D-5FA1-FB02-000000008701}</Data><Data Name='TargetProcessId'>3472</Data><Data Name='TargetImage'>C:\Windows\System32\WindowsPowerShell\v1.0\powershell.exe</Data><Data Name='GrantedAccess'>0x1fffff</Data><Data Name='CallTrace'>C:\Windows\SYSTEM32\ntdll.dll+a5a94|C:\Windows\SYSTEM32\ConhostV2.dll+5c07|C:\Windows\SYSTEM32\ConhostV2.dll+76ab|C:\Windows\SYSTEM32\ConhostV2.dll+a84c|C:\Windows\System32\KERNEL32.DLL+84d4|C:\Windows\SYSTEM32\ntdll.dll+51791</Data></EventData></Event>
<Event xmlns='http://schemas.microsoft.com/win/2004/08/events/event'><System><Provider Name='Microsoft-Windows-Sysmon' Guid='{5770385F-C22A-43E0-BF4C-06F5698FFBD9}'/><EventID>10</EventID><Version>3</Version><Level>4</Level><Task>10</Task><Opcode>0</Opcode><Keywords>0x8000000000000000</Keywords><TimeCreated SystemTime='2020-11-03T15:50:21.348755000Z'/><EventRecordID>216</EventRecordID><Correlation/><Execution ProcessID='5112' ThreadID='748'/><Channel>Microsoft-Windows-Sysmon/Operational</Channel><Computer>win-dc-807.attackrange.local</Computer><Security UserID='S-1-5-18'/></System><EventData><Data Name='RuleName'>-</Data><Data Name='UtcTime'>2020-11-03 15:50:21.341</Data><Data Name='SourceProcessGUID'>{D28789B6-7AD1-5FA1-0C00-000000008701}</Data><Data Name='SourceProcessId'>572</Data><Data Name='SourceThreadId'>1112</Data><Data Name='SourceImage'>C:\Windows\system32\svchost.exe</Data><Data Name='TargetProcessGUID'>{D28789B6-7C3A-5FA1-EE02-000000008701}</Data><Data Name='TargetProcessId'>5112</Data><Data Name='TargetImage'>C:\Windows\sysmon64.exe</Data><Data Name='GrantedAccess'>0x1400</Data><Data Name='CallTrace'>C:\Windows\SYSTEM32\ntdll.dll+a5a94|C:\Windows\System32\KERNELBASE.dll+5eab4|c:\windows\system32\lsm.dll+e9d6|c:\windows\system32\lsm.dll+d3ae|C:\Windows\System32\RPCRT4.dll+78603|C:\Windows\System32\RPCRT4.dll+d96bd|C:\Windows\System32\RPCRT4.dll+610fc|C:\Windows\System32\RPCRT4.dll+52734|C:\Windows\System32\RPCRT4.dll+5164d|C:\Windows\System32\RPCRT4.dll+51efb|C:\Windows\System32\RPCRT4.dll+2552c|C:\Windows\System32\RPCRT4.dll+259ac|C:\Windows\System32\RPCRT4.dll+1122c|C:\Windows\System32\RPCRT4.dll+12a8b|C:\Windows\System32\RPCRT4.dll+1efba|C:\Windows\SYSTEM32\ntdll.dll+1d34e|C:\Windows\SYSTEM32\ntdll.dll+1ecb9|C:\Windows\System32\KERNEL32.DLL+84d4|C:\Windows\SYSTEM32\ntdll.dll+51791</Data></EventData></Event>
<Event xmlns='http://schemas.microsoft.com/win/2004/08/events/event'><System><Provider Name='Microsoft-Windows-Sysmon' Guid='{5770385F-C22A-43E0-BF4C-06F5698FFBD9}'/><EventID>10</EventID><Version>3</Version><Level>4</Level><Task>10</Task><Opcode>0</Opcode><Keywords>0x8000000000000000</Keywords><TimeCreated SystemTime='2020-11-03T15:50:21.348697300Z'/><EventRecordID>215</EventRecordID><Correlation/><Execution ProcessID='5112' ThreadID='748'/><Channel>Microsoft-Windows-Sysmon/Operational</Channel><Computer>win-dc-807.attackrange.local</Computer><Security UserID='S-1-5-18'/></System><EventData><Data Name='RuleName'>-</Data><Data Name='UtcTime'>2020-11-03 15:50:21.341</Data><Data Name='SourceProcessGUID'>{D28789B6-7AD1-5FA1-0C00-000000008701}</Data><Data Name='SourceProcessId'>572</Data><Data Name='SourceThreadId'>1112</Data><Data Name='SourceImage'>C:\Windows\system32\svchost.exe</Data><Data Name='TargetProcessGUID'>{D28789B6-7C3A-5FA1-EE02-000000008701}</Data><Data Name='TargetProcessId'>5112</Data><Data Name='TargetImage'>C:\Windows\sysmon64.exe</Data><Data Name='GrantedAccess'>0x1400</Data><Data Name='CallTrace'>C:\Windows\SYSTEM32\ntdll.dll+a5a94|C:\Windows\System32\KERNELBASE.dll+5eab4|c:\windows\system32\lsm.dll+11aad|C:\Windows\System32\RPCRT4.dll+78603|C:\Windows\System32\RPCRT4.dll+d96bd|C:\Windows\System32\RPCRT4.dll+610fc|C:\Windows\System32\RPCRT4.dll+52734|C:\Windows\System32\RPCRT4.dll+5164d|C:\Windows\System32\RPCRT4.dll+51efb|C:\Windows\System32\RPCRT4.dll+2552c|C:\Windows\System32\RPCRT4.dll+259ac|C:\Windows\System32\RPCRT4.dll+1122c|C:\Windows\System32\RPCRT4.dll+12a8b|C:\Windows\System32\RPCRT4.dll+1efba|C:\Windows\SYSTEM32\ntdll.dll+1d34e|C:\Windows\SYSTEM32\ntdll.dll+1ecb9|C:\Windows\System32\KERNEL32.DLL+84d4|C:\Windows\SYSTEM32\ntdll.dll+51791</Data></EventData></Event>
<Event xmlns='http://schemas.microsoft.com/win/2004/08/events/event'><System><Provider Name='Microsoft-Windows-Sysmon' Guid='{5770385F-C22A-43E0-BF4C-06F5698FFBD9}'/><EventID>10</EventID><Version>3</Version><Level>4</Level><Task>10</Task><Opcode>0</Opcode><Keywords>0x8000000000000000</Keywords><TimeCreated SystemTime='2020-11-03T15:50:21.348640200Z'/><EventRecordID>214</EventRecordID><Correlation/><Execution ProcessID='5112' ThreadID='748'/><Channel>Microsoft-Windows-Sysmon/Operational</Channel><Computer>win-dc-807.attackrange.local</Computer><Security UserID='S-1-5-18'/></System><EventData><Data Name='RuleName'>-</Data><Data Name='UtcTime'>2020-11-03 15:50:21.341</Data><Data Name='SourceProcessGUID'>{D28789B6-7AD1-5FA1-0C00-000000008701}</Data><Data Name='SourceProcessId'>572</Data><Data Name='SourceThreadId'>1112</Data><Data Name='SourceImage'>C:\Windows\system32\svchost.exe</Data><Data Name='TargetProcessGUID'>{D28789B6-7C3A-5FA1-EE02-000000008701}</Data><Data Name='TargetProcessId'>5112</Data><Data Name='TargetImage'>C:\Windows\sysmon64.exe</Data><Data Name='GrantedAccess'>0x1400</Data><Data Name='CallTrace'>C:\Windows\SYSTEM32\ntdll.dll+a5a94|C:\Windows\System32\KERNELBASE.dll+5eab4|c:\windows\system32\lsm.dll+11058|C:\Windows\System32\RPCRT4.dll+78603|C:\Windows\System32\RPCRT4.dll+d96bd|C:\Windows\System32\RPCRT4.dll+610fc|C:\Windows\System32\RPCRT4.dll+52734|C:\Windows\System32\RPCRT4.dll+5164d|C:\Windows\System32\RPCRT4.dll+51efb|C:\Windows\System32\RPCRT4.dll+2552c|C:\Windows\System32\RPCRT4.dll+259ac|C:\Windows\System32\RPCRT4.dll+1122c|C:\Windows\System32\RPCRT4.dll+12a8b|C:\Windows\System32\RPCRT4.dll+1efba|C:\Windows\SYSTEM32\ntdll.dll+1d34e|C:\Windows\SYSTEM32\ntdll.dll+1ecb9|C:\Windows\System32\KERNEL32.DLL+84d4|C:\Windows\SYSTEM32\ntdll.dll+51791</Data></EventData></Event>
<Event xmlns='http://schemas.microsoft.com/win/2004/08/events/event'><System><Provider Name='Microsoft-Windows-Sysmon' Guid='{5770385F-C22A-43E0-BF4C-06F5698FFBD9}'/><EventID>10</EventID><Version>3</Version><Level>4</Level><Task>10</Task><Opcode>0</Opcode><Keywords>0x8000000000000000</Keywords><TimeCreated SystemTime='2020-11-03T15:50:21.348583600Z'/><EventRecordID>213</EventRecordID><Correlation/><Execution ProcessID='5112' ThreadID='748'/><Channel>Microsoft-Windows-Sysmon/Operational</Channel><Computer>win-dc-807.attackrange.local</Computer><Security UserID='S-1-5-18'/></System><EventData><Data Name='RuleName'>-</Data><Data Name='UtcTime'>2020-11-03 15:50:21.341</Data><Data Name='SourceProcessGUID'>{D28789B6-7AD1-5FA1-0C00-000000008701}</Data><Data Name='SourceProcessId'>572</Data><Data Name='SourceThreadId'>1112</Data><Data Name='SourceImage'>C:\Windows\system32\svchost.exe</Data><Data Name='TargetProcessGUID'>{D28789B6-7C3A-5FA1-EE02-000000008701}</Data><Data Name='TargetProcessId'>5112</Data><Data Name='TargetImage'>C:\Windows\sysmon64.exe</Data><Data Name='GrantedAccess'>0x1400</Data><Data Name='CallTrace'>C:\Windows\SYSTEM32\ntdll.dll+a5a94|C:\Windows\System32\KERNELBASE.dll+5eab4|c:\windows\system32\lsm.dll+12023|C:\Windows\System32\RPCRT4.dll+78603|C:\Windows\System32\RPCRT4.dll+d96bd|C:\Windows\System32\RPCRT4.dll+610fc|C:\Windows\System32\RPCRT4.dll+52734|C:\Windows\System32\RPCRT4.dll+5164d|C:\Windows\System32\RPCRT4.dll+51efb|C:\Windows\System32\RPCRT4.dll+2552c|C:\Windows\System32\RPCRT4.dll+259ac|C:\Windows\System32\RPCRT4.dll+1122c|C:\Windows\System32\RPCRT4.dll+12a8b|C:\Windows\System32\RPCRT4.dll+1efba|C:\Windows\SYSTEM32\ntdll.dll+1d34e|C:\Windows\SYSTEM32\ntdll.dll+1ecb9|C:\Windows\System32\KERNEL32.DLL+84d4|C:\Windows\SYSTEM32\ntdll.dll+51791</Data></EventData></Event>
<Event xmlns='http://schemas.microsoft.com/win/2004/08/events/event'><System><Provider Name='Microsoft-Windows-Sysmon' Guid='{5770385F-C22A-43E0-BF4C-06F5698FFBD9}'/><EventID>10</EventID><Version>3</Version><Level>4</Level><Task>10</Task><Opcode>0</Opcode><Keywords>0x8000000000000000</Keywords><TimeCreated SystemTime='2020-11-03T15:50:21.348526300Z'/><EventRecordID>212</EventRecordID><Correlation/><Execution ProcessID='5112' ThreadID='748'/><Channel>Microsoft-Windows-Sysmon/Operational</Channel><Computer>win-dc-807.attackrange.local</Computer><Security UserID='S-1-5-18'/></System><EventData><Data Name='RuleName'>-</Data><Data Name='UtcTime'>2020-11-03 15:50:21.341</Data><Data Name='SourceProcessGUID'>{D28789B6-7AD1-5FA1-0C00-000000008701}</Data><Data Name='SourceProcessId'>572</Data><Data Name='SourceThreadId'>1112</Data><Data Name='SourceImage'>C:\Windows\system32\svchost.exe</Data><Data Name='TargetProcessGUID'>{D28789B6-7C3A-5FA1-EE02-000000008701}</Data><Data Name='TargetProcessId'>5112</Data><Data Name='TargetImage'>C:\Windows\sysmon64.exe</Data><Data Name='GrantedAccess'>0x1400</Data><Data Name='CallTrace'>C:\Windows\SYSTEM32\ntdll.dll+a5a94|C:\Windows\System32\KERNELBASE.dll+5eab4|c:\windows\system32\lsm.dll+e9d6|c:\windows\system32\lsm.dll+8fc1|c:\windows\system32\lsm.dll+8eb0|C:\Windows\System32\RPCRT4.dll+78603|C:\Windows\System32\RPCRT4.dll+d96bd|C:\Windows\System32\RPCRT4.dll+610fc|C:\Windows\System32\RPCRT4.dll+52734|C:\Windows\System32\RPCRT4.dll+5164d|C:\Windows\System32\RPCRT4.dll+51efb|C:\Windows\System32\RPCRT4.dll+2552c|C:\Windows\System32\RPCRT4.dll+259ac|C:\Windows\System32\RPCRT4.dll+1122c|C:\Windows\System32\RPCRT4.dll+12a8b|C:\Windows\System32\RPCRT4.dll+1efba|C:\Windows\SYSTEM32\ntdll.dll+1d34e|C:\Windows\SYSTEM32\ntdll.dll+1ecb9|C:\Windows\System32\KERNEL32.DLL+84d4|C:\Windows\SYSTEM32\ntdll.dll+51791</Data></EventData></Event>
<Event xmlns='http://schemas.microsoft.com/win/2004/08/events/event'><System><Provider Name='Microsoft-Windows-Sysmon' Guid='{5770385F-C22A-43E0-BF4C-06F5698FFBD9}'/><EventID>10</EventID><Version>3</Version><Level>4</Level><Task>10</Task><Opcode>0</Opcode><Keywords>0x8000000000000000</Keywords><TimeCreated SystemTime='2020-11-03T15:50:21.348466300Z'/><EventRecordID>211</EventRecordID><Correlation/><Execution ProcessID='5112' ThreadID='748'/><Channel>Microsoft-Windows-Sysmon/Operational</Channel><Computer>win-dc-807.attackrange.local</Computer><Security UserID='S-1-5-18'/></System><EventData><Data Name='RuleName'>-</Data><Data Name='UtcTime'>2020-11-03 15:50:21.341</Data><Data Name='SourceProcessGUID'>{D28789B6-7AD1-5FA1-0C00-000000008701}</Data><Data Name='SourceProcessId'>572</Data><Data Name='SourceThreadId'>1112</Data><Data Name='SourceImage'>C:\Windows\system32\svchost.exe</Data><Data Name='TargetProcessGUID'>{D28789B6-7C3A-5FA1-EE02-000000008701}</Data><Data Name='TargetProcessId'>5112</Data><Data Name='TargetImage'>C:\Windows\sysmon64.exe</Data><Data Name='GrantedAccess'>0x1400</Data><Data Name='CallTrace'>C:\Windows\SYSTEM32\ntdll.dll+a5a94|C:\Windows\System32\KERNELBASE.dll+5eab4|c:\windows\system32\lsm.dll+e9d6|c:\windows\system32\lsm.dll+8e6f|C:\Windows\System32\RPCRT4.dll+78603|C:\Windows\System32\RPCRT4.dll+d96bd|C:\Windows\System32\RPCRT4.dll+610fc|C:\Windows\System32\RPCRT4.dll+52734|C:\Windows\System32\RPCRT4.dll+5164d|C:\Windows\System32\RPCRT4.dll+51efb|C:\Windows\System32\RPCRT4.dll+2552c|C:\Windows\System32\RPCRT4.dll+259ac|C:\Windows\System32\RPCRT4.dll+1122c|C:\Windows\System32\RPCRT4.dll+12a8b|C:\Windows\System32\RPCRT4.dll+1efba|C:\Windows\SYSTEM32\ntdll.dll+1d34e|C:\Windows\SYSTEM32\ntdll.dll+1ecb9|C:\Windows\System32\KERNEL32.DLL+84d4|C:\Windows\SYSTEM32\ntdll.dll+51791</Data></EventData></Event>
