<Event xmlns='http://schemas.microsoft.com/win/2004/08/events/event'><System><Provider Name='Microsoft-Windows-Sysmon' Guid='{5770385F-C22A-43E0-BF4C-06F5698FFBD9}'/><EventID>10</EventID><Version>3</Version><Level>4</Level><Task>10</Task><Opcode>0</Opcode><Keywords>0x8000000000000000</Keywords><TimeCreated SystemTime='2020-11-03T15:51:15.935268400Z'/><EventRecordID>761</EventRecordID><Correlation/><Execution ProcessID='2152' ThreadID='3460'/><Channel>Microsoft-Windows-Sysmon/Operational</Channel><Computer>win-dc-807.attackrange.local</Computer><Security UserID='S-1-5-18'/></System><EventData><Data Name='RuleName'>-</Data><Data Name='UtcTime'>2020-11-03 15:51:00.550</Data><Data Name='SourceProcessGUID'>{D28789B6-7C62-5FA1-0B00-000000008801}</Data><Data Name='SourceProcessId'>868</Data><Data Name='SourceThreadId'>992</Data><Data Name='SourceImage'>C:\Windows\system32\lsass.exe</Data><Data Name='TargetProcessGUID'>{D28789B6-7C62-5FA1-0900-000000008801}</Data><Data Name='TargetProcessId'>780</Data><Data Name='TargetImage'>C:\Windows\system32\winlogon.exe</Data><Data Name='GrantedAccess'>0x1478</Data><Data Name='CallTrace'>C:\Windows\SYSTEM32\ntdll.dll+a5a94|C:\Windows\system32\lsasrv.dll+25d17|C:\Windows\system32\lsasrv.dll+26ded|C:\Windows\system32\lsasrv.dll+25b95|C:\Windows\SYSTEM32\SspiSrv.dll+11a2|C:\Windows\System32\RPCRT4.dll+78603|C:\Windows\System32\RPCRT4.dll+d96bd|C:\Windows\System32\RPCRT4.dll+610fc|C:\Windows\System32\RPCRT4.dll+52734|C:\Windows\System32\RPCRT4.dll+5164d|C:\Windows\System32\RPCRT4.dll+51efb|C:\Windows\System32\RPCRT4.dll+2552c|C:\Windows\System32\RPCRT4.dll+259ac|C:\Windows\System32\RPCRT4.dll+1122c|C:\Windows\System32\RPCRT4.dll+12a8b|C:\Windows\System32\RPCRT4.dll+1efba|C:\Windows\SYSTEM32\ntdll.dll+1d34e|C:\Windows\SYSTEM32\ntdll.dll+1ecb9|C:\Windows\System32\KERNEL32.DLL+84d4|C:\Windows\SYSTEM32\ntdll.dll+51791</Data></EventData></Event>
<Event xmlns='http://schemas.microsoft.com/win/2004/08/events/event'><System><Provider Name='Microsoft-Windows-Sysmon' Guid='{5770385F-C22A-43E0-BF4C-06F5698FFBD9}'/><EventID>10</EventID><Version>3</Version><Level>4</Level><Task>10</Task><Opcode>0</Opcode><Keywords>0x8000000000000000</Keywords><TimeCreated SystemTime='2020-11-03T15:51:15.935204700Z'/><EventRecordID>760</EventRecordID><Correlation/><Execution ProcessID='2152' ThreadID='3460'/><Channel>Microsoft-Windows-Sysmon/Operational</Channel><Computer>win-dc-807.attackrange.local</Computer><Security UserID='S-1-5-18'/></System><EventData><Data Name='RuleName'>-</Data><Data Name='UtcTime'>2020-11-03 15:51:00.550</Data><Data Name='SourceProcessGUID'>{D28789B6-7C62-5FA1-0B00-000000008801}</Data><Data Name='SourceProcessId'>868</Data><Data Name='SourceThreadId'>992</Data><Data Name='SourceImage'>C:\Windows\system32\lsass.exe</Data><Data Name='TargetProcessGUID'>{D28789B6-7C62-5FA1-0900-000000008801}</Data><Data Name='TargetProcessId'>780</Data><Data Name='TargetImage'>C:\Windows\system32\winlogon.exe</Data><Data Name='GrantedAccess'>0x1000</Data><Data Name='CallTrace'>C:\Windows\SYSTEM32\ntdll.dll+a6624|C:\Windows\System32\RPCRT4.dll+64ebf|C:\Windows\system32\lsasrv.dll+25add|C:\Windows\SYSTEM32\SspiSrv.dll+11a2|C:\Windows\System32\RPCRT4.dll+78603|C:\Windows\System32\RPCRT4.dll+d96bd|C:\Windows\System32\RPCRT4.dll+610fc|C:\Windows\System32\RPCRT4.dll+52734|C:\Windows\System32\RPCRT4.dll+5164d|C:\Windows\System32\RPCRT4.dll+51efb|C:\Windows\System32\RPCRT4.dll+2552c|C:\Windows\System32\RPCRT4.dll+259ac|C:\Windows\System32\RPCRT4.dll+1122c|C:\Windows\System32\RPCRT4.dll+12a8b|C:\Windows\System32\RPCRT4.dll+1efba|C:\Windows\SYSTEM32\ntdll.dll+1d34e|C:\Windows\SYSTEM32\ntdll.dll+1ecb9|C:\Windows\System32\KERNEL32.DLL+84d4|C:\Windows\SYSTEM32\ntdll.dll+51791</Data></EventData></Event>
<Event xmlns='http://schemas.microsoft.com/win/2004/08/events/event'><System><Provider Name='Microsoft-Windows-Sysmon' Guid='{5770385F-C22A-43E0-BF4C-06F5698FFBD9}'/><EventID>10</EventID><Version>3</Version><Level>4</Level><Task>10</Task><Opcode>0</Opcode><Keywords>0x8000000000000000</Keywords><TimeCreated SystemTime='2020-11-03T15:51:15.932197400Z'/><EventRecordID>759</EventRecordID><Correlation/><Execution ProcessID='2152' ThreadID='3460'/><Channel>Microsoft-Windows-Sysmon/Operational</Channel><Computer>win-dc-807.attackrange.local</Computer><Security UserID='S-1-5-18'/></System><EventData><Data Name='RuleName'>-</Data><Data Name='UtcTime'>2020-11-03 15:51:00.503</Data><Data Name='SourceProcessGUID'>{D28789B6-7C64-5FA1-0C00-000000008801}</Data><Data Name='SourceProcessId'>608</Data><Data Name='SourceThreadId'>728</Data><Data Name='SourceImage'>C:\Windows\system32\svchost.exe</Data><Data Name='TargetProcessGUID'>{D28789B6-7C62-5FA1-0900-000000008801}</Data><Data Name='TargetProcessId'>780</Data><Data Name='TargetImage'>C:\Windows\system32\winlogon.exe</Data><Data Name='GrantedAccess'>0x1400</Data><Data Name='CallTrace'>C:\Windows\SYSTEM32\ntdll.dll+a5a94|C:\Windows\System32\KERNELBASE.dll+5eab4|c:\windows\system32\lsm.dll+796b|c:\windows\system32\lsm.dll+2387f|C:\Windows\System32\RPCRT4.dll+78603|C:\Windows\System32\RPCRT4.dll+d96bd|C:\Windows\System32\RPCRT4.dll+610fc|C:\Windows\System32\RPCRT4.dll+52734|C:\Windows\System32\RPCRT4.dll+5164d|C:\Windows\System32\RPCRT4.dll+51efb|C:\Windows\System32\RPCRT4.dll+2552c|C:\Windows\System32\RPCRT4.dll+259ac|C:\Windows\System32\RPCRT4.dll+1122c|C:\Windows\System32\RPCRT4.dll+12a8b|C:\Windows\System32\RPCRT4.dll+1efba|C:\Windows\SYSTEM32\ntdll.dll+1d34e|C:\Windows\SYSTEM32\ntdll.dll+1ecb9|C:\Windows\System32\KERNEL32.DLL+84d4|C:\Windows\SYSTEM32\ntdll.dll+51791</Data></EventData></Event>
<Event xmlns='http://schemas.microsoft.com/win/2004/08/events/event'><System><Provider Name='Microsoft-Windows-Sysmon' Guid='{5770385F-C22A-43E0-BF4C-06F5698FFBD9}'/><EventID>10</EventID><Version>3</Version><Level>4</Level><Task>10</Task><Opcode>0</Opcode><Keywords>0x8000000000000000</Keywords><TimeCreated SystemTime='2020-11-03T15:51:15.932141200Z'/><EventRecordID>758</EventRecordID><Correlation/><Execution ProcessID='2152' ThreadID='3460'/><Channel>Microsoft-Windows-Sysmon/Operational</Channel><Computer>win-dc-807.attackrange.local</Computer><Security UserID='S-1-5-18'/></System><EventData><Data Name='RuleName'>-</Data><Data Name='UtcTime'>2020-11-03 15:51:00.503</Data><Data Name='SourceProcessGUID'>{D28789B6-7C64-5FA1-0C00-000000008801}</Data><Data Name='SourceProcessId'>608</Data><Data Name='SourceThreadId'>728</Data><Data Name='SourceImage'>C:\Windows\system32\svchost.exe</Data><Data Name='TargetProcessGUID'>{D28789B6-7C62-5FA1-0900-000000008801}</Data><Data Name='TargetProcessId'>780</Data><Data Name='TargetImage'>C:\Windows\system32\winlogon.exe</Data><Data Name='GrantedAccess'>0x1400</Data><Data Name='CallTrace'>C:\Windows\SYSTEM32\ntdll.dll+a5a94|C:\Windows\System32\KERNELBASE.dll+5eab4|c:\windows\system32\lsm.dll+2380c|C:\Windows\System32\RPCRT4.dll+78603|C:\Windows\System32\RPCRT4.dll+d96bd|C:\Windows\System32\RPCRT4.dll+610fc|C:\Windows\System32\RPCRT4.dll+52734|C:\Windows\System32\RPCRT4.dll+5164d|C:\Windows\System32\RPCRT4.dll+51efb|C:\Windows\System32\RPCRT4.dll+2552c|C:\Windows\System32\RPCRT4.dll+259ac|C:\Windows\System32\RPCRT4.dll+1122c|C:\Windows\System32\RPCRT4.dll+12a8b|C:\Windows\System32\RPCRT4.dll+1efba|C:\Windows\SYSTEM32\ntdll.dll+1d34e|C:\Windows\SYSTEM32\ntdll.dll+1ecb9|C:\Windows\System32\KERNEL32.DLL+84d4|C:\Windows\SYSTEM32\ntdll.dll+51791</Data></EventData></Event>
<Event xmlns='http://schemas.microsoft.com/win/2004/08/events/event'><System><Provider Name='Microsoft-Windows-Sysmon' Guid='{5770385F-C22A-43E0-BF4C-06F5698FFBD9}'/><EventID>10</EventID><Version>3</Version><Level>4</Level><Task>10</Task><Opcode>0</Opcode><Keywords>0x8000000000000000</Keywords><TimeCreated SystemTime='2020-11-03T15:51:15.932086100Z'/><EventRecordID>757</EventRecordID><Correlation/><Execution ProcessID='2152' ThreadID='3460'/><Channel>Microsoft-Windows-Sysmon/Operational</Channel><Computer>win-dc-807.attackrange.local</Computer><Security UserID='S-1-5-18'/></System><EventData><Data Name='RuleName'>-</Data><Data Name='UtcTime'>2020-11-03 15:51:00.503</Data><Data Name='SourceProcessGUID'>{D28789B6-7C64-5FA1-0C00-000000008801}</Data><Data Name='SourceProcessId'>608</Data><Data Name='SourceThreadId'>728</Data><Data Name='SourceImage'>C:\Windows\system32\svchost.exe</Data><Data Name='TargetProcessGUID'>{D28789B6-7C62-5FA1-0900-000000008801}</Data><Data Name='TargetProcessId'>780</Data><Data Name='TargetImage'>C:\Windows\system32\winlogon.exe</Data><Data Name='GrantedAccess'>0x1400</Data><Data Name='CallTrace'>C:\Windows\SYSTEM32\ntdll.dll+a5a94|C:\Windows\System32\KERNELBASE.dll+5eab4|c:\windows\system32\lsm.dll+e9d6|c:\windows\system32\lsm.dll+237c4|C:\Windows\System32\RPCRT4.dll+78603|C:\Windows\System32\RPCRT4.dll+d96bd|C:\Windows\System32\RPCRT4.dll+610fc|C:\Windows\System32\RPCRT4.dll+52734|C:\Windows\System32\RPCRT4.dll+5164d|C:\Windows\System32\RPCRT4.dll+51efb|C:\Windows\System32\RPCRT4.dll+2552c|C:\Windows\System32\RPCRT4.dll+259ac|C:\Windows\System32\RPCRT4.dll+1122c|C:\Windows\System32\RPCRT4.dll+12a8b|C:\Windows\System32\RPCRT4.dll+1efba|C:\Windows\SYSTEM32\ntdll.dll+1d34e|C:\Windows\SYSTEM32\ntdll.dll+1ecb9|C:\Windows\System32\KERNEL32.DLL+84d4|C:\Windows\SYSTEM32\ntdll.dll+51791</Data></EventData></Event>
<Event xmlns='http://schemas.microsoft.com/win/2004/08/events/event'><System><Provider Name='Microsoft-Windows-Sysmon' Guid='{5770385F-C22A-43E0-BF4C-06F5698FFBD9}'/><EventID>10</EventID><Version>3</Version><Level>4</Level><Task>10</Task><Opcode>0</Opcode><Keywords>0x8000000000000000</Keywords><TimeCreated SystemTime='2020-11-03T15:51:15.932029100Z'/><EventRecordID>756</EventRecordID><Correlation/><Execution ProcessID='2152' ThreadID='3460'/><Channel>Microsoft-Windows-Sysmon/Operational</Channel><Computer>win-dc-807.attackrange.local</Computer><Security UserID='S-1-5-18'/></System><EventData><Data Name='RuleName'>-</Data><Data Name='UtcTime'>2020-11-03 15:51:00.503</Data><Data Name='SourceProcessGUID'>{D28789B6-7C64-5FA1-0C00-000000008801}</Data><Data Name='SourceProcessId'>608</Data><Data Name='SourceThreadId'>728</Data><Data Name='SourceImage'>C:\Windows\system32\svchost.exe</Data><Data Name='TargetProcessGUID'>{D28789B6-7C62-5FA1-0500-000000008801}</Data><Data Name='TargetProcessId'>644</Data><Data Name='TargetImage'>C:\Windows\system32\csrss.exe</Data><Data Name='GrantedAccess'>0x1000</Data><Data Name='CallTrace'>C:\Windows\SYSTEM32\ntdll.dll+a5a94|C:\Windows\System32\KERNELBASE.dll+5eacf|c:\windows\system32\lsm.dll+1a7a4|c:\windows\system32\lsm.dll+1aa31|C:\Windows\SYSTEM32\ntdll.dll+1d3f1|C:\Windows\SYSTEM32\ntdll.dll+1ecb9|C:\Windows\System32\KERNEL32.DLL+84d4|C:\Windows\SYSTEM32\ntdll.dll+51791</Data></EventData></Event>
<Event xmlns='http://schemas.microsoft.com/win/2004/08/events/event'><System><Provider Name='Microsoft-Windows-Sysmon' Guid='{5770385F-C22A-43E0-BF4C-06F5698FFBD9}'/><EventID>10</EventID><Version>3</Version><Level>4</Level><Task>10</Task><Opcode>0</Opcode><Keywords>0x8000000000000000</Keywords><TimeCreated SystemTime='2020-11-03T15:51:15.931982400Z'/><EventRecordID>755</EventRecordID><Correlation/><Execution ProcessID='2152' ThreadID='3460'/><Channel>Microsoft-Windows-Sysmon/Operational</Channel><Computer>win-dc-807.attackrange.local</Computer><Security UserID='S-1-5-18'/></System><EventData><Data Name='RuleName'>-</Data><Data Name='UtcTime'>2020-11-03 15:51:00.503</Data><Data Name='SourceProcessGUID'>{D28789B6-7C64-5FA1-0C00-000000008801}</Data><Data Name='SourceProcessId'>608</Data><Data Name='SourceThreadId'>712</Data><Data Name='SourceImage'>C:\Windows\system32\svchost.exe</Data><Data Name='TargetProcessGUID'>{D28789B6-7C62-5FA1-0800-000000008801}</Data><Data Name='TargetProcessId'>724</Data><Data Name='TargetImage'>C:\Windows\system32\csrss.exe</Data><Data Name='GrantedAccess'>0x1000</Data><Data Name='CallTrace'>C:\Windows\SYSTEM32\ntdll.dll+a5a94|C:\Windows\System32\KERNELBASE.dll+5eacf|c:\windows\system32\lsm.dll+1a7a4|c:\windows\system32\lsm.dll+1aa31|C:\Windows\SYSTEM32\ntdll.dll+1d3f1|C:\Windows\SYSTEM32\ntdll.dll+1ecb9|C:\Windows\System32\KERNEL32.DLL+84d4|C:\Windows\SYSTEM32\ntdll.dll+51791</Data></EventData></Event>
<Event xmlns='http://schemas.microsoft.com/win/2004/08/events/event'><System><Provider Name='Microsoft-Windows-Sysmon' Guid='{5770385F-C22A-43E0-BF4C-06F5698FFBD9}'/><EventID>10</EventID><Version>3</Version><Level>4</Level><Task>10</Task><Opcode>0</Opcode><Keywords>0x8000000000000000</Keywords><TimeCreated SystemTime='2020-11-03T15:51:15.931766600Z'/><EventRecordID>754</EventRecordID><Correlation/><Execution ProcessID='2152' ThreadID='3460'/><Channel>Microsoft-Windows-Sysmon/Operational</Channel><Computer>win-dc-807.attackrange.local</Computer><Security UserID='S-1-5-18'/></System><EventData><Data Name='RuleName'>-</Data><Data Name='UtcTime'>2020-11-03 15:51:00.503</Data><Data Name='SourceProcessGUID'>{D28789B6-7C64-5FA1-0C00-000000008801}</Data><Data Name='SourceProcessId'>608</Data><Data Name='SourceThreadId'>1036</Data><Data Name='SourceImage'>C:\Windows\system32\svchost.exe</Data><Data Name='TargetProcessGUID'>{D28789B6-7C62-5FA1-0800-000000008801}</Data><Data Name='TargetProcessId'>724</Data><Data Name='TargetImage'>C:\Windows\system32\csrss.exe</Data><Data Name='GrantedAccess'>0x101000</Data><Data Name='CallTrace'>C:\Windows\SYSTEM32\ntdll.dll+a5a94|C:\Windows\System32\KERNELBASE.dll+221bd|c:\windows\system32\lsm.dll+1ac1c|c:\windows\system32\lsm.dll+22cc9|c:\windows\system32\lsm.dll+bcaf|c:\windows\system32\lsm.dll+373fc|c:\windows\system32\lsm.dll+158f9|c:\windows\system32\lsm.dll+36198|c:\windows\system32\lsm.dll+3530a|C:\Windows\system32\svchost.exe+1380|C:\Windows\System32\sechost.dll+14342|C:\Windows\System32\KERNEL32.DLL+84d4|C:\Windows\SYSTEM32\ntdll.dll+51791</Data></EventData></Event>
<Event xmlns='http://schemas.microsoft.com/win/2004/08/events/event'><System><Provider Name='Microsoft-Windows-Sysmon' Guid='{5770385F-C22A-43E0-BF4C-06F5698FFBD9}'/><EventID>10</EventID><Version>3</Version><Level>4</Level><Task>10</Task><Opcode>0</Opcode><Keywords>0x8000000000000000</Keywords><TimeCreated SystemTime='2020-11-03T15:51:15.931716000Z'/><EventRecordID>753</EventRecordID><Correlation/><Execution ProcessID='2152' ThreadID='3460'/><Channel>Microsoft-Windows-Sysmon/Operational</Channel><Computer>win-dc-807.attackrange.local</Computer><Security UserID='S-1-5-18'/></System><EventData><Data Name='RuleName'>-</Data><Data Name='UtcTime'>2020-11-03 15:51:00.503</Data><Data Name='SourceProcessGUID'>{D28789B6-7C64-5FA1-0C00-000000008801}</Data><Data Name='SourceProcessId'>608</Data><Data Name='SourceThreadId'>1036</Data><Data Name='SourceImage'>C:\Windows\system32\svchost.exe</Data><Data Name='TargetProcessGUID'>{D28789B6-7C62-5FA1-0900-000000008801}</Data><Data Name='TargetProcessId'>780</Data><Data Name='TargetImage'>C:\Windows\system32\winlogon.exe</Data><Data Name='GrantedAccess'>0x1400</Data><Data Name='CallTrace'>C:\Windows\SYSTEM32\ntdll.dll+a5a94|C:\Windows\System32\KERNELBASE.dll+5eab4|c:\windows\system32\lsm.dll+1abf6|c:\windows\system32\lsm.dll+22cc9|c:\windows\system32\lsm.dll+bcaf|c:\windows\system32\lsm.dll+373fc|c:\windows\system32\lsm.dll+158f9|c:\windows\system32\lsm.dll+36198|c:\windows\system32\lsm.dll+3530a|C:\Windows\system32\svchost.exe+1380|C:\Windows\System32\sechost.dll+14342|C:\Windows\System32\KERNEL32.DLL+84d4|C:\Windows\SYSTEM32\ntdll.dll+51791</Data></EventData></Event>
<Event xmlns='http://schemas.microsoft.com/win/2004/08/events/event'><System><Provider Name='Microsoft-Windows-Sysmon' Guid='{5770385F-C22A-43E0-BF4C-06F5698FFBD9}'/><EventID>10</EventID><Version>3</Version><Level>4</Level><Task>10</Task><Opcode>0</Opcode><Keywords>0x8000000000000000</Keywords><TimeCreated SystemTime='2020-11-03T15:51:15.931665200Z'/><EventRecordID>752</EventRecordID><Correlation/><Execution ProcessID='2152' ThreadID='3460'/><Channel>Microsoft-Windows-Sysmon/Operational</Channel><Computer>win-dc-807.attackrange.local</Computer><Security UserID='S-1-5-18'/></System><EventData><Data Name='RuleName'>-</Data><Data Name='UtcTime'>2020-11-03 15:51:00.503</Data><Data Name='SourceProcessGUID'>{D28789B6-7C64-5FA1-0C00-000000008801}</Data><Data Name='SourceProcessId'>608</Data><Data Name='SourceThreadId'>1036</Data><Data Name='SourceImage'>C:\Windows\system32\svchost.exe</Data><Data Name='TargetProcessGUID'>{D28789B6-7C62-5FA1-0900-000000008801}</Data><Data Name='TargetProcessId'>780</Data><Data Name='TargetImage'>C:\Windows\system32\winlogon.exe</Data><Data Name='GrantedAccess'>0x100000</Data><Data Name='CallTrace'>C:\Windows\SYSTEM32\ntdll.dll+a5a94|C:\Windows\System32\KERNELBASE.dll+221bd|c:\windows\system32\lsm.dll+1abdc|c:\windows\system32\lsm.dll+22cc9|c:\windows\system32\lsm.dll+bcaf|c:\windows\system32\lsm.dll+373fc|c:\windows\system32\lsm.dll+158f9|c:\windows\system32\lsm.dll+36198|c:\windows\system32\lsm.dll+3530a|C:\Windows\system32\svchost.exe+1380|C:\Windows\System32\sechost.dll+14342|C:\Windows\System32\KERNEL32.DLL+84d4|C:\Windows\SYSTEM32\ntdll.dll+51791</Data></EventData></Event>
<Event xmlns='http://schemas.microsoft.com/win/2004/08/events/event'><System><Provider Name='Microsoft-Windows-Sysmon' Guid='{5770385F-C22A-43E0-BF4C-06F5698FFBD9}'/><EventID>10</EventID><Version>3</Version><Level>4</Level><Task>10</Task><Opcode>0</Opcode><Keywords>0x8000000000000000</Keywords><TimeCreated SystemTime='2020-11-03T15:51:15.931614900Z'/><EventRecordID>751</EventRecordID><Correlation/><Execution ProcessID='2152' ThreadID='3460'/><Channel>Microsoft-Windows-Sysmon/Operational</Channel><Computer>win-dc-807.attackrange.local</Computer><Security UserID='S-1-5-18'/></System><EventData><Data Name='RuleName'>-</Data><Data Name='UtcTime'>2020-11-03 15:51:00.503</Data><Data Name='SourceProcessGUID'>{D28789B6-7C64-5FA1-0C00-000000008801}</Data><Data Name='SourceProcessId'>608</Data><Data Name='SourceThreadId'>1036</Data><Data Name='SourceImage'>C:\Windows\system32\svchost.exe</Data><Data Name='TargetProcessGUID'>{D28789B6-7C62-5FA1-0500-000000008801}</Data><Data Name='TargetProcessId'>644</Data><Data Name='TargetImage'>C:\Windows\system32\csrss.exe</Data><Data Name='GrantedAccess'>0x101000</Data><Data Name='CallTrace'>C:\Windows\SYSTEM32\ntdll.dll+a5a94|C:\Windows\System32\KERNELBASE.dll+221bd|c:\windows\system32\lsm.dll+1ac1c|c:\windows\system32\lsm.dll+22cc9|c:\windows\system32\lsm.dll+bcaf|c:\windows\system32\lsm.dll+3735d|c:\windows\system32\lsm.dll+158f9|c:\windows\system32\lsm.dll+36198|c:\windows\system32\lsm.dll+3530a|C:\Windows\system32\svchost.exe+1380|C:\Windows\System32\sechost.dll+14342|C:\Windows\System32\KERNEL32.DLL+84d4|C:\Windows\SYSTEM32\ntdll.dll+51791</Data></EventData></Event>
<Event xmlns='http://schemas.microsoft.com/win/2004/08/events/event'><System><Provider Name='Microsoft-Windows-Sysmon' Guid='{5770385F-C22A-43E0-BF4C-06F5698FFBD9}'/><EventID>10</EventID><Version>3</Version><Level>4</Level><Task>10</Task><Opcode>0</Opcode><Keywords>0x8000000000000000</Keywords><TimeCreated SystemTime='2020-11-03T15:51:15.931564200Z'/><EventRecordID>750</EventRecordID><Correlation/><Execution ProcessID='2152' ThreadID='3460'/><Channel>Microsoft-Windows-Sysmon/Operational</Channel><Computer>win-dc-807.attackrange.local</Computer><Security UserID='S-1-5-18'/></System><EventData><Data Name='RuleName'>-</Data><Data Name='UtcTime'>2020-11-03 15:51:00.503</Data><Data Name='SourceProcessGUID'>{D28789B6-7C64-5FA1-0C00-000000008801}</Data><Data Name='SourceProcessId'>608</Data><Data Name='SourceThreadId'>1036</Data><Data Name='SourceImage'>C:\Windows\system32\svchost.exe</Data><Data Name='TargetProcessGUID'>{D28789B6-7C62-5FA1-0700-000000008801}</Data><Data Name='TargetProcessId'>716</Data><Data Name='TargetImage'>C:\Windows\system32\wininit.exe</Data><Data Name='GrantedAccess'>0x1000</Data><Data Name='CallTrace'>C:\Windows\SYSTEM32\ntdll.dll+a5a94|C:\Windows\System32\KERNELBASE.dll+5eacf|c:\windows\system32\lsm.dll+1abf6|c:\windows\system32\lsm.dll+22cc9|c:\windows\system32\lsm.dll+bcaf|c:\windows\system32\lsm.dll+3735d|c:\windows\system32\lsm.dll+158f9|c:\windows\system32\lsm.dll+36198|c:\windows\system32\lsm.dll+3530a|C:\Windows\system32\svchost.exe+1380|C:\Windows\System32\sechost.dll+14342|C:\Windows\System32\KERNEL32.DLL+84d4|C:\Windows\SYSTEM32\ntdll.dll+51791</Data></EventData></Event>
<Event xmlns='http://schemas.microsoft.com/win/2004/08/events/event'><System><Provider Name='Microsoft-Windows-Sysmon' Guid='{5770385F-C22A-43E0-BF4C-06F5698FFBD9}'/><EventID>10</EventID><Version>3</Version><Level>4</Level><Task>10</Task><Opcode>0</Opcode><Keywords>0x8000000000000000</Keywords><TimeCreated SystemTime='2020-11-03T15:51:15.931513500Z'/><EventRecordID>749</EventRecordID><Correlation/><Execution ProcessID='2152' ThreadID='3460'/><Channel>Microsoft-Windows-Sysmon/Operational</Channel><Computer>win-dc-807.attackrange.local</Computer><Security UserID='S-1-5-18'/></System><EventData><Data Name='RuleName'>-</Data><Data Name='UtcTime'>2020-11-03 15:51:00.503</Data><Data Name='SourceProcessGUID'>{D28789B6-7C64-5FA1-0C00-000000008801}</Data><Data Name='SourceProcessId'>608</Data><Data Name='SourceThreadId'>1036</Data><Data Name='SourceImage'>C:\Windows\system32\svchost.exe</Data><Data Name='TargetProcessGUID'>{D28789B6-7C62-5FA1-0700-000000008801}</Data><Data Name='TargetProcessId'>716</Data><Data Name='TargetImage'>C:\Windows\system32\wininit.exe</Data><Data Name='GrantedAccess'>0x100000</Data><Data Name='CallTrace'>C:\Windows\SYSTEM32\ntdll.dll+a5a94|C:\Windows\System32\KERNELBASE.dll+221bd|c:\windows\system32\lsm.dll+1abdc|c:\windows\system32\lsm.dll+22cc9|c:\windows\system32\lsm.dll+bcaf|c:\windows\system32\lsm.dll+3735d|c:\windows\system32\lsm.dll+158f9|c:\windows\system32\lsm.dll+36198|c:\windows\system32\lsm.dll+3530a|C:\Windows\system32\svchost.exe+1380|C:\Windows\System32\sechost.dll+14342|C:\Windows\System32\KERNEL32.DLL+84d4|C:\Windows\SYSTEM32\ntdll.dll+51791</Data></EventData></Event>
<Event xmlns='http://schemas.microsoft.com/win/2004/08/events/event'><System><Provider Name='Microsoft-Windows-Sysmon' Guid='{5770385F-C22A-43E0-BF4C-06F5698FFBD9}'/><EventID>10</EventID><Version>3</Version><Level>4</Level><Task>10</Task><Opcode>0</Opcode><Keywords>0x8000000000000000</Keywords><TimeCreated SystemTime='2020-11-03T15:51:15.931459400Z'/><EventRecordID>748</EventRecordID><Correlation/><Execution ProcessID='2152' ThreadID='3460'/><Channel>Microsoft-Windows-Sysmon/Operational</Channel><Computer>win-dc-807.attackrange.local</Computer><Security UserID='S-1-5-18'/></System><EventData><Data Name='RuleName'>-</Data><Data Name='UtcTime'>2020-11-03 15:51:00.503</Data><Data Name='SourceProcessGUID'>{D28789B6-7C61-5FA1-0200-000000008801}</Data><Data Name='SourceProcessId'>448</Data><Data Name='SourceThreadId'>632</Data><Data Name='SourceImage'>C:\Windows\System32\smss.exe</Data><Data Name='TargetProcessGUID'>{D28789B6-7C64-5FA1-0C00-000000008801}</Data><Data Name='TargetProcessId'>608</Data><Data Name='TargetImage'>C:\Windows\system32\svchost.exe</Data><Data Name='GrantedAccess'>0x101441</Data><Data Name='CallTrace'>C:\Windows\SYSTEM32\ntdll.dll+a6624|\SystemRoot\System32\smss.exe+3fee|\SystemRoot\System32\smss.exe+3b53|C:\Windows\SYSTEM32\ntdll.dll+1d3f1|C:\Windows\SYSTEM32\ntdll.dll+1ecb9|C:\Windows\SYSTEM32\ntdll.dll+5179f</Data></EventData></Event>
<Event xmlns='http://schemas.microsoft.com/win/2004/08/events/event'><System><Provider Name='Microsoft-Windows-Sysmon' Guid='{5770385F-C22A-43E0-BF4C-06F5698FFBD9}'/><EventID>10</EventID><Version>3</Version><Level>4</Level><Task>10</Task><Opcode>0</Opcode><Keywords>0x8000000000000000</Keywords><TimeCreated SystemTime='2020-11-03T15:51:15.930746800Z'/><EventRecordID>747</EventRecordID><Correlation/><Execution ProcessID='2152' ThreadID='3460'/><Channel>Microsoft-Windows-Sysmon/Operational</Channel><Computer>win-dc-807.attackrange.local</Computer><Security UserID='S-1-5-18'/></System><EventData><Data Name='RuleName'>-</Data><Data Name='UtcTime'>2020-11-03 15:51:00.457</Data><Data Name='SourceProcessGUID'>{D28789B6-7C62-5FA1-0B00-000000008801}</Data><Data Name='SourceProcessId'>868</Data><Data Name='SourceThreadId'>992</Data><Data Name='SourceImage'>C:\Windows\system32\lsass.exe</Data><Data Name='TargetProcessGUID'>{D28789B6-7C62-5FA1-0700-000000008801}</Data><Data Name='TargetProcessId'>716</Data><Data Name='TargetImage'>C:\Windows\system32\wininit.exe</Data><Data Name='GrantedAccess'>0x1000</Data><Data Name='CallTrace'>C:\Windows\SYSTEM32\ntdll.dll+a5a94|C:\Windows\system32\lsasrv.dll+25dfa|C:\Windows\system32\lsasrv.dll+26ded|C:\Windows\system32\lsasrv.dll+25b95|C:\Windows\SYSTEM32\SspiSrv.dll+11a2|C:\Windows\System32\RPCRT4.dll+78603|C:\Windows\System32\RPCRT4.dll+d96bd|C:\Windows\System32\RPCRT4.dll+610fc|C:\Windows\System32\RPCRT4.dll+52734|C:\Windows\System32\RPCRT4.dll+5164d|C:\Windows\System32\RPCRT4.dll+51efb|C:\Windows\System32\RPCRT4.dll+2552c|C:\Windows\System32\RPCRT4.dll+259ac|C:\Windows\System32\RPCRT4.dll+1122c|C:\Windows\System32\RPCRT4.dll+12a8b|C:\Windows\System32\RPCRT4.dll+1efba|C:\Windows\SYSTEM32\ntdll.dll+1d34e|C:\Windows\SYSTEM32\ntdll.dll+1ecb9|C:\Windows\System32\KERNEL32.DLL+84d4|C:\Windows\SYSTEM32\ntdll.dll+51791</Data></EventData></Event>
<Event xmlns='http://schemas.microsoft.com/win/2004/08/events/event'><System><Provider Name='Microsoft-Windows-Sysmon' Guid='{5770385F-C22A-43E0-BF4C-06F5698FFBD9}'/><EventID>10</EventID><Version>3</Version><Level>4</Level><Task>10</Task><Opcode>0</Opcode><Keywords>0x8000000000000000</Keywords><TimeCreated SystemTime='2020-11-03T15:51:15.930688700Z'/><EventRecordID>746</EventRecordID><Correlation/><Execution ProcessID='2152' ThreadID='3460'/><Channel>Microsoft-Windows-Sysmon/Operational</Channel><Computer>win-dc-807.attackrange.local</Computer><Security UserID='S-1-5-18'/></System><EventData><Data Name='RuleName'>-</Data><Data Name='UtcTime'>2020-11-03 15:51:00.457</Data><Data Name='SourceProcessGUID'>{D28789B6-7C62-5FA1-0B00-000000008801}</Data><Data Name='SourceProcessId'>868</Data><Data Name='SourceThreadId'>992</Data><Data Name='SourceImage'>C:\Windows\system32\lsass.exe</Data><Data Name='TargetProcessGUID'>{D28789B6-7C62-5FA1-0700-000000008801}</Data><Data Name='TargetProcessId'>716</Data><Data Name='TargetImage'>C:\Windows\system32\wininit.exe</Data><Data Name='GrantedAccess'>0x1000</Data><Data Name='CallTrace'>C:\Windows\SYSTEM32\ntdll.dll+a6624|C:\Windows\System32\RPCRT4.dll+64ebf|C:\Windows\system32\lsasrv.dll+25add|C:\Windows\SYSTEM32\SspiSrv.dll+11a2|C:\Windows\System32\RPCRT4.dll+78603|C:\Windows\System32\RPCRT4.dll+d96bd|C:\Windows\System32\RPCRT4.dll+610fc|C:\Windows\System32\RPCRT4.dll+52734|C:\Windows\System32\RPCRT4.dll+5164d|C:\Windows\System32\RPCRT4.dll+51efb|C:\Windows\System32\RPCRT4.dll+2552c|C:\Windows\System32\RPCRT4.dll+259ac|C:\Windows\System32\RPCRT4.dll+1122c|C:\Windows\System32\RPCRT4.dll+12a8b|C:\Windows\System32\RPCRT4.dll+1efba|C:\Windows\SYSTEM32\ntdll.dll+1d34e|C:\Windows\SYSTEM32\ntdll.dll+1ecb9|C:\Windows\System32\KERNEL32.DLL+84d4|C:\Windows\SYSTEM32\ntdll.dll+51791</Data></EventData></Event>
<Event xmlns='http://schemas.microsoft.com/win/2004/08/events/event'><System><Provider Name='Microsoft-Windows-Sysmon' Guid='{5770385F-C22A-43E0-BF4C-06F5698FFBD9}'/><EventID>10</EventID><Version>3</Version><Level>4</Level><Task>10</Task><Opcode>0</Opcode><Keywords>0x8000000000000000</Keywords><TimeCreated SystemTime='2020-11-03T15:51:15.930632500Z'/><EventRecordID>745</EventRecordID><Correlation/><Execution ProcessID='2152' ThreadID='3460'/><Channel>Microsoft-Windows-Sysmon/Operational</Channel><Computer>win-dc-807.attackrange.local</Computer><Security UserID='S-1-5-18'/></System><EventData><Data Name='RuleName'>-</Data><Data Name='UtcTime'>2020-11-03 15:51:00.457</Data><Data Name='SourceProcessGUID'>{D28789B6-7C64-5FA1-0C00-000000008801}</Data><Data Name='SourceProcessId'>608</Data><Data Name='SourceThreadId'>920</Data><Data Name='SourceImage'>C:\Windows\system32\svchost.exe</Data><Data Name='TargetProcessGUID'>{D28789B6-7C64-5FA1-0D00-000000008801}</Data><Data Name='TargetProcessId'>1000</Data><Data Name='TargetImage'>C:\Windows\system32\svchost.exe</Data><Data Name='GrantedAccess'>0x1fffff</Data><Data Name='CallTrace'>C:\Windows\SYSTEM32\ntdll.dll+a5a94|C:\Windows\System32\KERNELBASE.dll+221bd|c:\windows\system32\rpcss.dll+46888|c:\windows\system32\rpcss.dll+3a983|c:\windows\system32\rpcss.dll+3a8ee|C:\Windows\System32\RPCRT4.dll+50b34|C:\Windows\System32\RPCRT4.dll+25cd0|C:\Windows\System32\RPCRT4.dll+1122c|C:\Windows\System32\RPCRT4.dll+12a8b|C:\Windows\System32\RPCRT4.dll+1efba|C:\Windows\SYSTEM32\ntdll.dll+1d34e|C:\Windows\SYSTEM32\ntdll.dll+1ecb9|C:\Windows\System32\KERNEL32.DLL+84d4|C:\Windows\SYSTEM32\ntdll.dll+51791</Data></EventData></Event>
<Event xmlns='http://schemas.microsoft.com/win/2004/08/events/event'><System><Provider Name='Microsoft-Windows-Sysmon' Guid='{5770385F-C22A-43E0-BF4C-06F5698FFBD9}'/><EventID>10</EventID><Version>3</Version><Level>4</Level><Task>10</Task><Opcode>0</Opcode><Keywords>0x8000000000000000</Keywords><TimeCreated SystemTime='2020-11-03T15:51:15.930557800Z'/><EventRecordID>744</EventRecordID><Correlation/><Execution ProcessID='2152' ThreadID='3460'/><Channel>Microsoft-Windows-Sysmon/Operational</Channel><Computer>win-dc-807.attackrange.local</Computer><Security UserID='S-1-5-18'/></System><EventData><Data Name='RuleName'>-</Data><Data Name='UtcTime'>2020-11-03 15:51:00.441</Data><Data Name='SourceProcessGUID'>{D28789B6-7C62-5FA1-0B00-000000008801}</Data><Data Name='SourceProcessId'>868</Data><Data Name='SourceThreadId'>992</Data><Data Name='SourceImage'>C:\Windows\system32\lsass.exe</Data><Data Name='TargetProcessGUID'>{D28789B6-7C62-5FA1-0A00-000000008801}</Data><Data Name='TargetProcessId'>852</Data><Data Name='TargetImage'>C:\Windows\system32\services.exe</Data><Data Name='GrantedAccess'>0x1000</Data><Data Name='CallTrace'>C:\Windows\SYSTEM32\ntdll.dll+a5a94|C:\Windows\system32\lsasrv.dll+1b05d|C:\Windows\system32\lsasrv.dll+2810b|C:\Windows\SYSTEM32\SspiSrv.dll+1467|C:\Windows\System32\RPCRT4.dll+78603|C:\Windows\System32\RPCRT4.dll+d96bd|C:\Windows\System32\RPCRT4.dll+610fc|C:\Windows\System32\RPCRT4.dll+52734|C:\Windows\System32\RPCRT4.dll+5164d|C:\Windows\System32\RPCRT4.dll+51efb|C:\Windows\System32\RPCRT4.dll+2552c|C:\Windows\System32\RPCRT4.dll+259ac|C:\Windows\System32\RPCRT4.dll+1122c|C:\Windows\System32\RPCRT4.dll+12a8b|C:\Windows\System32\RPCRT4.dll+1efba|C:\Windows\SYSTEM32\ntdll.dll+1d34e|C:\Windows\SYSTEM32\ntdll.dll+1ecb9|C:\Windows\System32\KERNEL32.DLL+84d4|C:\Windows\SYSTEM32\ntdll.dll+51791</Data></EventData></Event>
<Event xmlns='http://schemas.microsoft.com/win/2004/08/events/event'><System><Provider Name='Microsoft-Windows-Sysmon' Guid='{5770385F-C22A-43E0-BF4C-06F5698FFBD9}'/><EventID>10</EventID><Version>3</Version><Level>4</Level><Task>10</Task><Opcode>0</Opcode><Keywords>0x8000000000000000</Keywords><TimeCreated SystemTime='2020-11-03T15:51:15.930500100Z'/><EventRecordID>743</EventRecordID><Correlation/><Execution ProcessID='2152' ThreadID='3460'/><Channel>Microsoft-Windows-Sysmon/Operational</Channel><Computer>win-dc-807.attackrange.local</Computer><Security UserID='S-1-5-18'/></System><EventData><Data Name='RuleName'>-</Data><Data Name='UtcTime'>2020-11-03 15:51:00.441</Data><Data Name='SourceProcessGUID'>{D28789B6-7C62-5FA1-0B00-000000008801}</Data><Data Name='SourceProcessId'>868</Data><Data Name='SourceThreadId'>992</Data><Data Name='SourceImage'>C:\Windows\system32\lsass.exe</Data><Data Name='TargetProcessGUID'>{D28789B6-7C64-5FA1-0D00-000000008801}</Data><Data Name='TargetProcessId'>1000</Data><Data Name='TargetImage'>C:\Windows\system32\svchost.exe</Data><Data Name='GrantedAccess'>0x1478</Data><Data Name='CallTrace'>C:\Windows\SYSTEM32\ntdll.dll+a5a94|C:\Windows\system32\lsasrv.dll+25d17|C:\Windows\system32\lsasrv.dll+26ded|C:\Windows\system32\lsasrv.dll+25b95|C:\Windows\SYSTEM32\SspiSrv.dll+11a2|C:\Windows\System32\RPCRT4.dll+78603|C:\Windows\System32\RPCRT4.dll+d96bd|C:\Windows\System32\RPCRT4.dll+610fc|C:\Windows\System32\RPCRT4.dll+52734|C:\Windows\System32\RPCRT4.dll+5164d|C:\Windows\System32\RPCRT4.dll+51efb|C:\Windows\System32\RPCRT4.dll+2552c|C:\Windows\System32\RPCRT4.dll+259ac|C:\Windows\System32\RPCRT4.dll+1122c|C:\Windows\System32\RPCRT4.dll+12a8b|C:\Windows\System32\RPCRT4.dll+1efba|C:\Windows\SYSTEM32\ntdll.dll+1d34e|C:\Windows\SYSTEM32\ntdll.dll+1ecb9|C:\Windows\System32\KERNEL32.DLL+84d4|C:\Windows\SYSTEM32\ntdll.dll+51791</Data></EventData></Event>
<Event xmlns='http://schemas.microsoft.com/win/2004/08/events/event'><System><Provider Name='Microsoft-Windows-Sysmon' Guid='{5770385F-C22A-43E0-BF4C-06F5698FFBD9}'/><EventID>10</EventID><Version>3</Version><Level>4</Level><Task>10</Task><Opcode>0</Opcode><Keywords>0x8000000000000000</Keywords><TimeCreated SystemTime='2020-11-03T15:51:15.930441200Z'/><EventRecordID>742</EventRecordID><Correlation/><Execution ProcessID='2152' ThreadID='3460'/><Channel>Microsoft-Windows-Sysmon/Operational</Channel><Computer>win-dc-807.attackrange.local</Computer><Security UserID='S-1-5-18'/></System><EventData><Data Name='RuleName'>-</Data><Data Name='UtcTime'>2020-11-03 15:51:00.441</Data><Data Name='SourceProcessGUID'>{D28789B6-7C62-5FA1-0B00-000000008801}</Data><Data Name='SourceProcessId'>868</Data><Data Name='SourceThreadId'>992</Data><Data Name='SourceImage'>C:\Windows\system32\lsass.exe</Data><Data Name='TargetProcessGUID'>{D28789B6-7C64-5FA1-0D00-000000008801}</Data><Data Name='TargetProcessId'>1000</Data><Data Name='TargetImage'>C:\Windows\system32\svchost.exe</Data><Data Name='GrantedAccess'>0x1000</Data><Data Name='CallTrace'>C:\Windows\SYSTEM32\ntdll.dll+a6624|C:\Windows\System32\RPCRT4.dll+64ebf|C:\Windows\system32\lsasrv.dll+25add|C:\Windows\SYSTEM32\SspiSrv.dll+11a2|C:\Windows\System32\RPCRT4.dll+78603|C:\Windows\System32\RPCRT4.dll+d96bd|C:\Windows\System32\RPCRT4.dll+610fc|C:\Windows\System32\RPCRT4.dll+52734|C:\Windows\System32\RPCRT4.dll+5164d|C:\Windows\System32\RPCRT4.dll+51efb|C:\Windows\System32\RPCRT4.dll+2552c|C:\Windows\System32\RPCRT4.dll+259ac|C:\Windows\System32\RPCRT4.dll+1122c|C:\Windows\System32\RPCRT4.dll+12a8b|C:\Windows\System32\RPCRT4.dll+1efba|C:\Windows\SYSTEM32\ntdll.dll+1d34e|C:\Windows\SYSTEM32\ntdll.dll+1ecb9|C:\Windows\System32\KERNEL32.DLL+84d4|C:\Windows\SYSTEM32\ntdll.dll+51791</Data></EventData></Event>
<Event xmlns='http://schemas.microsoft.com/win/2004/08/events/event'><System><Provider Name='Microsoft-Windows-Sysmon' Guid='{5770385F-C22A-43E0-BF4C-06F5698FFBD9}'/><EventID>10</EventID><Version>3</Version><Level>4</Level><Task>10</Task><Opcode>0</Opcode><Keywords>0x8000000000000000</Keywords><TimeCreated SystemTime='2020-11-03T15:51:15.930378800Z'/><EventRecordID>741</EventRecordID><Correlation/><Execution ProcessID='2152' ThreadID='3460'/><Channel>Microsoft-Windows-Sysmon/Operational</Channel><Computer>win-dc-807.attackrange.local</Computer><Security UserID='S-1-5-18'/></System><EventData><Data Name='RuleName'>-</Data><Data Name='UtcTime'>2020-11-03 15:51:00.425</Data><Data Name='SourceProcessGUID'>{D28789B6-7C62-5FA1-0A00-000000008801}</Data><Data Name='SourceProcessId'>852</Data><Data Name='SourceThreadId'>936</Data><Data Name='SourceImage'>C:\Windows\system32\services.exe</Data><Data Name='TargetProcessGUID'>{D28789B6-7C64-5FA1-0D00-000000008801}</Data><Data Name='TargetProcessId'>1000</Data><Data Name='TargetImage'>C:\Windows\system32\svchost.exe</Data><Data Name='GrantedAccess'>0x1000</Data><Data Name='CallTrace'>C:\Windows\SYSTEM32\ntdll.dll+a6624|C:\Windows\System32\RPCRT4.dll+64ebf|C:\Windows\system32\services.exe+18ff|C:\Windows\System32\RPCRT4.dll+78603|C:\Windows\System32\RPCRT4.dll+2e43b|C:\Windows\System32\RPCRT4.dll+6213a|C:\Windows\System32\RPCRT4.dll+52734|C:\Windows\System32\RPCRT4.dll+5164d|C:\Windows\System32\RPCRT4.dll+51efb|C:\Windows\System32\RPCRT4.dll+2552c|C:\Windows\System32\RPCRT4.dll+259ac|C:\Windows\System32\RPCRT4.dll+1122c|C:\Windows\System32\RPCRT4.dll+12a8b|C:\Windows\System32\RPCRT4.dll+1efba|C:\Windows\SYSTEM32\ntdll.dll+1d34e|C:\Windows\SYSTEM32\ntdll.dll+1ecb9|C:\Windows\System32\KERNEL32.DLL+84d4|C:\Windows\SYSTEM32\ntdll.dll+51791</Data></EventData></Event>
<Event xmlns='http://schemas.microsoft.com/win/2004/08/events/event'><System><Provider Name='Microsoft-Windows-Sysmon' Guid='{5770385F-C22A-43E0-BF4C-06F5698FFBD9}'/><EventID>10</EventID><Version>3</Version><Level>4</Level><Task>10</Task><Opcode>0</Opcode><Keywords>0x8000000000000000</Keywords><TimeCreated SystemTime='2020-11-03T15:51:15.930234600Z'/><EventRecordID>740</EventRecordID><Correlation/><Execution ProcessID='2152' ThreadID='3460'/><Channel>Microsoft-Windows-Sysmon/Operational</Channel><Computer>win-dc-807.attackrange.local</Computer><Security UserID='S-1-5-18'/></System><EventData><Data Name='RuleName'>-</Data><Data Name='UtcTime'>2020-11-03 15:51:00.425</Data><Data Name='SourceProcessGUID'>{D28789B6-7C62-5FA1-0500-000000008801}</Data><Data Name='SourceProcessId'>644</Data><Data Name='SourceThreadId'>804</Data><Data Name='SourceImage'>C:\Windows\system32\csrss.exe</Data><Data Name='TargetProcessGUID'>{D28789B6-7C64-5FA1-0D00-000000008801}</Data><Data Name='TargetProcessId'>1000</Data><Data Name='TargetImage'>C:\Windows\system32\svchost.exe</Data><Data Name='GrantedAccess'>0x1fffff</Data><Data Name='CallTrace'>C:\Windows\SYSTEM32\ntdll.dll+a5a94|C:\Windows\system32\basesrv.DLL+2f47|C:\Windows\SYSTEM32\CSRSRV.dll+5645|C:\Windows\SYSTEM32\ntdll.dll+5179f</Data></EventData></Event>
<Event xmlns='http://schemas.microsoft.com/win/2004/08/events/event'><System><Provider Name='Microsoft-Windows-Sysmon' Guid='{5770385F-C22A-43E0-BF4C-06F5698FFBD9}'/><EventID>10</EventID><Version>3</Version><Level>4</Level><Task>10</Task><Opcode>0</Opcode><Keywords>0x8000000000000000</Keywords><TimeCreated SystemTime='2020-11-03T15:51:15.930103200Z'/><EventRecordID>739</EventRecordID><Correlation/><Execution ProcessID='2152' ThreadID='3460'/><Channel>Microsoft-Windows-Sysmon/Operational</Channel><Computer>win-dc-807.attackrange.local</Computer><Security UserID='S-1-5-18'/></System><EventData><Data Name='RuleName'>-</Data><Data Name='UtcTime'>2020-11-03 15:51:00.425</Data><Data Name='SourceProcessGUID'>{D28789B6-7C62-5FA1-0A00-000000008801}</Data><Data Name='SourceProcessId'>852</Data><Data Name='SourceThreadId'>856</Data><Data Name='SourceImage'>C:\Windows\system32\services.exe</Data><Data Name='TargetProcessGUID'>{D28789B6-7C64-5FA1-0D00-000000008801}</Data><Data Name='TargetProcessId'>1000</Data><Data Name='TargetImage'>C:\Windows\system32\svchost.exe</Data><Data Name='GrantedAccess'>0x1fffff</Data><Data Name='CallTrace'>C:\Windows\SYSTEM32\ntdll.dll+a6d64|C:\Windows\System32\KERNELBASE.dll+2b860|C:\Windows\System32\KERNELBASE.dll+6f453|C:\Windows\System32\KERNEL32.DLL+1d37f|C:\Windows\system32\services.exe+12939|C:\Windows\system32\services.exe+66f4|C:\Windows\system32\services.exe+52f1|C:\Windows\system32\services.exe+d7ae|C:\Windows\system32\services.exe+19bbb|C:\Windows\system32\services.exe+1d91b|C:\Windows\system32\services.exe+22933|C:\Windows\system32\services.exe+23dec|C:\Windows\System32\KERNEL32.DLL+84d4|C:\Windows\SYSTEM32\ntdll.dll+51791</Data></EventData></Event>
<Event xmlns='http://schemas.microsoft.com/win/2004/08/events/event'><System><Provider Name='Microsoft-Windows-Sysmon' Guid='{5770385F-C22A-43E0-BF4C-06F5698FFBD9}'/><EventID>10</EventID><Version>3</Version><Level>4</Level><Task>10</Task><Opcode>0</Opcode><Keywords>0x8000000000000000</Keywords><TimeCreated SystemTime='2020-11-03T15:51:15.929479900Z'/><EventRecordID>738</EventRecordID><Correlation/><Execution ProcessID='2152' ThreadID='3460'/><Channel>Microsoft-Windows-Sysmon/Operational</Channel><Computer>win-dc-807.attackrange.local</Computer><Security UserID='S-1-5-18'/></System><EventData><Data Name='RuleName'>-</Data><Data Name='UtcTime'>2020-11-03 15:51:00.410</Data><Data Name='SourceProcessGUID'>{D28789B6-7C62-5FA1-0B00-000000008801}</Data><Data Name='SourceProcessId'>868</Data><Data Name='SourceThreadId'>992</Data><Data Name='SourceImage'>C:\Windows\system32\lsass.exe</Data><Data Name='TargetProcessGUID'>{D28789B6-7C62-5FA1-0A00-000000008801}</Data><Data Name='TargetProcessId'>852</Data><Data Name='TargetImage'>C:\Windows\system32\services.exe</Data><Data Name='GrantedAccess'>0x1000</Data><Data Name='CallTrace'>C:\Windows\SYSTEM32\ntdll.dll+a5a94|C:\Windows\system32\lsasrv.dll+11c6e|C:\Windows\system32\lsasrv.dll+1e0a8|C:\Windows\system32\lsasrv.dll+1d2d1|C:\Windows\system32\lsasrv.dll+1bb00|C:\Windows\system32\lsasrv.dll+2810b|C:\Windows\SYSTEM32\SspiSrv.dll+1467|C:\Windows\System32\RPCRT4.dll+78603|C:\Windows\System32\RPCRT4.dll+d96bd|C:\Windows\System32\RPCRT4.dll+610fc|C:\Windows\System32\RPCRT4.dll+52734|C:\Windows\System32\RPCRT4.dll+5164d|C:\Windows\System32\RPCRT4.dll+51efb|C:\Windows\System32\RPCRT4.dll+2552c|C:\Windows\System32\RPCRT4.dll+259ac|C:\Windows\System32\RPCRT4.dll+1122c|C:\Windows\System32\RPCRT4.dll+12a8b|C:\Windows\System32\RPCRT4.dll+1efba|C:\Windows\SYSTEM32\ntdll.dll+1d34e|C:\Windows\SYSTEM32\ntdll.dll+1ecb9|C:\Windows\System32\KERNEL32.DLL+84d4|C:\Windows\SYSTEM32\ntdll.dll+51791</Data></EventData></Event>
<Event xmlns='http://schemas.microsoft.com/win/2004/08/events/event'><System><Provider Name='Microsoft-Windows-Sysmon' Guid='{5770385F-C22A-43E0-BF4C-06F5698FFBD9}'/><EventID>10</EventID><Version>3</Version><Level>4</Level><Task>10</Task><Opcode>0</Opcode><Keywords>0x8000000000000000</Keywords><TimeCreated SystemTime='2020-11-03T15:51:15.929412400Z'/><EventRecordID>737</EventRecordID><Correlation/><Execution ProcessID='2152' ThreadID='3460'/><Channel>Microsoft-Windows-Sysmon/Operational</Channel><Computer>win-dc-807.attackrange.local</Computer><Security UserID='S-1-5-18'/></System><EventData><Data Name='RuleName'>-</Data><Data Name='UtcTime'>2020-11-03 15:51:00.394</Data><Data Name='SourceProcessGUID'>{D28789B6-7C62-5FA1-0B00-000000008801}</Data><Data Name='SourceProcessId'>868</Data><Data Name='SourceThreadId'>900</Data><Data Name='SourceImage'>C:\Windows\system32\lsass.exe</Data><Data Name='TargetProcessGUID'>{D28789B6-7C64-5FA1-0C00-000000008801}</Data><Data Name='TargetProcessId'>608</Data><Data Name='TargetImage'>C:\Windows\system32\svchost.exe</Data><Data Name='GrantedAccess'>0x1478</Data><Data Name='CallTrace'>C:\Windows\SYSTEM32\ntdll.dll+a5a94|C:\Windows\system32\lsasrv.dll+25d17|C:\Windows\system32\lsasrv.dll+26ded|C:\Windows\system32\lsasrv.dll+25b95|C:\Windows\SYSTEM32\SspiSrv.dll+11a2|C:\Windows\System32\RPCRT4.dll+78603|C:\Windows\System32\RPCRT4.dll+d96bd|C:\Windows\System32\RPCRT4.dll+610fc|C:\Windows\System32\RPCRT4.dll+52734|C:\Windows\System32\RPCRT4.dll+5164d|C:\Windows\System32\RPCRT4.dll+51efb|C:\Windows\System32\RPCRT4.dll+2552c|C:\Windows\System32\RPCRT4.dll+259ac|C:\Windows\System32\RPCRT4.dll+1122c|C:\Windows\System32\RPCRT4.dll+12a8b|C:\Windows\System32\RPCRT4.dll+1efba|C:\Windows\SYSTEM32\ntdll.dll+1d34e|C:\Windows\SYSTEM32\ntdll.dll+1ecb9|C:\Windows\System32\KERNEL32.DLL+84d4|C:\Windows\SYSTEM32\ntdll.dll+51791</Data></EventData></Event>
<Event xmlns='http://schemas.microsoft.com/win/2004/08/events/event'><System><Provider Name='Microsoft-Windows-Sysmon' Guid='{5770385F-C22A-43E0-BF4C-06F5698FFBD9}'/><EventID>10</EventID><Version>3</Version><Level>4</Level><Task>10</Task><Opcode>0</Opcode><Keywords>0x8000000000000000</Keywords><TimeCreated SystemTime='2020-11-03T15:51:15.929348400Z'/><EventRecordID>736</EventRecordID><Correlation/><Execution ProcessID='2152' ThreadID='3460'/><Channel>Microsoft-Windows-Sysmon/Operational</Channel><Computer>win-dc-807.attackrange.local</Computer><Security UserID='S-1-5-18'/></System><EventData><Data Name='RuleName'>-</Data><Data Name='UtcTime'>2020-11-03 15:51:00.394</Data><Data Name='SourceProcessGUID'>{D28789B6-7C62-5FA1-0B00-000000008801}</Data><Data Name='SourceProcessId'>868</Data><Data Name='SourceThreadId'>900</Data><Data Name='SourceImage'>C:\Windows\system32\lsass.exe</Data><Data Name='TargetProcessGUID'>{D28789B6-7C64-5FA1-0C00-000000008801}</Data><Data Name='TargetProcessId'>608</Data><Data Name='TargetImage'>C:\Windows\system32\svchost.exe</Data><Data Name='GrantedAccess'>0x1000</Data><Data Name='CallTrace'>C:\Windows\SYSTEM32\ntdll.dll+a6624|C:\Windows\System32\RPCRT4.dll+64ebf|C:\Windows\system32\lsasrv.dll+25add|C:\Windows\SYSTEM32\SspiSrv.dll+11a2|C:\Windows\System32\RPCRT4.dll+78603|C:\Windows\System32\RPCRT4.dll+d96bd|C:\Windows\System32\RPCRT4.dll+610fc|C:\Windows\System32\RPCRT4.dll+52734|C:\Windows\System32\RPCRT4.dll+5164d|C:\Windows\System32\RPCRT4.dll+51efb|C:\Windows\System32\RPCRT4.dll+2552c|C:\Windows\System32\RPCRT4.dll+259ac|C:\Windows\System32\RPCRT4.dll+1122c|C:\Windows\System32\RPCRT4.dll+12a8b|C:\Windows\System32\RPCRT4.dll+1efba|C:\Windows\SYSTEM32\ntdll.dll+1d34e|C:\Windows\SYSTEM32\ntdll.dll+1ecb9|C:\Windows\System32\KERNEL32.DLL+84d4|C:\Windows\SYSTEM32\ntdll.dll+51791</Data></EventData></Event>
<Event xmlns='http://schemas.microsoft.com/win/2004/08/events/event'><System><Provider Name='Microsoft-Windows-Sysmon' Guid='{5770385F-C22A-43E0-BF4C-06F5698FFBD9}'/><EventID>10</EventID><Version>3</Version><Level>4</Level><Task>10</Task><Opcode>0</Opcode><Keywords>0x8000000000000000</Keywords><TimeCreated SystemTime='2020-11-03T15:51:15.928458300Z'/><EventRecordID>735</EventRecordID><Correlation/><Execution ProcessID='2152' ThreadID='3460'/><Channel>Microsoft-Windows-Sysmon/Operational</Channel><Computer>win-dc-807.attackrange.local</Computer><Security UserID='S-1-5-18'/></System><EventData><Data Name='RuleName'>-</Data><Data Name='UtcTime'>2020-11-03 15:51:00.394</Data><Data Name='SourceProcessGUID'>{D28789B6-7C62-5FA1-0B00-000000008801}</Data><Data Name='SourceProcessId'>868</Data><Data Name='SourceThreadId'>992</Data><Data Name='SourceImage'>C:\Windows\system32\lsass.exe</Data><Data Name='TargetProcessGUID'>{D28789B6-7C62-5FA1-0A00-000000008801}</Data><Data Name='TargetProcessId'>852</Data><Data Name='TargetImage'>C:\Windows\system32\services.exe</Data><Data Name='GrantedAccess'>0x1000</Data><Data Name='CallTrace'>C:\Windows\SYSTEM32\ntdll.dll+a5a94|C:\Windows\system32\lsasrv.dll+1b05d|C:\Windows\system32\lsasrv.dll+2810b|C:\Windows\SYSTEM32\SspiSrv.dll+1467|C:\Windows\System32\RPCRT4.dll+78603|C:\Windows\System32\RPCRT4.dll+d96bd|C:\Windows\System32\RPCRT4.dll+610fc|C:\Windows\System32\RPCRT4.dll+52734|C:\Windows\System32\RPCRT4.dll+5164d|C:\Windows\System32\RPCRT4.dll+51efb|C:\Windows\System32\RPCRT4.dll+2552c|C:\Windows\System32\RPCRT4.dll+259ac|C:\Windows\System32\RPCRT4.dll+1122c|C:\Windows\System32\RPCRT4.dll+12a8b|C:\Windows\System32\RPCRT4.dll+1efba|C:\Windows\SYSTEM32\ntdll.dll+1d34e|C:\Windows\SYSTEM32\ntdll.dll+1ecb9|C:\Windows\System32\KERNEL32.DLL+84d4|C:\Windows\SYSTEM32\ntdll.dll+51791</Data></EventData></Event>
<Event xmlns='http://schemas.microsoft.com/win/2004/08/events/event'><System><Provider Name='Microsoft-Windows-Sysmon' Guid='{5770385F-C22A-43E0-BF4C-06F5698FFBD9}'/><EventID>10</EventID><Version>3</Version><Level>4</Level><Task>10</Task><Opcode>0</Opcode><Keywords>0x8000000000000000</Keywords><TimeCreated SystemTime='2020-11-03T15:51:15.926306600Z'/><EventRecordID>734</EventRecordID><Correlation/><Execution ProcessID='2152' ThreadID='3460'/><Channel>Microsoft-Windows-Sysmon/Operational</Channel><Computer>win-dc-807.attackrange.local</Computer><Security UserID='S-1-5-18'/></System><EventData><Data Name='RuleName'>-</Data><Data Name='UtcTime'>2020-11-03 15:51:00.269</Data><Data Name='SourceProcessGUID'>{D28789B6-7C62-5FA1-0A00-000000008801}</Data><Data Name='SourceProcessId'>852</Data><Data Name='SourceThreadId'>936</Data><Data Name='SourceImage'>C:\Windows\system32\services.exe</Data><Data Name='TargetProcessGUID'>{D28789B6-7C64-5FA1-0C00-000000008801}</Data><Data Name='TargetProcessId'>608</Data><Data Name='TargetImage'>C:\Windows\system32\svchost.exe</Data><Data Name='GrantedAccess'>0x1000</Data><Data Name='CallTrace'>C:\Windows\SYSTEM32\ntdll.dll+a6624|C:\Windows\System32\RPCRT4.dll+64ebf|C:\Windows\system32\services.exe+18ff|C:\Windows\System32\RPCRT4.dll+78603|C:\Windows\System32\RPCRT4.dll+2e43b|C:\Windows\System32\RPCRT4.dll+6213a|C:\Windows\System32\RPCRT4.dll+52734|C:\Windows\System32\RPCRT4.dll+5164d|C:\Windows\System32\RPCRT4.dll+51efb|C:\Windows\System32\RPCRT4.dll+2552c|C:\Windows\System32\RPCRT4.dll+259ac|C:\Windows\System32\RPCRT4.dll+1122c|C:\Windows\System32\RPCRT4.dll+12a8b|C:\Windows\System32\RPCRT4.dll+1efba|C:\Windows\SYSTEM32\ntdll.dll+1d34e|C:\Windows\SYSTEM32\ntdll.dll+1ecb9|C:\Windows\System32\KERNEL32.DLL+84d4|C:\Windows\SYSTEM32\ntdll.dll+51791</Data></EventData></Event>
