<Event xmlns='http://schemas.microsoft.com/win/2004/08/events/event'><System><Provider Name='Microsoft-Windows-Sysmon' Guid='{5770385F-C22A-43E0-BF4C-06F5698FFBD9}'/><EventID>3</EventID><Version>5</Version><Level>4</Level><Task>3</Task><Opcode>0</Opcode><Keywords>0x8000000000000000</Keywords><TimeCreated SystemTime='2021-03-24T21:50:15.075667000Z'/><EventRecordID>5917858</EventRecordID><Correlation/><Execution ProcessID='2172' ThreadID='2436'/><Channel>Microsoft-Windows-Sysmon/Operational</Channel><Computer>win-dc-792.attackrange.local</Computer><Security UserID='S-1-5-18'/></System><EventData><Data Name='RuleName'>-</Data><Data Name='UtcTime'>2021-03-24 21:50:12.541</Data><Data Name='ProcessGuid'>{896A638B-B5DB-6058-2700-00000000AE01}</Data><Data Name='ProcessId'>3020</Data><Data Name='Image'>C:\Windows\System32\dns.exe</Data><Data Name='User'>NT AUTHORITY\SYSTEM</Data><Data Name='Protocol'>udp</Data><Data Name='Initiated'>false</Data><Data Name='SourceIsIpv6'>true</Data><Data Name='SourceIp'>0:0:0:0:0:0:0:1</Data><Data Name='SourceHostname'>win-dc-792.attackrange.local</Data><Data Name='SourcePort'>53</Data><Data Name='SourcePortName'>domain</Data><Data Name='DestinationIsIpv6'>true</Data><Data Name='DestinationIp'>0:0:0:0:0:0:0:1</Data><Data Name='DestinationHostname'>win-dc-792.attackrange.local</Data><Data Name='DestinationPort'>49516</Data><Data Name='DestinationPortName'>-</Data></EventData></Event>
<Event xmlns='http://schemas.microsoft.com/win/2004/08/events/event'><System><Provider Name='Microsoft-Windows-Sysmon' Guid='{5770385F-C22A-43E0-BF4C-06F5698FFBD9}'/><EventID>23</EventID><Version>5</Version><Level>4</Level><Task>23</Task><Opcode>0</Opcode><Keywords>0x8000000000000000</Keywords><TimeCreated SystemTime='2021-03-24T21:50:16.922958900Z'/><EventRecordID>638608</EventRecordID><Correlation/><Execution ProcessID='2148' ThreadID='3040'/><Channel>Microsoft-Windows-Sysmon/Operational</Channel><Computer>win-host-692.attackrange.local</Computer><Security UserID='S-1-5-18'/></System><EventData><Data Name='RuleName'>-</Data><Data Name='UtcTime'>2021-03-24 21:50:16.913</Data><Data Name='ProcessGuid'>{BFB545BB-B909-6058-D900-00000000AF01}</Data><Data Name='ProcessId'>4084</Data><Data Name='User'>NT AUTHORITY\SYSTEM</Data><Data Name='Image'>C:\Program Files\SplunkUniversalForwarder\bin\splunk-winevtlog.exe</Data><Data Name='TargetFilename'>C:\Program Files\SplunkUniversalForwarder\var\lib\splunk\modinputs\WinEventLog\Microsoft-Windows-Sysmon_Operational</Data><Data Name='Hashes'>MD5=21B2F7B94ADBF192E3B38B89225383A0,SHA256=0D1F3BA40969703943869A159480E4F2CB15F3BA4009FD08710F95E43730F27C,IMPHASH=00000000000000000000000000000000</Data><Data Name='IsExecutable'>false</Data><Data Name='Archived'>true</Data></EventData></Event>
<Event xmlns='http://schemas.microsoft.com/win/2004/08/events/event'><System><Provider Name='Microsoft-Windows-Sysmon' Guid='{5770385F-C22A-43E0-BF4C-06F5698FFBD9}'/><EventID>10</EventID><Version>3</Version><Level>4</Level><Task>10</Task><Opcode>0</Opcode><Keywords>0x8000000000000000</Keywords><TimeCreated SystemTime='2021-03-24T21:50:16.736827300Z'/><EventRecordID>5917866</EventRecordID><Correlation/><Execution ProcessID='2172' ThreadID='616'/><Channel>Microsoft-Windows-Sysmon/Operational</Channel><Computer>win-dc-792.attackrange.local</Computer><Security UserID='S-1-5-18'/></System><EventData><Data Name='RuleName'>-</Data><Data Name='UtcTime'>2021-03-24 21:50:16.736</Data><Data Name='SourceProcessGUID'>{896A638B-B5CA-6058-0C00-00000000AE01}</Data><Data Name='SourceProcessId'>824</Data><Data Name='SourceThreadId'>952</Data><Data Name='SourceImage'>C:\Windows\system32\svchost.exe</Data><Data Name='TargetProcessGUID'>{896A638B-B8F4-6058-D702-00000000AE01}</Data><Data Name='TargetProcessId'>5884</Data><Data Name='TargetImage'>C:\Windows\SystemApps\Microsoft.Windows.Cortana_cw5n1h2txyewy\SearchUI.exe</Data><Data Name='GrantedAccess'>0x3600</Data><Data Name='CallTrace'>C:\Windows\SYSTEM32\ntdll.dll+a6084|C:\Windows\SYSTEM32\psmserviceexthost.dll+966a|C:\Windows\SYSTEM32\psmserviceexthost.dll+776e|C:\Windows\SYSTEM32\psmserviceexthost.dll+347df|C:\Windows\SYSTEM32\psmserviceexthost.dll+32779|C:\Windows\SYSTEM32\psmserviceexthost.dll+22da9|C:\Windows\SYSTEM32\psmserviceexthost.dll+1ede4|C:\Windows\System32\KERNEL32.DLL+84d4|C:\Windows\SYSTEM32\ntdll.dll+51821</Data></EventData></Event>
<Event xmlns='http://schemas.microsoft.com/win/2004/08/events/event'><System><Provider Name='Microsoft-Windows-Sysmon' Guid='{5770385F-C22A-43E0-BF4C-06F5698FFBD9}'/><EventID>10</EventID><Version>3</Version><Level>4</Level><Task>10</Task><Opcode>0</Opcode><Keywords>0x8000000000000000</Keywords><TimeCreated SystemTime='2021-03-24T21:50:16.736705600Z'/><EventRecordID>5917865</EventRecordID><Correlation/><Execution ProcessID='2172' ThreadID='616'/><Channel>Microsoft-Windows-Sysmon/Operational</Channel><Computer>win-dc-792.attackrange.local</Computer><Security UserID='S-1-5-18'/></System><EventData><Data Name='RuleName'>-</Data><Data Name='UtcTime'>2021-03-24 21:50:16.736</Data><Data Name='SourceProcessGUID'>{896A638B-B5CA-6058-0C00-00000000AE01}</Data><Data Name='SourceProcessId'>824</Data><Data Name='SourceThreadId'>952</Data><Data Name='SourceImage'>C:\Windows\system32\svchost.exe</Data><Data Name='TargetProcessGUID'>{896A638B-B8F2-6058-D402-00000000AE01}</Data><Data Name='TargetProcessId'>5648</Data><Data Name='TargetImage'>C:\Windows\SystemApps\ShellExperienceHost_cw5n1h2txyewy\ShellExperienceHost.exe</Data><Data Name='GrantedAccess'>0x3600</Data><Data Name='CallTrace'>C:\Windows\SYSTEM32\ntdll.dll+a6084|C:\Windows\SYSTEM32\psmserviceexthost.dll+966a|C:\Windows\SYSTEM32\psmserviceexthost.dll+776e|C:\Windows\SYSTEM32\psmserviceexthost.dll+347df|C:\Windows\SYSTEM32\psmserviceexthost.dll+32779|C:\Windows\SYSTEM32\psmserviceexthost.dll+22da9|C:\Windows\SYSTEM32\psmserviceexthost.dll+1ede4|C:\Windows\System32\KERNEL32.DLL+84d4|C:\Windows\SYSTEM32\ntdll.dll+51821</Data></EventData></Event>
<Event xmlns='http://schemas.microsoft.com/win/2004/08/events/event'><System><Provider Name='Microsoft-Windows-Sysmon' Guid='{5770385F-C22A-43E0-BF4C-06F5698FFBD9}'/><EventID>23</EventID><Version>5</Version><Level>4</Level><Task>23</Task><Opcode>0</Opcode><Keywords>0x8000000000000000</Keywords><TimeCreated SystemTime='2021-03-24T21:50:16.490267900Z'/><EventRecordID>5917864</EventRecordID><Correlation/><Execution ProcessID='2172' ThreadID='616'/><Channel>Microsoft-Windows-Sysmon/Operational</Channel><Computer>win-dc-792.attackrange.local</Computer><Security UserID='S-1-5-18'/></System><EventData><Data Name='RuleName'>-</Data><Data Name='UtcTime'>2021-03-24 21:50:16.489</Data><Data Name='ProcessGuid'>{896A638B-FDF2-6058-8212-00000000AE01}</Data><Data Name='ProcessId'>2788</Data><Data Name='User'>NT AUTHORITY\SYSTEM</Data><Data Name='Image'>C:\Program Files\SplunkUniversalForwarder\bin\splunk-winevtlog.exe</Data><Data Name='TargetFilename'>C:\Program Files\SplunkUniversalForwarder\var\lib\splunk\modinputs\WinEventLog\Microsoft-Windows-Sysmon_Operational</Data><Data Name='Hashes'>MD5=216B067BA774D38FF9AB0325A326B180,SHA256=D18336500FBA25681EBAE3D8562AB5DBFD052D80F4349C2A21E63790B381D445,IMPHASH=00000000000000000000000000000000</Data><Data Name='IsExecutable'>false</Data><Data Name='Archived'>true</Data></EventData></Event>
<Event xmlns='http://schemas.microsoft.com/win/2004/08/events/event'><System><Provider Name='Microsoft-Windows-Sysmon' Guid='{5770385F-C22A-43E0-BF4C-06F5698FFBD9}'/><EventID>3</EventID><Version>5</Version><Level>4</Level><Task>3</Task><Opcode>0</Opcode><Keywords>0x8000000000000000</Keywords><TimeCreated SystemTime='2021-03-24T21:50:16.772917300Z'/><EventRecordID>638607</EventRecordID><Correlation/><Execution ProcessID='2148' ThreadID='3052'/><Channel>Microsoft-Windows-Sysmon/Operational</Channel><Computer>win-host-692.attackrange.local</Computer><Security UserID='S-1-5-18'/></System><EventData><Data Name='RuleName'>-</Data><Data Name='UtcTime'>2021-03-24 21:50:12.396</Data><Data Name='ProcessGuid'>{BFB545BB-B903-6058-D000-00000000AF01}</Data><Data Name='ProcessId'>1216</Data><Data Name='Image'>C:\Program Files\SplunkUniversalForwarder\etc\apps\Splunk_TA_stream\windows_x86_64\bin\streamfwd.exe</Data><Data Name='User'>NT AUTHORITY\SYSTEM</Data><Data Name='Protocol'>tcp</Data><Data Name='Initiated'>true</Data><Data Name='SourceIsIpv6'>false</Data><Data Name='SourceIp'>10.0.1.15</Data><Data Name='SourceHostname'>win-host-692.attackrange.local</Data><Data Name='SourcePort'>57259</Data><Data Name='SourcePortName'>-</Data><Data Name='DestinationIsIpv6'>false</Data><Data Name='DestinationIp'>10.0.1.12</Data><Data Name='DestinationHostname'>ip-10-0-1-12.us-west-2.compute.internal</Data><Data Name='DestinationPort'>8000</Data><Data Name='DestinationPortName'>-</Data></EventData></Event>
<Event xmlns='http://schemas.microsoft.com/win/2004/08/events/event'><System><Provider Name='Microsoft-Windows-Sysmon' Guid='{5770385F-C22A-43E0-BF4C-06F5698FFBD9}'/><EventID>23</EventID><Version>5</Version><Level>4</Level><Task>23</Task><Opcode>0</Opcode><Keywords>0x8000000000000000</Keywords><TimeCreated SystemTime='2021-03-24T21:50:16.151297900Z'/><EventRecordID>638606</EventRecordID><Correlation/><Execution ProcessID='2148' ThreadID='3040'/><Channel>Microsoft-Windows-Sysmon/Operational</Channel><Computer>win-host-692.attackrange.local</Computer><Security UserID='S-1-5-18'/></System><EventData><Data Name='RuleName'>-</Data><Data Name='UtcTime'>2021-03-24 21:50:16.147</Data><Data Name='ProcessGuid'>{BFB545BB-B909-6058-D900-00000000AF01}</Data><Data Name='ProcessId'>4084</Data><Data Name='User'>NT AUTHORITY\SYSTEM</Data><Data Name='Image'>C:\Program Files\SplunkUniversalForwarder\bin\splunk-winevtlog.exe</Data><Data Name='TargetFilename'>C:\Program Files\SplunkUniversalForwarder\var\lib\splunk\modinputs\WinEventLog\Security</Data><Data Name='Hashes'>MD5=2483BC3AE77B357508695AAE0F6955C2,SHA256=44A21CC8C3DF439F45304CB988C412E99CD388C52D336BC3A9CF3396F858AA78,IMPHASH=00000000000000000000000000000000</Data><Data Name='IsExecutable'>false</Data><Data Name='Archived'>true</Data></EventData></Event>
<Event xmlns='http://schemas.microsoft.com/win/2004/08/events/event'><System><Provider Name='Microsoft-Windows-Sysmon' Guid='{5770385F-C22A-43E0-BF4C-06F5698FFBD9}'/><EventID>23</EventID><Version>5</Version><Level>4</Level><Task>23</Task><Opcode>0</Opcode><Keywords>0x8000000000000000</Keywords><TimeCreated SystemTime='2021-03-24T21:50:16.150280900Z'/><EventRecordID>638605</EventRecordID><Correlation/><Execution ProcessID='2148' ThreadID='3040'/><Channel>Microsoft-Windows-Sysmon/Operational</Channel><Computer>win-host-692.attackrange.local</Computer><Security UserID='S-1-5-18'/></System><EventData><Data Name='RuleName'>-</Data><Data Name='UtcTime'>2021-03-24 21:50:16.147</Data><Data Name='ProcessGuid'>{BFB545BB-B909-6058-D900-00000000AF01}</Data><Data Name='ProcessId'>4084</Data><Data Name='User'>NT AUTHORITY\SYSTEM</Data><Data Name='Image'>C:\Program Files\SplunkUniversalForwarder\bin\splunk-winevtlog.exe</Data><Data Name='TargetFilename'>C:\Program Files\SplunkUniversalForwarder\var\lib\splunk\modinputs\WinEventLog\Security</Data><Data Name='Hashes'>MD5=803F8CDB01C19776F76B6B1ABB82A23A,SHA256=108192FA51CD47C581D94FAB9D33F280335CEC564FD35993AB5BAB96F7295019,IMPHASH=00000000000000000000000000000000</Data><Data Name='IsExecutable'>false</Data><Data Name='Archived'>true</Data></EventData></Event>
<Event xmlns='http://schemas.microsoft.com/win/2004/08/events/event'><System><Provider Name='Microsoft-Windows-Sysmon' Guid='{5770385F-C22A-43E0-BF4C-06F5698FFBD9}'/><EventID>23</EventID><Version>5</Version><Level>4</Level><Task>23</Task><Opcode>0</Opcode><Keywords>0x8000000000000000</Keywords><TimeCreated SystemTime='2021-03-24T21:50:17.916069000Z'/><EventRecordID>638609</EventRecordID><Correlation/><Execution ProcessID='2148' ThreadID='3040'/><Channel>Microsoft-Windows-Sysmon/Operational</Channel><Computer>win-host-692.attackrange.local</Computer><Security UserID='S-1-5-18'/></System><EventData><Data Name='RuleName'>-</Data><Data Name='UtcTime'>2021-03-24 21:50:17.913</Data><Data Name='ProcessGuid'>{BFB545BB-B909-6058-D900-00000000AF01}</Data><Data Name='ProcessId'>4084</Data><Data Name='User'>NT AUTHORITY\SYSTEM</Data><Data Name='Image'>C:\Program Files\SplunkUniversalForwarder\bin\splunk-winevtlog.exe</Data><Data Name='TargetFilename'>C:\Program Files\SplunkUniversalForwarder\var\lib\splunk\modinputs\WinEventLog\Microsoft-Windows-Sysmon_Operational</Data><Data Name='Hashes'>MD5=CAC28B3204D72F968390D1D723AE7B39,SHA256=78C43DDF51928C00336F0A677D3561DC2B4F324EECF29557A3271869ADAE5DDD,IMPHASH=00000000000000000000000000000000</Data><Data Name='IsExecutable'>false</Data><Data Name='Archived'>true</Data></EventData></Event>
<Event xmlns='http://schemas.microsoft.com/win/2004/08/events/event'><System><Provider Name='Microsoft-Windows-Sysmon' Guid='{5770385F-C22A-43E0-BF4C-06F5698FFBD9}'/><EventID>10</EventID><Version>3</Version><Level>4</Level><Task>10</Task><Opcode>0</Opcode><Keywords>0x8000000000000000</Keywords><TimeCreated SystemTime='2021-03-24T21:50:17.737127900Z'/><EventRecordID>5917870</EventRecordID><Correlation/><Execution ProcessID='2172' ThreadID='616'/><Channel>Microsoft-Windows-Sysmon/Operational</Channel><Computer>win-dc-792.attackrange.local</Computer><Security UserID='S-1-5-18'/></System><EventData><Data Name='RuleName'>-</Data><Data Name='UtcTime'>2021-03-24 21:50:17.736</Data><Data Name='SourceProcessGUID'>{896A638B-B5CA-6058-0C00-00000000AE01}</Data><Data Name='SourceProcessId'>824</Data><Data Name='SourceThreadId'>952</Data><Data Name='SourceImage'>C:\Windows\system32\svchost.exe</Data><Data Name='TargetProcessGUID'>{896A638B-B8F4-6058-D702-00000000AE01}</Data><Data Name='TargetProcessId'>5884</Data><Data Name='TargetImage'>C:\Windows\SystemApps\Microsoft.Windows.Cortana_cw5n1h2txyewy\SearchUI.exe</Data><Data Name='GrantedAccess'>0x3600</Data><Data Name='CallTrace'>C:\Windows\SYSTEM32\ntdll.dll+a6084|C:\Windows\SYSTEM32\psmserviceexthost.dll+966a|C:\Windows\SYSTEM32\psmserviceexthost.dll+776e|C:\Windows\SYSTEM32\psmserviceexthost.dll+347df|C:\Windows\SYSTEM32\psmserviceexthost.dll+32779|C:\Windows\SYSTEM32\psmserviceexthost.dll+22da9|C:\Windows\SYSTEM32\psmserviceexthost.dll+1ede4|C:\Windows\System32\KERNEL32.DLL+84d4|C:\Windows\SYSTEM32\ntdll.dll+51821</Data></EventData></Event>
<Event xmlns='http://schemas.microsoft.com/win/2004/08/events/event'><System><Provider Name='Microsoft-Windows-Sysmon' Guid='{5770385F-C22A-43E0-BF4C-06F5698FFBD9}'/><EventID>10</EventID><Version>3</Version><Level>4</Level><Task>10</Task><Opcode>0</Opcode><Keywords>0x8000000000000000</Keywords><TimeCreated SystemTime='2021-03-24T21:50:17.737009500Z'/><EventRecordID>5917869</EventRecordID><Correlation/><Execution ProcessID='2172' ThreadID='616'/><Channel>Microsoft-Windows-Sysmon/Operational</Channel><Computer>win-dc-792.attackrange.local</Computer><Security UserID='S-1-5-18'/></System><EventData><Data Name='RuleName'>-</Data><Data Name='UtcTime'>2021-03-24 21:50:17.736</Data><Data Name='SourceProcessGUID'>{896A638B-B5CA-6058-0C00-00000000AE01}</Data><Data Name='SourceProcessId'>824</Data><Data Name='SourceThreadId'>952</Data><Data Name='SourceImage'>C:\Windows\system32\svchost.exe</Data><Data Name='TargetProcessGUID'>{896A638B-B8F2-6058-D402-00000000AE01}</Data><Data Name='TargetProcessId'>5648</Data><Data Name='TargetImage'>C:\Windows\SystemApps\ShellExperienceHost_cw5n1h2txyewy\ShellExperienceHost.exe</Data><Data Name='GrantedAccess'>0x3600</Data><Data Name='CallTrace'>C:\Windows\SYSTEM32\ntdll.dll+a6084|C:\Windows\SYSTEM32\psmserviceexthost.dll+966a|C:\Windows\SYSTEM32\psmserviceexthost.dll+776e|C:\Windows\SYSTEM32\psmserviceexthost.dll+347df|C:\Windows\SYSTEM32\psmserviceexthost.dll+32779|C:\Windows\SYSTEM32\psmserviceexthost.dll+22da9|C:\Windows\SYSTEM32\psmserviceexthost.dll+1ede4|C:\Windows\System32\KERNEL32.DLL+84d4|C:\Windows\SYSTEM32\ntdll.dll+51821</Data></EventData></Event>
<Event xmlns='http://schemas.microsoft.com/win/2004/08/events/event'><System><Provider Name='Microsoft-Windows-Sysmon' Guid='{5770385F-C22A-43E0-BF4C-06F5698FFBD9}'/><EventID>23</EventID><Version>5</Version><Level>4</Level><Task>23</Task><Opcode>0</Opcode><Keywords>0x8000000000000000</Keywords><TimeCreated SystemTime='2021-03-24T21:50:17.499618700Z'/><EventRecordID>5917868</EventRecordID><Correlation/><Execution ProcessID='2172' ThreadID='616'/><Channel>Microsoft-Windows-Sysmon/Operational</Channel><Computer>win-dc-792.attackrange.local</Computer><Security UserID='S-1-5-18'/></System><EventData><Data Name='RuleName'>-</Data><Data Name='UtcTime'>2021-03-24 21:50:17.499</Data><Data Name='ProcessGuid'>{896A638B-FDF2-6058-8212-00000000AE01}</Data><Data Name='ProcessId'>2788</Data><Data Name='User'>NT AUTHORITY\SYSTEM</Data><Data Name='Image'>C:\Program Files\SplunkUniversalForwarder\bin\splunk-winevtlog.exe</Data><Data Name='TargetFilename'>C:\Program Files\SplunkUniversalForwarder\var\lib\splunk\modinputs\WinEventLog\Microsoft-Windows-Sysmon_Operational</Data><Data Name='Hashes'>MD5=01B438819F7390570E6699EA3C13B563,SHA256=C309E6E410FFEF022DF7A4031A78807633F35BB04B1E72CCF518BEA479090A6C,IMPHASH=00000000000000000000000000000000</Data><Data Name='IsExecutable'>false</Data><Data Name='Archived'>true</Data></EventData></Event>
<Event xmlns='http://schemas.microsoft.com/win/2004/08/events/event'><System><Provider Name='Microsoft-Windows-Sysmon' Guid='{5770385F-C22A-43E0-BF4C-06F5698FFBD9}'/><EventID>23</EventID><Version>5</Version><Level>4</Level><Task>23</Task><Opcode>0</Opcode><Keywords>0x8000000000000000</Keywords><TimeCreated SystemTime='2021-03-24T21:50:17.195882400Z'/><EventRecordID>5917867</EventRecordID><Correlation/><Execution ProcessID='2172' ThreadID='616'/><Channel>Microsoft-Windows-Sysmon/Operational</Channel><Computer>win-dc-792.attackrange.local</Computer><Security UserID='S-1-5-18'/></System><EventData><Data Name='RuleName'>-</Data><Data Name='UtcTime'>2021-03-24 21:50:17.194</Data><Data Name='ProcessGuid'>{896A638B-FDF2-6058-8212-00000000AE01}</Data><Data Name='ProcessId'>2788</Data><Data Name='User'>NT AUTHORITY\SYSTEM</Data><Data Name='Image'>C:\Program Files\SplunkUniversalForwarder\bin\splunk-winevtlog.exe</Data><Data Name='TargetFilename'>C:\Program Files\SplunkUniversalForwarder\var\lib\splunk\modinputs\WinEventLog\Security</Data><Data Name='Hashes'>MD5=E9CC9E40E1F212F44DE4840D28C381AF,SHA256=9FB3DD37446543A45499ED57EE0D083DDDFF5447B4597D5B5F9E766139BE3607,IMPHASH=00000000000000000000000000000000</Data><Data Name='IsExecutable'>false</Data><Data Name='Archived'>true</Data></EventData></Event>
<Event xmlns='http://schemas.microsoft.com/win/2004/08/events/event'><System><Provider Name='Microsoft-Windows-Sysmon' Guid='{5770385F-C22A-43E0-BF4C-06F5698FFBD9}'/><EventID>23</EventID><Version>5</Version><Level>4</Level><Task>23</Task><Opcode>0</Opcode><Keywords>0x8000000000000000</Keywords><TimeCreated SystemTime='2021-03-24T21:50:18.931446100Z'/><EventRecordID>638610</EventRecordID><Correlation/><Execution ProcessID='2148' ThreadID='3040'/><Channel>Microsoft-Windows-Sysmon/Operational</Channel><Computer>win-host-692.attackrange.local</Computer><Security UserID='S-1-5-18'/></System><EventData><Data Name='RuleName'>-</Data><Data Name='UtcTime'>2021-03-24 21:50:18.929</Data><Data Name='ProcessGuid'>{BFB545BB-B909-6058-D900-00000000AF01}</Data><Data Name='ProcessId'>4084</Data><Data Name='User'>NT AUTHORITY\SYSTEM</Data><Data Name='Image'>C:\Program Files\SplunkUniversalForwarder\bin\splunk-winevtlog.exe</Data><Data Name='TargetFilename'>C:\Program Files\SplunkUniversalForwarder\var\lib\splunk\modinputs\WinEventLog\Microsoft-Windows-Sysmon_Operational</Data><Data Name='Hashes'>MD5=547729DFE9A00CBC4CE440210322074C,SHA256=F708E0FAE8E7EA8226676DD999E2C999DACFF2D461298468E4CAC694BC213BF2,IMPHASH=00000000000000000000000000000000</Data><Data Name='IsExecutable'>false</Data><Data Name='Archived'>true</Data></EventData></Event>
<Event xmlns='http://schemas.microsoft.com/win/2004/08/events/event'><System><Provider Name='Microsoft-Windows-Sysmon' Guid='{5770385F-C22A-43E0-BF4C-06F5698FFBD9}'/><EventID>10</EventID><Version>3</Version><Level>4</Level><Task>10</Task><Opcode>0</Opcode><Keywords>0x8000000000000000</Keywords><TimeCreated SystemTime='2021-03-24T21:50:18.737374500Z'/><EventRecordID>5917874</EventRecordID><Correlation/><Execution ProcessID='2172' ThreadID='616'/><Channel>Microsoft-Windows-Sysmon/Operational</Channel><Computer>win-dc-792.attackrange.local</Computer><Security UserID='S-1-5-18'/></System><EventData><Data Name='RuleName'>-</Data><Data Name='UtcTime'>2021-03-24 21:50:18.736</Data><Data Name='SourceProcessGUID'>{896A638B-B5CA-6058-0C00-00000000AE01}</Data><Data Name='SourceProcessId'>824</Data><Data Name='SourceThreadId'>952</Data><Data Name='SourceImage'>C:\Windows\system32\svchost.exe</Data><Data Name='TargetProcessGUID'>{896A638B-B8F4-6058-D702-00000000AE01}</Data><Data Name='TargetProcessId'>5884</Data><Data Name='TargetImage'>C:\Windows\SystemApps\Microsoft.Windows.Cortana_cw5n1h2txyewy\SearchUI.exe</Data><Data Name='GrantedAccess'>0x3600</Data><Data Name='CallTrace'>C:\Windows\SYSTEM32\ntdll.dll+a6084|C:\Windows\SYSTEM32\psmserviceexthost.dll+966a|C:\Windows\SYSTEM32\psmserviceexthost.dll+776e|C:\Windows\SYSTEM32\psmserviceexthost.dll+347df|C:\Windows\SYSTEM32\psmserviceexthost.dll+32779|C:\Windows\SYSTEM32\psmserviceexthost.dll+22da9|C:\Windows\SYSTEM32\psmserviceexthost.dll+1ede4|C:\Windows\System32\KERNEL32.DLL+84d4|C:\Windows\SYSTEM32\ntdll.dll+51821</Data></EventData></Event>
<Event xmlns='http://schemas.microsoft.com/win/2004/08/events/event'><System><Provider Name='Microsoft-Windows-Sysmon' Guid='{5770385F-C22A-43E0-BF4C-06F5698FFBD9}'/><EventID>10</EventID><Version>3</Version><Level>4</Level><Task>10</Task><Opcode>0</Opcode><Keywords>0x8000000000000000</Keywords><TimeCreated SystemTime='2021-03-24T21:50:18.737261900Z'/><EventRecordID>5917873</EventRecordID><Correlation/><Execution ProcessID='2172' ThreadID='616'/><Channel>Microsoft-Windows-Sysmon/Operational</Channel><Computer>win-dc-792.attackrange.local</Computer><Security UserID='S-1-5-18'/></System><EventData><Data Name='RuleName'>-</Data><Data Name='UtcTime'>2021-03-24 21:50:18.736</Data><Data Name='SourceProcessGUID'>{896A638B-B5CA-6058-0C00-00000000AE01}</Data><Data Name='SourceProcessId'>824</Data><Data Name='SourceThreadId'>952</Data><Data Name='SourceImage'>C:\Windows\system32\svchost.exe</Data><Data Name='TargetProcessGUID'>{896A638B-B8F2-6058-D402-00000000AE01}</Data><Data Name='TargetProcessId'>5648</Data><Data Name='TargetImage'>C:\Windows\SystemApps\ShellExperienceHost_cw5n1h2txyewy\ShellExperienceHost.exe</Data><Data Name='GrantedAccess'>0x3600</Data><Data Name='CallTrace'>C:\Windows\SYSTEM32\ntdll.dll+a6084|C:\Windows\SYSTEM32\psmserviceexthost.dll+966a|C:\Windows\SYSTEM32\psmserviceexthost.dll+776e|C:\Windows\SYSTEM32\psmserviceexthost.dll+347df|C:\Windows\SYSTEM32\psmserviceexthost.dll+32779|C:\Windows\SYSTEM32\psmserviceexthost.dll+22da9|C:\Windows\SYSTEM32\psmserviceexthost.dll+1ede4|C:\Windows\System32\KERNEL32.DLL+84d4|C:\Windows\SYSTEM32\ntdll.dll+51821</Data></EventData></Event>
<Event xmlns='http://schemas.microsoft.com/win/2004/08/events/event'><System><Provider Name='Microsoft-Windows-Sysmon' Guid='{5770385F-C22A-43E0-BF4C-06F5698FFBD9}'/><EventID>23</EventID><Version>5</Version><Level>4</Level><Task>23</Task><Opcode>0</Opcode><Keywords>0x8000000000000000</Keywords><TimeCreated SystemTime='2021-03-24T21:50:18.508243500Z'/><EventRecordID>5917872</EventRecordID><Correlation/><Execution ProcessID='2172' ThreadID='616'/><Channel>Microsoft-Windows-Sysmon/Operational</Channel><Computer>win-dc-792.attackrange.local</Computer><Security UserID='S-1-5-18'/></System><EventData><Data Name='RuleName'>-</Data><Data Name='UtcTime'>2021-03-24 21:50:18.507</Data><Data Name='ProcessGuid'>{896A638B-FDF2-6058-8212-00000000AE01}</Data><Data Name='ProcessId'>2788</Data><Data Name='User'>NT AUTHORITY\SYSTEM</Data><Data Name='Image'>C:\Program Files\SplunkUniversalForwarder\bin\splunk-winevtlog.exe</Data><Data Name='TargetFilename'>C:\Program Files\SplunkUniversalForwarder\var\lib\splunk\modinputs\WinEventLog\Microsoft-Windows-Sysmon_Operational</Data><Data Name='Hashes'>MD5=E71613F510BCDFCCD69337CAD092783C,SHA256=41C9C27DC0AB019A97FC915D49B68FEDC828ACB3DA445FD9C020A05B6DE128E9,IMPHASH=00000000000000000000000000000000</Data><Data Name='IsExecutable'>false</Data><Data Name='Archived'>true</Data></EventData></Event>
<Event xmlns='http://schemas.microsoft.com/win/2004/08/events/event'><System><Provider Name='Microsoft-Windows-Sysmon' Guid='{5770385F-C22A-43E0-BF4C-06F5698FFBD9}'/><EventID>3</EventID><Version>5</Version><Level>4</Level><Task>3</Task><Opcode>0</Opcode><Keywords>0x8000000000000000</Keywords><TimeCreated SystemTime='2021-03-24T21:50:18.082379000Z'/><EventRecordID>5917871</EventRecordID><Correlation/><Execution ProcessID='2172' ThreadID='2436'/><Channel>Microsoft-Windows-Sysmon/Operational</Channel><Computer>win-dc-792.attackrange.local</Computer><Security UserID='S-1-5-18'/></System><EventData><Data Name='RuleName'>-</Data><Data Name='UtcTime'>2021-03-24 21:50:14.874</Data><Data Name='ProcessGuid'>{896A638B-FDEB-6058-7912-00000000AE01}</Data><Data Name='ProcessId'>1496</Data><Data Name='Image'>C:\Program Files\SplunkUniversalForwarder\etc\apps\Splunk_TA_stream\windows_x86_64\bin\streamfwd.exe</Data><Data Name='User'>NT AUTHORITY\SYSTEM</Data><Data Name='Protocol'>tcp</Data><Data Name='Initiated'>true</Data><Data Name='SourceIsIpv6'>false</Data><Data Name='SourceIp'>10.0.1.14</Data><Data Name='SourceHostname'>win-dc-792.attackrange.local</Data><Data Name='SourcePort'>1514</Data><Data Name='SourcePortName'>-</Data><Data Name='DestinationIsIpv6'>false</Data><Data Name='DestinationIp'>10.0.1.12</Data><Data Name='DestinationHostname'>-</Data><Data Name='DestinationPort'>8000</Data><Data Name='DestinationPortName'>-</Data></EventData></Event>
<Event xmlns='http://schemas.microsoft.com/win/2004/08/events/event'><System><Provider Name='Microsoft-Windows-Sysmon' Guid='{5770385F-C22A-43E0-BF4C-06F5698FFBD9}'/><EventID>23</EventID><Version>5</Version><Level>4</Level><Task>23</Task><Opcode>0</Opcode><Keywords>0x8000000000000000</Keywords><TimeCreated SystemTime='2021-03-24T21:50:19.947167700Z'/><EventRecordID>638611</EventRecordID><Correlation/><Execution ProcessID='2148' ThreadID='3040'/><Channel>Microsoft-Windows-Sysmon/Operational</Channel><Computer>win-host-692.attackrange.local</Computer><Security UserID='S-1-5-18'/></System><EventData><Data Name='RuleName'>-</Data><Data Name='UtcTime'>2021-03-24 21:50:19.944</Data><Data Name='ProcessGuid'>{BFB545BB-B909-6058-D900-00000000AF01}</Data><Data Name='ProcessId'>4084</Data><Data Name='User'>NT AUTHORITY\SYSTEM</Data><Data Name='Image'>C:\Program Files\SplunkUniversalForwarder\bin\splunk-winevtlog.exe</Data><Data Name='TargetFilename'>C:\Program Files\SplunkUniversalForwarder\var\lib\splunk\modinputs\WinEventLog\Microsoft-Windows-Sysmon_Operational</Data><Data Name='Hashes'>MD5=6E3221798ACE22D1E0606489CB04FDF5,SHA256=1F2E1A0F99808376D831FA721884910DD64611DB974D37D40ECF49169C5E2F3A,IMPHASH=00000000000000000000000000000000</Data><Data Name='IsExecutable'>false</Data><Data Name='Archived'>true</Data></EventData></Event>
<Event xmlns='http://schemas.microsoft.com/win/2004/08/events/event'><System><Provider Name='Microsoft-Windows-Sysmon' Guid='{5770385F-C22A-43E0-BF4C-06F5698FFBD9}'/><EventID>10</EventID><Version>3</Version><Level>4</Level><Task>10</Task><Opcode>0</Opcode><Keywords>0x8000000000000000</Keywords><TimeCreated SystemTime='2021-03-24T21:50:19.942022400Z'/><EventRecordID>5917914</EventRecordID><Correlation/><Execution ProcessID='2172' ThreadID='616'/><Channel>Microsoft-Windows-Sysmon/Operational</Channel><Computer>win-dc-792.attackrange.local</Computer><Security UserID='S-1-5-18'/></System><EventData><Data Name='RuleName'>-</Data><Data Name='UtcTime'>2021-03-24 21:50:19.940</Data><Data Name='SourceProcessGUID'>{896A638B-B8E2-6058-B102-00000000AE01}</Data><Data Name='SourceProcessId'>4244</Data><Data Name='SourceThreadId'>476</Data><Data Name='SourceImage'>C:\Windows\Explorer.EXE</Data><Data Name='TargetProcessGUID'>{896A638B-B979-6058-2004-00000000AE01}</Data><Data Name='TargetProcessId'>6812</Data><Data Name='TargetImage'>C:\Windows\system32\WindowsPowerShell\v1.0\PowerShell_ISE.exe</Data><Data Name='GrantedAccess'>0x1400</Data><Data Name='CallTrace'>C:\Windows\SYSTEM32\ntdll.dll+a6084|C:\Windows\System32\KERNELBASE.dll+221bd|C:\Windows\System32\SHELL32.dll+10a29|C:\Windows\System32\SHELL32.dll+b7690|C:\Windows\System32\SHELL32.dll+b96a7|C:\Windows\Explorer.EXE+3c618|C:\Windows\Explorer.EXE+3c4a4|C:\Windows\Explorer.EXE+3c411|C:\Windows\System32\windows.storage.dll+13bc8f|C:\Windows\System32\windows.storage.dll+13aa1b|C:\Windows\System32\windows.storage.dll+138f3f|C:\Windows\System32\SHCORE.dll+367a6|C:\Windows\SYSTEM32\ntdll.dll+39d99|C:\Windows\SYSTEM32\ntdll.dll+1e88a|C:\Windows\System32\KERNEL32.DLL+84d4|C:\Windows\SYSTEM32\ntdll.dll+51821</Data></EventData></Event>
<Event xmlns='http://schemas.microsoft.com/win/2004/08/events/event'><System><Provider Name='Microsoft-Windows-Sysmon' Guid='{5770385F-C22A-43E0-BF4C-06F5698FFBD9}'/><EventID>10</EventID><Version>3</Version><Level>4</Level><Task>10</Task><Opcode>0</Opcode><Keywords>0x8000000000000000</Keywords><TimeCreated SystemTime='2021-03-24T21:50:19.941689400Z'/><EventRecordID>5917913</EventRecordID><Correlation/><Execution ProcessID='2172' ThreadID='616'/><Channel>Microsoft-Windows-Sysmon/Operational</Channel><Computer>win-dc-792.attackrange.local</Computer><Security UserID='S-1-5-18'/></System><EventData><Data Name='RuleName'>-</Data><Data Name='UtcTime'>2021-03-24 21:50:19.940</Data><Data Name='SourceProcessGUID'>{896A638B-B8E2-6058-B102-00000000AE01}</Data><Data Name='SourceProcessId'>4244</Data><Data Name='SourceThreadId'>476</Data><Data Name='SourceImage'>C:\Windows\Explorer.EXE</Data><Data Name='TargetProcessGUID'>{896A638B-B979-6058-2004-00000000AE01}</Data><Data Name='TargetProcessId'>6812</Data><Data Name='TargetImage'>C:\Windows\system32\WindowsPowerShell\v1.0\PowerShell_ISE.exe</Data><Data Name='GrantedAccess'>0x1000</Data><Data Name='CallTrace'>C:\Windows\SYSTEM32\ntdll.dll+a6084|C:\Windows\System32\KERNELBASE.dll+221bd|C:\Windows\System32\SHELL32.dll+b7144|C:\Windows\System32\SHELL32.dll+b96a7|C:\Windows\Explorer.EXE+3c618|C:\Windows\Explorer.EXE+3c4a4|C:\Windows\Explorer.EXE+3c411|C:\Windows\System32\windows.storage.dll+13bc8f|C:\Windows\System32\windows.storage.dll+13aa1b|C:\Windows\System32\windows.storage.dll+138f3f|C:\Windows\System32\SHCORE.dll+367a6|C:\Windows\SYSTEM32\ntdll.dll+39d99|C:\Windows\SYSTEM32\ntdll.dll+1e88a|C:\Windows\System32\KERNEL32.DLL+84d4|C:\Windows\SYSTEM32\ntdll.dll+51821</Data></EventData></Event>
<Event xmlns='http://schemas.microsoft.com/win/2004/08/events/event'><System><Provider Name='Microsoft-Windows-Sysmon' Guid='{5770385F-C22A-43E0-BF4C-06F5698FFBD9}'/><EventID>10</EventID><Version>3</Version><Level>4</Level><Task>10</Task><Opcode>0</Opcode><Keywords>0x8000000000000000</Keywords><TimeCreated SystemTime='2021-03-24T21:50:19.937087200Z'/><EventRecordID>5917912</EventRecordID><Correlation/><Execution ProcessID='2172' ThreadID='616'/><Channel>Microsoft-Windows-Sysmon/Operational</Channel><Computer>win-dc-792.attackrange.local</Computer><Security UserID='S-1-5-18'/></System><EventData><Data Name='RuleName'>-</Data><Data Name='UtcTime'>2021-03-24 21:50:19.936</Data><Data Name='SourceProcessGUID'>{896A638B-B8E2-6058-B102-00000000AE01}</Data><Data Name='SourceProcessId'>4244</Data><Data Name='SourceThreadId'>5500</Data><Data Name='SourceImage'>C:\Windows\Explorer.EXE</Data><Data Name='TargetProcessGUID'>{896A638B-B979-6058-2004-00000000AE01}</Data><Data Name='TargetProcessId'>6812</Data><Data Name='TargetImage'>C:\Windows\system32\WindowsPowerShell\v1.0\PowerShell_ISE.exe</Data><Data Name='GrantedAccess'>0x1400</Data><Data Name='CallTrace'>C:\Windows\SYSTEM32\ntdll.dll+a6084|C:\Windows\System32\KERNELBASE.dll+221bd|C:\Windows\System32\SHELL32.dll+10a29|C:\Windows\System32\SHELL32.dll+b7690|C:\Windows\System32\SHELL32.dll+b7ef0|C:\Windows\System32\TwinUI.dll+12d4e1|C:\Windows\System32\TwinUI.dll+12dfcf|C:\Windows\System32\KERNEL32.DLL+84d4|C:\Windows\SYSTEM32\ntdll.dll+51821</Data></EventData></Event>
<Event xmlns='http://schemas.microsoft.com/win/2004/08/events/event'><System><Provider Name='Microsoft-Windows-Sysmon' Guid='{5770385F-C22A-43E0-BF4C-06F5698FFBD9}'/><EventID>10</EventID><Version>3</Version><Level>4</Level><Task>10</Task><Opcode>0</Opcode><Keywords>0x8000000000000000</Keywords><TimeCreated SystemTime='2021-03-24T21:50:19.936974600Z'/><EventRecordID>5917911</EventRecordID><Correlation/><Execution ProcessID='2172' ThreadID='616'/><Channel>Microsoft-Windows-Sysmon/Operational</Channel><Computer>win-dc-792.attackrange.local</Computer><Security UserID='S-1-5-18'/></System><EventData><Data Name='RuleName'>-</Data><Data Name='UtcTime'>2021-03-24 21:50:19.935</Data><Data Name='SourceProcessGUID'>{896A638B-B8E2-6058-B102-00000000AE01}</Data><Data Name='SourceProcessId'>4244</Data><Data Name='SourceThreadId'>5500</Data><Data Name='SourceImage'>C:\Windows\Explorer.EXE</Data><Data Name='TargetProcessGUID'>{896A638B-B979-6058-2004-00000000AE01}</Data><Data Name='TargetProcessId'>6812</Data><Data Name='TargetImage'>C:\Windows\system32\WindowsPowerShell\v1.0\PowerShell_ISE.exe</Data><Data Name='GrantedAccess'>0x1000</Data><Data Name='CallTrace'>C:\Windows\SYSTEM32\ntdll.dll+a6084|C:\Windows\System32\KERNELBASE.dll+221bd|C:\Windows\System32\SHELL32.dll+b7144|C:\Windows\System32\SHELL32.dll+b7ef0|C:\Windows\System32\TwinUI.dll+12d4e1|C:\Windows\System32\TwinUI.dll+12dfcf|C:\Windows\System32\KERNEL32.DLL+84d4|C:\Windows\SYSTEM32\ntdll.dll+51821</Data></EventData></Event>
<Event xmlns='http://schemas.microsoft.com/win/2004/08/events/event'><System><Provider Name='Microsoft-Windows-Sysmon' Guid='{5770385F-C22A-43E0-BF4C-06F5698FFBD9}'/><EventID>10</EventID><Version>3</Version><Level>4</Level><Task>10</Task><Opcode>0</Opcode><Keywords>0x8000000000000000</Keywords><TimeCreated SystemTime='2021-03-24T21:50:19.936813600Z'/><EventRecordID>5917910</EventRecordID><Correlation/><Execution ProcessID='2172' ThreadID='616'/><Channel>Microsoft-Windows-Sysmon/Operational</Channel><Computer>win-dc-792.attackrange.local</Computer><Security UserID='S-1-5-18'/></System><EventData><Data Name='RuleName'>-</Data><Data Name='UtcTime'>2021-03-24 21:50:19.935</Data><Data Name='SourceProcessGUID'>{896A638B-B8E2-6058-B102-00000000AE01}</Data><Data Name='SourceProcessId'>4244</Data><Data Name='SourceThreadId'>5500</Data><Data Name='SourceImage'>C:\Windows\Explorer.EXE</Data><Data Name='TargetProcessGUID'>{896A638B-B979-6058-2004-00000000AE01}</Data><Data Name='TargetProcessId'>6812</Data><Data Name='TargetImage'>C:\Windows\system32\WindowsPowerShell\v1.0\PowerShell_ISE.exe</Data><Data Name='GrantedAccess'>0x1410</Data><Data Name='CallTrace'>C:\Windows\SYSTEM32\ntdll.dll+a6084|C:\Windows\System32\KERNELBASE.dll+221bd|C:\Windows\System32\TwinUI.dll+12d319|C:\Windows\System32\TwinUI.dll+12dfcf|C:\Windows\System32\KERNEL32.DLL+84d4|C:\Windows\SYSTEM32\ntdll.dll+51821</Data></EventData></Event>
<Event xmlns='http://schemas.microsoft.com/win/2004/08/events/event'><System><Provider Name='Microsoft-Windows-Sysmon' Guid='{5770385F-C22A-43E0-BF4C-06F5698FFBD9}'/><EventID>11</EventID><Version>2</Version><Level>4</Level><Task>11</Task><Opcode>0</Opcode><Keywords>0x8000000000000000</Keywords><TimeCreated SystemTime='2021-03-24T21:50:19.933267600Z'/><EventRecordID>5917909</EventRecordID><Correlation/><Execution ProcessID='2172' ThreadID='616'/><Channel>Microsoft-Windows-Sysmon/Operational</Channel><Computer>win-dc-792.attackrange.local</Computer><Security UserID='S-1-5-18'/></System><EventData><Data Name='RuleName'>-</Data><Data Name='UtcTime'>2021-03-24 21:50:19.932</Data><Data Name='ProcessGuid'>{896A638B-B41B-605B-8969-00000000AE01}</Data><Data Name='ProcessId'>8116</Data><Data Name='Image'>C:\Windows\System32\certutil.exe</Data><Data Name='TargetFilename'>C:\Temp\foo.txt</Data><Data Name='CreationUtcTime'>2021-03-24 21:50:19.932</Data></EventData></Event>
<Event xmlns='http://schemas.microsoft.com/win/2004/08/events/event'><System><Provider Name='Microsoft-Windows-Sysmon' Guid='{5770385F-C22A-43E0-BF4C-06F5698FFBD9}'/><EventID>23</EventID><Version>5</Version><Level>4</Level><Task>23</Task><Opcode>0</Opcode><Keywords>0x8000000000000000</Keywords><TimeCreated SystemTime='2021-03-24T21:50:19.932626200Z'/><EventRecordID>5917908</EventRecordID><Correlation/><Execution ProcessID='2172' ThreadID='616'/><Channel>Microsoft-Windows-Sysmon/Operational</Channel><Computer>win-dc-792.attackrange.local</Computer><Security UserID='S-1-5-18'/></System><EventData><Data Name='RuleName'>-</Data><Data Name='UtcTime'>2021-03-24 21:50:19.931</Data><Data Name='ProcessGuid'>{896A638B-B41B-605B-8969-00000000AE01}</Data><Data Name='ProcessId'>8116</Data><Data Name='User'>ATTACKRANGE\Administrator</Data><Data Name='Image'>C:\Windows\System32\certutil.exe</Data><Data Name='TargetFilename'>C:\Windows\System32\2d2a313164ae3a724cc53b0c8e104dd6053f8402.key</Data><Data Name='Hashes'>MD5=DDA4F30CDD84D94A82586B61071F6AE3,SHA256=65AF6027045D23175366EAB50E460AB3EE7790E591CB84CC32C78AC63A4C90E1,IMPHASH=00000000000000000000000000000000</Data><Data Name='IsExecutable'>false</Data><Data Name='Archived'>true</Data></EventData></Event>
<Event xmlns='http://schemas.microsoft.com/win/2004/08/events/event'><System><Provider Name='Microsoft-Windows-Sysmon' Guid='{5770385F-C22A-43E0-BF4C-06F5698FFBD9}'/><EventID>10</EventID><Version>3</Version><Level>4</Level><Task>10</Task><Opcode>0</Opcode><Keywords>0x8000000000000000</Keywords><TimeCreated SystemTime='2021-03-24T21:50:19.888968800Z'/><EventRecordID>5917907</EventRecordID><Correlation/><Execution ProcessID='2172' ThreadID='616'/><Channel>Microsoft-Windows-Sysmon/Operational</Channel><Computer>win-dc-792.attackrange.local</Computer><Security UserID='S-1-5-18'/></System><EventData><Data Name='RuleName'>-</Data><Data Name='UtcTime'>2021-03-24 21:50:19.888</Data><Data Name='SourceProcessGUID'>{896A638B-B5CA-6058-0C00-00000000AE01}</Data><Data Name='SourceProcessId'>824</Data><Data Name='SourceThreadId'>4284</Data><Data Name='SourceImage'>C:\Windows\system32\svchost.exe</Data><Data Name='TargetProcessGUID'>{896A638B-B5CB-6058-1600-00000000AE01}</Data><Data Name='TargetProcessId'>1308</Data><Data Name='TargetImage'>C:\Windows\System32\svchost.exe</Data><Data Name='GrantedAccess'>0x1400</Data><Data Name='CallTrace'>C:\Windows\SYSTEM32\ntdll.dll+a6084|C:\Windows\System32\KERNELBASE.dll+5eab4|c:\windows\system32\lsm.dll+e9d6|c:\windows\system32\lsm.dll+d3ae|C:\Windows\System32\RPCRT4.dll+78e23|C:\Windows\System32\RPCRT4.dll+d96bd|C:\Windows\System32\RPCRT4.dll+6194c|C:\Windows\System32\RPCRT4.dll+52bf4|C:\Windows\System32\RPCRT4.dll+51b0d|C:\Windows\System32\RPCRT4.dll+523bb|C:\Windows\System32\RPCRT4.dll+2469c|C:\Windows\System32\RPCRT4.dll+24b1c|C:\Windows\System32\RPCRT4.dll+111bc|C:\Windows\System32\RPCRT4.dll+12a1b|C:\Windows\System32\RPCRT4.dll+1e12a|C:\Windows\SYSTEM32\ntdll.dll+1d34e|C:\Windows\SYSTEM32\ntdll.dll+1ecb9|C:\Windows\System32\KERNEL32.DLL+84d4|C:\Windows\SYSTEM32\ntdll.dll+51821</Data></EventData></Event>
<Event xmlns='http://schemas.microsoft.com/win/2004/08/events/event'><System><Provider Name='Microsoft-Windows-Sysmon' Guid='{5770385F-C22A-43E0-BF4C-06F5698FFBD9}'/><EventID>10</EventID><Version>3</Version><Level>4</Level><Task>10</Task><Opcode>0</Opcode><Keywords>0x8000000000000000</Keywords><TimeCreated SystemTime='2021-03-24T21:50:19.786944000Z'/><EventRecordID>5917906</EventRecordID><Correlation/><Execution ProcessID='2172' ThreadID='616'/><Channel>Microsoft-Windows-Sysmon/Operational</Channel><Computer>win-dc-792.attackrange.local</Computer><Security UserID='S-1-5-18'/></System><EventData><Data Name='RuleName'>-</Data><Data Name='UtcTime'>2021-03-24 21:50:19.786</Data><Data Name='SourceProcessGUID'>{896A638B-B5C8-6058-0B00-00000000AE01}</Data><Data Name='SourceProcessId'>612</Data><Data Name='SourceThreadId'>7564</Data><Data Name='SourceImage'>C:\Windows\system32\lsass.exe</Data><Data Name='TargetProcessGUID'>{896A638B-B41B-605B-8969-00000000AE01}</Data><Data Name='TargetProcessId'>8116</Data><Data Name='TargetImage'>C:\Windows\System32\certutil.exe</Data><Data Name='GrantedAccess'>0x1478</Data><Data Name='CallTrace'>C:\Windows\SYSTEM32\ntdll.dll+a6084|C:\Windows\system32\lsasrv.dll+24c07|C:\Windows\system32\lsasrv.dll+25d4d|C:\Windows\system32\lsasrv.dll+24a85|C:\Windows\SYSTEM32\SspiSrv.dll+11a2|C:\Windows\System32\RPCRT4.dll+78e23|C:\Windows\System32\RPCRT4.dll+d96bd|C:\Windows\System32\RPCRT4.dll+6194c|C:\Windows\System32\RPCRT4.dll+52bf4|C:\Windows\System32\RPCRT4.dll+51b0d|C:\Windows\System32\RPCRT4.dll+523bb|C:\Windows\System32\RPCRT4.dll+2469c|C:\Windows\System32\RPCRT4.dll+24b1c|C:\Windows\System32\RPCRT4.dll+111bc|C:\Windows\System32\RPCRT4.dll+12a1b|C:\Windows\System32\RPCRT4.dll+1e12a|C:\Windows\SYSTEM32\ntdll.dll+1d34e|C:\Windows\SYSTEM32\ntdll.dll+1ecb9|C:\Windows\System32\KERNEL32.DLL+84d4|C:\Windows\SYSTEM32\ntdll.dll+51821</Data></EventData></Event>
<Event xmlns='http://schemas.microsoft.com/win/2004/08/events/event'><System><Provider Name='Microsoft-Windows-Sysmon' Guid='{5770385F-C22A-43E0-BF4C-06F5698FFBD9}'/><EventID>10</EventID><Version>3</Version><Level>4</Level><Task>10</Task><Opcode>0</Opcode><Keywords>0x8000000000000000</Keywords><TimeCreated SystemTime='2021-03-24T21:50:19.786844500Z'/><EventRecordID>5917905</EventRecordID><Correlation/><Execution ProcessID='2172' ThreadID='616'/><Channel>Microsoft-Windows-Sysmon/Operational</Channel><Computer>win-dc-792.attackrange.local</Computer><Security UserID='S-1-5-18'/></System><EventData><Data Name='RuleName'>-</Data><Data Name='UtcTime'>2021-03-24 21:50:19.786</Data><Data Name='SourceProcessGUID'>{896A638B-B5C8-6058-0B00-00000000AE01}</Data><Data Name='SourceProcessId'>612</Data><Data Name='SourceThreadId'>7564</Data><Data Name='SourceImage'>C:\Windows\system32\lsass.exe</Data><Data Name='TargetProcessGUID'>{896A638B-B41B-605B-8969-00000000AE01}</Data><Data Name='TargetProcessId'>8116</Data><Data Name='TargetImage'>C:\Windows\System32\certutil.exe</Data><Data Name='GrantedAccess'>0x1000</Data><Data Name='CallTrace'>C:\Windows\SYSTEM32\ntdll.dll+a6c14|C:\Windows\System32\RPCRT4.dll+4ab4f|C:\Windows\system32\lsasrv.dll+249cd|C:\Windows\SYSTEM32\SspiSrv.dll+11a2|C:\Windows\System32\RPCRT4.dll+78e23|C:\Windows\System32\RPCRT4.dll+d96bd|C:\Windows\System32\RPCRT4.dll+6194c|C:\Windows\System32\RPCRT4.dll+52bf4|C:\Windows\System32\RPCRT4.dll+51b0d|C:\Windows\System32\RPCRT4.dll+523bb|C:\Windows\System32\RPCRT4.dll+2469c|C:\Windows\System32\RPCRT4.dll+24b1c|C:\Windows\System32\RPCRT4.dll+111bc|C:\Windows\System32\RPCRT4.dll+12a1b|C:\Windows\System32\RPCRT4.dll+1e12a|C:\Windows\SYSTEM32\ntdll.dll+1d34e|C:\Windows\SYSTEM32\ntdll.dll+1ecb9|C:\Windows\System32\KERNEL32.DLL+84d4|C:\Windows\SYSTEM32\ntdll.dll+51821</Data></EventData></Event>
<Event xmlns='http://schemas.microsoft.com/win/2004/08/events/event'><System><Provider Name='Microsoft-Windows-Sysmon' Guid='{5770385F-C22A-43E0-BF4C-06F5698FFBD9}'/><EventID>10</EventID><Version>3</Version><Level>4</Level><Task>10</Task><Opcode>0</Opcode><Keywords>0x8000000000000000</Keywords><TimeCreated SystemTime='2021-03-24T21:50:19.774452500Z'/><EventRecordID>5917904</EventRecordID><Correlation/><Execution ProcessID='2172' ThreadID='616'/><Channel>Microsoft-Windows-Sysmon/Operational</Channel><Computer>win-dc-792.attackrange.local</Computer><Security UserID='S-1-5-18'/></System><EventData><Data Name='RuleName'>-</Data><Data Name='UtcTime'>2021-03-24 21:50:19.773</Data><Data Name='SourceProcessGUID'>{896A638B-B5CB-6058-1600-00000000AE01}</Data><Data Name='SourceProcessId'>1308</Data><Data Name='SourceThreadId'>5440</Data><Data Name='SourceImage'>C:\Windows\System32\svchost.exe</Data><Data Name='TargetProcessGUID'>{896A638B-B41B-605B-8969-00000000AE01}</Data><Data Name='TargetProcessId'>8116</Data><Data Name='TargetImage'>C:\Windows\System32\certutil.exe</Data><Data Name='GrantedAccess'>0x1400</Data><Data Name='CallTrace'>C:\Windows\SYSTEM32\ntdll.dll+a6084|c:\windows\system32\themeservice.dll+235b|c:\windows\system32\themeservice.dll+1ed0|c:\windows\system32\themeservice.dll+2006|C:\Windows\SYSTEM32\ntdll.dll+39d99|C:\Windows\SYSTEM32\ntdll.dll+1e88a|C:\Windows\System32\KERNEL32.DLL+84d4|C:\Windows\SYSTEM32\ntdll.dll+51821</Data></EventData></Event>
<Event xmlns='http://schemas.microsoft.com/win/2004/08/events/event'><System><Provider Name='Microsoft-Windows-Sysmon' Guid='{5770385F-C22A-43E0-BF4C-06F5698FFBD9}'/><EventID>10</EventID><Version>3</Version><Level>4</Level><Task>10</Task><Opcode>0</Opcode><Keywords>0x8000000000000000</Keywords><TimeCreated SystemTime='2021-03-24T21:50:19.774350500Z'/><EventRecordID>5917903</EventRecordID><Correlation/><Execution ProcessID='2172' ThreadID='616'/><Channel>Microsoft-Windows-Sysmon/Operational</Channel><Computer>win-dc-792.attackrange.local</Computer><Security UserID='S-1-5-18'/></System><EventData><Data Name='RuleName'>-</Data><Data Name='UtcTime'>2021-03-24 21:50:19.773</Data><Data Name='SourceProcessGUID'>{896A638B-B5CB-6058-1600-00000000AE01}</Data><Data Name='SourceProcessId'>1308</Data><Data Name='SourceThreadId'>1328</Data><Data Name='SourceImage'>C:\Windows\System32\svchost.exe</Data><Data Name='TargetProcessGUID'>{896A638B-B41B-605B-8969-00000000AE01}</Data><Data Name='TargetProcessId'>8116</Data><Data Name='TargetImage'>C:\Windows\System32\certutil.exe</Data><Data Name='GrantedAccess'>0x1478</Data><Data Name='CallTrace'>C:\Windows\SYSTEM32\ntdll.dll+a6084|c:\windows\system32\themeservice.dll+144a|c:\windows\system32\themeservice.dll+4175|c:\windows\system32\themeservice.dll+3379|c:\windows\system32\themeservice.dll+31a3|C:\Windows\System32\svchost.exe+1380|C:\Windows\System32\sechost.dll+14342|C:\Windows\System32\KERNEL32.DLL+84d4|C:\Windows\SYSTEM32\ntdll.dll+51821</Data></EventData></Event>
<Event xmlns='http://schemas.microsoft.com/win/2004/08/events/event'><System><Provider Name='Microsoft-Windows-Sysmon' Guid='{5770385F-C22A-43E0-BF4C-06F5698FFBD9}'/><EventID>10</EventID><Version>3</Version><Level>4</Level><Task>10</Task><Opcode>0</Opcode><Keywords>0x8000000000000000</Keywords><TimeCreated SystemTime='2021-03-24T21:50:19.750267800Z'/><EventRecordID>5917902</EventRecordID><Correlation/><Execution ProcessID='2172' ThreadID='616'/><Channel>Microsoft-Windows-Sysmon/Operational</Channel><Computer>win-dc-792.attackrange.local</Computer><Security UserID='S-1-5-18'/></System><EventData><Data Name='RuleName'>-</Data><Data Name='UtcTime'>2021-03-24 21:50:19.749</Data><Data Name='SourceProcessGUID'>{896A638B-B8E2-6058-B102-00000000AE01}</Data><Data Name='SourceProcessId'>4244</Data><Data Name='SourceThreadId'>476</Data><Data Name='SourceImage'>C:\Windows\Explorer.EXE</Data><Data Name='TargetProcessGUID'>{896A638B-B41B-605B-8969-00000000AE01}</Data><Data Name='TargetProcessId'>8116</Data><Data Name='TargetImage'>C:\Windows\System32\certutil.exe</Data><Data Name='GrantedAccess'>0x1410</Data><Data Name='CallTrace'>C:\Windows\SYSTEM32\ntdll.dll+a6084|C:\Windows\System32\KERNELBASE.dll+221bd|C:\Windows\System32\SHELL32.dll+b7a3f|C:\Windows\System32\SHELL32.dll+b97c5|C:\Windows\Explorer.EXE+3c618|C:\Windows\Explorer.EXE+3c4a4|C:\Windows\Explorer.EXE+3c411|C:\Windows\System32\windows.storage.dll+13bc8f|C:\Windows\System32\windows.storage.dll+13aa1b|C:\Windows\System32\windows.storage.dll+138f3f|C:\Windows\System32\SHCORE.dll+367a6|C:\Windows\SYSTEM32\ntdll.dll+39d99|C:\Windows\SYSTEM32\ntdll.dll+1e88a|C:\Windows\System32\KERNEL32.DLL+84d4|C:\Windows\SYSTEM32\ntdll.dll+51821</Data></EventData></Event>
<Event xmlns='http://schemas.microsoft.com/win/2004/08/events/event'><System><Provider Name='Microsoft-Windows-Sysmon' Guid='{5770385F-C22A-43E0-BF4C-06F5698FFBD9}'/><EventID>10</EventID><Version>3</Version><Level>4</Level><Task>10</Task><Opcode>0</Opcode><Keywords>0x8000000000000000</Keywords><TimeCreated SystemTime='2021-03-24T21:50:19.749977400Z'/><EventRecordID>5917901</EventRecordID><Correlation/><Execution ProcessID='2172' ThreadID='616'/><Channel>Microsoft-Windows-Sysmon/Operational</Channel><Computer>win-dc-792.attackrange.local</Computer><Security UserID='S-1-5-18'/></System><EventData><Data Name='RuleName'>-</Data><Data Name='UtcTime'>2021-03-24 21:50:19.748</Data><Data Name='SourceProcessGUID'>{896A638B-B8E2-6058-B102-00000000AE01}</Data><Data Name='SourceProcessId'>4244</Data><Data Name='SourceThreadId'>476</Data><Data Name='SourceImage'>C:\Windows\Explorer.EXE</Data><Data Name='TargetProcessGUID'>{896A638B-B41B-605B-8969-00000000AE01}</Data><Data Name='TargetProcessId'>8116</Data><Data Name='TargetImage'>C:\Windows\System32\certutil.exe</Data><Data Name='GrantedAccess'>0x1000</Data><Data Name='CallTrace'>C:\Windows\SYSTEM32\ntdll.dll+a6084|C:\Windows\System32\KERNELBASE.dll+221bd|C:\Windows\System32\SHELL32.dll+b96de|C:\Windows\Explorer.EXE+3c618|C:\Windows\Explorer.EXE+3c4a4|C:\Windows\Explorer.EXE+3c411|C:\Windows\System32\windows.storage.dll+13bc8f|C:\Windows\System32\windows.storage.dll+13aa1b|C:\Windows\System32\windows.storage.dll+138f3f|C:\Windows\System32\SHCORE.dll+367a6|C:\Windows\SYSTEM32\ntdll.dll+39d99|C:\Windows\SYSTEM32\ntdll.dll+1e88a|C:\Windows\System32\KERNEL32.DLL+84d4|C:\Windows\SYSTEM32\ntdll.dll+51821</Data></EventData></Event>
