<Event xmlns='http://schemas.microsoft.com/win/2004/08/events/event'><System><Provider Name='Microsoft-Windows-Sysmon' Guid='{5770385F-C22A-43E0-BF4C-06F5698FFBD9}'/><EventID>10</EventID><Version>3</Version><Level>4</Level><Task>10</Task><Opcode>0</Opcode><Keywords>0x8000000000000000</Keywords><TimeCreated SystemTime='2021-03-24T21:50:02.473781500Z'/><EventRecordID>638545</EventRecordID><Correlation/><Execution ProcessID='2148' ThreadID='3040'/><Channel>Microsoft-Windows-Sysmon/Operational</Channel><Computer>win-host-692.attackrange.local</Computer><Security UserID='S-1-5-18'/></System><EventData><Data Name='RuleName'>-</Data><Data Name='UtcTime'>2021-03-24 21:50:02.460</Data><Data Name='SourceProcessGUID'>{BFB545BB-B865-6058-0C00-00000000AF01}</Data><Data Name='SourceProcessId'>940</Data><Data Name='SourceThreadId'>3028</Data><Data Name='SourceImage'>C:\Windows\system32\svchost.exe</Data><Data Name='TargetProcessGUID'>{BFB545BB-B866-6058-1C00-00000000AF01}</Data><Data Name='TargetProcessId'>2148</Data><Data Name='TargetImage'>C:\Windows\sysmon64.exe</Data><Data Name='GrantedAccess'>0x1400</Data><Data Name='CallTrace'>C:\Windows\SYSTEM32\ntdll.dll+a6084|C:\Windows\System32\KERNELBASE.dll+5eab4|c:\windows\system32\lsm.dll+12023|C:\Windows\System32\RPCRT4.dll+78e23|C:\Windows\System32\RPCRT4.dll+d96bd|C:\Windows\System32\RPCRT4.dll+6194c|C:\Windows\System32\RPCRT4.dll+52bf4|C:\Windows\System32\RPCRT4.dll+51b0d|C:\Windows\System32\RPCRT4.dll+523bb|C:\Windows\System32\RPCRT4.dll+2469c|C:\Windows\System32\RPCRT4.dll+24b1c|C:\Windows\System32\RPCRT4.dll+111bc|C:\Windows\System32\RPCRT4.dll+12a1b|C:\Windows\System32\RPCRT4.dll+1e12a|C:\Windows\SYSTEM32\ntdll.dll+1d34e|C:\Windows\SYSTEM32\ntdll.dll+1ecb9|C:\Windows\System32\KERNEL32.DLL+84d4|C:\Windows\SYSTEM32\ntdll.dll+51821</Data></EventData></Event>
<Event xmlns='http://schemas.microsoft.com/win/2004/08/events/event'><System><Provider Name='Microsoft-Windows-Sysmon' Guid='{5770385F-C22A-43E0-BF4C-06F5698FFBD9}'/><EventID>10</EventID><Version>3</Version><Level>4</Level><Task>10</Task><Opcode>0</Opcode><Keywords>0x8000000000000000</Keywords><TimeCreated SystemTime='2021-03-24T21:50:02.473716400Z'/><EventRecordID>638544</EventRecordID><Correlation/><Execution ProcessID='2148' ThreadID='3040'/><Channel>Microsoft-Windows-Sysmon/Operational</Channel><Computer>win-host-692.attackrange.local</Computer><Security UserID='S-1-5-18'/></System><EventData><Data Name='RuleName'>-</Data><Data Name='UtcTime'>2021-03-24 21:50:02.460</Data><Data Name='SourceProcessGUID'>{BFB545BB-B864-6058-0500-00000000AF01}</Data><Data Name='SourceProcessId'>628</Data><Data Name='SourceThreadId'>1076</Data><Data Name='SourceImage'>C:\Windows\system32\csrss.exe</Data><Data Name='TargetProcessGUID'>{BFB545BB-B40A-605B-2D5A-00000000AF01}</Data><Data Name='TargetProcessId'>3264</Data><Data Name='TargetImage'>C:\Program Files\SplunkUniversalForwarder\bin\splunk-powershell.exe</Data><Data Name='GrantedAccess'>0x1fffff</Data><Data Name='CallTrace'>C:\Windows\SYSTEM32\ntdll.dll+a6084|C:\Windows\system32\basesrv.DLL+2f47|C:\Windows\SYSTEM32\CSRSRV.dll+5645|C:\Windows\SYSTEM32\ntdll.dll+5182f</Data></EventData></Event>
<Event xmlns='http://schemas.microsoft.com/win/2004/08/events/event'><System><Provider Name='Microsoft-Windows-Sysmon' Guid='{5770385F-C22A-43E0-BF4C-06F5698FFBD9}'/><EventID>10</EventID><Version>3</Version><Level>4</Level><Task>10</Task><Opcode>0</Opcode><Keywords>0x8000000000000000</Keywords><TimeCreated SystemTime='2021-03-24T21:50:02.473563600Z'/><EventRecordID>638543</EventRecordID><Correlation/><Execution ProcessID='2148' ThreadID='3040'/><Channel>Microsoft-Windows-Sysmon/Operational</Channel><Computer>win-host-692.attackrange.local</Computer><Security UserID='S-1-5-18'/></System><EventData><Data Name='RuleName'>-</Data><Data Name='UtcTime'>2021-03-24 21:50:02.460</Data><Data Name='SourceProcessGUID'>{BFB545BB-B8FB-6058-A200-00000000AF01}</Data><Data Name='SourceProcessId'>3640</Data><Data Name='SourceThreadId'>1220</Data><Data Name='SourceImage'>C:\Program Files\SplunkUniversalForwarder\bin\splunkd.exe</Data><Data Name='TargetProcessGUID'>{BFB545BB-B40A-605B-2D5A-00000000AF01}</Data><Data Name='TargetProcessId'>3264</Data><Data Name='TargetImage'>C:\Program Files\SplunkUniversalForwarder\bin\splunk-powershell.exe</Data><Data Name='GrantedAccess'>0x1fffff</Data><Data Name='CallTrace'>C:\Windows\SYSTEM32\ntdll.dll+a7354|C:\Windows\System32\KERNELBASE.dll+2b860|C:\Windows\System32\KERNELBASE.dll+6b246|C:\Windows\System32\KERNEL32.DLL+1c213|C:\Program Files\SplunkUniversalForwarder\bin\splunkd.exe+ce6a3b|C:\Program Files\SplunkUniversalForwarder\bin\splunkd.exe+17cade|C:\Program Files\SplunkUniversalForwarder\bin\splunkd.exe+18641d|C:\Program Files\SplunkUniversalForwarder\bin\splunkd.exe+17ef16|C:\Program Files\SplunkUniversalForwarder\bin\splunkd.exe+c992c4|C:\Program Files\SplunkUniversalForwarder\bin\splunkd.exe+18689b|C:\Program Files\SplunkUniversalForwarder\bin\splunkd.exe+189d3c|C:\Program Files\SplunkUniversalForwarder\bin\splunkd.exe+c95f5f|C:\Program Files\SplunkUniversalForwarder\bin\splunkd.exe+c99fad|C:\Program Files\SplunkUniversalForwarder\bin\splunkd.exe+184c5b|C:\Program Files\SplunkUniversalForwarder\bin\splunkd.exe+c7dd7e|C:\Windows\System32\ucrtbase.dll+1fb80|C:\Windows\System32\KERNEL32.DLL+84d4|C:\Windows\SYSTEM32\ntdll.dll+51821</Data></EventData></Event>
<Event xmlns='http://schemas.microsoft.com/win/2004/08/events/event'><System><Provider Name='Microsoft-Windows-Sysmon' Guid='{5770385F-C22A-43E0-BF4C-06F5698FFBD9}'/><EventID>1</EventID><Version>5</Version><Level>4</Level><Task>1</Task><Opcode>0</Opcode><Keywords>0x8000000000000000</Keywords><TimeCreated SystemTime='2021-03-24T21:50:02.473344600Z'/><EventRecordID>638542</EventRecordID><Correlation/><Execution ProcessID='2148' ThreadID='3040'/><Channel>Microsoft-Windows-Sysmon/Operational</Channel><Computer>win-host-692.attackrange.local</Computer><Security UserID='S-1-5-18'/></System><EventData><Data Name='RuleName'>-</Data><Data Name='UtcTime'>2021-03-24 21:50:02.461</Data><Data Name='ProcessGuid'>{BFB545BB-B40A-605B-2D5A-00000000AF01}</Data><Data Name='ProcessId'>3264</Data><Data Name='Image'>C:\Program Files\SplunkUniversalForwarder\bin\splunk-powershell.exe</Data><Data Name='FileVersion'>-</Data><Data Name='Description'>-</Data><Data Name='Product'>-</Data><Data Name='Company'>-</Data><Data Name='OriginalFileName'>-</Data><Data Name='CommandLine'>"C:\Program Files\SplunkUniversalForwarder\bin\splunk-powershell.exe" --ps2</Data><Data Name='CurrentDirectory'>C:\Windows\system32\</Data><Data Name='User'>NT AUTHORITY\SYSTEM</Data><Data Name='LogonGuid'>{BFB545BB-B865-6058-E703-000000000000}</Data><Data Name='LogonId'>0x3e7</Data><Data Name='TerminalSessionId'>0</Data><Data Name='IntegrityLevel'>System</Data><Data Name='Hashes'>MD5=030CC9FD3784684043D9236FF16904DE,SHA256=6C84A212BD1EA1FCC493E9F8ED1C1507E2773F6FE71ACDE265067F3153BE6241,IMPHASH=45491F0E80AC016364EB8FB78BD23A1C</Data><Data Name='ParentProcessGuid'>{BFB545BB-B8FB-6058-A200-00000000AF01}</Data><Data Name='ParentProcessId'>3640</Data><Data Name='ParentImage'>C:\Program Files\SplunkUniversalForwarder\bin\splunkd.exe</Data><Data Name='ParentCommandLine'>"C:\Program Files\SplunkUniversalForwarder\bin\splunkd.exe" service</Data></EventData></Event>
<Event xmlns='http://schemas.microsoft.com/win/2004/08/events/event'><System><Provider Name='Microsoft-Windows-Sysmon' Guid='{5770385F-C22A-43E0-BF4C-06F5698FFBD9}'/><EventID>3</EventID><Version>5</Version><Level>4</Level><Task>3</Task><Opcode>0</Opcode><Keywords>0x8000000000000000</Keywords><TimeCreated SystemTime='2021-03-24T21:50:02.798978000Z'/><EventRecordID>5917759</EventRecordID><Correlation/><Execution ProcessID='2172' ThreadID='2436'/><Channel>Microsoft-Windows-Sysmon/Operational</Channel><Computer>win-dc-792.attackrange.local</Computer><Security UserID='S-1-5-18'/></System><EventData><Data Name='RuleName'>-</Data><Data Name='UtcTime'>2021-03-24 21:49:58.695</Data><Data Name='ProcessGuid'>{00000000-0000-0000-0000-000000000000}</Data><Data Name='ProcessId'>1220</Data><Data Name='Image'>&lt;unknown process&gt;</Data><Data Name='User'>-</Data><Data Name='Protocol'>tcp</Data><Data Name='Initiated'>true</Data><Data Name='SourceIsIpv6'>false</Data><Data Name='SourceIp'>10.0.1.14</Data><Data Name='SourceHostname'>win-dc-792.attackrange.local</Data><Data Name='SourcePort'>1507</Data><Data Name='SourcePortName'>-</Data><Data Name='DestinationIsIpv6'>false</Data><Data Name='DestinationIp'>185.199.111.133</Data><Data Name='DestinationHostname'>cdn-185-199-111-133.github.com</Data><Data Name='DestinationPort'>443</Data><Data Name='DestinationPortName'>https</Data></EventData></Event>
<Event xmlns='http://schemas.microsoft.com/win/2004/08/events/event'><System><Provider Name='Microsoft-Windows-Sysmon' Guid='{5770385F-C22A-43E0-BF4C-06F5698FFBD9}'/><EventID>10</EventID><Version>3</Version><Level>4</Level><Task>10</Task><Opcode>0</Opcode><Keywords>0x8000000000000000</Keywords><TimeCreated SystemTime='2021-03-24T21:50:02.733142000Z'/><EventRecordID>5917758</EventRecordID><Correlation/><Execution ProcessID='2172' ThreadID='616'/><Channel>Microsoft-Windows-Sysmon/Operational</Channel><Computer>win-dc-792.attackrange.local</Computer><Security UserID='S-1-5-18'/></System><EventData><Data Name='RuleName'>-</Data><Data Name='UtcTime'>2021-03-24 21:50:02.732</Data><Data Name='SourceProcessGUID'>{896A638B-B5CA-6058-0C00-00000000AE01}</Data><Data Name='SourceProcessId'>824</Data><Data Name='SourceThreadId'>952</Data><Data Name='SourceImage'>C:\Windows\system32\svchost.exe</Data><Data Name='TargetProcessGUID'>{896A638B-B8F4-6058-D702-00000000AE01}</Data><Data Name='TargetProcessId'>5884</Data><Data Name='TargetImage'>C:\Windows\SystemApps\Microsoft.Windows.Cortana_cw5n1h2txyewy\SearchUI.exe</Data><Data Name='GrantedAccess'>0x3600</Data><Data Name='CallTrace'>C:\Windows\SYSTEM32\ntdll.dll+a6084|C:\Windows\SYSTEM32\psmserviceexthost.dll+966a|C:\Windows\SYSTEM32\psmserviceexthost.dll+776e|C:\Windows\SYSTEM32\psmserviceexthost.dll+347df|C:\Windows\SYSTEM32\psmserviceexthost.dll+32779|C:\Windows\SYSTEM32\psmserviceexthost.dll+22da9|C:\Windows\SYSTEM32\psmserviceexthost.dll+1ede4|C:\Windows\System32\KERNEL32.DLL+84d4|C:\Windows\SYSTEM32\ntdll.dll+51821</Data></EventData></Event>
<Event xmlns='http://schemas.microsoft.com/win/2004/08/events/event'><System><Provider Name='Microsoft-Windows-Sysmon' Guid='{5770385F-C22A-43E0-BF4C-06F5698FFBD9}'/><EventID>10</EventID><Version>3</Version><Level>4</Level><Task>10</Task><Opcode>0</Opcode><Keywords>0x8000000000000000</Keywords><TimeCreated SystemTime='2021-03-24T21:50:02.733019600Z'/><EventRecordID>5917757</EventRecordID><Correlation/><Execution ProcessID='2172' ThreadID='616'/><Channel>Microsoft-Windows-Sysmon/Operational</Channel><Computer>win-dc-792.attackrange.local</Computer><Security UserID='S-1-5-18'/></System><EventData><Data Name='RuleName'>-</Data><Data Name='UtcTime'>2021-03-24 21:50:02.732</Data><Data Name='SourceProcessGUID'>{896A638B-B5CA-6058-0C00-00000000AE01}</Data><Data Name='SourceProcessId'>824</Data><Data Name='SourceThreadId'>952</Data><Data Name='SourceImage'>C:\Windows\system32\svchost.exe</Data><Data Name='TargetProcessGUID'>{896A638B-B8F2-6058-D402-00000000AE01}</Data><Data Name='TargetProcessId'>5648</Data><Data Name='TargetImage'>C:\Windows\SystemApps\ShellExperienceHost_cw5n1h2txyewy\ShellExperienceHost.exe</Data><Data Name='GrantedAccess'>0x3600</Data><Data Name='CallTrace'>C:\Windows\SYSTEM32\ntdll.dll+a6084|C:\Windows\SYSTEM32\psmserviceexthost.dll+966a|C:\Windows\SYSTEM32\psmserviceexthost.dll+776e|C:\Windows\SYSTEM32\psmserviceexthost.dll+347df|C:\Windows\SYSTEM32\psmserviceexthost.dll+32779|C:\Windows\SYSTEM32\psmserviceexthost.dll+22da9|C:\Windows\SYSTEM32\psmserviceexthost.dll+1ede4|C:\Windows\System32\KERNEL32.DLL+84d4|C:\Windows\SYSTEM32\ntdll.dll+51821</Data></EventData></Event>
<Event xmlns='http://schemas.microsoft.com/win/2004/08/events/event'><System><Provider Name='Microsoft-Windows-Sysmon' Guid='{5770385F-C22A-43E0-BF4C-06F5698FFBD9}'/><EventID>3</EventID><Version>5</Version><Level>4</Level><Task>3</Task><Opcode>0</Opcode><Keywords>0x8000000000000000</Keywords><TimeCreated SystemTime='2021-03-24T21:50:02.046802500Z'/><EventRecordID>5917756</EventRecordID><Correlation/><Execution ProcessID='2172' ThreadID='2436'/><Channel>Microsoft-Windows-Sysmon/Operational</Channel><Computer>win-dc-792.attackrange.local</Computer><Security UserID='S-1-5-18'/></System><EventData><Data Name='RuleName'>-</Data><Data Name='UtcTime'>2021-03-24 21:49:58.739</Data><Data Name='ProcessGuid'>{896A638B-FDEB-6058-7912-00000000AE01}</Data><Data Name='ProcessId'>1496</Data><Data Name='Image'>C:\Program Files\SplunkUniversalForwarder\etc\apps\Splunk_TA_stream\windows_x86_64\bin\streamfwd.exe</Data><Data Name='User'>NT AUTHORITY\SYSTEM</Data><Data Name='Protocol'>tcp</Data><Data Name='Initiated'>true</Data><Data Name='SourceIsIpv6'>false</Data><Data Name='SourceIp'>10.0.1.14</Data><Data Name='SourceHostname'>win-dc-792.attackrange.local</Data><Data Name='SourcePort'>1508</Data><Data Name='SourcePortName'>-</Data><Data Name='DestinationIsIpv6'>false</Data><Data Name='DestinationIp'>10.0.1.12</Data><Data Name='DestinationHostname'>-</Data><Data Name='DestinationPort'>8000</Data><Data Name='DestinationPortName'>-</Data></EventData></Event>
<Event xmlns='http://schemas.microsoft.com/win/2004/08/events/event'><System><Provider Name='Microsoft-Windows-Sysmon' Guid='{5770385F-C22A-43E0-BF4C-06F5698FFBD9}'/><EventID>22</EventID><Version>5</Version><Level>4</Level><Task>22</Task><Opcode>0</Opcode><Keywords>0x8000000000000000</Keywords><TimeCreated SystemTime='2021-03-24T21:50:02.013863500Z'/><EventRecordID>5917755</EventRecordID><Correlation/><Execution ProcessID='2172' ThreadID='3052'/><Channel>Microsoft-Windows-Sysmon/Operational</Channel><Computer>win-dc-792.attackrange.local</Computer><Security UserID='S-1-5-18'/></System><EventData><Data Name='RuleName'>-</Data><Data Name='UtcTime'>2021-03-24 21:49:58.699</Data><Data Name='ProcessGuid'>{00000000-0000-0000-0000-000000000000}</Data><Data Name='ProcessId'>1220</Data><Data Name='QueryName'>raw.githubusercontent.com</Data><Data Name='QueryStatus'>0</Data><Data Name='QueryResults'>::ffff:185.199.111.133;::ffff:185.199.108.133;::ffff:185.199.110.133;::ffff:185.199.109.133;</Data><Data Name='Image'>&lt;unknown process&gt;</Data></EventData></Event>
<Event xmlns='http://schemas.microsoft.com/win/2004/08/events/event'><System><Provider Name='Microsoft-Windows-Sysmon' Guid='{5770385F-C22A-43E0-BF4C-06F5698FFBD9}'/><EventID>23</EventID><Version>5</Version><Level>4</Level><Task>23</Task><Opcode>0</Opcode><Keywords>0x8000000000000000</Keywords><TimeCreated SystemTime='2021-03-24T21:50:03.877074100Z'/><EventRecordID>5917782</EventRecordID><Correlation/><Execution ProcessID='2172' ThreadID='616'/><Channel>Microsoft-Windows-Sysmon/Operational</Channel><Computer>win-dc-792.attackrange.local</Computer><Security UserID='S-1-5-18'/></System><EventData><Data Name='RuleName'>-</Data><Data Name='UtcTime'>2021-03-24 21:50:03.876</Data><Data Name='ProcessGuid'>{896A638B-FDF2-6058-8212-00000000AE01}</Data><Data Name='ProcessId'>2788</Data><Data Name='User'>NT AUTHORITY\SYSTEM</Data><Data Name='Image'>C:\Program Files\SplunkUniversalForwarder\bin\splunk-winevtlog.exe</Data><Data Name='TargetFilename'>C:\Program Files\SplunkUniversalForwarder\var\lib\splunk\modinputs\WinEventLog\Microsoft-Windows-Sysmon_Operational</Data><Data Name='Hashes'>MD5=B5B1DF7792D8E3978910D6B0EB10C953,SHA256=ED1A8C91591E094715D970EE73835995E84477655FA8BCCE29010E74C887A11C,IMPHASH=00000000000000000000000000000000</Data><Data Name='IsExecutable'>false</Data><Data Name='Archived'>true</Data></EventData></Event>
<Event xmlns='http://schemas.microsoft.com/win/2004/08/events/event'><System><Provider Name='Microsoft-Windows-Sysmon' Guid='{5770385F-C22A-43E0-BF4C-06F5698FFBD9}'/><EventID>23</EventID><Version>5</Version><Level>4</Level><Task>23</Task><Opcode>0</Opcode><Keywords>0x8000000000000000</Keywords><TimeCreated SystemTime='2021-03-24T21:50:03.876805000Z'/><EventRecordID>5917781</EventRecordID><Correlation/><Execution ProcessID='2172' ThreadID='616'/><Channel>Microsoft-Windows-Sysmon/Operational</Channel><Computer>win-dc-792.attackrange.local</Computer><Security UserID='S-1-5-18'/></System><EventData><Data Name='RuleName'>-</Data><Data Name='UtcTime'>2021-03-24 21:50:03.876</Data><Data Name='ProcessGuid'>{896A638B-FDF2-6058-8212-00000000AE01}</Data><Data Name='ProcessId'>2788</Data><Data Name='User'>NT AUTHORITY\SYSTEM</Data><Data Name='Image'>C:\Program Files\SplunkUniversalForwarder\bin\splunk-winevtlog.exe</Data><Data Name='TargetFilename'>C:\Program Files\SplunkUniversalForwarder\var\lib\splunk\modinputs\WinEventLog\Security</Data><Data Name='Hashes'>MD5=31D71773BEF527A40554E4686EA53568,SHA256=2B5A31C6CF602F3868E7535AF2C3547C96A6C36D45346993327436013FF2612D,IMPHASH=00000000000000000000000000000000</Data><Data Name='IsExecutable'>false</Data><Data Name='Archived'>true</Data></EventData></Event>
<Event xmlns='http://schemas.microsoft.com/win/2004/08/events/event'><System><Provider Name='Microsoft-Windows-Sysmon' Guid='{5770385F-C22A-43E0-BF4C-06F5698FFBD9}'/><EventID>10</EventID><Version>3</Version><Level>4</Level><Task>10</Task><Opcode>0</Opcode><Keywords>0x8000000000000000</Keywords><TimeCreated SystemTime='2021-03-24T21:50:03.819009600Z'/><EventRecordID>638584</EventRecordID><Correlation/><Execution ProcessID='2148' ThreadID='3040'/><Channel>Microsoft-Windows-Sysmon/Operational</Channel><Computer>win-host-692.attackrange.local</Computer><Security UserID='S-1-5-18'/></System><EventData><Data Name='RuleName'>-</Data><Data Name='UtcTime'>2021-03-24 21:50:03.804</Data><Data Name='SourceProcessGUID'>{BFB545BB-B8FB-6058-A600-00000000AF01}</Data><Data Name='SourceProcessId'>808</Data><Data Name='SourceThreadId'>3700</Data><Data Name='SourceImage'>C:\Windows\system32\conhost.exe</Data><Data Name='TargetProcessGUID'>{BFB545BB-B40B-605B-2F5A-00000000AF01}</Data><Data Name='TargetProcessId'>2980</Data><Data Name='TargetImage'>C:\Program Files\SplunkUniversalForwarder\bin\splunk-winprintmon.exe</Data><Data Name='GrantedAccess'>0x1fffff</Data><Data Name='CallTrace'>C:\Windows\SYSTEM32\ntdll.dll+a6084|C:\Windows\SYSTEM32\ConhostV2.dll+5c07|C:\Windows\SYSTEM32\ConhostV2.dll+76ab|C:\Windows\SYSTEM32\ConhostV2.dll+a84c|C:\Windows\System32\KERNEL32.DLL+84d4|C:\Windows\SYSTEM32\ntdll.dll+51821</Data></EventData></Event>
<Event xmlns='http://schemas.microsoft.com/win/2004/08/events/event'><System><Provider Name='Microsoft-Windows-Sysmon' Guid='{5770385F-C22A-43E0-BF4C-06F5698FFBD9}'/><EventID>10</EventID><Version>3</Version><Level>4</Level><Task>10</Task><Opcode>0</Opcode><Keywords>0x8000000000000000</Keywords><TimeCreated SystemTime='2021-03-24T21:50:03.818420500Z'/><EventRecordID>638583</EventRecordID><Correlation/><Execution ProcessID='2148' ThreadID='3040'/><Channel>Microsoft-Windows-Sysmon/Operational</Channel><Computer>win-host-692.attackrange.local</Computer><Security UserID='S-1-5-18'/></System><EventData><Data Name='RuleName'>-</Data><Data Name='UtcTime'>2021-03-24 21:50:03.804</Data><Data Name='SourceProcessGUID'>{BFB545BB-B865-6058-0C00-00000000AF01}</Data><Data Name='SourceProcessId'>940</Data><Data Name='SourceThreadId'>3028</Data><Data Name='SourceImage'>C:\Windows\system32\svchost.exe</Data><Data Name='TargetProcessGUID'>{BFB545BB-B866-6058-1C00-00000000AF01}</Data><Data Name='TargetProcessId'>2148</Data><Data Name='TargetImage'>C:\Windows\sysmon64.exe</Data><Data Name='GrantedAccess'>0x1400</Data><Data Name='CallTrace'>C:\Windows\SYSTEM32\ntdll.dll+a6084|C:\Windows\System32\KERNELBASE.dll+5eab4|c:\windows\system32\lsm.dll+e9d6|c:\windows\system32\lsm.dll+d3ae|C:\Windows\System32\RPCRT4.dll+78e23|C:\Windows\System32\RPCRT4.dll+d96bd|C:\Windows\System32\RPCRT4.dll+6194c|C:\Windows\System32\RPCRT4.dll+52bf4|C:\Windows\System32\RPCRT4.dll+51b0d|C:\Windows\System32\RPCRT4.dll+523bb|C:\Windows\System32\RPCRT4.dll+2469c|C:\Windows\System32\RPCRT4.dll+24b1c|C:\Windows\System32\RPCRT4.dll+111bc|C:\Windows\System32\RPCRT4.dll+12a1b|C:\Windows\System32\RPCRT4.dll+1e12a|C:\Windows\SYSTEM32\ntdll.dll+1d34e|C:\Windows\SYSTEM32\ntdll.dll+1ecb9|C:\Windows\System32\KERNEL32.DLL+84d4|C:\Windows\SYSTEM32\ntdll.dll+51821</Data></EventData></Event>
<Event xmlns='http://schemas.microsoft.com/win/2004/08/events/event'><System><Provider Name='Microsoft-Windows-Sysmon' Guid='{5770385F-C22A-43E0-BF4C-06F5698FFBD9}'/><EventID>10</EventID><Version>3</Version><Level>4</Level><Task>10</Task><Opcode>0</Opcode><Keywords>0x8000000000000000</Keywords><TimeCreated SystemTime='2021-03-24T21:50:03.818351600Z'/><EventRecordID>638582</EventRecordID><Correlation/><Execution ProcessID='2148' ThreadID='3040'/><Channel>Microsoft-Windows-Sysmon/Operational</Channel><Computer>win-host-692.attackrange.local</Computer><Security UserID='S-1-5-18'/></System><EventData><Data Name='RuleName'>-</Data><Data Name='UtcTime'>2021-03-24 21:50:03.804</Data><Data Name='SourceProcessGUID'>{BFB545BB-B865-6058-0C00-00000000AF01}</Data><Data Name='SourceProcessId'>940</Data><Data Name='SourceThreadId'>3028</Data><Data Name='SourceImage'>C:\Windows\system32\svchost.exe</Data><Data Name='TargetProcessGUID'>{BFB545BB-B866-6058-1C00-00000000AF01}</Data><Data Name='TargetProcessId'>2148</Data><Data Name='TargetImage'>C:\Windows\sysmon64.exe</Data><Data Name='GrantedAccess'>0x1400</Data><Data Name='CallTrace'>C:\Windows\SYSTEM32\ntdll.dll+a6084|C:\Windows\System32\KERNELBASE.dll+5eab4|c:\windows\system32\lsm.dll+11aad|C:\Windows\System32\RPCRT4.dll+78e23|C:\Windows\System32\RPCRT4.dll+d96bd|C:\Windows\System32\RPCRT4.dll+6194c|C:\Windows\System32\RPCRT4.dll+52bf4|C:\Windows\System32\RPCRT4.dll+51b0d|C:\Windows\System32\RPCRT4.dll+523bb|C:\Windows\System32\RPCRT4.dll+2469c|C:\Windows\System32\RPCRT4.dll+24b1c|C:\Windows\System32\RPCRT4.dll+111bc|C:\Windows\System32\RPCRT4.dll+12a1b|C:\Windows\System32\RPCRT4.dll+1e12a|C:\Windows\SYSTEM32\ntdll.dll+1d34e|C:\Windows\SYSTEM32\ntdll.dll+1ecb9|C:\Windows\System32\KERNEL32.DLL+84d4|C:\Windows\SYSTEM32\ntdll.dll+51821</Data></EventData></Event>
<Event xmlns='http://schemas.microsoft.com/win/2004/08/events/event'><System><Provider Name='Microsoft-Windows-Sysmon' Guid='{5770385F-C22A-43E0-BF4C-06F5698FFBD9}'/><EventID>10</EventID><Version>3</Version><Level>4</Level><Task>10</Task><Opcode>0</Opcode><Keywords>0x8000000000000000</Keywords><TimeCreated SystemTime='2021-03-24T21:50:03.818100200Z'/><EventRecordID>638581</EventRecordID><Correlation/><Execution ProcessID='2148' ThreadID='3040'/><Channel>Microsoft-Windows-Sysmon/Operational</Channel><Computer>win-host-692.attackrange.local</Computer><Security UserID='S-1-5-18'/></System><EventData><Data Name='RuleName'>-</Data><Data Name='UtcTime'>2021-03-24 21:50:03.804</Data><Data Name='SourceProcessGUID'>{BFB545BB-B865-6058-0C00-00000000AF01}</Data><Data Name='SourceProcessId'>940</Data><Data Name='SourceThreadId'>3028</Data><Data Name='SourceImage'>C:\Windows\system32\svchost.exe</Data><Data Name='TargetProcessGUID'>{BFB545BB-B866-6058-1C00-00000000AF01}</Data><Data Name='TargetProcessId'>2148</Data><Data Name='TargetImage'>C:\Windows\sysmon64.exe</Data><Data Name='GrantedAccess'>0x1400</Data><Data Name='CallTrace'>C:\Windows\SYSTEM32\ntdll.dll+a6084|C:\Windows\System32\KERNELBASE.dll+5eab4|c:\windows\system32\lsm.dll+11058|C:\Windows\System32\RPCRT4.dll+78e23|C:\Windows\System32\RPCRT4.dll+d96bd|C:\Windows\System32\RPCRT4.dll+6194c|C:\Windows\System32\RPCRT4.dll+52bf4|C:\Windows\System32\RPCRT4.dll+51b0d|C:\Windows\System32\RPCRT4.dll+523bb|C:\Windows\System32\RPCRT4.dll+2469c|C:\Windows\System32\RPCRT4.dll+24b1c|C:\Windows\System32\RPCRT4.dll+111bc|C:\Windows\System32\RPCRT4.dll+12a1b|C:\Windows\System32\RPCRT4.dll+1e12a|C:\Windows\SYSTEM32\ntdll.dll+1d34e|C:\Windows\SYSTEM32\ntdll.dll+1ecb9|C:\Windows\System32\KERNEL32.DLL+84d4|C:\Windows\SYSTEM32\ntdll.dll+51821</Data></EventData></Event>
<Event xmlns='http://schemas.microsoft.com/win/2004/08/events/event'><System><Provider Name='Microsoft-Windows-Sysmon' Guid='{5770385F-C22A-43E0-BF4C-06F5698FFBD9}'/><EventID>10</EventID><Version>3</Version><Level>4</Level><Task>10</Task><Opcode>0</Opcode><Keywords>0x8000000000000000</Keywords><TimeCreated SystemTime='2021-03-24T21:50:03.818034900Z'/><EventRecordID>638580</EventRecordID><Correlation/><Execution ProcessID='2148' ThreadID='3040'/><Channel>Microsoft-Windows-Sysmon/Operational</Channel><Computer>win-host-692.attackrange.local</Computer><Security UserID='S-1-5-18'/></System><EventData><Data Name='RuleName'>-</Data><Data Name='UtcTime'>2021-03-24 21:50:03.804</Data><Data Name='SourceProcessGUID'>{BFB545BB-B865-6058-0C00-00000000AF01}</Data><Data Name='SourceProcessId'>940</Data><Data Name='SourceThreadId'>3028</Data><Data Name='SourceImage'>C:\Windows\system32\svchost.exe</Data><Data Name='TargetProcessGUID'>{BFB545BB-B866-6058-1C00-00000000AF01}</Data><Data Name='TargetProcessId'>2148</Data><Data Name='TargetImage'>C:\Windows\sysmon64.exe</Data><Data Name='GrantedAccess'>0x1400</Data><Data Name='CallTrace'>C:\Windows\SYSTEM32\ntdll.dll+a6084|C:\Windows\System32\KERNELBASE.dll+5eab4|c:\windows\system32\lsm.dll+12023|C:\Windows\System32\RPCRT4.dll+78e23|C:\Windows\System32\RPCRT4.dll+d96bd|C:\Windows\System32\RPCRT4.dll+6194c|C:\Windows\System32\RPCRT4.dll+52bf4|C:\Windows\System32\RPCRT4.dll+51b0d|C:\Windows\System32\RPCRT4.dll+523bb|C:\Windows\System32\RPCRT4.dll+2469c|C:\Windows\System32\RPCRT4.dll+24b1c|C:\Windows\System32\RPCRT4.dll+111bc|C:\Windows\System32\RPCRT4.dll+12a1b|C:\Windows\System32\RPCRT4.dll+1e12a|C:\Windows\SYSTEM32\ntdll.dll+1d34e|C:\Windows\SYSTEM32\ntdll.dll+1ecb9|C:\Windows\System32\KERNEL32.DLL+84d4|C:\Windows\SYSTEM32\ntdll.dll+51821</Data></EventData></Event>
<Event xmlns='http://schemas.microsoft.com/win/2004/08/events/event'><System><Provider Name='Microsoft-Windows-Sysmon' Guid='{5770385F-C22A-43E0-BF4C-06F5698FFBD9}'/><EventID>10</EventID><Version>3</Version><Level>4</Level><Task>10</Task><Opcode>0</Opcode><Keywords>0x8000000000000000</Keywords><TimeCreated SystemTime='2021-03-24T21:50:03.817696800Z'/><EventRecordID>638579</EventRecordID><Correlation/><Execution ProcessID='2148' ThreadID='3040'/><Channel>Microsoft-Windows-Sysmon/Operational</Channel><Computer>win-host-692.attackrange.local</Computer><Security UserID='S-1-5-18'/></System><EventData><Data Name='RuleName'>-</Data><Data Name='UtcTime'>2021-03-24 21:50:03.804</Data><Data Name='SourceProcessGUID'>{BFB545BB-B865-6058-0C00-00000000AF01}</Data><Data Name='SourceProcessId'>940</Data><Data Name='SourceThreadId'>3028</Data><Data Name='SourceImage'>C:\Windows\system32\svchost.exe</Data><Data Name='TargetProcessGUID'>{BFB545BB-B866-6058-1C00-00000000AF01}</Data><Data Name='TargetProcessId'>2148</Data><Data Name='TargetImage'>C:\Windows\sysmon64.exe</Data><Data Name='GrantedAccess'>0x1400</Data><Data Name='CallTrace'>C:\Windows\SYSTEM32\ntdll.dll+a6084|C:\Windows\System32\KERNELBASE.dll+5eab4|c:\windows\system32\lsm.dll+e9d6|c:\windows\system32\lsm.dll+8fc1|c:\windows\system32\lsm.dll+8eb0|C:\Windows\System32\RPCRT4.dll+78e23|C:\Windows\System32\RPCRT4.dll+d96bd|C:\Windows\System32\RPCRT4.dll+6194c|C:\Windows\System32\RPCRT4.dll+52bf4|C:\Windows\System32\RPCRT4.dll+51b0d|C:\Windows\System32\RPCRT4.dll+523bb|C:\Windows\System32\RPCRT4.dll+2469c|C:\Windows\System32\RPCRT4.dll+24b1c|C:\Windows\System32\RPCRT4.dll+111bc|C:\Windows\System32\RPCRT4.dll+12a1b|C:\Windows\System32\RPCRT4.dll+1e12a|C:\Windows\SYSTEM32\ntdll.dll+1d34e|C:\Windows\SYSTEM32\ntdll.dll+1ecb9|C:\Windows\System32\KERNEL32.DLL+84d4|C:\Windows\SYSTEM32\ntdll.dll+51821</Data></EventData></Event>
<Event xmlns='http://schemas.microsoft.com/win/2004/08/events/event'><System><Provider Name='Microsoft-Windows-Sysmon' Guid='{5770385F-C22A-43E0-BF4C-06F5698FFBD9}'/><EventID>10</EventID><Version>3</Version><Level>4</Level><Task>10</Task><Opcode>0</Opcode><Keywords>0x8000000000000000</Keywords><TimeCreated SystemTime='2021-03-24T21:50:03.817635100Z'/><EventRecordID>638578</EventRecordID><Correlation/><Execution ProcessID='2148' ThreadID='3040'/><Channel>Microsoft-Windows-Sysmon/Operational</Channel><Computer>win-host-692.attackrange.local</Computer><Security UserID='S-1-5-18'/></System><EventData><Data Name='RuleName'>-</Data><Data Name='UtcTime'>2021-03-24 21:50:03.804</Data><Data Name='SourceProcessGUID'>{BFB545BB-B865-6058-0C00-00000000AF01}</Data><Data Name='SourceProcessId'>940</Data><Data Name='SourceThreadId'>3028</Data><Data Name='SourceImage'>C:\Windows\system32\svchost.exe</Data><Data Name='TargetProcessGUID'>{BFB545BB-B866-6058-1C00-00000000AF01}</Data><Data Name='TargetProcessId'>2148</Data><Data Name='TargetImage'>C:\Windows\sysmon64.exe</Data><Data Name='GrantedAccess'>0x1400</Data><Data Name='CallTrace'>C:\Windows\SYSTEM32\ntdll.dll+a6084|C:\Windows\System32\KERNELBASE.dll+5eab4|c:\windows\system32\lsm.dll+e9d6|c:\windows\system32\lsm.dll+8e6f|C:\Windows\System32\RPCRT4.dll+78e23|C:\Windows\System32\RPCRT4.dll+d96bd|C:\Windows\System32\RPCRT4.dll+6194c|C:\Windows\System32\RPCRT4.dll+52bf4|C:\Windows\System32\RPCRT4.dll+51b0d|C:\Windows\System32\RPCRT4.dll+523bb|C:\Windows\System32\RPCRT4.dll+2469c|C:\Windows\System32\RPCRT4.dll+24b1c|C:\Windows\System32\RPCRT4.dll+111bc|C:\Windows\System32\RPCRT4.dll+12a1b|C:\Windows\System32\RPCRT4.dll+1e12a|C:\Windows\SYSTEM32\ntdll.dll+1d34e|C:\Windows\SYSTEM32\ntdll.dll+1ecb9|C:\Windows\System32\KERNEL32.DLL+84d4|C:\Windows\SYSTEM32\ntdll.dll+51821</Data></EventData></Event>
<Event xmlns='http://schemas.microsoft.com/win/2004/08/events/event'><System><Provider Name='Microsoft-Windows-Sysmon' Guid='{5770385F-C22A-43E0-BF4C-06F5698FFBD9}'/><EventID>10</EventID><Version>3</Version><Level>4</Level><Task>10</Task><Opcode>0</Opcode><Keywords>0x8000000000000000</Keywords><TimeCreated SystemTime='2021-03-24T21:50:03.817570100Z'/><EventRecordID>638577</EventRecordID><Correlation/><Execution ProcessID='2148' ThreadID='3040'/><Channel>Microsoft-Windows-Sysmon/Operational</Channel><Computer>win-host-692.attackrange.local</Computer><Security UserID='S-1-5-18'/></System><EventData><Data Name='RuleName'>-</Data><Data Name='UtcTime'>2021-03-24 21:50:03.804</Data><Data Name='SourceProcessGUID'>{BFB545BB-B865-6058-0C00-00000000AF01}</Data><Data Name='SourceProcessId'>940</Data><Data Name='SourceThreadId'>3028</Data><Data Name='SourceImage'>C:\Windows\system32\svchost.exe</Data><Data Name='TargetProcessGUID'>{BFB545BB-B866-6058-1C00-00000000AF01}</Data><Data Name='TargetProcessId'>2148</Data><Data Name='TargetImage'>C:\Windows\sysmon64.exe</Data><Data Name='GrantedAccess'>0x1400</Data><Data Name='CallTrace'>C:\Windows\SYSTEM32\ntdll.dll+a6084|C:\Windows\System32\KERNELBASE.dll+5eab4|c:\windows\system32\lsm.dll+11aad|C:\Windows\System32\RPCRT4.dll+78e23|C:\Windows\System32\RPCRT4.dll+d96bd|C:\Windows\System32\RPCRT4.dll+6194c|C:\Windows\System32\RPCRT4.dll+52bf4|C:\Windows\System32\RPCRT4.dll+51b0d|C:\Windows\System32\RPCRT4.dll+523bb|C:\Windows\System32\RPCRT4.dll+2469c|C:\Windows\System32\RPCRT4.dll+24b1c|C:\Windows\System32\RPCRT4.dll+111bc|C:\Windows\System32\RPCRT4.dll+12a1b|C:\Windows\System32\RPCRT4.dll+1e12a|C:\Windows\SYSTEM32\ntdll.dll+1d34e|C:\Windows\SYSTEM32\ntdll.dll+1ecb9|C:\Windows\System32\KERNEL32.DLL+84d4|C:\Windows\SYSTEM32\ntdll.dll+51821</Data></EventData></Event>
<Event xmlns='http://schemas.microsoft.com/win/2004/08/events/event'><System><Provider Name='Microsoft-Windows-Sysmon' Guid='{5770385F-C22A-43E0-BF4C-06F5698FFBD9}'/><EventID>10</EventID><Version>3</Version><Level>4</Level><Task>10</Task><Opcode>0</Opcode><Keywords>0x8000000000000000</Keywords><TimeCreated SystemTime='2021-03-24T21:50:03.817510600Z'/><EventRecordID>638576</EventRecordID><Correlation/><Execution ProcessID='2148' ThreadID='3040'/><Channel>Microsoft-Windows-Sysmon/Operational</Channel><Computer>win-host-692.attackrange.local</Computer><Security UserID='S-1-5-18'/></System><EventData><Data Name='RuleName'>-</Data><Data Name='UtcTime'>2021-03-24 21:50:03.804</Data><Data Name='SourceProcessGUID'>{BFB545BB-B865-6058-0C00-00000000AF01}</Data><Data Name='SourceProcessId'>940</Data><Data Name='SourceThreadId'>3028</Data><Data Name='SourceImage'>C:\Windows\system32\svchost.exe</Data><Data Name='TargetProcessGUID'>{BFB545BB-B866-6058-1C00-00000000AF01}</Data><Data Name='TargetProcessId'>2148</Data><Data Name='TargetImage'>C:\Windows\sysmon64.exe</Data><Data Name='GrantedAccess'>0x1400</Data><Data Name='CallTrace'>C:\Windows\SYSTEM32\ntdll.dll+a6084|C:\Windows\System32\KERNELBASE.dll+5eab4|c:\windows\system32\lsm.dll+11058|C:\Windows\System32\RPCRT4.dll+78e23|C:\Windows\System32\RPCRT4.dll+d96bd|C:\Windows\System32\RPCRT4.dll+6194c|C:\Windows\System32\RPCRT4.dll+52bf4|C:\Windows\System32\RPCRT4.dll+51b0d|C:\Windows\System32\RPCRT4.dll+523bb|C:\Windows\System32\RPCRT4.dll+2469c|C:\Windows\System32\RPCRT4.dll+24b1c|C:\Windows\System32\RPCRT4.dll+111bc|C:\Windows\System32\RPCRT4.dll+12a1b|C:\Windows\System32\RPCRT4.dll+1e12a|C:\Windows\SYSTEM32\ntdll.dll+1d34e|C:\Windows\SYSTEM32\ntdll.dll+1ecb9|C:\Windows\System32\KERNEL32.DLL+84d4|C:\Windows\SYSTEM32\ntdll.dll+51821</Data></EventData></Event>
<Event xmlns='http://schemas.microsoft.com/win/2004/08/events/event'><System><Provider Name='Microsoft-Windows-Sysmon' Guid='{5770385F-C22A-43E0-BF4C-06F5698FFBD9}'/><EventID>10</EventID><Version>3</Version><Level>4</Level><Task>10</Task><Opcode>0</Opcode><Keywords>0x8000000000000000</Keywords><TimeCreated SystemTime='2021-03-24T21:50:03.817450500Z'/><EventRecordID>638575</EventRecordID><Correlation/><Execution ProcessID='2148' ThreadID='3040'/><Channel>Microsoft-Windows-Sysmon/Operational</Channel><Computer>win-host-692.attackrange.local</Computer><Security UserID='S-1-5-18'/></System><EventData><Data Name='RuleName'>-</Data><Data Name='UtcTime'>2021-03-24 21:50:03.804</Data><Data Name='SourceProcessGUID'>{BFB545BB-B865-6058-0C00-00000000AF01}</Data><Data Name='SourceProcessId'>940</Data><Data Name='SourceThreadId'>3028</Data><Data Name='SourceImage'>C:\Windows\system32\svchost.exe</Data><Data Name='TargetProcessGUID'>{BFB545BB-B866-6058-1C00-00000000AF01}</Data><Data Name='TargetProcessId'>2148</Data><Data Name='TargetImage'>C:\Windows\sysmon64.exe</Data><Data Name='GrantedAccess'>0x1400</Data><Data Name='CallTrace'>C:\Windows\SYSTEM32\ntdll.dll+a6084|C:\Windows\System32\KERNELBASE.dll+5eab4|c:\windows\system32\lsm.dll+12023|C:\Windows\System32\RPCRT4.dll+78e23|C:\Windows\System32\RPCRT4.dll+d96bd|C:\Windows\System32\RPCRT4.dll+6194c|C:\Windows\System32\RPCRT4.dll+52bf4|C:\Windows\System32\RPCRT4.dll+51b0d|C:\Windows\System32\RPCRT4.dll+523bb|C:\Windows\System32\RPCRT4.dll+2469c|C:\Windows\System32\RPCRT4.dll+24b1c|C:\Windows\System32\RPCRT4.dll+111bc|C:\Windows\System32\RPCRT4.dll+12a1b|C:\Windows\System32\RPCRT4.dll+1e12a|C:\Windows\SYSTEM32\ntdll.dll+1d34e|C:\Windows\SYSTEM32\ntdll.dll+1ecb9|C:\Windows\System32\KERNEL32.DLL+84d4|C:\Windows\SYSTEM32\ntdll.dll+51821</Data></EventData></Event>
<Event xmlns='http://schemas.microsoft.com/win/2004/08/events/event'><System><Provider Name='Microsoft-Windows-Sysmon' Guid='{5770385F-C22A-43E0-BF4C-06F5698FFBD9}'/><EventID>10</EventID><Version>3</Version><Level>4</Level><Task>10</Task><Opcode>0</Opcode><Keywords>0x8000000000000000</Keywords><TimeCreated SystemTime='2021-03-24T21:50:03.817374400Z'/><EventRecordID>638574</EventRecordID><Correlation/><Execution ProcessID='2148' ThreadID='3040'/><Channel>Microsoft-Windows-Sysmon/Operational</Channel><Computer>win-host-692.attackrange.local</Computer><Security UserID='S-1-5-18'/></System><EventData><Data Name='RuleName'>-</Data><Data Name='UtcTime'>2021-03-24 21:50:03.804</Data><Data Name='SourceProcessGUID'>{BFB545BB-B864-6058-0500-00000000AF01}</Data><Data Name='SourceProcessId'>628</Data><Data Name='SourceThreadId'>744</Data><Data Name='SourceImage'>C:\Windows\system32\csrss.exe</Data><Data Name='TargetProcessGUID'>{BFB545BB-B40B-605B-2F5A-00000000AF01}</Data><Data Name='TargetProcessId'>2980</Data><Data Name='TargetImage'>C:\Program Files\SplunkUniversalForwarder\bin\splunk-winprintmon.exe</Data><Data Name='GrantedAccess'>0x1fffff</Data><Data Name='CallTrace'>C:\Windows\SYSTEM32\ntdll.dll+a6084|C:\Windows\system32\basesrv.DLL+2f47|C:\Windows\SYSTEM32\CSRSRV.dll+5645|C:\Windows\SYSTEM32\ntdll.dll+5182f</Data></EventData></Event>
<Event xmlns='http://schemas.microsoft.com/win/2004/08/events/event'><System><Provider Name='Microsoft-Windows-Sysmon' Guid='{5770385F-C22A-43E0-BF4C-06F5698FFBD9}'/><EventID>10</EventID><Version>3</Version><Level>4</Level><Task>10</Task><Opcode>0</Opcode><Keywords>0x8000000000000000</Keywords><TimeCreated SystemTime='2021-03-24T21:50:03.817227500Z'/><EventRecordID>638573</EventRecordID><Correlation/><Execution ProcessID='2148' ThreadID='3040'/><Channel>Microsoft-Windows-Sysmon/Operational</Channel><Computer>win-host-692.attackrange.local</Computer><Security UserID='S-1-5-18'/></System><EventData><Data Name='RuleName'>-</Data><Data Name='UtcTime'>2021-03-24 21:50:03.804</Data><Data Name='SourceProcessGUID'>{BFB545BB-B8FB-6058-A200-00000000AF01}</Data><Data Name='SourceProcessId'>3640</Data><Data Name='SourceThreadId'>1220</Data><Data Name='SourceImage'>C:\Program Files\SplunkUniversalForwarder\bin\splunkd.exe</Data><Data Name='TargetProcessGUID'>{BFB545BB-B40B-605B-2F5A-00000000AF01}</Data><Data Name='TargetProcessId'>2980</Data><Data Name='TargetImage'>C:\Program Files\SplunkUniversalForwarder\bin\splunk-winprintmon.exe</Data><Data Name='GrantedAccess'>0x1fffff</Data><Data Name='CallTrace'>C:\Windows\SYSTEM32\ntdll.dll+a7354|C:\Windows\System32\KERNELBASE.dll+2b860|C:\Windows\System32\KERNELBASE.dll+6b246|C:\Windows\System32\KERNEL32.DLL+1c213|C:\Program Files\SplunkUniversalForwarder\bin\splunkd.exe+ce6a3b|C:\Program Files\SplunkUniversalForwarder\bin\splunkd.exe+17cade|C:\Program Files\SplunkUniversalForwarder\bin\splunkd.exe+18641d|C:\Program Files\SplunkUniversalForwarder\bin\splunkd.exe+17ef16|C:\Program Files\SplunkUniversalForwarder\bin\splunkd.exe+c992c4|C:\Program Files\SplunkUniversalForwarder\bin\splunkd.exe+18689b|C:\Program Files\SplunkUniversalForwarder\bin\splunkd.exe+189d3c|C:\Program Files\SplunkUniversalForwarder\bin\splunkd.exe+c95f5f|C:\Program Files\SplunkUniversalForwarder\bin\splunkd.exe+c99fad|C:\Program Files\SplunkUniversalForwarder\bin\splunkd.exe+184c5b|C:\Program Files\SplunkUniversalForwarder\bin\splunkd.exe+c7dd7e|C:\Windows\System32\ucrtbase.dll+1fb80|C:\Windows\System32\KERNEL32.DLL+84d4|C:\Windows\SYSTEM32\ntdll.dll+51821</Data></EventData></Event>
<Event xmlns='http://schemas.microsoft.com/win/2004/08/events/event'><System><Provider Name='Microsoft-Windows-Sysmon' Guid='{5770385F-C22A-43E0-BF4C-06F5698FFBD9}'/><EventID>1</EventID><Version>5</Version><Level>4</Level><Task>1</Task><Opcode>0</Opcode><Keywords>0x8000000000000000</Keywords><TimeCreated SystemTime='2021-03-24T21:50:03.817036700Z'/><EventRecordID>638572</EventRecordID><Correlation/><Execution ProcessID='2148' ThreadID='3040'/><Channel>Microsoft-Windows-Sysmon/Operational</Channel><Computer>win-host-692.attackrange.local</Computer><Security UserID='S-1-5-18'/></System><EventData><Data Name='RuleName'>-</Data><Data Name='UtcTime'>2021-03-24 21:50:03.804</Data><Data Name='ProcessGuid'>{BFB545BB-B40B-605B-2F5A-00000000AF01}</Data><Data Name='ProcessId'>2980</Data><Data Name='Image'>C:\Program Files\SplunkUniversalForwarder\bin\splunk-winprintmon.exe</Data><Data Name='FileVersion'>8.0.2</Data><Data Name='Description'>Windows Print Monitor </Data><Data Name='Product'>splunk Application</Data><Data Name='Company'>Splunk Inc.</Data><Data Name='OriginalFileName'>splunk-winprintmon.exe</Data><Data Name='CommandLine'>"C:\Program Files\SplunkUniversalForwarder\bin\splunk-winprintmon.exe"</Data><Data Name='CurrentDirectory'>C:\Windows\system32\</Data><Data Name='User'>NT AUTHORITY\SYSTEM</Data><Data Name='LogonGuid'>{BFB545BB-B865-6058-E703-000000000000}</Data><Data Name='LogonId'>0x3e7</Data><Data Name='TerminalSessionId'>0</Data><Data Name='IntegrityLevel'>System</Data><Data Name='Hashes'>MD5=36D3753920C5BBCA16D12DEAD7A3A904,SHA256=EA17F69FB116CFA6ADC3CE07EBBAE3FD2CB221F25E3F7A9ADF3F15DA051831E2,IMPHASH=264D4B9546D98D77D97F569F55A0B748</Data><Data Name='ParentProcessGuid'>{BFB545BB-B8FB-6058-A200-00000000AF01}</Data><Data Name='ParentProcessId'>3640</Data><Data Name='ParentImage'>C:\Program Files\SplunkUniversalForwarder\bin\splunkd.exe</Data><Data Name='ParentCommandLine'>"C:\Program Files\SplunkUniversalForwarder\bin\splunkd.exe" service</Data></EventData></Event>
<Event xmlns='http://schemas.microsoft.com/win/2004/08/events/event'><System><Provider Name='Microsoft-Windows-Sysmon' Guid='{5770385F-C22A-43E0-BF4C-06F5698FFBD9}'/><EventID>10</EventID><Version>3</Version><Level>4</Level><Task>10</Task><Opcode>0</Opcode><Keywords>0x8000000000000000</Keywords><TimeCreated SystemTime='2021-03-24T21:50:03.296671900Z'/><EventRecordID>638571</EventRecordID><Correlation/><Execution ProcessID='2148' ThreadID='3040'/><Channel>Microsoft-Windows-Sysmon/Operational</Channel><Computer>win-host-692.attackrange.local</Computer><Security UserID='S-1-5-18'/></System><EventData><Data Name='RuleName'>-</Data><Data Name='UtcTime'>2021-03-24 21:50:03.288</Data><Data Name='SourceProcessGUID'>{BFB545BB-B40B-605B-2E5A-00000000AF01}</Data><Data Name='SourceProcessId'>592</Data><Data Name='SourceThreadId'>3164</Data><Data Name='SourceImage'>C:\Program Files\SplunkUniversalForwarder\bin\splunk-regmon.exe</Data><Data Name='TargetProcessGUID'>{BFB545BB-B8FB-6058-A200-00000000AF01}</Data><Data Name='TargetProcessId'>3640</Data><Data Name='TargetImage'>C:\Program Files\SplunkUniversalForwarder\bin\splunkd.exe</Data><Data Name='GrantedAccess'>0x101400</Data><Data Name='CallTrace'>C:\Windows\SYSTEM32\ntdll.dll+a6084|C:\Windows\System32\KERNELBASE.dll+221bd|C:\Program Files\SplunkUniversalForwarder\bin\splunk-regmon.exe+5691a5|C:\Program Files\SplunkUniversalForwarder\bin\splunk-regmon.exe+568cd6|C:\Program Files\SplunkUniversalForwarder\bin\splunk-regmon.exe+56657|C:\Program Files\SplunkUniversalForwarder\bin\splunk-regmon.exe+56ca7|C:\Program Files\SplunkUniversalForwarder\bin\splunk-regmon.exe+8f3800|C:\Windows\System32\KERNEL32.DLL+84d4|C:\Windows\SYSTEM32\ntdll.dll+51821</Data></EventData></Event>
<Event xmlns='http://schemas.microsoft.com/win/2004/08/events/event'><System><Provider Name='Microsoft-Windows-Sysmon' Guid='{5770385F-C22A-43E0-BF4C-06F5698FFBD9}'/><EventID>10</EventID><Version>3</Version><Level>4</Level><Task>10</Task><Opcode>0</Opcode><Keywords>0x8000000000000000</Keywords><TimeCreated SystemTime='2021-03-24T21:50:03.147208400Z'/><EventRecordID>638570</EventRecordID><Correlation/><Execution ProcessID='2148' ThreadID='3040'/><Channel>Microsoft-Windows-Sysmon/Operational</Channel><Computer>win-host-692.attackrange.local</Computer><Security UserID='S-1-5-18'/></System><EventData><Data Name='RuleName'>-</Data><Data Name='UtcTime'>2021-03-24 21:50:03.132</Data><Data Name='SourceProcessGUID'>{BFB545BB-B8FB-6058-A600-00000000AF01}</Data><Data Name='SourceProcessId'>808</Data><Data Name='SourceThreadId'>3700</Data><Data Name='SourceImage'>C:\Windows\system32\conhost.exe</Data><Data Name='TargetProcessGUID'>{BFB545BB-B40B-605B-2E5A-00000000AF01}</Data><Data Name='TargetProcessId'>592</Data><Data Name='TargetImage'>C:\Program Files\SplunkUniversalForwarder\bin\splunk-regmon.exe</Data><Data Name='GrantedAccess'>0x1fffff</Data><Data Name='CallTrace'>C:\Windows\SYSTEM32\ntdll.dll+a6084|C:\Windows\SYSTEM32\ConhostV2.dll+5c07|C:\Windows\SYSTEM32\ConhostV2.dll+76ab|C:\Windows\SYSTEM32\ConhostV2.dll+a84c|C:\Windows\System32\KERNEL32.DLL+84d4|C:\Windows\SYSTEM32\ntdll.dll+51821</Data></EventData></Event>
<Event xmlns='http://schemas.microsoft.com/win/2004/08/events/event'><System><Provider Name='Microsoft-Windows-Sysmon' Guid='{5770385F-C22A-43E0-BF4C-06F5698FFBD9}'/><EventID>10</EventID><Version>3</Version><Level>4</Level><Task>10</Task><Opcode>0</Opcode><Keywords>0x8000000000000000</Keywords><TimeCreated SystemTime='2021-03-24T21:50:03.146743800Z'/><EventRecordID>638569</EventRecordID><Correlation/><Execution ProcessID='2148' ThreadID='3040'/><Channel>Microsoft-Windows-Sysmon/Operational</Channel><Computer>win-host-692.attackrange.local</Computer><Security UserID='S-1-5-18'/></System><EventData><Data Name='RuleName'>-</Data><Data Name='UtcTime'>2021-03-24 21:50:03.132</Data><Data Name='SourceProcessGUID'>{BFB545BB-B865-6058-0C00-00000000AF01}</Data><Data Name='SourceProcessId'>940</Data><Data Name='SourceThreadId'>3028</Data><Data Name='SourceImage'>C:\Windows\system32\svchost.exe</Data><Data Name='TargetProcessGUID'>{BFB545BB-B866-6058-1C00-00000000AF01}</Data><Data Name='TargetProcessId'>2148</Data><Data Name='TargetImage'>C:\Windows\sysmon64.exe</Data><Data Name='GrantedAccess'>0x1400</Data><Data Name='CallTrace'>C:\Windows\SYSTEM32\ntdll.dll+a6084|C:\Windows\System32\KERNELBASE.dll+5eab4|c:\windows\system32\lsm.dll+e9d6|c:\windows\system32\lsm.dll+d3ae|C:\Windows\System32\RPCRT4.dll+78e23|C:\Windows\System32\RPCRT4.dll+d96bd|C:\Windows\System32\RPCRT4.dll+6194c|C:\Windows\System32\RPCRT4.dll+52bf4|C:\Windows\System32\RPCRT4.dll+51b0d|C:\Windows\System32\RPCRT4.dll+523bb|C:\Windows\System32\RPCRT4.dll+2469c|C:\Windows\System32\RPCRT4.dll+24b1c|C:\Windows\System32\RPCRT4.dll+111bc|C:\Windows\System32\RPCRT4.dll+12a1b|C:\Windows\System32\RPCRT4.dll+1e12a|C:\Windows\SYSTEM32\ntdll.dll+1d34e|C:\Windows\SYSTEM32\ntdll.dll+1ecb9|C:\Windows\System32\KERNEL32.DLL+84d4|C:\Windows\SYSTEM32\ntdll.dll+51821</Data></EventData></Event>
<Event xmlns='http://schemas.microsoft.com/win/2004/08/events/event'><System><Provider Name='Microsoft-Windows-Sysmon' Guid='{5770385F-C22A-43E0-BF4C-06F5698FFBD9}'/><EventID>10</EventID><Version>3</Version><Level>4</Level><Task>10</Task><Opcode>0</Opcode><Keywords>0x8000000000000000</Keywords><TimeCreated SystemTime='2021-03-24T21:50:03.146491400Z'/><EventRecordID>638568</EventRecordID><Correlation/><Execution ProcessID='2148' ThreadID='3040'/><Channel>Microsoft-Windows-Sysmon/Operational</Channel><Computer>win-host-692.attackrange.local</Computer><Security UserID='S-1-5-18'/></System><EventData><Data Name='RuleName'>-</Data><Data Name='UtcTime'>2021-03-24 21:50:03.132</Data><Data Name='SourceProcessGUID'>{BFB545BB-B865-6058-0C00-00000000AF01}</Data><Data Name='SourceProcessId'>940</Data><Data Name='SourceThreadId'>3028</Data><Data Name='SourceImage'>C:\Windows\system32\svchost.exe</Data><Data Name='TargetProcessGUID'>{BFB545BB-B866-6058-1C00-00000000AF01}</Data><Data Name='TargetProcessId'>2148</Data><Data Name='TargetImage'>C:\Windows\sysmon64.exe</Data><Data Name='GrantedAccess'>0x1400</Data><Data Name='CallTrace'>C:\Windows\SYSTEM32\ntdll.dll+a6084|C:\Windows\System32\KERNELBASE.dll+5eab4|c:\windows\system32\lsm.dll+11aad|C:\Windows\System32\RPCRT4.dll+78e23|C:\Windows\System32\RPCRT4.dll+d96bd|C:\Windows\System32\RPCRT4.dll+6194c|C:\Windows\System32\RPCRT4.dll+52bf4|C:\Windows\System32\RPCRT4.dll+51b0d|C:\Windows\System32\RPCRT4.dll+523bb|C:\Windows\System32\RPCRT4.dll+2469c|C:\Windows\System32\RPCRT4.dll+24b1c|C:\Windows\System32\RPCRT4.dll+111bc|C:\Windows\System32\RPCRT4.dll+12a1b|C:\Windows\System32\RPCRT4.dll+1e12a|C:\Windows\SYSTEM32\ntdll.dll+1d34e|C:\Windows\SYSTEM32\ntdll.dll+1ecb9|C:\Windows\System32\KERNEL32.DLL+84d4|C:\Windows\SYSTEM32\ntdll.dll+51821</Data></EventData></Event>
<Event xmlns='http://schemas.microsoft.com/win/2004/08/events/event'><System><Provider Name='Microsoft-Windows-Sysmon' Guid='{5770385F-C22A-43E0-BF4C-06F5698FFBD9}'/><EventID>10</EventID><Version>3</Version><Level>4</Level><Task>10</Task><Opcode>0</Opcode><Keywords>0x8000000000000000</Keywords><TimeCreated SystemTime='2021-03-24T21:50:03.146147400Z'/><EventRecordID>638567</EventRecordID><Correlation/><Execution ProcessID='2148' ThreadID='3040'/><Channel>Microsoft-Windows-Sysmon/Operational</Channel><Computer>win-host-692.attackrange.local</Computer><Security UserID='S-1-5-18'/></System><EventData><Data Name='RuleName'>-</Data><Data Name='UtcTime'>2021-03-24 21:50:03.132</Data><Data Name='SourceProcessGUID'>{BFB545BB-B865-6058-0C00-00000000AF01}</Data><Data Name='SourceProcessId'>940</Data><Data Name='SourceThreadId'>3028</Data><Data Name='SourceImage'>C:\Windows\system32\svchost.exe</Data><Data Name='TargetProcessGUID'>{BFB545BB-B866-6058-1C00-00000000AF01}</Data><Data Name='TargetProcessId'>2148</Data><Data Name='TargetImage'>C:\Windows\sysmon64.exe</Data><Data Name='GrantedAccess'>0x1400</Data><Data Name='CallTrace'>C:\Windows\SYSTEM32\ntdll.dll+a6084|C:\Windows\System32\KERNELBASE.dll+5eab4|c:\windows\system32\lsm.dll+11058|C:\Windows\System32\RPCRT4.dll+78e23|C:\Windows\System32\RPCRT4.dll+d96bd|C:\Windows\System32\RPCRT4.dll+6194c|C:\Windows\System32\RPCRT4.dll+52bf4|C:\Windows\System32\RPCRT4.dll+51b0d|C:\Windows\System32\RPCRT4.dll+523bb|C:\Windows\System32\RPCRT4.dll+2469c|C:\Windows\System32\RPCRT4.dll+24b1c|C:\Windows\System32\RPCRT4.dll+111bc|C:\Windows\System32\RPCRT4.dll+12a1b|C:\Windows\System32\RPCRT4.dll+1e12a|C:\Windows\SYSTEM32\ntdll.dll+1d34e|C:\Windows\SYSTEM32\ntdll.dll+1ecb9|C:\Windows\System32\KERNEL32.DLL+84d4|C:\Windows\SYSTEM32\ntdll.dll+51821</Data></EventData></Event>
