<Event xmlns='http://schemas.microsoft.com/win/2004/08/events/event'><System><Provider Name='Microsoft-Windows-Sysmon' Guid='{5770385F-C22A-43E0-BF4C-06F5698FFBD9}'/><EventID>10</EventID><Version>3</Version><Level>4</Level><Task>10</Task><Opcode>0</Opcode><Keywords>0x8000000000000000</Keywords><TimeCreated SystemTime='2020-11-03T15:50:19.682810300Z'/><EventRecordID>40</EventRecordID><Correlation/><Execution ProcessID='5112' ThreadID='748'/><Channel>Microsoft-Windows-Sysmon/Operational</Channel><Computer>win-dc-807.attackrange.local</Computer><Security UserID='S-1-5-18'/></System><EventData><Data Name='RuleName'>-</Data><Data Name='UtcTime'>2020-11-03 15:50:19.669</Data><Data Name='SourceProcessGUID'>{D28789B6-7ACF-5FA1-0B00-000000008701}</Data><Data Name='SourceProcessId'>860</Data><Data Name='SourceThreadId'>916</Data><Data Name='SourceImage'>C:\Windows\system32\lsass.exe</Data><Data Name='TargetProcessGUID'>{D28789B6-7AD2-5FA1-1400-000000008701}</Data><Data Name='TargetProcessId'>1368</Data><Data Name='TargetImage'>C:\Windows\system32\svchost.exe</Data><Data Name='GrantedAccess'>0x1000</Data><Data Name='CallTrace'>C:\Windows\SYSTEM32\ntdll.dll+a5a94|C:\Windows\system32\lsasrv.dll+11c6e|C:\Windows\system32\lsasrv.dll+1e0a8|C:\Windows\system32\lsasrv.dll+1d2d1|C:\Windows\system32\lsasrv.dll+1bb00|C:\Windows\system32\lsasrv.dll+2810b|C:\Windows\SYSTEM32\SspiSrv.dll+1467|C:\Windows\System32\RPCRT4.dll+78603|C:\Windows\System32\RPCRT4.dll+d96bd|C:\Windows\System32\RPCRT4.dll+610fc|C:\Windows\System32\RPCRT4.dll+52734|C:\Windows\System32\RPCRT4.dll+5164d|C:\Windows\System32\RPCRT4.dll+51efb|C:\Windows\System32\RPCRT4.dll+2552c|C:\Windows\System32\RPCRT4.dll+259ac|C:\Windows\System32\RPCRT4.dll+1122c|C:\Windows\System32\RPCRT4.dll+12a8b|C:\Windows\System32\RPCRT4.dll+1efba|C:\Windows\SYSTEM32\ntdll.dll+1d34e|C:\Windows\SYSTEM32\ntdll.dll+1ecb9|C:\Windows\System32\KERNEL32.DLL+84d4|C:\Windows\SYSTEM32\ntdll.dll+51791</Data></EventData></Event>
<Event xmlns='http://schemas.microsoft.com/win/2004/08/events/event'><System><Provider Name='Microsoft-Windows-Sysmon' Guid='{5770385F-C22A-43E0-BF4C-06F5698FFBD9}'/><EventID>10</EventID><Version>3</Version><Level>4</Level><Task>10</Task><Opcode>0</Opcode><Keywords>0x8000000000000000</Keywords><TimeCreated SystemTime='2020-11-03T15:50:19.682729400Z'/><EventRecordID>39</EventRecordID><Correlation/><Execution ProcessID='5112' ThreadID='748'/><Channel>Microsoft-Windows-Sysmon/Operational</Channel><Computer>win-dc-807.attackrange.local</Computer><Security UserID='S-1-5-18'/></System><EventData><Data Name='RuleName'>-</Data><Data Name='UtcTime'>2020-11-03 15:50:19.669</Data><Data Name='SourceProcessGUID'>{D28789B6-7ACF-5FA1-0B00-000000008701}</Data><Data Name='SourceProcessId'>860</Data><Data Name='SourceThreadId'>916</Data><Data Name='SourceImage'>C:\Windows\system32\lsass.exe</Data><Data Name='TargetProcessGUID'>{D28789B6-7AD2-5FA1-1400-000000008701}</Data><Data Name='TargetProcessId'>1368</Data><Data Name='TargetImage'>C:\Windows\system32\svchost.exe</Data><Data Name='GrantedAccess'>0x1000</Data><Data Name='CallTrace'>C:\Windows\SYSTEM32\ntdll.dll+a5a94|C:\Windows\system32\lsasrv.dll+11c6e|C:\Windows\system32\lsasrv.dll+1a4e6|C:\Windows\system32\lsasrv.dll+1ba8f|C:\Windows\system32\lsasrv.dll+2810b|C:\Windows\SYSTEM32\SspiSrv.dll+1467|C:\Windows\System32\RPCRT4.dll+78603|C:\Windows\System32\RPCRT4.dll+d96bd|C:\Windows\System32\RPCRT4.dll+610fc|C:\Windows\System32\RPCRT4.dll+52734|C:\Windows\System32\RPCRT4.dll+5164d|C:\Windows\System32\RPCRT4.dll+51efb|C:\Windows\System32\RPCRT4.dll+2552c|C:\Windows\System32\RPCRT4.dll+259ac|C:\Windows\System32\RPCRT4.dll+1122c|C:\Windows\System32\RPCRT4.dll+12a8b|C:\Windows\System32\RPCRT4.dll+1efba|C:\Windows\SYSTEM32\ntdll.dll+1d34e|C:\Windows\SYSTEM32\ntdll.dll+1ecb9|C:\Windows\System32\KERNEL32.DLL+84d4|C:\Windows\SYSTEM32\ntdll.dll+51791</Data></EventData></Event>
<Event xmlns='http://schemas.microsoft.com/win/2004/08/events/event'><System><Provider Name='Microsoft-Windows-Sysmon' Guid='{5770385F-C22A-43E0-BF4C-06F5698FFBD9}'/><EventID>10</EventID><Version>3</Version><Level>4</Level><Task>10</Task><Opcode>0</Opcode><Keywords>0x8000000000000000</Keywords><TimeCreated SystemTime='2020-11-03T15:50:19.680559900Z'/><EventRecordID>38</EventRecordID><Correlation/><Execution ProcessID='5112' ThreadID='748'/><Channel>Microsoft-Windows-Sysmon/Operational</Channel><Computer>win-dc-807.attackrange.local</Computer><Security UserID='S-1-5-18'/></System><EventData><Data Name='RuleName'>-</Data><Data Name='UtcTime'>2020-11-03 15:50:19.669</Data><Data Name='SourceProcessGUID'>{D28789B6-7ACF-5FA1-0B00-000000008701}</Data><Data Name='SourceProcessId'>860</Data><Data Name='SourceThreadId'>916</Data><Data Name='SourceImage'>C:\Windows\system32\lsass.exe</Data><Data Name='TargetProcessGUID'>{D28789B6-7AD2-5FA1-1400-000000008701}</Data><Data Name='TargetProcessId'>1368</Data><Data Name='TargetImage'>C:\Windows\system32\svchost.exe</Data><Data Name='GrantedAccess'>0x1000</Data><Data Name='CallTrace'>C:\Windows\SYSTEM32\ntdll.dll+a5a94|C:\Windows\system32\lsasrv.dll+1b05d|C:\Windows\system32\lsasrv.dll+2810b|C:\Windows\SYSTEM32\SspiSrv.dll+1467|C:\Windows\System32\RPCRT4.dll+78603|C:\Windows\System32\RPCRT4.dll+d96bd|C:\Windows\System32\RPCRT4.dll+610fc|C:\Windows\System32\RPCRT4.dll+52734|C:\Windows\System32\RPCRT4.dll+5164d|C:\Windows\System32\RPCRT4.dll+51efb|C:\Windows\System32\RPCRT4.dll+2552c|C:\Windows\System32\RPCRT4.dll+259ac|C:\Windows\System32\RPCRT4.dll+1122c|C:\Windows\System32\RPCRT4.dll+12a8b|C:\Windows\System32\RPCRT4.dll+1efba|C:\Windows\SYSTEM32\ntdll.dll+1d34e|C:\Windows\SYSTEM32\ntdll.dll+1ecb9|C:\Windows\System32\KERNEL32.DLL+84d4|C:\Windows\SYSTEM32\ntdll.dll+51791</Data></EventData></Event>
<Event xmlns='http://schemas.microsoft.com/win/2004/08/events/event'><System><Provider Name='Microsoft-Windows-Sysmon' Guid='{5770385F-C22A-43E0-BF4C-06F5698FFBD9}'/><EventID>10</EventID><Version>3</Version><Level>4</Level><Task>10</Task><Opcode>0</Opcode><Keywords>0x8000000000000000</Keywords><TimeCreated SystemTime='2020-11-03T15:50:19.676685100Z'/><EventRecordID>37</EventRecordID><Correlation/><Execution ProcessID='5112' ThreadID='748'/><Channel>Microsoft-Windows-Sysmon/Operational</Channel><Computer>win-dc-807.attackrange.local</Computer><Security UserID='S-1-5-18'/></System><EventData><Data Name='RuleName'>-</Data><Data Name='UtcTime'>2020-11-03 15:50:19.669</Data><Data Name='SourceProcessGUID'>{D28789B6-7ACF-5FA1-0B00-000000008701}</Data><Data Name='SourceProcessId'>860</Data><Data Name='SourceThreadId'>916</Data><Data Name='SourceImage'>C:\Windows\system32\lsass.exe</Data><Data Name='TargetProcessGUID'>{D28789B6-7AD2-5FA1-1400-000000008701}</Data><Data Name='TargetProcessId'>1368</Data><Data Name='TargetImage'>C:\Windows\system32\svchost.exe</Data><Data Name='GrantedAccess'>0x1000</Data><Data Name='CallTrace'>C:\Windows\SYSTEM32\ntdll.dll+a5a94|C:\Windows\system32\lsasrv.dll+11c6e|C:\Windows\system32\lsasrv.dll+1e0a8|C:\Windows\system32\lsasrv.dll+1d2d1|C:\Windows\system32\lsasrv.dll+1bb00|C:\Windows\system32\lsasrv.dll+2810b|C:\Windows\SYSTEM32\SspiSrv.dll+1467|C:\Windows\System32\RPCRT4.dll+78603|C:\Windows\System32\RPCRT4.dll+d96bd|C:\Windows\System32\RPCRT4.dll+610fc|C:\Windows\System32\RPCRT4.dll+52734|C:\Windows\System32\RPCRT4.dll+5164d|C:\Windows\System32\RPCRT4.dll+51efb|C:\Windows\System32\RPCRT4.dll+2552c|C:\Windows\System32\RPCRT4.dll+259ac|C:\Windows\System32\RPCRT4.dll+1122c|C:\Windows\System32\RPCRT4.dll+12a8b|C:\Windows\System32\RPCRT4.dll+1efba|C:\Windows\SYSTEM32\ntdll.dll+1d34e|C:\Windows\SYSTEM32\ntdll.dll+1ecb9|C:\Windows\System32\KERNEL32.DLL+84d4|C:\Windows\SYSTEM32\ntdll.dll+51791</Data></EventData></Event>
<Event xmlns='http://schemas.microsoft.com/win/2004/08/events/event'><System><Provider Name='Microsoft-Windows-Sysmon' Guid='{5770385F-C22A-43E0-BF4C-06F5698FFBD9}'/><EventID>10</EventID><Version>3</Version><Level>4</Level><Task>10</Task><Opcode>0</Opcode><Keywords>0x8000000000000000</Keywords><TimeCreated SystemTime='2020-11-03T15:50:19.676588200Z'/><EventRecordID>36</EventRecordID><Correlation/><Execution ProcessID='5112' ThreadID='748'/><Channel>Microsoft-Windows-Sysmon/Operational</Channel><Computer>win-dc-807.attackrange.local</Computer><Security UserID='S-1-5-18'/></System><EventData><Data Name='RuleName'>-</Data><Data Name='UtcTime'>2020-11-03 15:50:19.669</Data><Data Name='SourceProcessGUID'>{D28789B6-7ACF-5FA1-0B00-000000008701}</Data><Data Name='SourceProcessId'>860</Data><Data Name='SourceThreadId'>916</Data><Data Name='SourceImage'>C:\Windows\system32\lsass.exe</Data><Data Name='TargetProcessGUID'>{D28789B6-7AD2-5FA1-1400-000000008701}</Data><Data Name='TargetProcessId'>1368</Data><Data Name='TargetImage'>C:\Windows\system32\svchost.exe</Data><Data Name='GrantedAccess'>0x1000</Data><Data Name='CallTrace'>C:\Windows\SYSTEM32\ntdll.dll+a5a94|C:\Windows\system32\lsasrv.dll+11c6e|C:\Windows\system32\lsasrv.dll+1a4e6|C:\Windows\system32\lsasrv.dll+1ba8f|C:\Windows\system32\lsasrv.dll+2810b|C:\Windows\SYSTEM32\SspiSrv.dll+1467|C:\Windows\System32\RPCRT4.dll+78603|C:\Windows\System32\RPCRT4.dll+d96bd|C:\Windows\System32\RPCRT4.dll+610fc|C:\Windows\System32\RPCRT4.dll+52734|C:\Windows\System32\RPCRT4.dll+5164d|C:\Windows\System32\RPCRT4.dll+51efb|C:\Windows\System32\RPCRT4.dll+2552c|C:\Windows\System32\RPCRT4.dll+259ac|C:\Windows\System32\RPCRT4.dll+1122c|C:\Windows\System32\RPCRT4.dll+12a8b|C:\Windows\System32\RPCRT4.dll+1efba|C:\Windows\SYSTEM32\ntdll.dll+1d34e|C:\Windows\SYSTEM32\ntdll.dll+1ecb9|C:\Windows\System32\KERNEL32.DLL+84d4|C:\Windows\SYSTEM32\ntdll.dll+51791</Data></EventData></Event>
<Event xmlns='http://schemas.microsoft.com/win/2004/08/events/event'><System><Provider Name='Microsoft-Windows-Sysmon' Guid='{5770385F-C22A-43E0-BF4C-06F5698FFBD9}'/><EventID>10</EventID><Version>3</Version><Level>4</Level><Task>10</Task><Opcode>0</Opcode><Keywords>0x8000000000000000</Keywords><TimeCreated SystemTime='2020-11-03T15:50:19.674451900Z'/><EventRecordID>35</EventRecordID><Correlation/><Execution ProcessID='5112' ThreadID='748'/><Channel>Microsoft-Windows-Sysmon/Operational</Channel><Computer>win-dc-807.attackrange.local</Computer><Security UserID='S-1-5-18'/></System><EventData><Data Name='RuleName'>-</Data><Data Name='UtcTime'>2020-11-03 15:50:19.669</Data><Data Name='SourceProcessGUID'>{D28789B6-7ACF-5FA1-0B00-000000008701}</Data><Data Name='SourceProcessId'>860</Data><Data Name='SourceThreadId'>916</Data><Data Name='SourceImage'>C:\Windows\system32\lsass.exe</Data><Data Name='TargetProcessGUID'>{D28789B6-7AD2-5FA1-1400-000000008701}</Data><Data Name='TargetProcessId'>1368</Data><Data Name='TargetImage'>C:\Windows\system32\svchost.exe</Data><Data Name='GrantedAccess'>0x1000</Data><Data Name='CallTrace'>C:\Windows\SYSTEM32\ntdll.dll+a5a94|C:\Windows\system32\lsasrv.dll+1b05d|C:\Windows\system32\lsasrv.dll+2810b|C:\Windows\SYSTEM32\SspiSrv.dll+1467|C:\Windows\System32\RPCRT4.dll+78603|C:\Windows\System32\RPCRT4.dll+d96bd|C:\Windows\System32\RPCRT4.dll+610fc|C:\Windows\System32\RPCRT4.dll+52734|C:\Windows\System32\RPCRT4.dll+5164d|C:\Windows\System32\RPCRT4.dll+51efb|C:\Windows\System32\RPCRT4.dll+2552c|C:\Windows\System32\RPCRT4.dll+259ac|C:\Windows\System32\RPCRT4.dll+1122c|C:\Windows\System32\RPCRT4.dll+12a8b|C:\Windows\System32\RPCRT4.dll+1efba|C:\Windows\SYSTEM32\ntdll.dll+1d34e|C:\Windows\SYSTEM32\ntdll.dll+1ecb9|C:\Windows\System32\KERNEL32.DLL+84d4|C:\Windows\SYSTEM32\ntdll.dll+51791</Data></EventData></Event>
<Event xmlns='http://schemas.microsoft.com/win/2004/08/events/event'><System><Provider Name='Microsoft-Windows-Sysmon' Guid='{5770385F-C22A-43E0-BF4C-06F5698FFBD9}'/><EventID>11</EventID><Version>2</Version><Level>4</Level><Task>11</Task><Opcode>0</Opcode><Keywords>0x8000000000000000</Keywords><TimeCreated SystemTime='2020-11-03T15:50:20.771470000Z'/><EventRecordID>160</EventRecordID><Correlation/><Execution ProcessID='5112' ThreadID='748'/><Channel>Microsoft-Windows-Sysmon/Operational</Channel><Computer>win-dc-807.attackrange.local</Computer><Security UserID='S-1-5-18'/></System><EventData><Data Name='RuleName'>DLL</Data><Data Name='UtcTime'>2020-11-03 15:50:20.763</Data><Data Name='ProcessGuid'>{D28789B6-7C3C-5FA1-F602-000000008701}</Data><Data Name='ProcessId'>4484</Data><Data Name='Image'>C:\Windows\Microsoft.NET\Framework64\v4.0.30319\csc.exe</Data><Data Name='TargetFilename'>C:\Users\Administrator\AppData\Local\Temp\jfxp3ykk.dll</Data><Data Name='CreationUtcTime'>2020-11-03 15:50:20.623</Data></EventData></Event>
<Event xmlns='http://schemas.microsoft.com/win/2004/08/events/event'><System><Provider Name='Microsoft-Windows-Sysmon' Guid='{5770385F-C22A-43E0-BF4C-06F5698FFBD9}'/><EventID>10</EventID><Version>3</Version><Level>4</Level><Task>10</Task><Opcode>0</Opcode><Keywords>0x8000000000000000</Keywords><TimeCreated SystemTime='2020-11-03T15:50:20.764867700Z'/><EventRecordID>159</EventRecordID><Correlation/><Execution ProcessID='5112' ThreadID='748'/><Channel>Microsoft-Windows-Sysmon/Operational</Channel><Computer>win-dc-807.attackrange.local</Computer><Security UserID='S-1-5-18'/></System><EventData><Data Name='RuleName'>-</Data><Data Name='UtcTime'>2020-11-03 15:50:20.763</Data><Data Name='SourceProcessGUID'>{D28789B6-7C3B-5FA1-F102-000000008701}</Data><Data Name='SourceProcessId'>1544</Data><Data Name='SourceThreadId'>4764</Data><Data Name='SourceImage'>C:\Windows\system32\conhost.exe</Data><Data Name='TargetProcessGUID'>{D28789B6-7C3C-5FA1-F702-000000008701}</Data><Data Name='TargetProcessId'>4716</Data><Data Name='TargetImage'>C:\Windows\Microsoft.NET\Framework64\v4.0.30319\cvtres.exe</Data><Data Name='GrantedAccess'>0x1fffff</Data><Data Name='CallTrace'>C:\Windows\SYSTEM32\ntdll.dll+a5a94|C:\Windows\SYSTEM32\ConhostV2.dll+5c07|C:\Windows\SYSTEM32\ConhostV2.dll+76ab|C:\Windows\SYSTEM32\ConhostV2.dll+a84c|C:\Windows\System32\KERNEL32.DLL+84d4|C:\Windows\SYSTEM32\ntdll.dll+51791</Data></EventData></Event>
<Event xmlns='http://schemas.microsoft.com/win/2004/08/events/event'><System><Provider Name='Microsoft-Windows-Sysmon' Guid='{5770385F-C22A-43E0-BF4C-06F5698FFBD9}'/><EventID>10</EventID><Version>3</Version><Level>4</Level><Task>10</Task><Opcode>0</Opcode><Keywords>0x8000000000000000</Keywords><TimeCreated SystemTime='2020-11-03T15:50:20.763933300Z'/><EventRecordID>158</EventRecordID><Correlation/><Execution ProcessID='5112' ThreadID='748'/><Channel>Microsoft-Windows-Sysmon/Operational</Channel><Computer>win-dc-807.attackrange.local</Computer><Security UserID='S-1-5-18'/></System><EventData><Data Name='RuleName'>-</Data><Data Name='UtcTime'>2020-11-03 15:50:20.748</Data><Data Name='SourceProcessGUID'>{D28789B6-7AC1-5FA1-0500-000000008701}</Data><Data Name='SourceProcessId'>636</Data><Data Name='SourceThreadId'>1160</Data><Data Name='SourceImage'>C:\Windows\system32\csrss.exe</Data><Data Name='TargetProcessGUID'>{D28789B6-7C3C-5FA1-F702-000000008701}</Data><Data Name='TargetProcessId'>4716</Data><Data Name='TargetImage'>C:\Windows\Microsoft.NET\Framework64\v4.0.30319\cvtres.exe</Data><Data Name='GrantedAccess'>0x1fffff</Data><Data Name='CallTrace'>C:\Windows\SYSTEM32\ntdll.dll+a5a94|C:\Windows\system32\basesrv.DLL+2f47|C:\Windows\SYSTEM32\CSRSRV.dll+5645|C:\Windows\SYSTEM32\ntdll.dll+5179f</Data></EventData></Event>
<Event xmlns='http://schemas.microsoft.com/win/2004/08/events/event'><System><Provider Name='Microsoft-Windows-Sysmon' Guid='{5770385F-C22A-43E0-BF4C-06F5698FFBD9}'/><EventID>10</EventID><Version>3</Version><Level>4</Level><Task>10</Task><Opcode>0</Opcode><Keywords>0x8000000000000000</Keywords><TimeCreated SystemTime='2020-11-03T15:50:20.763790600Z'/><EventRecordID>157</EventRecordID><Correlation/><Execution ProcessID='5112' ThreadID='748'/><Channel>Microsoft-Windows-Sysmon/Operational</Channel><Computer>win-dc-807.attackrange.local</Computer><Security UserID='S-1-5-18'/></System><EventData><Data Name='RuleName'>-</Data><Data Name='UtcTime'>2020-11-03 15:50:20.748</Data><Data Name='SourceProcessGUID'>{D28789B6-7AD1-5FA1-0C00-000000008701}</Data><Data Name='SourceProcessId'>572</Data><Data Name='SourceThreadId'>1116</Data><Data Name='SourceImage'>C:\Windows\system32\svchost.exe</Data><Data Name='TargetProcessGUID'>{D28789B6-7C3A-5FA1-EE02-000000008701}</Data><Data Name='TargetProcessId'>5112</Data><Data Name='TargetImage'>C:\Windows\sysmon64.exe</Data><Data Name='GrantedAccess'>0x1400</Data><Data Name='CallTrace'>C:\Windows\SYSTEM32\ntdll.dll+a5a94|C:\Windows\System32\KERNELBASE.dll+5eab4|c:\windows\system32\lsm.dll+e9d6|c:\windows\system32\lsm.dll+d3ae|C:\Windows\System32\RPCRT4.dll+78603|C:\Windows\System32\RPCRT4.dll+d96bd|C:\Windows\System32\RPCRT4.dll+610fc|C:\Windows\System32\RPCRT4.dll+52734|C:\Windows\System32\RPCRT4.dll+5164d|C:\Windows\System32\RPCRT4.dll+51efb|C:\Windows\System32\RPCRT4.dll+2552c|C:\Windows\System32\RPCRT4.dll+259ac|C:\Windows\System32\RPCRT4.dll+1122c|C:\Windows\System32\RPCRT4.dll+12a8b|C:\Windows\System32\RPCRT4.dll+1efba|C:\Windows\SYSTEM32\ntdll.dll+1d34e|C:\Windows\SYSTEM32\ntdll.dll+1ecb9|C:\Windows\System32\KERNEL32.DLL+84d4|C:\Windows\SYSTEM32\ntdll.dll+51791</Data></EventData></Event>
<Event xmlns='http://schemas.microsoft.com/win/2004/08/events/event'><System><Provider Name='Microsoft-Windows-Sysmon' Guid='{5770385F-C22A-43E0-BF4C-06F5698FFBD9}'/><EventID>10</EventID><Version>3</Version><Level>4</Level><Task>10</Task><Opcode>0</Opcode><Keywords>0x8000000000000000</Keywords><TimeCreated SystemTime='2020-11-03T15:50:20.763728800Z'/><EventRecordID>156</EventRecordID><Correlation/><Execution ProcessID='5112' ThreadID='748'/><Channel>Microsoft-Windows-Sysmon/Operational</Channel><Computer>win-dc-807.attackrange.local</Computer><Security UserID='S-1-5-18'/></System><EventData><Data Name='RuleName'>-</Data><Data Name='UtcTime'>2020-11-03 15:50:20.748</Data><Data Name='SourceProcessGUID'>{D28789B6-7AD1-5FA1-0C00-000000008701}</Data><Data Name='SourceProcessId'>572</Data><Data Name='SourceThreadId'>1116</Data><Data Name='SourceImage'>C:\Windows\system32\svchost.exe</Data><Data Name='TargetProcessGUID'>{D28789B6-7C3A-5FA1-EE02-000000008701}</Data><Data Name='TargetProcessId'>5112</Data><Data Name='TargetImage'>C:\Windows\sysmon64.exe</Data><Data Name='GrantedAccess'>0x1400</Data><Data Name='CallTrace'>C:\Windows\SYSTEM32\ntdll.dll+a5a94|C:\Windows\System32\KERNELBASE.dll+5eab4|c:\windows\system32\lsm.dll+11aad|C:\Windows\System32\RPCRT4.dll+78603|C:\Windows\System32\RPCRT4.dll+d96bd|C:\Windows\System32\RPCRT4.dll+610fc|C:\Windows\System32\RPCRT4.dll+52734|C:\Windows\System32\RPCRT4.dll+5164d|C:\Windows\System32\RPCRT4.dll+51efb|C:\Windows\System32\RPCRT4.dll+2552c|C:\Windows\System32\RPCRT4.dll+259ac|C:\Windows\System32\RPCRT4.dll+1122c|C:\Windows\System32\RPCRT4.dll+12a8b|C:\Windows\System32\RPCRT4.dll+1efba|C:\Windows\SYSTEM32\ntdll.dll+1d34e|C:\Windows\SYSTEM32\ntdll.dll+1ecb9|C:\Windows\System32\KERNEL32.DLL+84d4|C:\Windows\SYSTEM32\ntdll.dll+51791</Data></EventData></Event>
<Event xmlns='http://schemas.microsoft.com/win/2004/08/events/event'><System><Provider Name='Microsoft-Windows-Sysmon' Guid='{5770385F-C22A-43E0-BF4C-06F5698FFBD9}'/><EventID>10</EventID><Version>3</Version><Level>4</Level><Task>10</Task><Opcode>0</Opcode><Keywords>0x8000000000000000</Keywords><TimeCreated SystemTime='2020-11-03T15:50:20.763672200Z'/><EventRecordID>155</EventRecordID><Correlation/><Execution ProcessID='5112' ThreadID='748'/><Channel>Microsoft-Windows-Sysmon/Operational</Channel><Computer>win-dc-807.attackrange.local</Computer><Security UserID='S-1-5-18'/></System><EventData><Data Name='RuleName'>-</Data><Data Name='UtcTime'>2020-11-03 15:50:20.748</Data><Data Name='SourceProcessGUID'>{D28789B6-7AD1-5FA1-0C00-000000008701}</Data><Data Name='SourceProcessId'>572</Data><Data Name='SourceThreadId'>1116</Data><Data Name='SourceImage'>C:\Windows\system32\svchost.exe</Data><Data Name='TargetProcessGUID'>{D28789B6-7C3A-5FA1-EE02-000000008701}</Data><Data Name='TargetProcessId'>5112</Data><Data Name='TargetImage'>C:\Windows\sysmon64.exe</Data><Data Name='GrantedAccess'>0x1400</Data><Data Name='CallTrace'>C:\Windows\SYSTEM32\ntdll.dll+a5a94|C:\Windows\System32\KERNELBASE.dll+5eab4|c:\windows\system32\lsm.dll+11058|C:\Windows\System32\RPCRT4.dll+78603|C:\Windows\System32\RPCRT4.dll+d96bd|C:\Windows\System32\RPCRT4.dll+610fc|C:\Windows\System32\RPCRT4.dll+52734|C:\Windows\System32\RPCRT4.dll+5164d|C:\Windows\System32\RPCRT4.dll+51efb|C:\Windows\System32\RPCRT4.dll+2552c|C:\Windows\System32\RPCRT4.dll+259ac|C:\Windows\System32\RPCRT4.dll+1122c|C:\Windows\System32\RPCRT4.dll+12a8b|C:\Windows\System32\RPCRT4.dll+1efba|C:\Windows\SYSTEM32\ntdll.dll+1d34e|C:\Windows\SYSTEM32\ntdll.dll+1ecb9|C:\Windows\System32\KERNEL32.DLL+84d4|C:\Windows\SYSTEM32\ntdll.dll+51791</Data></EventData></Event>
<Event xmlns='http://schemas.microsoft.com/win/2004/08/events/event'><System><Provider Name='Microsoft-Windows-Sysmon' Guid='{5770385F-C22A-43E0-BF4C-06F5698FFBD9}'/><EventID>10</EventID><Version>3</Version><Level>4</Level><Task>10</Task><Opcode>0</Opcode><Keywords>0x8000000000000000</Keywords><TimeCreated SystemTime='2020-11-03T15:50:20.763602900Z'/><EventRecordID>154</EventRecordID><Correlation/><Execution ProcessID='5112' ThreadID='748'/><Channel>Microsoft-Windows-Sysmon/Operational</Channel><Computer>win-dc-807.attackrange.local</Computer><Security UserID='S-1-5-18'/></System><EventData><Data Name='RuleName'>-</Data><Data Name='UtcTime'>2020-11-03 15:50:20.748</Data><Data Name='SourceProcessGUID'>{D28789B6-7C3C-5FA1-F602-000000008701}</Data><Data Name='SourceProcessId'>4484</Data><Data Name='SourceThreadId'>656</Data><Data Name='SourceImage'>C:\Windows\Microsoft.NET\Framework64\v4.0.30319\csc.exe</Data><Data Name='TargetProcessGUID'>{D28789B6-7C3C-5FA1-F702-000000008701}</Data><Data Name='TargetProcessId'>4716</Data><Data Name='TargetImage'>C:\Windows\Microsoft.NET\Framework64\v4.0.30319\cvtres.exe</Data><Data Name='GrantedAccess'>0x1fffff</Data><Data Name='CallTrace'>C:\Windows\SYSTEM32\ntdll.dll+a6d64|C:\Windows\System32\KERNELBASE.dll+2b860|C:\Windows\System32\KERNELBASE.dll+6b246|C:\Windows\System32\KERNEL32.DLL+1c213|C:\Windows\Microsoft.NET\Framework64\v4.0.30319\mscorpehost.dll+b181|C:\Windows\Microsoft.NET\Framework64\v4.0.30319\mscorpehost.dll+3d58|C:\Windows\Microsoft.NET\Framework64\v4.0.30319\mscorpehost.dll+3ed0|C:\Windows\Microsoft.NET\Framework64\v4.0.30319\mscorpehost.dll+3fa6|C:\Windows\Microsoft.NET\Framework64\v4.0.30319\mscorpehost.dll+274e|C:\Windows\Microsoft.NET\Framework64\v4.0.30319\mscorpehost.dll+27a0|C:\Windows\Microsoft.NET\Framework64\v4.0.30319\mscorpehost.dll+28e4|C:\Windows\Microsoft.NET\Framework64\v4.0.30319\csc.exe+7e38f|C:\Windows\Microsoft.NET\Framework64\v4.0.30319\csc.exe+45d22|C:\Windows\Microsoft.NET\Framework64\v4.0.30319\csc.exe+448ef|C:\Windows\Microsoft.NET\Framework64\v4.0.30319\csc.exe+445e6|C:\Windows\Microsoft.NET\Framework64\v4.0.30319\csc.exe+44303|C:\Windows\Microsoft.NET\Framework64\v4.0.30319\csc.exe+18321|C:\Windows\Microsoft.NET\Framework64\v4.0.30319\csc.exe+17b76|C:\Windows\Microsoft.NET\Framework64\v4.0.30319\csc.exe+9e0d|C:\Windows\Microsoft.NET\Framework64\v4.0.30319\csc.exe+1edf02|C:\Windows\System32\KERNEL32.DLL+84d4|C:\Windows\SYSTEM32\ntdll.dll+51791</Data></EventData></Event>
<Event xmlns='http://schemas.microsoft.com/win/2004/08/events/event'><System><Provider Name='Microsoft-Windows-Sysmon' Guid='{5770385F-C22A-43E0-BF4C-06F5698FFBD9}'/><EventID>10</EventID><Version>3</Version><Level>4</Level><Task>10</Task><Opcode>0</Opcode><Keywords>0x8000000000000000</Keywords><TimeCreated SystemTime='2020-11-03T15:50:20.763423500Z'/><EventRecordID>153</EventRecordID><Correlation/><Execution ProcessID='5112' ThreadID='748'/><Channel>Microsoft-Windows-Sysmon/Operational</Channel><Computer>win-dc-807.attackrange.local</Computer><Security UserID='S-1-5-18'/></System><EventData><Data Name='RuleName'>-</Data><Data Name='UtcTime'>2020-11-03 15:50:20.748</Data><Data Name='SourceProcessGUID'>{D28789B6-7AD1-5FA1-0C00-000000008701}</Data><Data Name='SourceProcessId'>572</Data><Data Name='SourceThreadId'>1116</Data><Data Name='SourceImage'>C:\Windows\system32\svchost.exe</Data><Data Name='TargetProcessGUID'>{D28789B6-7C3A-5FA1-EE02-000000008701}</Data><Data Name='TargetProcessId'>5112</Data><Data Name='TargetImage'>C:\Windows\sysmon64.exe</Data><Data Name='GrantedAccess'>0x1400</Data><Data Name='CallTrace'>C:\Windows\SYSTEM32\ntdll.dll+a5a94|C:\Windows\System32\KERNELBASE.dll+5eab4|c:\windows\system32\lsm.dll+12023|C:\Windows\System32\RPCRT4.dll+78603|C:\Windows\System32\RPCRT4.dll+d96bd|C:\Windows\System32\RPCRT4.dll+610fc|C:\Windows\System32\RPCRT4.dll+52734|C:\Windows\System32\RPCRT4.dll+5164d|C:\Windows\System32\RPCRT4.dll+51efb|C:\Windows\System32\RPCRT4.dll+2552c|C:\Windows\System32\RPCRT4.dll+259ac|C:\Windows\System32\RPCRT4.dll+1122c|C:\Windows\System32\RPCRT4.dll+12a8b|C:\Windows\System32\RPCRT4.dll+1efba|C:\Windows\SYSTEM32\ntdll.dll+1d34e|C:\Windows\SYSTEM32\ntdll.dll+1ecb9|C:\Windows\System32\KERNEL32.DLL+84d4|C:\Windows\SYSTEM32\ntdll.dll+51791</Data></EventData></Event>
<Event xmlns='http://schemas.microsoft.com/win/2004/08/events/event'><System><Provider Name='Microsoft-Windows-Sysmon' Guid='{5770385F-C22A-43E0-BF4C-06F5698FFBD9}'/><EventID>10</EventID><Version>3</Version><Level>4</Level><Task>10</Task><Opcode>0</Opcode><Keywords>0x8000000000000000</Keywords><TimeCreated SystemTime='2020-11-03T15:50:20.763353300Z'/><EventRecordID>152</EventRecordID><Correlation/><Execution ProcessID='5112' ThreadID='748'/><Channel>Microsoft-Windows-Sysmon/Operational</Channel><Computer>win-dc-807.attackrange.local</Computer><Security UserID='S-1-5-18'/></System><EventData><Data Name='RuleName'>-</Data><Data Name='UtcTime'>2020-11-03 15:50:20.748</Data><Data Name='SourceProcessGUID'>{D28789B6-7AD1-5FA1-0C00-000000008701}</Data><Data Name='SourceProcessId'>572</Data><Data Name='SourceThreadId'>1116</Data><Data Name='SourceImage'>C:\Windows\system32\svchost.exe</Data><Data Name='TargetProcessGUID'>{D28789B6-7C3A-5FA1-EE02-000000008701}</Data><Data Name='TargetProcessId'>5112</Data><Data Name='TargetImage'>C:\Windows\sysmon64.exe</Data><Data Name='GrantedAccess'>0x1400</Data><Data Name='CallTrace'>C:\Windows\SYSTEM32\ntdll.dll+a5a94|C:\Windows\System32\KERNELBASE.dll+5eab4|c:\windows\system32\lsm.dll+e9d6|c:\windows\system32\lsm.dll+8fc1|c:\windows\system32\lsm.dll+8eb0|C:\Windows\System32\RPCRT4.dll+78603|C:\Windows\System32\RPCRT4.dll+d96bd|C:\Windows\System32\RPCRT4.dll+610fc|C:\Windows\System32\RPCRT4.dll+52734|C:\Windows\System32\RPCRT4.dll+5164d|C:\Windows\System32\RPCRT4.dll+51efb|C:\Windows\System32\RPCRT4.dll+2552c|C:\Windows\System32\RPCRT4.dll+259ac|C:\Windows\System32\RPCRT4.dll+1122c|C:\Windows\System32\RPCRT4.dll+12a8b|C:\Windows\System32\RPCRT4.dll+1efba|C:\Windows\SYSTEM32\ntdll.dll+1d34e|C:\Windows\SYSTEM32\ntdll.dll+1ecb9|C:\Windows\System32\KERNEL32.DLL+84d4|C:\Windows\SYSTEM32\ntdll.dll+51791</Data></EventData></Event>
<Event xmlns='http://schemas.microsoft.com/win/2004/08/events/event'><System><Provider Name='Microsoft-Windows-Sysmon' Guid='{5770385F-C22A-43E0-BF4C-06F5698FFBD9}'/><EventID>10</EventID><Version>3</Version><Level>4</Level><Task>10</Task><Opcode>0</Opcode><Keywords>0x8000000000000000</Keywords><TimeCreated SystemTime='2020-11-03T15:50:20.763294300Z'/><EventRecordID>151</EventRecordID><Correlation/><Execution ProcessID='5112' ThreadID='748'/><Channel>Microsoft-Windows-Sysmon/Operational</Channel><Computer>win-dc-807.attackrange.local</Computer><Security UserID='S-1-5-18'/></System><EventData><Data Name='RuleName'>-</Data><Data Name='UtcTime'>2020-11-03 15:50:20.748</Data><Data Name='SourceProcessGUID'>{D28789B6-7AD1-5FA1-0C00-000000008701}</Data><Data Name='SourceProcessId'>572</Data><Data Name='SourceThreadId'>1116</Data><Data Name='SourceImage'>C:\Windows\system32\svchost.exe</Data><Data Name='TargetProcessGUID'>{D28789B6-7C3A-5FA1-EE02-000000008701}</Data><Data Name='TargetProcessId'>5112</Data><Data Name='TargetImage'>C:\Windows\sysmon64.exe</Data><Data Name='GrantedAccess'>0x1400</Data><Data Name='CallTrace'>C:\Windows\SYSTEM32\ntdll.dll+a5a94|C:\Windows\System32\KERNELBASE.dll+5eab4|c:\windows\system32\lsm.dll+e9d6|c:\windows\system32\lsm.dll+8e6f|C:\Windows\System32\RPCRT4.dll+78603|C:\Windows\System32\RPCRT4.dll+d96bd|C:\Windows\System32\RPCRT4.dll+610fc|C:\Windows\System32\RPCRT4.dll+52734|C:\Windows\System32\RPCRT4.dll+5164d|C:\Windows\System32\RPCRT4.dll+51efb|C:\Windows\System32\RPCRT4.dll+2552c|C:\Windows\System32\RPCRT4.dll+259ac|C:\Windows\System32\RPCRT4.dll+1122c|C:\Windows\System32\RPCRT4.dll+12a8b|C:\Windows\System32\RPCRT4.dll+1efba|C:\Windows\SYSTEM32\ntdll.dll+1d34e|C:\Windows\SYSTEM32\ntdll.dll+1ecb9|C:\Windows\System32\KERNEL32.DLL+84d4|C:\Windows\SYSTEM32\ntdll.dll+51791</Data></EventData></Event>
<Event xmlns='http://schemas.microsoft.com/win/2004/08/events/event'><System><Provider Name='Microsoft-Windows-Sysmon' Guid='{5770385F-C22A-43E0-BF4C-06F5698FFBD9}'/><EventID>10</EventID><Version>3</Version><Level>4</Level><Task>10</Task><Opcode>0</Opcode><Keywords>0x8000000000000000</Keywords><TimeCreated SystemTime='2020-11-03T15:50:20.763236000Z'/><EventRecordID>150</EventRecordID><Correlation/><Execution ProcessID='5112' ThreadID='748'/><Channel>Microsoft-Windows-Sysmon/Operational</Channel><Computer>win-dc-807.attackrange.local</Computer><Security UserID='S-1-5-18'/></System><EventData><Data Name='RuleName'>-</Data><Data Name='UtcTime'>2020-11-03 15:50:20.748</Data><Data Name='SourceProcessGUID'>{D28789B6-7AD1-5FA1-0C00-000000008701}</Data><Data Name='SourceProcessId'>572</Data><Data Name='SourceThreadId'>1116</Data><Data Name='SourceImage'>C:\Windows\system32\svchost.exe</Data><Data Name='TargetProcessGUID'>{D28789B6-7C3A-5FA1-EE02-000000008701}</Data><Data Name='TargetProcessId'>5112</Data><Data Name='TargetImage'>C:\Windows\sysmon64.exe</Data><Data Name='GrantedAccess'>0x1400</Data><Data Name='CallTrace'>C:\Windows\SYSTEM32\ntdll.dll+a5a94|C:\Windows\System32\KERNELBASE.dll+5eab4|c:\windows\system32\lsm.dll+11aad|C:\Windows\System32\RPCRT4.dll+78603|C:\Windows\System32\RPCRT4.dll+d96bd|C:\Windows\System32\RPCRT4.dll+610fc|C:\Windows\System32\RPCRT4.dll+52734|C:\Windows\System32\RPCRT4.dll+5164d|C:\Windows\System32\RPCRT4.dll+51efb|C:\Windows\System32\RPCRT4.dll+2552c|C:\Windows\System32\RPCRT4.dll+259ac|C:\Windows\System32\RPCRT4.dll+1122c|C:\Windows\System32\RPCRT4.dll+12a8b|C:\Windows\System32\RPCRT4.dll+1efba|C:\Windows\SYSTEM32\ntdll.dll+1d34e|C:\Windows\SYSTEM32\ntdll.dll+1ecb9|C:\Windows\System32\KERNEL32.DLL+84d4|C:\Windows\SYSTEM32\ntdll.dll+51791</Data></EventData></Event>
<Event xmlns='http://schemas.microsoft.com/win/2004/08/events/event'><System><Provider Name='Microsoft-Windows-Sysmon' Guid='{5770385F-C22A-43E0-BF4C-06F5698FFBD9}'/><EventID>10</EventID><Version>3</Version><Level>4</Level><Task>10</Task><Opcode>0</Opcode><Keywords>0x8000000000000000</Keywords><TimeCreated SystemTime='2020-11-03T15:50:20.763173400Z'/><EventRecordID>149</EventRecordID><Correlation/><Execution ProcessID='5112' ThreadID='748'/><Channel>Microsoft-Windows-Sysmon/Operational</Channel><Computer>win-dc-807.attackrange.local</Computer><Security UserID='S-1-5-18'/></System><EventData><Data Name='RuleName'>-</Data><Data Name='UtcTime'>2020-11-03 15:50:20.748</Data><Data Name='SourceProcessGUID'>{D28789B6-7AD1-5FA1-0C00-000000008701}</Data><Data Name='SourceProcessId'>572</Data><Data Name='SourceThreadId'>1116</Data><Data Name='SourceImage'>C:\Windows\system32\svchost.exe</Data><Data Name='TargetProcessGUID'>{D28789B6-7C3A-5FA1-EE02-000000008701}</Data><Data Name='TargetProcessId'>5112</Data><Data Name='TargetImage'>C:\Windows\sysmon64.exe</Data><Data Name='GrantedAccess'>0x1400</Data><Data Name='CallTrace'>C:\Windows\SYSTEM32\ntdll.dll+a5a94|C:\Windows\System32\KERNELBASE.dll+5eab4|c:\windows\system32\lsm.dll+11058|C:\Windows\System32\RPCRT4.dll+78603|C:\Windows\System32\RPCRT4.dll+d96bd|C:\Windows\System32\RPCRT4.dll+610fc|C:\Windows\System32\RPCRT4.dll+52734|C:\Windows\System32\RPCRT4.dll+5164d|C:\Windows\System32\RPCRT4.dll+51efb|C:\Windows\System32\RPCRT4.dll+2552c|C:\Windows\System32\RPCRT4.dll+259ac|C:\Windows\System32\RPCRT4.dll+1122c|C:\Windows\System32\RPCRT4.dll+12a8b|C:\Windows\System32\RPCRT4.dll+1efba|C:\Windows\SYSTEM32\ntdll.dll+1d34e|C:\Windows\SYSTEM32\ntdll.dll+1ecb9|C:\Windows\System32\KERNEL32.DLL+84d4|C:\Windows\SYSTEM32\ntdll.dll+51791</Data></EventData></Event>
<Event xmlns='http://schemas.microsoft.com/win/2004/08/events/event'><System><Provider Name='Microsoft-Windows-Sysmon' Guid='{5770385F-C22A-43E0-BF4C-06F5698FFBD9}'/><EventID>10</EventID><Version>3</Version><Level>4</Level><Task>10</Task><Opcode>0</Opcode><Keywords>0x8000000000000000</Keywords><TimeCreated SystemTime='2020-11-03T15:50:20.763103600Z'/><EventRecordID>148</EventRecordID><Correlation/><Execution ProcessID='5112' ThreadID='748'/><Channel>Microsoft-Windows-Sysmon/Operational</Channel><Computer>win-dc-807.attackrange.local</Computer><Security UserID='S-1-5-18'/></System><EventData><Data Name='RuleName'>-</Data><Data Name='UtcTime'>2020-11-03 15:50:20.748</Data><Data Name='SourceProcessGUID'>{D28789B6-7AD1-5FA1-0C00-000000008701}</Data><Data Name='SourceProcessId'>572</Data><Data Name='SourceThreadId'>1116</Data><Data Name='SourceImage'>C:\Windows\system32\svchost.exe</Data><Data Name='TargetProcessGUID'>{D28789B6-7C3A-5FA1-EE02-000000008701}</Data><Data Name='TargetProcessId'>5112</Data><Data Name='TargetImage'>C:\Windows\sysmon64.exe</Data><Data Name='GrantedAccess'>0x1400</Data><Data Name='CallTrace'>C:\Windows\SYSTEM32\ntdll.dll+a5a94|C:\Windows\System32\KERNELBASE.dll+5eab4|c:\windows\system32\lsm.dll+12023|C:\Windows\System32\RPCRT4.dll+78603|C:\Windows\System32\RPCRT4.dll+d96bd|C:\Windows\System32\RPCRT4.dll+610fc|C:\Windows\System32\RPCRT4.dll+52734|C:\Windows\System32\RPCRT4.dll+5164d|C:\Windows\System32\RPCRT4.dll+51efb|C:\Windows\System32\RPCRT4.dll+2552c|C:\Windows\System32\RPCRT4.dll+259ac|C:\Windows\System32\RPCRT4.dll+1122c|C:\Windows\System32\RPCRT4.dll+12a8b|C:\Windows\System32\RPCRT4.dll+1efba|C:\Windows\SYSTEM32\ntdll.dll+1d34e|C:\Windows\SYSTEM32\ntdll.dll+1ecb9|C:\Windows\System32\KERNEL32.DLL+84d4|C:\Windows\SYSTEM32\ntdll.dll+51791</Data></EventData></Event>
<Event xmlns='http://schemas.microsoft.com/win/2004/08/events/event'><System><Provider Name='Microsoft-Windows-Sysmon' Guid='{5770385F-C22A-43E0-BF4C-06F5698FFBD9}'/><EventID>1</EventID><Version>5</Version><Level>4</Level><Task>1</Task><Opcode>0</Opcode><Keywords>0x8000000000000000</Keywords><TimeCreated SystemTime='2020-11-03T15:50:20.763013600Z'/><EventRecordID>147</EventRecordID><Correlation/><Execution ProcessID='5112' ThreadID='748'/><Channel>Microsoft-Windows-Sysmon/Operational</Channel><Computer>win-dc-807.attackrange.local</Computer><Security UserID='S-1-5-18'/></System><EventData><Data Name='RuleName'>-</Data><Data Name='UtcTime'>2020-11-03 15:50:20.759</Data><Data Name='ProcessGuid'>{D28789B6-7C3C-5FA1-F702-000000008701}</Data><Data Name='ProcessId'>4716</Data><Data Name='Image'>C:\Windows\Microsoft.NET\Framework64\v4.0.30319\cvtres.exe</Data><Data Name='FileVersion'>12.00.52519.0 built by: VSWINSERVICING</Data><Data Name='Description'>Microsoft® Resource File To COFF Object Conversion Utility</Data><Data Name='Product'>Microsoft® .NET Framework</Data><Data Name='Company'>Microsoft Corporation</Data><Data Name='OriginalFileName'>CVTRES.EXE</Data><Data Name='CommandLine'>C:\Windows\Microsoft.NET\Framework64\v4.0.30319\cvtres.exe /NOLOGO /READONLY /MACHINE:IX86 "/OUT:C:\Users\ADMINI~1\AppData\Local\Temp\RESDE61.tmp" "c:\Users\Administrator\AppData\Local\Temp\CSCF6B0802FDCC4274BFA4282249ABDACB.TMP"</Data><Data Name='CurrentDirectory'>C:\Users\Administrator\</Data><Data Name='User'>ATTACKRANGE\Administrator</Data><Data Name='LogonGuid'>{D28789B6-7C3B-5FA1-858E-100000000000}</Data><Data Name='LogonId'>0x108e85</Data><Data Name='TerminalSessionId'>0</Data><Data Name='IntegrityLevel'>High</Data><Data Name='Hashes'>MD5=33BB8BE0B4F547324D93D5D2725CAC3D,SHA256=54315FD2B69C678EB7D8C145F683C15F41FA9F7B9ABF7BF978667DF4158F43C3,IMPHASH=9A65E39CA38ADDAA7D4BB704AD0223FF</Data><Data Name='ParentProcessGuid'>{D28789B6-7C3C-5FA1-F602-000000008701}</Data><Data Name='ParentProcessId'>4484</Data><Data Name='ParentImage'>C:\Windows\Microsoft.NET\Framework64\v4.0.30319\csc.exe</Data><Data Name='ParentCommandLine'>"C:\Windows\Microsoft.NET\Framework64\v4.0.30319\csc.exe" /noconfig /fullpaths @"C:\Users\ADMINI~1\AppData\Local\Temp\jfxp3ykk.cmdline"</Data></EventData></Event>
<Event xmlns='http://schemas.microsoft.com/win/2004/08/events/event'><System><Provider Name='Microsoft-Windows-Sysmon' Guid='{5770385F-C22A-43E0-BF4C-06F5698FFBD9}'/><EventID>10</EventID><Version>3</Version><Level>4</Level><Task>10</Task><Opcode>0</Opcode><Keywords>0x8000000000000000</Keywords><TimeCreated SystemTime='2020-11-03T15:50:20.722378300Z'/><EventRecordID>146</EventRecordID><Correlation/><Execution ProcessID='5112' ThreadID='748'/><Channel>Microsoft-Windows-Sysmon/Operational</Channel><Computer>win-dc-807.attackrange.local</Computer><Security UserID='S-1-5-18'/></System><EventData><Data Name='RuleName'>-</Data><Data Name='UtcTime'>2020-11-03 15:50:20.716</Data><Data Name='SourceProcessGUID'>{D28789B6-7ACF-5FA1-0B00-000000008701}</Data><Data Name='SourceProcessId'>860</Data><Data Name='SourceThreadId'>916</Data><Data Name='SourceImage'>C:\Windows\system32\lsass.exe</Data><Data Name='TargetProcessGUID'>{D28789B6-7AD2-5FA1-1400-000000008701}</Data><Data Name='TargetProcessId'>1368</Data><Data Name='TargetImage'>C:\Windows\system32\svchost.exe</Data><Data Name='GrantedAccess'>0x1000</Data><Data Name='CallTrace'>C:\Windows\SYSTEM32\ntdll.dll+a5a94|C:\Windows\system32\lsasrv.dll+11c6e|C:\Windows\system32\lsasrv.dll+1e0a8|C:\Windows\system32\lsasrv.dll+1d2d1|C:\Windows\system32\lsasrv.dll+1bb00|C:\Windows\system32\lsasrv.dll+2810b|C:\Windows\SYSTEM32\SspiSrv.dll+1467|C:\Windows\System32\RPCRT4.dll+78603|C:\Windows\System32\RPCRT4.dll+d96bd|C:\Windows\System32\RPCRT4.dll+610fc|C:\Windows\System32\RPCRT4.dll+52734|C:\Windows\System32\RPCRT4.dll+5164d|C:\Windows\System32\RPCRT4.dll+51efb|C:\Windows\System32\RPCRT4.dll+2552c|C:\Windows\System32\RPCRT4.dll+259ac|C:\Windows\System32\RPCRT4.dll+1122c|C:\Windows\System32\RPCRT4.dll+12a8b|C:\Windows\System32\RPCRT4.dll+1efba|C:\Windows\SYSTEM32\ntdll.dll+1d34e|C:\Windows\SYSTEM32\ntdll.dll+1ecb9|C:\Windows\System32\KERNEL32.DLL+84d4|C:\Windows\SYSTEM32\ntdll.dll+51791</Data></EventData></Event>
<Event xmlns='http://schemas.microsoft.com/win/2004/08/events/event'><System><Provider Name='Microsoft-Windows-Sysmon' Guid='{5770385F-C22A-43E0-BF4C-06F5698FFBD9}'/><EventID>10</EventID><Version>3</Version><Level>4</Level><Task>10</Task><Opcode>0</Opcode><Keywords>0x8000000000000000</Keywords><TimeCreated SystemTime='2020-11-03T15:50:20.722282000Z'/><EventRecordID>145</EventRecordID><Correlation/><Execution ProcessID='5112' ThreadID='748'/><Channel>Microsoft-Windows-Sysmon/Operational</Channel><Computer>win-dc-807.attackrange.local</Computer><Security UserID='S-1-5-18'/></System><EventData><Data Name='RuleName'>-</Data><Data Name='UtcTime'>2020-11-03 15:50:20.716</Data><Data Name='SourceProcessGUID'>{D28789B6-7ACF-5FA1-0B00-000000008701}</Data><Data Name='SourceProcessId'>860</Data><Data Name='SourceThreadId'>916</Data><Data Name='SourceImage'>C:\Windows\system32\lsass.exe</Data><Data Name='TargetProcessGUID'>{D28789B6-7AD2-5FA1-1400-000000008701}</Data><Data Name='TargetProcessId'>1368</Data><Data Name='TargetImage'>C:\Windows\system32\svchost.exe</Data><Data Name='GrantedAccess'>0x1000</Data><Data Name='CallTrace'>C:\Windows\SYSTEM32\ntdll.dll+a5a94|C:\Windows\system32\lsasrv.dll+11c6e|C:\Windows\system32\lsasrv.dll+1a4e6|C:\Windows\system32\lsasrv.dll+1ba8f|C:\Windows\system32\lsasrv.dll+2810b|C:\Windows\SYSTEM32\SspiSrv.dll+1467|C:\Windows\System32\RPCRT4.dll+78603|C:\Windows\System32\RPCRT4.dll+d96bd|C:\Windows\System32\RPCRT4.dll+610fc|C:\Windows\System32\RPCRT4.dll+52734|C:\Windows\System32\RPCRT4.dll+5164d|C:\Windows\System32\RPCRT4.dll+51efb|C:\Windows\System32\RPCRT4.dll+2552c|C:\Windows\System32\RPCRT4.dll+259ac|C:\Windows\System32\RPCRT4.dll+1122c|C:\Windows\System32\RPCRT4.dll+12a8b|C:\Windows\System32\RPCRT4.dll+1efba|C:\Windows\SYSTEM32\ntdll.dll+1d34e|C:\Windows\SYSTEM32\ntdll.dll+1ecb9|C:\Windows\System32\KERNEL32.DLL+84d4|C:\Windows\SYSTEM32\ntdll.dll+51791</Data></EventData></Event>
<Event xmlns='http://schemas.microsoft.com/win/2004/08/events/event'><System><Provider Name='Microsoft-Windows-Sysmon' Guid='{5770385F-C22A-43E0-BF4C-06F5698FFBD9}'/><EventID>10</EventID><Version>3</Version><Level>4</Level><Task>10</Task><Opcode>0</Opcode><Keywords>0x8000000000000000</Keywords><TimeCreated SystemTime='2020-11-03T15:50:20.720114200Z'/><EventRecordID>144</EventRecordID><Correlation/><Execution ProcessID='5112' ThreadID='748'/><Channel>Microsoft-Windows-Sysmon/Operational</Channel><Computer>win-dc-807.attackrange.local</Computer><Security UserID='S-1-5-18'/></System><EventData><Data Name='RuleName'>-</Data><Data Name='UtcTime'>2020-11-03 15:50:20.716</Data><Data Name='SourceProcessGUID'>{D28789B6-7ACF-5FA1-0B00-000000008701}</Data><Data Name='SourceProcessId'>860</Data><Data Name='SourceThreadId'>916</Data><Data Name='SourceImage'>C:\Windows\system32\lsass.exe</Data><Data Name='TargetProcessGUID'>{D28789B6-7AD2-5FA1-1400-000000008701}</Data><Data Name='TargetProcessId'>1368</Data><Data Name='TargetImage'>C:\Windows\system32\svchost.exe</Data><Data Name='GrantedAccess'>0x1000</Data><Data Name='CallTrace'>C:\Windows\SYSTEM32\ntdll.dll+a5a94|C:\Windows\system32\lsasrv.dll+1b05d|C:\Windows\system32\lsasrv.dll+2810b|C:\Windows\SYSTEM32\SspiSrv.dll+1467|C:\Windows\System32\RPCRT4.dll+78603|C:\Windows\System32\RPCRT4.dll+d96bd|C:\Windows\System32\RPCRT4.dll+610fc|C:\Windows\System32\RPCRT4.dll+52734|C:\Windows\System32\RPCRT4.dll+5164d|C:\Windows\System32\RPCRT4.dll+51efb|C:\Windows\System32\RPCRT4.dll+2552c|C:\Windows\System32\RPCRT4.dll+259ac|C:\Windows\System32\RPCRT4.dll+1122c|C:\Windows\System32\RPCRT4.dll+12a8b|C:\Windows\System32\RPCRT4.dll+1efba|C:\Windows\SYSTEM32\ntdll.dll+1d34e|C:\Windows\SYSTEM32\ntdll.dll+1ecb9|C:\Windows\System32\KERNEL32.DLL+84d4|C:\Windows\SYSTEM32\ntdll.dll+51791</Data></EventData></Event>
<Event xmlns='http://schemas.microsoft.com/win/2004/08/events/event'><System><Provider Name='Microsoft-Windows-Sysmon' Guid='{5770385F-C22A-43E0-BF4C-06F5698FFBD9}'/><EventID>10</EventID><Version>3</Version><Level>4</Level><Task>10</Task><Opcode>0</Opcode><Keywords>0x8000000000000000</Keywords><TimeCreated SystemTime='2020-11-03T15:50:20.673755200Z'/><EventRecordID>143</EventRecordID><Correlation/><Execution ProcessID='5112' ThreadID='748'/><Channel>Microsoft-Windows-Sysmon/Operational</Channel><Computer>win-dc-807.attackrange.local</Computer><Security UserID='S-1-5-18'/></System><EventData><Data Name='RuleName'>-</Data><Data Name='UtcTime'>2020-11-03 15:50:20.669</Data><Data Name='SourceProcessGUID'>{D28789B6-7C3B-5FA1-F102-000000008701}</Data><Data Name='SourceProcessId'>1544</Data><Data Name='SourceThreadId'>4764</Data><Data Name='SourceImage'>C:\Windows\system32\conhost.exe</Data><Data Name='TargetProcessGUID'>{D28789B6-7C3C-5FA1-F602-000000008701}</Data><Data Name='TargetProcessId'>4484</Data><Data Name='TargetImage'>C:\Windows\Microsoft.NET\Framework64\v4.0.30319\csc.exe</Data><Data Name='GrantedAccess'>0x1fffff</Data><Data Name='CallTrace'>C:\Windows\SYSTEM32\ntdll.dll+a5a94|C:\Windows\SYSTEM32\ConhostV2.dll+5c07|C:\Windows\SYSTEM32\ConhostV2.dll+76ab|C:\Windows\SYSTEM32\ConhostV2.dll+a84c|C:\Windows\System32\KERNEL32.DLL+84d4|C:\Windows\SYSTEM32\ntdll.dll+51791</Data></EventData></Event>
<Event xmlns='http://schemas.microsoft.com/win/2004/08/events/event'><System><Provider Name='Microsoft-Windows-Sysmon' Guid='{5770385F-C22A-43E0-BF4C-06F5698FFBD9}'/><EventID>10</EventID><Version>3</Version><Level>4</Level><Task>10</Task><Opcode>0</Opcode><Keywords>0x8000000000000000</Keywords><TimeCreated SystemTime='2020-11-03T15:50:20.673227000Z'/><EventRecordID>142</EventRecordID><Correlation/><Execution ProcessID='5112' ThreadID='748'/><Channel>Microsoft-Windows-Sysmon/Operational</Channel><Computer>win-dc-807.attackrange.local</Computer><Security UserID='S-1-5-18'/></System><EventData><Data Name='RuleName'>-</Data><Data Name='UtcTime'>2020-11-03 15:50:20.669</Data><Data Name='SourceProcessGUID'>{D28789B6-7AD1-5FA1-0C00-000000008701}</Data><Data Name='SourceProcessId'>572</Data><Data Name='SourceThreadId'>1116</Data><Data Name='SourceImage'>C:\Windows\system32\svchost.exe</Data><Data Name='TargetProcessGUID'>{D28789B6-7C3A-5FA1-EE02-000000008701}</Data><Data Name='TargetProcessId'>5112</Data><Data Name='TargetImage'>C:\Windows\sysmon64.exe</Data><Data Name='GrantedAccess'>0x1400</Data><Data Name='CallTrace'>C:\Windows\SYSTEM32\ntdll.dll+a5a94|C:\Windows\System32\KERNELBASE.dll+5eab4|c:\windows\system32\lsm.dll+e9d6|c:\windows\system32\lsm.dll+d3ae|C:\Windows\System32\RPCRT4.dll+78603|C:\Windows\System32\RPCRT4.dll+d96bd|C:\Windows\System32\RPCRT4.dll+610fc|C:\Windows\System32\RPCRT4.dll+52734|C:\Windows\System32\RPCRT4.dll+5164d|C:\Windows\System32\RPCRT4.dll+51efb|C:\Windows\System32\RPCRT4.dll+2552c|C:\Windows\System32\RPCRT4.dll+259ac|C:\Windows\System32\RPCRT4.dll+1122c|C:\Windows\System32\RPCRT4.dll+12a8b|C:\Windows\System32\RPCRT4.dll+1efba|C:\Windows\SYSTEM32\ntdll.dll+1d34e|C:\Windows\SYSTEM32\ntdll.dll+1ecb9|C:\Windows\System32\KERNEL32.DLL+84d4|C:\Windows\SYSTEM32\ntdll.dll+51791</Data></EventData></Event>
<Event xmlns='http://schemas.microsoft.com/win/2004/08/events/event'><System><Provider Name='Microsoft-Windows-Sysmon' Guid='{5770385F-C22A-43E0-BF4C-06F5698FFBD9}'/><EventID>10</EventID><Version>3</Version><Level>4</Level><Task>10</Task><Opcode>0</Opcode><Keywords>0x8000000000000000</Keywords><TimeCreated SystemTime='2020-11-03T15:50:20.673170400Z'/><EventRecordID>141</EventRecordID><Correlation/><Execution ProcessID='5112' ThreadID='748'/><Channel>Microsoft-Windows-Sysmon/Operational</Channel><Computer>win-dc-807.attackrange.local</Computer><Security UserID='S-1-5-18'/></System><EventData><Data Name='RuleName'>-</Data><Data Name='UtcTime'>2020-11-03 15:50:20.669</Data><Data Name='SourceProcessGUID'>{D28789B6-7AD1-5FA1-0C00-000000008701}</Data><Data Name='SourceProcessId'>572</Data><Data Name='SourceThreadId'>1116</Data><Data Name='SourceImage'>C:\Windows\system32\svchost.exe</Data><Data Name='TargetProcessGUID'>{D28789B6-7C3A-5FA1-EE02-000000008701}</Data><Data Name='TargetProcessId'>5112</Data><Data Name='TargetImage'>C:\Windows\sysmon64.exe</Data><Data Name='GrantedAccess'>0x1400</Data><Data Name='CallTrace'>C:\Windows\SYSTEM32\ntdll.dll+a5a94|C:\Windows\System32\KERNELBASE.dll+5eab4|c:\windows\system32\lsm.dll+11aad|C:\Windows\System32\RPCRT4.dll+78603|C:\Windows\System32\RPCRT4.dll+d96bd|C:\Windows\System32\RPCRT4.dll+610fc|C:\Windows\System32\RPCRT4.dll+52734|C:\Windows\System32\RPCRT4.dll+5164d|C:\Windows\System32\RPCRT4.dll+51efb|C:\Windows\System32\RPCRT4.dll+2552c|C:\Windows\System32\RPCRT4.dll+259ac|C:\Windows\System32\RPCRT4.dll+1122c|C:\Windows\System32\RPCRT4.dll+12a8b|C:\Windows\System32\RPCRT4.dll+1efba|C:\Windows\SYSTEM32\ntdll.dll+1d34e|C:\Windows\SYSTEM32\ntdll.dll+1ecb9|C:\Windows\System32\KERNEL32.DLL+84d4|C:\Windows\SYSTEM32\ntdll.dll+51791</Data></EventData></Event>
<Event xmlns='http://schemas.microsoft.com/win/2004/08/events/event'><System><Provider Name='Microsoft-Windows-Sysmon' Guid='{5770385F-C22A-43E0-BF4C-06F5698FFBD9}'/><EventID>10</EventID><Version>3</Version><Level>4</Level><Task>10</Task><Opcode>0</Opcode><Keywords>0x8000000000000000</Keywords><TimeCreated SystemTime='2020-11-03T15:50:20.673115800Z'/><EventRecordID>140</EventRecordID><Correlation/><Execution ProcessID='5112' ThreadID='748'/><Channel>Microsoft-Windows-Sysmon/Operational</Channel><Computer>win-dc-807.attackrange.local</Computer><Security UserID='S-1-5-18'/></System><EventData><Data Name='RuleName'>-</Data><Data Name='UtcTime'>2020-11-03 15:50:20.669</Data><Data Name='SourceProcessGUID'>{D28789B6-7AD1-5FA1-0C00-000000008701}</Data><Data Name='SourceProcessId'>572</Data><Data Name='SourceThreadId'>1116</Data><Data Name='SourceImage'>C:\Windows\system32\svchost.exe</Data><Data Name='TargetProcessGUID'>{D28789B6-7C3A-5FA1-EE02-000000008701}</Data><Data Name='TargetProcessId'>5112</Data><Data Name='TargetImage'>C:\Windows\sysmon64.exe</Data><Data Name='GrantedAccess'>0x1400</Data><Data Name='CallTrace'>C:\Windows\SYSTEM32\ntdll.dll+a5a94|C:\Windows\System32\KERNELBASE.dll+5eab4|c:\windows\system32\lsm.dll+11058|C:\Windows\System32\RPCRT4.dll+78603|C:\Windows\System32\RPCRT4.dll+d96bd|C:\Windows\System32\RPCRT4.dll+610fc|C:\Windows\System32\RPCRT4.dll+52734|C:\Windows\System32\RPCRT4.dll+5164d|C:\Windows\System32\RPCRT4.dll+51efb|C:\Windows\System32\RPCRT4.dll+2552c|C:\Windows\System32\RPCRT4.dll+259ac|C:\Windows\System32\RPCRT4.dll+1122c|C:\Windows\System32\RPCRT4.dll+12a8b|C:\Windows\System32\RPCRT4.dll+1efba|C:\Windows\SYSTEM32\ntdll.dll+1d34e|C:\Windows\SYSTEM32\ntdll.dll+1ecb9|C:\Windows\System32\KERNEL32.DLL+84d4|C:\Windows\SYSTEM32\ntdll.dll+51791</Data></EventData></Event>
