<Event xmlns='http://schemas.microsoft.com/win/2004/08/events/event'><System><Provider Name='Microsoft-Windows-Sysmon' Guid='{5770385F-C22A-43E0-BF4C-06F5698FFBD9}'/><EventID>10</EventID><Version>3</Version><Level>4</Level><Task>10</Task><Opcode>0</Opcode><Keywords>0x8000000000000000</Keywords><TimeCreated SystemTime='2020-11-03T15:51:15.992580900Z'/><EventRecordID>897</EventRecordID><Correlation/><Execution ProcessID='2152' ThreadID='3460'/><Channel>Microsoft-Windows-Sysmon/Operational</Channel><Computer>win-dc-807.attackrange.local</Computer><Security UserID='S-1-5-18'/></System><EventData><Data Name='RuleName'>-</Data><Data Name='UtcTime'>2020-11-03 15:51:00.863</Data><Data Name='SourceProcessGUID'>{D28789B6-7C62-5FA1-0B00-000000008801}</Data><Data Name='SourceProcessId'>868</Data><Data Name='SourceThreadId'>900</Data><Data Name='SourceImage'>C:\Windows\system32\lsass.exe</Data><Data Name='TargetProcessGUID'>{D28789B6-7C64-5FA1-1500-000000008801}</Data><Data Name='TargetProcessId'>1336</Data><Data Name='TargetImage'>C:\Windows\system32\svchost.exe</Data><Data Name='GrantedAccess'>0x1000</Data><Data Name='CallTrace'>C:\Windows\SYSTEM32\ntdll.dll+a6624|C:\Windows\System32\RPCRT4.dll+64ebf|C:\Windows\system32\lsasrv.dll+25add|C:\Windows\SYSTEM32\SspiSrv.dll+11a2|C:\Windows\System32\RPCRT4.dll+78603|C:\Windows\System32\RPCRT4.dll+d96bd|C:\Windows\System32\RPCRT4.dll+610fc|C:\Windows\System32\RPCRT4.dll+52734|C:\Windows\System32\RPCRT4.dll+5164d|C:\Windows\System32\RPCRT4.dll+51efb|C:\Windows\System32\RPCRT4.dll+2552c|C:\Windows\System32\RPCRT4.dll+259ac|C:\Windows\System32\RPCRT4.dll+1122c|C:\Windows\System32\RPCRT4.dll+12a8b|C:\Windows\System32\RPCRT4.dll+1efba|C:\Windows\SYSTEM32\ntdll.dll+1d34e|C:\Windows\SYSTEM32\ntdll.dll+1ecb9|C:\Windows\System32\KERNEL32.DLL+84d4|C:\Windows\SYSTEM32\ntdll.dll+51791</Data></EventData></Event>
<Event xmlns='http://schemas.microsoft.com/win/2004/08/events/event'><System><Provider Name='Microsoft-Windows-Sysmon' Guid='{5770385F-C22A-43E0-BF4C-06F5698FFBD9}'/><EventID>10</EventID><Version>3</Version><Level>4</Level><Task>10</Task><Opcode>0</Opcode><Keywords>0x8000000000000000</Keywords><TimeCreated SystemTime='2020-11-03T15:51:15.992476500Z'/><EventRecordID>896</EventRecordID><Correlation/><Execution ProcessID='2152' ThreadID='3460'/><Channel>Microsoft-Windows-Sysmon/Operational</Channel><Computer>win-dc-807.attackrange.local</Computer><Security UserID='S-1-5-18'/></System><EventData><Data Name='RuleName'>-</Data><Data Name='UtcTime'>2020-11-03 15:51:00.863</Data><Data Name='SourceProcessGUID'>{D28789B6-7C64-5FA1-0C00-000000008801}</Data><Data Name='SourceProcessId'>608</Data><Data Name='SourceThreadId'>920</Data><Data Name='SourceImage'>C:\Windows\system32\svchost.exe</Data><Data Name='TargetProcessGUID'>{D28789B6-7C62-5FA1-0B00-000000008801}</Data><Data Name='TargetProcessId'>868</Data><Data Name='TargetImage'>C:\Windows\system32\lsass.exe</Data><Data Name='GrantedAccess'>0x1400</Data><Data Name='CallTrace'>C:\Windows\SYSTEM32\ntdll.dll+a5a94|C:\Windows\System32\KERNELBASE.dll+5eab4|c:\windows\system32\lsm.dll+f86b|C:\Windows\System32\RPCRT4.dll+78603|C:\Windows\System32\RPCRT4.dll+d96bd|C:\Windows\System32\RPCRT4.dll+610fc|C:\Windows\System32\RPCRT4.dll+52734|C:\Windows\System32\RPCRT4.dll+5164d|C:\Windows\System32\RPCRT4.dll+51efb|C:\Windows\System32\RPCRT4.dll+2552c|C:\Windows\System32\RPCRT4.dll+259ac|C:\Windows\System32\RPCRT4.dll+1122c|C:\Windows\System32\RPCRT4.dll+12a8b|C:\Windows\System32\RPCRT4.dll+1efba|C:\Windows\SYSTEM32\ntdll.dll+1d34e|C:\Windows\SYSTEM32\ntdll.dll+1ecb9|C:\Windows\System32\KERNEL32.DLL+84d4|C:\Windows\SYSTEM32\ntdll.dll+51791</Data></EventData></Event>
<Event xmlns='http://schemas.microsoft.com/win/2004/08/events/event'><System><Provider Name='Microsoft-Windows-Sysmon' Guid='{5770385F-C22A-43E0-BF4C-06F5698FFBD9}'/><EventID>10</EventID><Version>3</Version><Level>4</Level><Task>10</Task><Opcode>0</Opcode><Keywords>0x8000000000000000</Keywords><TimeCreated SystemTime='2020-11-03T15:51:15.992417400Z'/><EventRecordID>895</EventRecordID><Correlation/><Execution ProcessID='2152' ThreadID='3460'/><Channel>Microsoft-Windows-Sysmon/Operational</Channel><Computer>win-dc-807.attackrange.local</Computer><Security UserID='S-1-5-18'/></System><EventData><Data Name='RuleName'>-</Data><Data Name='UtcTime'>2020-11-03 15:51:00.863</Data><Data Name='SourceProcessGUID'>{D28789B6-7C64-5FA1-0C00-000000008801}</Data><Data Name='SourceProcessId'>608</Data><Data Name='SourceThreadId'>920</Data><Data Name='SourceImage'>C:\Windows\system32\svchost.exe</Data><Data Name='TargetProcessGUID'>{D28789B6-7C62-5FA1-0B00-000000008801}</Data><Data Name='TargetProcessId'>868</Data><Data Name='TargetImage'>C:\Windows\system32\lsass.exe</Data><Data Name='GrantedAccess'>0x1400</Data><Data Name='CallTrace'>C:\Windows\SYSTEM32\ntdll.dll+a5a94|C:\Windows\System32\KERNELBASE.dll+5eab4|c:\windows\system32\lsm.dll+f71b|C:\Windows\System32\RPCRT4.dll+78603|C:\Windows\System32\RPCRT4.dll+d96bd|C:\Windows\System32\RPCRT4.dll+610fc|C:\Windows\System32\RPCRT4.dll+52734|C:\Windows\System32\RPCRT4.dll+5164d|C:\Windows\System32\RPCRT4.dll+51efb|C:\Windows\System32\RPCRT4.dll+2552c|C:\Windows\System32\RPCRT4.dll+259ac|C:\Windows\System32\RPCRT4.dll+1122c|C:\Windows\System32\RPCRT4.dll+12a8b|C:\Windows\System32\RPCRT4.dll+1efba|C:\Windows\SYSTEM32\ntdll.dll+1d34e|C:\Windows\SYSTEM32\ntdll.dll+1ecb9|C:\Windows\System32\KERNEL32.DLL+84d4|C:\Windows\SYSTEM32\ntdll.dll+51791</Data></EventData></Event>
<Event xmlns='http://schemas.microsoft.com/win/2004/08/events/event'><System><Provider Name='Microsoft-Windows-Sysmon' Guid='{5770385F-C22A-43E0-BF4C-06F5698FFBD9}'/><EventID>10</EventID><Version>3</Version><Level>4</Level><Task>10</Task><Opcode>0</Opcode><Keywords>0x8000000000000000</Keywords><TimeCreated SystemTime='2020-11-03T15:51:15.992359800Z'/><EventRecordID>894</EventRecordID><Correlation/><Execution ProcessID='2152' ThreadID='3460'/><Channel>Microsoft-Windows-Sysmon/Operational</Channel><Computer>win-dc-807.attackrange.local</Computer><Security UserID='S-1-5-18'/></System><EventData><Data Name='RuleName'>-</Data><Data Name='UtcTime'>2020-11-03 15:51:00.847</Data><Data Name='SourceProcessGUID'>{D28789B6-7C62-5FA1-0B00-000000008801}</Data><Data Name='SourceProcessId'>868</Data><Data Name='SourceThreadId'>900</Data><Data Name='SourceImage'>C:\Windows\system32\lsass.exe</Data><Data Name='TargetProcessGUID'>{D28789B6-7C62-5FA1-0A00-000000008801}</Data><Data Name='TargetProcessId'>852</Data><Data Name='TargetImage'>C:\Windows\system32\services.exe</Data><Data Name='GrantedAccess'>0x1000</Data><Data Name='CallTrace'>C:\Windows\SYSTEM32\ntdll.dll+a5a94|C:\Windows\system32\lsasrv.dll+1b05d|C:\Windows\system32\lsasrv.dll+2810b|C:\Windows\SYSTEM32\SspiSrv.dll+1467|C:\Windows\System32\RPCRT4.dll+78603|C:\Windows\System32\RPCRT4.dll+d96bd|C:\Windows\System32\RPCRT4.dll+610fc|C:\Windows\System32\RPCRT4.dll+52734|C:\Windows\System32\RPCRT4.dll+5164d|C:\Windows\System32\RPCRT4.dll+51efb|C:\Windows\System32\RPCRT4.dll+2552c|C:\Windows\System32\RPCRT4.dll+259ac|C:\Windows\System32\RPCRT4.dll+1122c|C:\Windows\System32\RPCRT4.dll+12a8b|C:\Windows\System32\RPCRT4.dll+1efba|C:\Windows\SYSTEM32\ntdll.dll+1d34e|C:\Windows\SYSTEM32\ntdll.dll+1ecb9|C:\Windows\System32\KERNEL32.DLL+84d4|C:\Windows\SYSTEM32\ntdll.dll+51791</Data></EventData></Event>
<Event xmlns='http://schemas.microsoft.com/win/2004/08/events/event'><System><Provider Name='Microsoft-Windows-Sysmon' Guid='{5770385F-C22A-43E0-BF4C-06F5698FFBD9}'/><EventID>10</EventID><Version>3</Version><Level>4</Level><Task>10</Task><Opcode>0</Opcode><Keywords>0x8000000000000000</Keywords><TimeCreated SystemTime='2020-11-03T15:51:15.992299900Z'/><EventRecordID>893</EventRecordID><Correlation/><Execution ProcessID='2152' ThreadID='3460'/><Channel>Microsoft-Windows-Sysmon/Operational</Channel><Computer>win-dc-807.attackrange.local</Computer><Security UserID='S-1-5-18'/></System><EventData><Data Name='RuleName'>-</Data><Data Name='UtcTime'>2020-11-03 15:51:00.847</Data><Data Name='SourceProcessGUID'>{D28789B6-7C64-5FA1-0C00-000000008801}</Data><Data Name='SourceProcessId'>608</Data><Data Name='SourceThreadId'>920</Data><Data Name='SourceImage'>C:\Windows\system32\svchost.exe</Data><Data Name='TargetProcessGUID'>{D28789B6-7C62-5FA1-0B00-000000008801}</Data><Data Name='TargetProcessId'>868</Data><Data Name='TargetImage'>C:\Windows\system32\lsass.exe</Data><Data Name='GrantedAccess'>0x1400</Data><Data Name='CallTrace'>C:\Windows\SYSTEM32\ntdll.dll+a5a94|C:\Windows\System32\KERNELBASE.dll+5eab4|c:\windows\system32\lsm.dll+f86b|C:\Windows\System32\RPCRT4.dll+78603|C:\Windows\System32\RPCRT4.dll+d96bd|C:\Windows\System32\RPCRT4.dll+610fc|C:\Windows\System32\RPCRT4.dll+52734|C:\Windows\System32\RPCRT4.dll+5164d|C:\Windows\System32\RPCRT4.dll+51efb|C:\Windows\System32\RPCRT4.dll+2552c|C:\Windows\System32\RPCRT4.dll+259ac|C:\Windows\System32\RPCRT4.dll+1122c|C:\Windows\System32\RPCRT4.dll+12a8b|C:\Windows\System32\RPCRT4.dll+1efba|C:\Windows\SYSTEM32\ntdll.dll+1d34e|C:\Windows\SYSTEM32\ntdll.dll+1ecb9|C:\Windows\System32\KERNEL32.DLL+84d4|C:\Windows\SYSTEM32\ntdll.dll+51791</Data></EventData></Event>
<Event xmlns='http://schemas.microsoft.com/win/2004/08/events/event'><System><Provider Name='Microsoft-Windows-Sysmon' Guid='{5770385F-C22A-43E0-BF4C-06F5698FFBD9}'/><EventID>10</EventID><Version>3</Version><Level>4</Level><Task>10</Task><Opcode>0</Opcode><Keywords>0x8000000000000000</Keywords><TimeCreated SystemTime='2020-11-03T15:51:15.992241000Z'/><EventRecordID>892</EventRecordID><Correlation/><Execution ProcessID='2152' ThreadID='3460'/><Channel>Microsoft-Windows-Sysmon/Operational</Channel><Computer>win-dc-807.attackrange.local</Computer><Security UserID='S-1-5-18'/></System><EventData><Data Name='RuleName'>-</Data><Data Name='UtcTime'>2020-11-03 15:51:00.847</Data><Data Name='SourceProcessGUID'>{D28789B6-7C64-5FA1-0C00-000000008801}</Data><Data Name='SourceProcessId'>608</Data><Data Name='SourceThreadId'>920</Data><Data Name='SourceImage'>C:\Windows\system32\svchost.exe</Data><Data Name='TargetProcessGUID'>{D28789B6-7C62-5FA1-0B00-000000008801}</Data><Data Name='TargetProcessId'>868</Data><Data Name='TargetImage'>C:\Windows\system32\lsass.exe</Data><Data Name='GrantedAccess'>0x1400</Data><Data Name='CallTrace'>C:\Windows\SYSTEM32\ntdll.dll+a5a94|C:\Windows\System32\KERNELBASE.dll+5eab4|c:\windows\system32\lsm.dll+f71b|C:\Windows\System32\RPCRT4.dll+78603|C:\Windows\System32\RPCRT4.dll+d96bd|C:\Windows\System32\RPCRT4.dll+610fc|C:\Windows\System32\RPCRT4.dll+52734|C:\Windows\System32\RPCRT4.dll+5164d|C:\Windows\System32\RPCRT4.dll+51efb|C:\Windows\System32\RPCRT4.dll+2552c|C:\Windows\System32\RPCRT4.dll+259ac|C:\Windows\System32\RPCRT4.dll+1122c|C:\Windows\System32\RPCRT4.dll+12a8b|C:\Windows\System32\RPCRT4.dll+1efba|C:\Windows\SYSTEM32\ntdll.dll+1d34e|C:\Windows\SYSTEM32\ntdll.dll+1ecb9|C:\Windows\System32\KERNEL32.DLL+84d4|C:\Windows\SYSTEM32\ntdll.dll+51791</Data></EventData></Event>
<Event xmlns='http://schemas.microsoft.com/win/2004/08/events/event'><System><Provider Name='Microsoft-Windows-Sysmon' Guid='{5770385F-C22A-43E0-BF4C-06F5698FFBD9}'/><EventID>10</EventID><Version>3</Version><Level>4</Level><Task>10</Task><Opcode>0</Opcode><Keywords>0x8000000000000000</Keywords><TimeCreated SystemTime='2020-11-03T15:51:15.992180200Z'/><EventRecordID>891</EventRecordID><Correlation/><Execution ProcessID='2152' ThreadID='3460'/><Channel>Microsoft-Windows-Sysmon/Operational</Channel><Computer>win-dc-807.attackrange.local</Computer><Security UserID='S-1-5-18'/></System><EventData><Data Name='RuleName'>-</Data><Data Name='UtcTime'>2020-11-03 15:51:00.847</Data><Data Name='SourceProcessGUID'>{D28789B6-7C62-5FA1-0B00-000000008801}</Data><Data Name='SourceProcessId'>868</Data><Data Name='SourceThreadId'>900</Data><Data Name='SourceImage'>C:\Windows\system32\lsass.exe</Data><Data Name='TargetProcessGUID'>{D28789B6-7C62-5FA1-0A00-000000008801}</Data><Data Name='TargetProcessId'>852</Data><Data Name='TargetImage'>C:\Windows\system32\services.exe</Data><Data Name='GrantedAccess'>0x1000</Data><Data Name='CallTrace'>C:\Windows\SYSTEM32\ntdll.dll+a5a94|C:\Windows\system32\lsasrv.dll+1b05d|C:\Windows\system32\lsasrv.dll+2810b|C:\Windows\SYSTEM32\SspiSrv.dll+1467|C:\Windows\System32\RPCRT4.dll+78603|C:\Windows\System32\RPCRT4.dll+d96bd|C:\Windows\System32\RPCRT4.dll+610fc|C:\Windows\System32\RPCRT4.dll+52734|C:\Windows\System32\RPCRT4.dll+5164d|C:\Windows\System32\RPCRT4.dll+51efb|C:\Windows\System32\RPCRT4.dll+2552c|C:\Windows\System32\RPCRT4.dll+259ac|C:\Windows\System32\RPCRT4.dll+1122c|C:\Windows\System32\RPCRT4.dll+12a8b|C:\Windows\System32\RPCRT4.dll+1efba|C:\Windows\SYSTEM32\ntdll.dll+1d34e|C:\Windows\SYSTEM32\ntdll.dll+1ecb9|C:\Windows\System32\KERNEL32.DLL+84d4|C:\Windows\SYSTEM32\ntdll.dll+51791</Data></EventData></Event>
<Event xmlns='http://schemas.microsoft.com/win/2004/08/events/event'><System><Provider Name='Microsoft-Windows-Sysmon' Guid='{5770385F-C22A-43E0-BF4C-06F5698FFBD9}'/><EventID>10</EventID><Version>3</Version><Level>4</Level><Task>10</Task><Opcode>0</Opcode><Keywords>0x8000000000000000</Keywords><TimeCreated SystemTime='2020-11-03T15:51:15.991473800Z'/><EventRecordID>890</EventRecordID><Correlation/><Execution ProcessID='2152' ThreadID='3460'/><Channel>Microsoft-Windows-Sysmon/Operational</Channel><Computer>win-dc-807.attackrange.local</Computer><Security UserID='S-1-5-18'/></System><EventData><Data Name='RuleName'>-</Data><Data Name='UtcTime'>2020-11-03 15:51:00.847</Data><Data Name='SourceProcessGUID'>{D28789B6-7C64-5FA1-0C00-000000008801}</Data><Data Name='SourceProcessId'>608</Data><Data Name='SourceThreadId'>920</Data><Data Name='SourceImage'>C:\Windows\system32\svchost.exe</Data><Data Name='TargetProcessGUID'>{D28789B6-7C64-5FA1-1100-000000008801}</Data><Data Name='TargetProcessId'>1204</Data><Data Name='TargetImage'>C:\Windows\system32\dwm.exe</Data><Data Name='GrantedAccess'>0x1000</Data><Data Name='CallTrace'>C:\Windows\SYSTEM32\ntdll.dll+a5a94|C:\Windows\System32\KERNELBASE.dll+221bd|c:\windows\system32\rpcss.dll+5296|C:\Windows\System32\RPCRT4.dll+78603|C:\Windows\System32\RPCRT4.dll+2e43b|C:\Windows\System32\RPCRT4.dll+6213a|C:\Windows\System32\RPCRT4.dll+52734|C:\Windows\System32\RPCRT4.dll+5164d|C:\Windows\System32\RPCRT4.dll+51efb|C:\Windows\System32\RPCRT4.dll+2552c|C:\Windows\System32\RPCRT4.dll+259ac|C:\Windows\System32\RPCRT4.dll+1122c|C:\Windows\System32\RPCRT4.dll+12a8b|C:\Windows\System32\RPCRT4.dll+1efba|C:\Windows\SYSTEM32\ntdll.dll+1d34e|C:\Windows\SYSTEM32\ntdll.dll+1ecb9|C:\Windows\System32\KERNEL32.DLL+84d4|C:\Windows\SYSTEM32\ntdll.dll+51791</Data></EventData></Event>
<Event xmlns='http://schemas.microsoft.com/win/2004/08/events/event'><System><Provider Name='Microsoft-Windows-Sysmon' Guid='{5770385F-C22A-43E0-BF4C-06F5698FFBD9}'/><EventID>13</EventID><Version>2</Version><Level>4</Level><Task>13</Task><Opcode>0</Opcode><Keywords>0x8000000000000000</Keywords><TimeCreated SystemTime='2020-11-03T15:51:15.991409800Z'/><EventRecordID>889</EventRecordID><Correlation/><Execution ProcessID='2152' ThreadID='3460'/><Channel>Microsoft-Windows-Sysmon/Operational</Channel><Computer>win-dc-807.attackrange.local</Computer><Security UserID='S-1-5-18'/></System><EventData><Data Name='RuleName'>-</Data><Data Name='EventType'>SetValue</Data><Data Name='UtcTime'>2020-11-03 15:51:00.847</Data><Data Name='ProcessGuid'>{D28789B6-7C64-5FA1-1300-000000008801}</Data><Data Name='ProcessId'>1224</Data><Data Name='Image'>C:\Windows\system32\svchost.exe</Data><Data Name='TargetObject'>HKLM\SOFTWARE\Microsoft\Windows NT\CurrentVersion\NetworkList\Profiles\{B2978737-BDE4-4A30-BBC3-C53431E535DB}\DateLastConnected</Data><Data Name='Details'>Binary Data</Data></EventData></Event>
<Event xmlns='http://schemas.microsoft.com/win/2004/08/events/event'><System><Provider Name='Microsoft-Windows-Sysmon' Guid='{5770385F-C22A-43E0-BF4C-06F5698FFBD9}'/><EventID>11</EventID><Version>2</Version><Level>4</Level><Task>11</Task><Opcode>0</Opcode><Keywords>0x8000000000000000</Keywords><TimeCreated SystemTime='2020-11-03T15:51:15.991059000Z'/><EventRecordID>888</EventRecordID><Correlation/><Execution ProcessID='2152' ThreadID='3460'/><Channel>Microsoft-Windows-Sysmon/Operational</Channel><Computer>win-dc-807.attackrange.local</Computer><Security UserID='S-1-5-18'/></System><EventData><Data Name='RuleName'>T1053</Data><Data Name='UtcTime'>2020-11-03 15:51:00.847</Data><Data Name='ProcessGuid'>{D28789B6-7C64-5FA1-1000-000000008801}</Data><Data Name='ProcessId'>1144</Data><Data Name='Image'>C:\Windows\system32\svchost.exe</Data><Data Name='TargetFilename'>C:\Windows\Tasks\SA.DAT</Data><Data Name='CreationUtcTime'>2016-09-12 11:34:03.403</Data></EventData></Event>
<Event xmlns='http://schemas.microsoft.com/win/2004/08/events/event'><System><Provider Name='Microsoft-Windows-Sysmon' Guid='{5770385F-C22A-43E0-BF4C-06F5698FFBD9}'/><EventID>10</EventID><Version>3</Version><Level>4</Level><Task>10</Task><Opcode>0</Opcode><Keywords>0x8000000000000000</Keywords><TimeCreated SystemTime='2020-11-03T15:51:15.989278900Z'/><EventRecordID>887</EventRecordID><Correlation/><Execution ProcessID='2152' ThreadID='3460'/><Channel>Microsoft-Windows-Sysmon/Operational</Channel><Computer>win-dc-807.attackrange.local</Computer><Security UserID='S-1-5-18'/></System><EventData><Data Name='RuleName'>-</Data><Data Name='UtcTime'>2020-11-03 15:51:00.816</Data><Data Name='SourceProcessGUID'>{D28789B6-7C64-5FA1-0C00-000000008801}</Data><Data Name='SourceProcessId'>608</Data><Data Name='SourceThreadId'>920</Data><Data Name='SourceImage'>C:\Windows\system32\svchost.exe</Data><Data Name='TargetProcessGUID'>{D28789B6-7C62-5FA1-0B00-000000008801}</Data><Data Name='TargetProcessId'>868</Data><Data Name='TargetImage'>C:\Windows\system32\lsass.exe</Data><Data Name='GrantedAccess'>0x1400</Data><Data Name='CallTrace'>C:\Windows\SYSTEM32\ntdll.dll+a5a94|C:\Windows\System32\KERNELBASE.dll+5eab4|c:\windows\system32\lsm.dll+f86b|C:\Windows\System32\RPCRT4.dll+78603|C:\Windows\System32\RPCRT4.dll+d96bd|C:\Windows\System32\RPCRT4.dll+610fc|C:\Windows\System32\RPCRT4.dll+52734|C:\Windows\System32\RPCRT4.dll+5164d|C:\Windows\System32\RPCRT4.dll+51efb|C:\Windows\System32\RPCRT4.dll+2552c|C:\Windows\System32\RPCRT4.dll+259ac|C:\Windows\System32\RPCRT4.dll+1122c|C:\Windows\System32\RPCRT4.dll+12a8b|C:\Windows\System32\RPCRT4.dll+1efba|C:\Windows\SYSTEM32\ntdll.dll+1d34e|C:\Windows\SYSTEM32\ntdll.dll+1ecb9|C:\Windows\System32\KERNEL32.DLL+84d4|C:\Windows\SYSTEM32\ntdll.dll+51791</Data></EventData></Event>
<Event xmlns='http://schemas.microsoft.com/win/2004/08/events/event'><System><Provider Name='Microsoft-Windows-Sysmon' Guid='{5770385F-C22A-43E0-BF4C-06F5698FFBD9}'/><EventID>10</EventID><Version>3</Version><Level>4</Level><Task>10</Task><Opcode>0</Opcode><Keywords>0x8000000000000000</Keywords><TimeCreated SystemTime='2020-11-03T15:51:15.989220500Z'/><EventRecordID>886</EventRecordID><Correlation/><Execution ProcessID='2152' ThreadID='3460'/><Channel>Microsoft-Windows-Sysmon/Operational</Channel><Computer>win-dc-807.attackrange.local</Computer><Security UserID='S-1-5-18'/></System><EventData><Data Name='RuleName'>-</Data><Data Name='UtcTime'>2020-11-03 15:51:00.816</Data><Data Name='SourceProcessGUID'>{D28789B6-7C64-5FA1-0C00-000000008801}</Data><Data Name='SourceProcessId'>608</Data><Data Name='SourceThreadId'>920</Data><Data Name='SourceImage'>C:\Windows\system32\svchost.exe</Data><Data Name='TargetProcessGUID'>{D28789B6-7C62-5FA1-0B00-000000008801}</Data><Data Name='TargetProcessId'>868</Data><Data Name='TargetImage'>C:\Windows\system32\lsass.exe</Data><Data Name='GrantedAccess'>0x1400</Data><Data Name='CallTrace'>C:\Windows\SYSTEM32\ntdll.dll+a5a94|C:\Windows\System32\KERNELBASE.dll+5eab4|c:\windows\system32\lsm.dll+f71b|C:\Windows\System32\RPCRT4.dll+78603|C:\Windows\System32\RPCRT4.dll+d96bd|C:\Windows\System32\RPCRT4.dll+610fc|C:\Windows\System32\RPCRT4.dll+52734|C:\Windows\System32\RPCRT4.dll+5164d|C:\Windows\System32\RPCRT4.dll+51efb|C:\Windows\System32\RPCRT4.dll+2552c|C:\Windows\System32\RPCRT4.dll+259ac|C:\Windows\System32\RPCRT4.dll+1122c|C:\Windows\System32\RPCRT4.dll+12a8b|C:\Windows\System32\RPCRT4.dll+1efba|C:\Windows\SYSTEM32\ntdll.dll+1d34e|C:\Windows\SYSTEM32\ntdll.dll+1ecb9|C:\Windows\System32\KERNEL32.DLL+84d4|C:\Windows\SYSTEM32\ntdll.dll+51791</Data></EventData></Event>
<Event xmlns='http://schemas.microsoft.com/win/2004/08/events/event'><System><Provider Name='Microsoft-Windows-Sysmon' Guid='{5770385F-C22A-43E0-BF4C-06F5698FFBD9}'/><EventID>10</EventID><Version>3</Version><Level>4</Level><Task>10</Task><Opcode>0</Opcode><Keywords>0x8000000000000000</Keywords><TimeCreated SystemTime='2020-11-03T15:51:15.989159900Z'/><EventRecordID>885</EventRecordID><Correlation/><Execution ProcessID='2152' ThreadID='3460'/><Channel>Microsoft-Windows-Sysmon/Operational</Channel><Computer>win-dc-807.attackrange.local</Computer><Security UserID='S-1-5-18'/></System><EventData><Data Name='RuleName'>-</Data><Data Name='UtcTime'>2020-11-03 15:51:00.816</Data><Data Name='SourceProcessGUID'>{D28789B6-7C62-5FA1-0B00-000000008801}</Data><Data Name='SourceProcessId'>868</Data><Data Name='SourceThreadId'>900</Data><Data Name='SourceImage'>C:\Windows\system32\lsass.exe</Data><Data Name='TargetProcessGUID'>{D28789B6-7C62-5FA1-0A00-000000008801}</Data><Data Name='TargetProcessId'>852</Data><Data Name='TargetImage'>C:\Windows\system32\services.exe</Data><Data Name='GrantedAccess'>0x1000</Data><Data Name='CallTrace'>C:\Windows\SYSTEM32\ntdll.dll+a5a94|C:\Windows\system32\lsasrv.dll+1b05d|C:\Windows\system32\lsasrv.dll+2810b|C:\Windows\SYSTEM32\SspiSrv.dll+1467|C:\Windows\System32\RPCRT4.dll+78603|C:\Windows\System32\RPCRT4.dll+d96bd|C:\Windows\System32\RPCRT4.dll+610fc|C:\Windows\System32\RPCRT4.dll+52734|C:\Windows\System32\RPCRT4.dll+5164d|C:\Windows\System32\RPCRT4.dll+51efb|C:\Windows\System32\RPCRT4.dll+2552c|C:\Windows\System32\RPCRT4.dll+259ac|C:\Windows\System32\RPCRT4.dll+1122c|C:\Windows\System32\RPCRT4.dll+12a8b|C:\Windows\System32\RPCRT4.dll+1efba|C:\Windows\SYSTEM32\ntdll.dll+1d34e|C:\Windows\SYSTEM32\ntdll.dll+1ecb9|C:\Windows\System32\KERNEL32.DLL+84d4|C:\Windows\SYSTEM32\ntdll.dll+51791</Data></EventData></Event>
<Event xmlns='http://schemas.microsoft.com/win/2004/08/events/event'><System><Provider Name='Microsoft-Windows-Sysmon' Guid='{5770385F-C22A-43E0-BF4C-06F5698FFBD9}'/><EventID>10</EventID><Version>3</Version><Level>4</Level><Task>10</Task><Opcode>0</Opcode><Keywords>0x8000000000000000</Keywords><TimeCreated SystemTime='2020-11-03T15:51:15.988367900Z'/><EventRecordID>884</EventRecordID><Correlation/><Execution ProcessID='2152' ThreadID='3460'/><Channel>Microsoft-Windows-Sysmon/Operational</Channel><Computer>win-dc-807.attackrange.local</Computer><Security UserID='S-1-5-18'/></System><EventData><Data Name='RuleName'>-</Data><Data Name='UtcTime'>2020-11-03 15:51:00.800</Data><Data Name='SourceProcessGUID'>{D28789B6-7C64-5FA1-0C00-000000008801}</Data><Data Name='SourceProcessId'>608</Data><Data Name='SourceThreadId'>920</Data><Data Name='SourceImage'>C:\Windows\system32\svchost.exe</Data><Data Name='TargetProcessGUID'>{D28789B6-7C64-5FA1-1500-000000008801}</Data><Data Name='TargetProcessId'>1336</Data><Data Name='TargetImage'>C:\Windows\system32\svchost.exe</Data><Data Name='GrantedAccess'>0x1400</Data><Data Name='CallTrace'>C:\Windows\SYSTEM32\ntdll.dll+a5a94|C:\Windows\System32\KERNELBASE.dll+5eab4|c:\windows\system32\lsm.dll+11aad|C:\Windows\System32\RPCRT4.dll+78603|C:\Windows\System32\RPCRT4.dll+d96bd|C:\Windows\System32\RPCRT4.dll+610fc|C:\Windows\System32\RPCRT4.dll+52734|C:\Windows\System32\RPCRT4.dll+5164d|C:\Windows\System32\RPCRT4.dll+51efb|C:\Windows\System32\RPCRT4.dll+2552c|C:\Windows\System32\RPCRT4.dll+259ac|C:\Windows\System32\RPCRT4.dll+1122c|C:\Windows\System32\RPCRT4.dll+12a8b|C:\Windows\System32\RPCRT4.dll+1efba|C:\Windows\SYSTEM32\ntdll.dll+1d34e|C:\Windows\SYSTEM32\ntdll.dll+1ecb9|C:\Windows\System32\KERNEL32.DLL+84d4|C:\Windows\SYSTEM32\ntdll.dll+51791</Data></EventData></Event>
<Event xmlns='http://schemas.microsoft.com/win/2004/08/events/event'><System><Provider Name='Microsoft-Windows-Sysmon' Guid='{5770385F-C22A-43E0-BF4C-06F5698FFBD9}'/><EventID>10</EventID><Version>3</Version><Level>4</Level><Task>10</Task><Opcode>0</Opcode><Keywords>0x8000000000000000</Keywords><TimeCreated SystemTime='2020-11-03T15:51:15.988305400Z'/><EventRecordID>883</EventRecordID><Correlation/><Execution ProcessID='2152' ThreadID='3460'/><Channel>Microsoft-Windows-Sysmon/Operational</Channel><Computer>win-dc-807.attackrange.local</Computer><Security UserID='S-1-5-18'/></System><EventData><Data Name='RuleName'>-</Data><Data Name='UtcTime'>2020-11-03 15:51:00.800</Data><Data Name='SourceProcessGUID'>{D28789B6-7C64-5FA1-0C00-000000008801}</Data><Data Name='SourceProcessId'>608</Data><Data Name='SourceThreadId'>920</Data><Data Name='SourceImage'>C:\Windows\system32\svchost.exe</Data><Data Name='TargetProcessGUID'>{D28789B6-7C64-5FA1-1500-000000008801}</Data><Data Name='TargetProcessId'>1336</Data><Data Name='TargetImage'>C:\Windows\system32\svchost.exe</Data><Data Name='GrantedAccess'>0x1400</Data><Data Name='CallTrace'>C:\Windows\SYSTEM32\ntdll.dll+a5a94|C:\Windows\System32\KERNELBASE.dll+5eab4|c:\windows\system32\lsm.dll+11058|C:\Windows\System32\RPCRT4.dll+78603|C:\Windows\System32\RPCRT4.dll+d96bd|C:\Windows\System32\RPCRT4.dll+610fc|C:\Windows\System32\RPCRT4.dll+52734|C:\Windows\System32\RPCRT4.dll+5164d|C:\Windows\System32\RPCRT4.dll+51efb|C:\Windows\System32\RPCRT4.dll+2552c|C:\Windows\System32\RPCRT4.dll+259ac|C:\Windows\System32\RPCRT4.dll+1122c|C:\Windows\System32\RPCRT4.dll+12a8b|C:\Windows\System32\RPCRT4.dll+1efba|C:\Windows\SYSTEM32\ntdll.dll+1d34e|C:\Windows\SYSTEM32\ntdll.dll+1ecb9|C:\Windows\System32\KERNEL32.DLL+84d4|C:\Windows\SYSTEM32\ntdll.dll+51791</Data></EventData></Event>
<Event xmlns='http://schemas.microsoft.com/win/2004/08/events/event'><System><Provider Name='Microsoft-Windows-Sysmon' Guid='{5770385F-C22A-43E0-BF4C-06F5698FFBD9}'/><EventID>10</EventID><Version>3</Version><Level>4</Level><Task>10</Task><Opcode>0</Opcode><Keywords>0x8000000000000000</Keywords><TimeCreated SystemTime='2020-11-03T15:51:15.988222700Z'/><EventRecordID>882</EventRecordID><Correlation/><Execution ProcessID='2152' ThreadID='3460'/><Channel>Microsoft-Windows-Sysmon/Operational</Channel><Computer>win-dc-807.attackrange.local</Computer><Security UserID='S-1-5-18'/></System><EventData><Data Name='RuleName'>-</Data><Data Name='UtcTime'>2020-11-03 15:51:00.800</Data><Data Name='SourceProcessGUID'>{D28789B6-7C64-5FA1-0C00-000000008801}</Data><Data Name='SourceProcessId'>608</Data><Data Name='SourceThreadId'>920</Data><Data Name='SourceImage'>C:\Windows\system32\svchost.exe</Data><Data Name='TargetProcessGUID'>{D28789B6-7C64-5FA1-1500-000000008801}</Data><Data Name='TargetProcessId'>1336</Data><Data Name='TargetImage'>C:\Windows\system32\svchost.exe</Data><Data Name='GrantedAccess'>0x1400</Data><Data Name='CallTrace'>C:\Windows\SYSTEM32\ntdll.dll+a5a94|C:\Windows\System32\KERNELBASE.dll+5eab4|c:\windows\system32\lsm.dll+12023|C:\Windows\System32\RPCRT4.dll+78603|C:\Windows\System32\RPCRT4.dll+d96bd|C:\Windows\System32\RPCRT4.dll+610fc|C:\Windows\System32\RPCRT4.dll+52734|C:\Windows\System32\RPCRT4.dll+5164d|C:\Windows\System32\RPCRT4.dll+51efb|C:\Windows\System32\RPCRT4.dll+2552c|C:\Windows\System32\RPCRT4.dll+259ac|C:\Windows\System32\RPCRT4.dll+1122c|C:\Windows\System32\RPCRT4.dll+12a8b|C:\Windows\System32\RPCRT4.dll+1efba|C:\Windows\SYSTEM32\ntdll.dll+1d34e|C:\Windows\SYSTEM32\ntdll.dll+1ecb9|C:\Windows\System32\KERNEL32.DLL+84d4|C:\Windows\SYSTEM32\ntdll.dll+51791</Data></EventData></Event>
<Event xmlns='http://schemas.microsoft.com/win/2004/08/events/event'><System><Provider Name='Microsoft-Windows-Sysmon' Guid='{5770385F-C22A-43E0-BF4C-06F5698FFBD9}'/><EventID>10</EventID><Version>3</Version><Level>4</Level><Task>10</Task><Opcode>0</Opcode><Keywords>0x8000000000000000</Keywords><TimeCreated SystemTime='2020-11-03T15:51:15.988019000Z'/><EventRecordID>881</EventRecordID><Correlation/><Execution ProcessID='2152' ThreadID='3460'/><Channel>Microsoft-Windows-Sysmon/Operational</Channel><Computer>win-dc-807.attackrange.local</Computer><Security UserID='S-1-5-18'/></System><EventData><Data Name='RuleName'>-</Data><Data Name='UtcTime'>2020-11-03 15:51:00.800</Data><Data Name='SourceProcessGUID'>{D28789B6-7C64-5FA1-0C00-000000008801}</Data><Data Name='SourceProcessId'>608</Data><Data Name='SourceThreadId'>1076</Data><Data Name='SourceImage'>C:\Windows\system32\svchost.exe</Data><Data Name='TargetProcessGUID'>{D28789B6-7C62-5FA1-0B00-000000008801}</Data><Data Name='TargetProcessId'>868</Data><Data Name='TargetImage'>C:\Windows\system32\lsass.exe</Data><Data Name='GrantedAccess'>0x1400</Data><Data Name='CallTrace'>C:\Windows\SYSTEM32\ntdll.dll+a5a94|C:\Windows\System32\KERNELBASE.dll+5eab4|c:\windows\system32\lsm.dll+f86b|C:\Windows\System32\RPCRT4.dll+78603|C:\Windows\System32\RPCRT4.dll+d96bd|C:\Windows\System32\RPCRT4.dll+610fc|C:\Windows\System32\RPCRT4.dll+52734|C:\Windows\System32\RPCRT4.dll+5164d|C:\Windows\System32\RPCRT4.dll+51efb|C:\Windows\System32\RPCRT4.dll+2552c|C:\Windows\System32\RPCRT4.dll+259ac|C:\Windows\System32\RPCRT4.dll+1122c|C:\Windows\System32\RPCRT4.dll+12a8b|C:\Windows\System32\RPCRT4.dll+1efba|C:\Windows\SYSTEM32\ntdll.dll+1d34e|C:\Windows\SYSTEM32\ntdll.dll+1ecb9|C:\Windows\System32\KERNEL32.DLL+84d4|C:\Windows\SYSTEM32\ntdll.dll+51791</Data></EventData></Event>
<Event xmlns='http://schemas.microsoft.com/win/2004/08/events/event'><System><Provider Name='Microsoft-Windows-Sysmon' Guid='{5770385F-C22A-43E0-BF4C-06F5698FFBD9}'/><EventID>10</EventID><Version>3</Version><Level>4</Level><Task>10</Task><Opcode>0</Opcode><Keywords>0x8000000000000000</Keywords><TimeCreated SystemTime='2020-11-03T15:51:15.987957500Z'/><EventRecordID>880</EventRecordID><Correlation/><Execution ProcessID='2152' ThreadID='3460'/><Channel>Microsoft-Windows-Sysmon/Operational</Channel><Computer>win-dc-807.attackrange.local</Computer><Security UserID='S-1-5-18'/></System><EventData><Data Name='RuleName'>-</Data><Data Name='UtcTime'>2020-11-03 15:51:00.800</Data><Data Name='SourceProcessGUID'>{D28789B6-7C64-5FA1-0C00-000000008801}</Data><Data Name='SourceProcessId'>608</Data><Data Name='SourceThreadId'>1076</Data><Data Name='SourceImage'>C:\Windows\system32\svchost.exe</Data><Data Name='TargetProcessGUID'>{D28789B6-7C62-5FA1-0B00-000000008801}</Data><Data Name='TargetProcessId'>868</Data><Data Name='TargetImage'>C:\Windows\system32\lsass.exe</Data><Data Name='GrantedAccess'>0x1400</Data><Data Name='CallTrace'>C:\Windows\SYSTEM32\ntdll.dll+a5a94|C:\Windows\System32\KERNELBASE.dll+5eab4|c:\windows\system32\lsm.dll+f71b|C:\Windows\System32\RPCRT4.dll+78603|C:\Windows\System32\RPCRT4.dll+d96bd|C:\Windows\System32\RPCRT4.dll+610fc|C:\Windows\System32\RPCRT4.dll+52734|C:\Windows\System32\RPCRT4.dll+5164d|C:\Windows\System32\RPCRT4.dll+51efb|C:\Windows\System32\RPCRT4.dll+2552c|C:\Windows\System32\RPCRT4.dll+259ac|C:\Windows\System32\RPCRT4.dll+1122c|C:\Windows\System32\RPCRT4.dll+12a8b|C:\Windows\System32\RPCRT4.dll+1efba|C:\Windows\SYSTEM32\ntdll.dll+1d34e|C:\Windows\SYSTEM32\ntdll.dll+1ecb9|C:\Windows\System32\KERNEL32.DLL+84d4|C:\Windows\SYSTEM32\ntdll.dll+51791</Data></EventData></Event>
<Event xmlns='http://schemas.microsoft.com/win/2004/08/events/event'><System><Provider Name='Microsoft-Windows-Sysmon' Guid='{5770385F-C22A-43E0-BF4C-06F5698FFBD9}'/><EventID>10</EventID><Version>3</Version><Level>4</Level><Task>10</Task><Opcode>0</Opcode><Keywords>0x8000000000000000</Keywords><TimeCreated SystemTime='2020-11-03T15:51:15.987894900Z'/><EventRecordID>879</EventRecordID><Correlation/><Execution ProcessID='2152' ThreadID='3460'/><Channel>Microsoft-Windows-Sysmon/Operational</Channel><Computer>win-dc-807.attackrange.local</Computer><Security UserID='S-1-5-18'/></System><EventData><Data Name='RuleName'>-</Data><Data Name='UtcTime'>2020-11-03 15:51:00.800</Data><Data Name='SourceProcessGUID'>{D28789B6-7C64-5FA1-0C00-000000008801}</Data><Data Name='SourceProcessId'>608</Data><Data Name='SourceThreadId'>920</Data><Data Name='SourceImage'>C:\Windows\system32\svchost.exe</Data><Data Name='TargetProcessGUID'>{D28789B6-7C64-5FA1-1500-000000008801}</Data><Data Name='TargetProcessId'>1336</Data><Data Name='TargetImage'>C:\Windows\system32\svchost.exe</Data><Data Name='GrantedAccess'>0x1400</Data><Data Name='CallTrace'>C:\Windows\SYSTEM32\ntdll.dll+a5a94|C:\Windows\System32\KERNELBASE.dll+5eab4|c:\windows\system32\lsm.dll+11aad|C:\Windows\System32\RPCRT4.dll+78603|C:\Windows\System32\RPCRT4.dll+d96bd|C:\Windows\System32\RPCRT4.dll+610fc|C:\Windows\System32\RPCRT4.dll+52734|C:\Windows\System32\RPCRT4.dll+5164d|C:\Windows\System32\RPCRT4.dll+51efb|C:\Windows\System32\RPCRT4.dll+2552c|C:\Windows\System32\RPCRT4.dll+259ac|C:\Windows\System32\RPCRT4.dll+1122c|C:\Windows\System32\RPCRT4.dll+12a8b|C:\Windows\System32\RPCRT4.dll+1efba|C:\Windows\SYSTEM32\ntdll.dll+1d34e|C:\Windows\SYSTEM32\ntdll.dll+1ecb9|C:\Windows\System32\KERNEL32.DLL+84d4|C:\Windows\SYSTEM32\ntdll.dll+51791</Data></EventData></Event>
<Event xmlns='http://schemas.microsoft.com/win/2004/08/events/event'><System><Provider Name='Microsoft-Windows-Sysmon' Guid='{5770385F-C22A-43E0-BF4C-06F5698FFBD9}'/><EventID>10</EventID><Version>3</Version><Level>4</Level><Task>10</Task><Opcode>0</Opcode><Keywords>0x8000000000000000</Keywords><TimeCreated SystemTime='2020-11-03T15:51:15.987833100Z'/><EventRecordID>878</EventRecordID><Correlation/><Execution ProcessID='2152' ThreadID='3460'/><Channel>Microsoft-Windows-Sysmon/Operational</Channel><Computer>win-dc-807.attackrange.local</Computer><Security UserID='S-1-5-18'/></System><EventData><Data Name='RuleName'>-</Data><Data Name='UtcTime'>2020-11-03 15:51:00.800</Data><Data Name='SourceProcessGUID'>{D28789B6-7C62-5FA1-0B00-000000008801}</Data><Data Name='SourceProcessId'>868</Data><Data Name='SourceThreadId'>96</Data><Data Name='SourceImage'>C:\Windows\system32\lsass.exe</Data><Data Name='TargetProcessGUID'>{D28789B6-7C62-5FA1-0A00-000000008801}</Data><Data Name='TargetProcessId'>852</Data><Data Name='TargetImage'>C:\Windows\system32\services.exe</Data><Data Name='GrantedAccess'>0x1000</Data><Data Name='CallTrace'>C:\Windows\SYSTEM32\ntdll.dll+a5a94|C:\Windows\system32\lsasrv.dll+1b05d|C:\Windows\system32\lsasrv.dll+2810b|C:\Windows\SYSTEM32\SspiSrv.dll+1467|C:\Windows\System32\RPCRT4.dll+78603|C:\Windows\System32\RPCRT4.dll+d96bd|C:\Windows\System32\RPCRT4.dll+610fc|C:\Windows\System32\RPCRT4.dll+52734|C:\Windows\System32\RPCRT4.dll+5164d|C:\Windows\System32\RPCRT4.dll+51efb|C:\Windows\System32\RPCRT4.dll+2552c|C:\Windows\System32\RPCRT4.dll+259ac|C:\Windows\System32\RPCRT4.dll+1122c|C:\Windows\System32\RPCRT4.dll+12a8b|C:\Windows\System32\RPCRT4.dll+1efba|C:\Windows\SYSTEM32\ntdll.dll+1d34e|C:\Windows\SYSTEM32\ntdll.dll+1ecb9|C:\Windows\System32\KERNEL32.DLL+84d4|C:\Windows\SYSTEM32\ntdll.dll+51791</Data></EventData></Event>
<Event xmlns='http://schemas.microsoft.com/win/2004/08/events/event'><System><Provider Name='Microsoft-Windows-Sysmon' Guid='{5770385F-C22A-43E0-BF4C-06F5698FFBD9}'/><EventID>10</EventID><Version>3</Version><Level>4</Level><Task>10</Task><Opcode>0</Opcode><Keywords>0x8000000000000000</Keywords><TimeCreated SystemTime='2020-11-03T15:51:15.987769100Z'/><EventRecordID>877</EventRecordID><Correlation/><Execution ProcessID='2152' ThreadID='3460'/><Channel>Microsoft-Windows-Sysmon/Operational</Channel><Computer>win-dc-807.attackrange.local</Computer><Security UserID='S-1-5-18'/></System><EventData><Data Name='RuleName'>-</Data><Data Name='UtcTime'>2020-11-03 15:51:00.800</Data><Data Name='SourceProcessGUID'>{D28789B6-7C64-5FA1-0C00-000000008801}</Data><Data Name='SourceProcessId'>608</Data><Data Name='SourceThreadId'>920</Data><Data Name='SourceImage'>C:\Windows\system32\svchost.exe</Data><Data Name='TargetProcessGUID'>{D28789B6-7C64-5FA1-1500-000000008801}</Data><Data Name='TargetProcessId'>1336</Data><Data Name='TargetImage'>C:\Windows\system32\svchost.exe</Data><Data Name='GrantedAccess'>0x1400</Data><Data Name='CallTrace'>C:\Windows\SYSTEM32\ntdll.dll+a5a94|C:\Windows\System32\KERNELBASE.dll+5eab4|c:\windows\system32\lsm.dll+11058|C:\Windows\System32\RPCRT4.dll+78603|C:\Windows\System32\RPCRT4.dll+d96bd|C:\Windows\System32\RPCRT4.dll+610fc|C:\Windows\System32\RPCRT4.dll+52734|C:\Windows\System32\RPCRT4.dll+5164d|C:\Windows\System32\RPCRT4.dll+51efb|C:\Windows\System32\RPCRT4.dll+2552c|C:\Windows\System32\RPCRT4.dll+259ac|C:\Windows\System32\RPCRT4.dll+1122c|C:\Windows\System32\RPCRT4.dll+12a8b|C:\Windows\System32\RPCRT4.dll+1efba|C:\Windows\SYSTEM32\ntdll.dll+1d34e|C:\Windows\SYSTEM32\ntdll.dll+1ecb9|C:\Windows\System32\KERNEL32.DLL+84d4|C:\Windows\SYSTEM32\ntdll.dll+51791</Data></EventData></Event>
<Event xmlns='http://schemas.microsoft.com/win/2004/08/events/event'><System><Provider Name='Microsoft-Windows-Sysmon' Guid='{5770385F-C22A-43E0-BF4C-06F5698FFBD9}'/><EventID>10</EventID><Version>3</Version><Level>4</Level><Task>10</Task><Opcode>0</Opcode><Keywords>0x8000000000000000</Keywords><TimeCreated SystemTime='2020-11-03T15:51:15.987704900Z'/><EventRecordID>876</EventRecordID><Correlation/><Execution ProcessID='2152' ThreadID='3460'/><Channel>Microsoft-Windows-Sysmon/Operational</Channel><Computer>win-dc-807.attackrange.local</Computer><Security UserID='S-1-5-18'/></System><EventData><Data Name='RuleName'>-</Data><Data Name='UtcTime'>2020-11-03 15:51:00.800</Data><Data Name='SourceProcessGUID'>{D28789B6-7C64-5FA1-0C00-000000008801}</Data><Data Name='SourceProcessId'>608</Data><Data Name='SourceThreadId'>920</Data><Data Name='SourceImage'>C:\Windows\system32\svchost.exe</Data><Data Name='TargetProcessGUID'>{D28789B6-7C64-5FA1-1500-000000008801}</Data><Data Name='TargetProcessId'>1336</Data><Data Name='TargetImage'>C:\Windows\system32\svchost.exe</Data><Data Name='GrantedAccess'>0x1400</Data><Data Name='CallTrace'>C:\Windows\SYSTEM32\ntdll.dll+a5a94|C:\Windows\System32\KERNELBASE.dll+5eab4|c:\windows\system32\lsm.dll+12023|C:\Windows\System32\RPCRT4.dll+78603|C:\Windows\System32\RPCRT4.dll+d96bd|C:\Windows\System32\RPCRT4.dll+610fc|C:\Windows\System32\RPCRT4.dll+52734|C:\Windows\System32\RPCRT4.dll+5164d|C:\Windows\System32\RPCRT4.dll+51efb|C:\Windows\System32\RPCRT4.dll+2552c|C:\Windows\System32\RPCRT4.dll+259ac|C:\Windows\System32\RPCRT4.dll+1122c|C:\Windows\System32\RPCRT4.dll+12a8b|C:\Windows\System32\RPCRT4.dll+1efba|C:\Windows\SYSTEM32\ntdll.dll+1d34e|C:\Windows\SYSTEM32\ntdll.dll+1ecb9|C:\Windows\System32\KERNEL32.DLL+84d4|C:\Windows\SYSTEM32\ntdll.dll+51791</Data></EventData></Event>
<Event xmlns='http://schemas.microsoft.com/win/2004/08/events/event'><System><Provider Name='Microsoft-Windows-Sysmon' Guid='{5770385F-C22A-43E0-BF4C-06F5698FFBD9}'/><EventID>10</EventID><Version>3</Version><Level>4</Level><Task>10</Task><Opcode>0</Opcode><Keywords>0x8000000000000000</Keywords><TimeCreated SystemTime='2020-11-03T15:51:15.983180700Z'/><EventRecordID>875</EventRecordID><Correlation/><Execution ProcessID='2152' ThreadID='3460'/><Channel>Microsoft-Windows-Sysmon/Operational</Channel><Computer>win-dc-807.attackrange.local</Computer><Security UserID='S-1-5-18'/></System><EventData><Data Name='RuleName'>-</Data><Data Name='UtcTime'>2020-11-03 15:51:00.785</Data><Data Name='SourceProcessGUID'>{D28789B6-7C64-5FA1-0C00-000000008801}</Data><Data Name='SourceProcessId'>608</Data><Data Name='SourceThreadId'>920</Data><Data Name='SourceImage'>C:\Windows\system32\svchost.exe</Data><Data Name='TargetProcessGUID'>{D28789B6-7C64-5FA1-1700-000000008801}</Data><Data Name='TargetProcessId'>1728</Data><Data Name='TargetImage'>C:\Windows\system32\svchost.exe</Data><Data Name='GrantedAccess'>0x1400</Data><Data Name='CallTrace'>C:\Windows\SYSTEM32\ntdll.dll+a5a94|C:\Windows\System32\KERNELBASE.dll+5eab4|c:\windows\system32\lsm.dll+e9d6|c:\windows\system32\lsm.dll+6a63|C:\Windows\System32\RPCRT4.dll+78603|C:\Windows\System32\RPCRT4.dll+d96bd|C:\Windows\System32\RPCRT4.dll+610fc|C:\Windows\System32\RPCRT4.dll+52734|C:\Windows\System32\RPCRT4.dll+5164d|C:\Windows\System32\RPCRT4.dll+51efb|C:\Windows\System32\RPCRT4.dll+2552c|C:\Windows\System32\RPCRT4.dll+259ac|C:\Windows\System32\RPCRT4.dll+1122c|C:\Windows\System32\RPCRT4.dll+12a8b|C:\Windows\System32\RPCRT4.dll+1efba|C:\Windows\SYSTEM32\ntdll.dll+1d34e|C:\Windows\SYSTEM32\ntdll.dll+1ecb9|C:\Windows\System32\KERNEL32.DLL+84d4|C:\Windows\SYSTEM32\ntdll.dll+51791</Data></EventData></Event>
<Event xmlns='http://schemas.microsoft.com/win/2004/08/events/event'><System><Provider Name='Microsoft-Windows-Sysmon' Guid='{5770385F-C22A-43E0-BF4C-06F5698FFBD9}'/><EventID>10</EventID><Version>3</Version><Level>4</Level><Task>10</Task><Opcode>0</Opcode><Keywords>0x8000000000000000</Keywords><TimeCreated SystemTime='2020-11-03T15:51:15.982861500Z'/><EventRecordID>874</EventRecordID><Correlation/><Execution ProcessID='2152' ThreadID='3460'/><Channel>Microsoft-Windows-Sysmon/Operational</Channel><Computer>win-dc-807.attackrange.local</Computer><Security UserID='S-1-5-18'/></System><EventData><Data Name='RuleName'>-</Data><Data Name='UtcTime'>2020-11-03 15:51:00.769</Data><Data Name='SourceProcessGUID'>{D28789B6-7C62-5FA1-0A00-000000008801}</Data><Data Name='SourceProcessId'>852</Data><Data Name='SourceThreadId'>952</Data><Data Name='SourceImage'>C:\Windows\system32\services.exe</Data><Data Name='TargetProcessGUID'>{D28789B6-7C64-5FA1-1700-000000008801}</Data><Data Name='TargetProcessId'>1728</Data><Data Name='TargetImage'>C:\Windows\system32\svchost.exe</Data><Data Name='GrantedAccess'>0x1000</Data><Data Name='CallTrace'>C:\Windows\SYSTEM32\ntdll.dll+a6624|C:\Windows\System32\RPCRT4.dll+64ebf|C:\Windows\system32\services.exe+18ff|C:\Windows\System32\RPCRT4.dll+78603|C:\Windows\System32\RPCRT4.dll+2e43b|C:\Windows\System32\RPCRT4.dll+6213a|C:\Windows\System32\RPCRT4.dll+52734|C:\Windows\System32\RPCRT4.dll+5164d|C:\Windows\System32\RPCRT4.dll+51efb|C:\Windows\System32\RPCRT4.dll+2552c|C:\Windows\System32\RPCRT4.dll+259ac|C:\Windows\System32\RPCRT4.dll+1122c|C:\Windows\System32\RPCRT4.dll+12a8b|C:\Windows\System32\RPCRT4.dll+1efba|C:\Windows\SYSTEM32\ntdll.dll+1d34e|C:\Windows\SYSTEM32\ntdll.dll+1ecb9|C:\Windows\System32\KERNEL32.DLL+84d4|C:\Windows\SYSTEM32\ntdll.dll+51791</Data></EventData></Event>
<Event xmlns='http://schemas.microsoft.com/win/2004/08/events/event'><System><Provider Name='Microsoft-Windows-Sysmon' Guid='{5770385F-C22A-43E0-BF4C-06F5698FFBD9}'/><EventID>10</EventID><Version>3</Version><Level>4</Level><Task>10</Task><Opcode>0</Opcode><Keywords>0x8000000000000000</Keywords><TimeCreated SystemTime='2020-11-03T15:51:15.982710600Z'/><EventRecordID>873</EventRecordID><Correlation/><Execution ProcessID='2152' ThreadID='3460'/><Channel>Microsoft-Windows-Sysmon/Operational</Channel><Computer>win-dc-807.attackrange.local</Computer><Security UserID='S-1-5-18'/></System><EventData><Data Name='RuleName'>-</Data><Data Name='UtcTime'>2020-11-03 15:51:00.769</Data><Data Name='SourceProcessGUID'>{D28789B6-7C64-5FA1-0C00-000000008801}</Data><Data Name='SourceProcessId'>608</Data><Data Name='SourceThreadId'>920</Data><Data Name='SourceImage'>C:\Windows\system32\svchost.exe</Data><Data Name='TargetProcessGUID'>{D28789B6-7C64-5FA1-1700-000000008801}</Data><Data Name='TargetProcessId'>1728</Data><Data Name='TargetImage'>C:\Windows\system32\svchost.exe</Data><Data Name='GrantedAccess'>0x1000</Data><Data Name='CallTrace'>C:\Windows\SYSTEM32\ntdll.dll+a5a94|C:\Windows\System32\KERNELBASE.dll+221bd|c:\windows\system32\rpcss.dll+5296|C:\Windows\System32\RPCRT4.dll+78603|C:\Windows\System32\RPCRT4.dll+2e43b|C:\Windows\System32\RPCRT4.dll+6213a|C:\Windows\System32\RPCRT4.dll+52734|C:\Windows\System32\RPCRT4.dll+5164d|C:\Windows\System32\RPCRT4.dll+51efb|C:\Windows\System32\RPCRT4.dll+2552c|C:\Windows\System32\RPCRT4.dll+259ac|C:\Windows\System32\RPCRT4.dll+1122c|C:\Windows\System32\RPCRT4.dll+12a8b|C:\Windows\System32\RPCRT4.dll+1efba|C:\Windows\SYSTEM32\ntdll.dll+1d34e|C:\Windows\SYSTEM32\ntdll.dll+1ecb9|C:\Windows\System32\KERNEL32.DLL+84d4|C:\Windows\SYSTEM32\ntdll.dll+51791</Data></EventData></Event>
<Event xmlns='http://schemas.microsoft.com/win/2004/08/events/event'><System><Provider Name='Microsoft-Windows-Sysmon' Guid='{5770385F-C22A-43E0-BF4C-06F5698FFBD9}'/><EventID>10</EventID><Version>3</Version><Level>4</Level><Task>10</Task><Opcode>0</Opcode><Keywords>0x8000000000000000</Keywords><TimeCreated SystemTime='2020-11-03T15:51:15.978475100Z'/><EventRecordID>872</EventRecordID><Correlation/><Execution ProcessID='2152' ThreadID='3460'/><Channel>Microsoft-Windows-Sysmon/Operational</Channel><Computer>win-dc-807.attackrange.local</Computer><Security UserID='S-1-5-18'/></System><EventData><Data Name='RuleName'>-</Data><Data Name='UtcTime'>2020-11-03 15:51:00.769</Data><Data Name='SourceProcessGUID'>{D28789B6-7C62-5FA1-0500-000000008801}</Data><Data Name='SourceProcessId'>644</Data><Data Name='SourceThreadId'>660</Data><Data Name='SourceImage'>C:\Windows\system32\csrss.exe</Data><Data Name='TargetProcessGUID'>{D28789B6-7C64-5FA1-1700-000000008801}</Data><Data Name='TargetProcessId'>1728</Data><Data Name='TargetImage'>C:\Windows\system32\svchost.exe</Data><Data Name='GrantedAccess'>0x1fffff</Data><Data Name='CallTrace'>C:\Windows\SYSTEM32\ntdll.dll+a5a94|C:\Windows\system32\basesrv.DLL+2f47|C:\Windows\SYSTEM32\CSRSRV.dll+5645|C:\Windows\SYSTEM32\ntdll.dll+5179f</Data></EventData></Event>
<Event xmlns='http://schemas.microsoft.com/win/2004/08/events/event'><System><Provider Name='Microsoft-Windows-Sysmon' Guid='{5770385F-C22A-43E0-BF4C-06F5698FFBD9}'/><EventID>10</EventID><Version>3</Version><Level>4</Level><Task>10</Task><Opcode>0</Opcode><Keywords>0x8000000000000000</Keywords><TimeCreated SystemTime='2020-11-03T15:51:15.978017500Z'/><EventRecordID>871</EventRecordID><Correlation/><Execution ProcessID='2152' ThreadID='3460'/><Channel>Microsoft-Windows-Sysmon/Operational</Channel><Computer>win-dc-807.attackrange.local</Computer><Security UserID='S-1-5-18'/></System><EventData><Data Name='RuleName'>-</Data><Data Name='UtcTime'>2020-11-03 15:51:00.769</Data><Data Name='SourceProcessGUID'>{D28789B6-7C62-5FA1-0A00-000000008801}</Data><Data Name='SourceProcessId'>852</Data><Data Name='SourceThreadId'>1188</Data><Data Name='SourceImage'>C:\Windows\system32\services.exe</Data><Data Name='TargetProcessGUID'>{D28789B6-7C64-5FA1-1700-000000008801}</Data><Data Name='TargetProcessId'>1728</Data><Data Name='TargetImage'>C:\Windows\system32\svchost.exe</Data><Data Name='GrantedAccess'>0x1fffff</Data><Data Name='CallTrace'>C:\Windows\SYSTEM32\ntdll.dll+a6d64|C:\Windows\System32\KERNELBASE.dll+2b860|C:\Windows\System32\KERNELBASE.dll+6f453|C:\Windows\System32\KERNEL32.DLL+1d37f|C:\Windows\system32\services.exe+12939|C:\Windows\system32\services.exe+66f4|C:\Windows\system32\services.exe+5154|C:\Windows\system32\services.exe+d7ae|C:\Windows\system32\services.exe+20a11|C:\Windows\SYSTEM32\ntdll.dll+2063e|C:\Windows\SYSTEM32\ntdll.dll+1e854|C:\Windows\System32\KERNEL32.DLL+84d4|C:\Windows\SYSTEM32\ntdll.dll+51791</Data></EventData></Event>
<Event xmlns='http://schemas.microsoft.com/win/2004/08/events/event'><System><Provider Name='Microsoft-Windows-Sysmon' Guid='{5770385F-C22A-43E0-BF4C-06F5698FFBD9}'/><EventID>10</EventID><Version>3</Version><Level>4</Level><Task>10</Task><Opcode>0</Opcode><Keywords>0x8000000000000000</Keywords><TimeCreated SystemTime='2020-11-03T15:51:15.976996000Z'/><EventRecordID>870</EventRecordID><Correlation/><Execution ProcessID='2152' ThreadID='3460'/><Channel>Microsoft-Windows-Sysmon/Operational</Channel><Computer>win-dc-807.attackrange.local</Computer><Security UserID='S-1-5-18'/></System><EventData><Data Name='RuleName'>-</Data><Data Name='UtcTime'>2020-11-03 15:51:00.769</Data><Data Name='SourceProcessGUID'>{D28789B6-7C64-5FA1-0C00-000000008801}</Data><Data Name='SourceProcessId'>608</Data><Data Name='SourceThreadId'>920</Data><Data Name='SourceImage'>C:\Windows\system32\svchost.exe</Data><Data Name='TargetProcessGUID'>{D28789B6-7C62-5FA1-0B00-000000008801}</Data><Data Name='TargetProcessId'>868</Data><Data Name='TargetImage'>C:\Windows\system32\lsass.exe</Data><Data Name='GrantedAccess'>0x1400</Data><Data Name='CallTrace'>C:\Windows\SYSTEM32\ntdll.dll+a5a94|C:\Windows\System32\KERNELBASE.dll+5eab4|c:\windows\system32\lsm.dll+f86b|C:\Windows\System32\RPCRT4.dll+78603|C:\Windows\System32\RPCRT4.dll+d96bd|C:\Windows\System32\RPCRT4.dll+610fc|C:\Windows\System32\RPCRT4.dll+52734|C:\Windows\System32\RPCRT4.dll+5164d|C:\Windows\System32\RPCRT4.dll+51efb|C:\Windows\System32\RPCRT4.dll+2552c|C:\Windows\System32\RPCRT4.dll+259ac|C:\Windows\System32\RPCRT4.dll+1122c|C:\Windows\System32\RPCRT4.dll+12a8b|C:\Windows\System32\RPCRT4.dll+1efba|C:\Windows\SYSTEM32\ntdll.dll+1d34e|C:\Windows\SYSTEM32\ntdll.dll+1ecb9|C:\Windows\System32\KERNEL32.DLL+84d4|C:\Windows\SYSTEM32\ntdll.dll+51791</Data></EventData></Event>
